[0.069s] Invoking command in '/home/zaynap/grab/grab2/build/topic_based_ros2_control': CMAKE_PREFIX_PATH=/opt/ros/humble /usr/bin/cmake --build /home/zaynap/grab/grab2/build/topic_based_ros2_control -- -j8 -l8
[0.241s] [35m[1mConsolidate compiler generated dependencies of target topic_based_ros2_control[0m
[0.256s] [ 25%] Built target topic_based_ros2_control
[0.261s] [35m[1mConsolidate compiler generated dependencies of target gtest_main[0m
[0.279s] [35m[1mConsolidate compiler generated dependencies of target gtest[0m
[0.287s] [ 50%] Built target gtest_main
[0.306s] [ 75%] Built target gtest
[0.321s] [35m[1mConsolidate compiler generated dependencies of target topic_based_system_test[0m
[0.341s] [100%] Built target topic_based_system_test
[0.362s] Invoked command in '/home/zaynap/grab/grab2/build/topic_based_ros2_control' returned '0': CMAKE_PREFIX_PATH=/opt/ros/humble /usr/bin/cmake --build /home/zaynap/grab/grab2/build/topic_based_ros2_control -- -j8 -l8
[0.372s] Invoking command in '/home/zaynap/grab/grab2/build/topic_based_ros2_control': CMAKE_PREFIX_PATH=/opt/ros/humble /usr/bin/cmake --install /home/zaynap/grab/grab2/build/topic_based_ros2_control
[0.394s] -- Install configuration: ""
[0.394s] -- Up-to-date: /home/zaynap/grab/grab2/install/topic_based_ros2_control/lib/libtopic_based_ros2_control.so
[0.406s] -- Up-to-date: /home/zaynap/grab/grab2/install/topic_based_ros2_control/share/topic_based_ros2_control/topic_based_ros2_control_plugin_description.xml
[0.406s] -- Up-to-date: /home/zaynap/grab/grab2/install/topic_based_ros2_control/share/topic_based_ros2_control/environment/library_path.sh
[0.406s] -- Up-to-date: /home/zaynap/grab/grab2/install/topic_based_ros2_control/share/topic_based_ros2_control/environment/library_path.dsv
[0.407s] -- Up-to-date: /home/zaynap/grab/grab2/install/topic_based_ros2_control/share/ament_index/resource_index/package_run_dependencies/topic_based_ros2_control
[0.407s] -- Up-to-date: /home/zaynap/grab/grab2/install/topic_based_ros2_control/share/ament_index/resource_index/parent_prefix_path/topic_based_ros2_control
[0.407s] -- Up-to-date: /home/zaynap/grab/grab2/install/topic_based_ros2_control/share/topic_based_ros2_control/environment/ament_prefix_path.sh
[0.407s] -- Up-to-date: /home/zaynap/grab/grab2/install/topic_based_ros2_control/share/topic_based_ros2_control/environment/ament_prefix_path.dsv
[0.407s] -- Up-to-date: /home/zaynap/grab/grab2/install/topic_based_ros2_control/share/topic_based_ros2_control/environment/path.sh
[0.407s] -- Up-to-date: /home/zaynap/grab/grab2/install/topic_based_ros2_control/share/topic_based_ros2_control/environment/path.dsv
[0.407s] -- Up-to-date: /home/zaynap/grab/grab2/install/topic_based_ros2_control/share/topic_based_ros2_control/local_setup.bash
[0.407s] -- Up-to-date: /home/zaynap/grab/grab2/install/topic_based_ros2_control/share/topic_based_ros2_control/local_setup.sh
[0.407s] -- Up-to-date: /home/zaynap/grab/grab2/install/topic_based_ros2_control/share/topic_based_ros2_control/local_setup.zsh
[0.408s] -- Up-to-date: /home/zaynap/grab/grab2/install/topic_based_ros2_control/share/topic_based_ros2_control/local_setup.dsv
[0.408s] -- Installing: /home/zaynap/grab/grab2/install/topic_based_ros2_control/share/topic_based_ros2_control/package.dsv
[0.427s] -- Up-to-date: /home/zaynap/grab/grab2/install/topic_based_ros2_control/share/ament_index/resource_index/packages/topic_based_ros2_control
[0.428s] -- Up-to-date: /home/zaynap/grab/grab2/install/topic_based_ros2_control/share/ament_index/resource_index/hardware_interface__pluginlib__plugin/topic_based_ros2_control
[0.440s] -- Up-to-date: /home/zaynap/grab/grab2/install/topic_based_ros2_control/share/topic_based_ros2_control/cmake/topic_based_ros2_controlTargetsExport.cmake
[0.440s] -- Up-to-date: /home/zaynap/grab/grab2/install/topic_based_ros2_control/share/topic_based_ros2_control/cmake/topic_based_ros2_controlTargetsExport-noconfig.cmake
[0.440s] -- Up-to-date: /home/zaynap/grab/grab2/install/topic_based_ros2_control/share/topic_based_ros2_control/cmake/ament_cmake_export_targets-extras.cmake
[0.441s] -- Up-to-date: /home/zaynap/grab/grab2/install/topic_based_ros2_control/share/topic_based_ros2_control/cmake/ament_cmake_export_dependencies-extras.cmake
[0.441s] -- Up-to-date: /home/zaynap/grab/grab2/install/topic_based_ros2_control/share/topic_based_ros2_control/cmake/topic_based_ros2_controlConfig.cmake
[0.441s] -- Up-to-date: /home/zaynap/grab/grab2/install/topic_based_ros2_control/share/topic_based_ros2_control/cmake/topic_based_ros2_controlConfig-version.cmake
[0.441s] -- Up-to-date: /home/zaynap/grab/grab2/install/topic_based_ros2_control/share/topic_based_ros2_control/package.xml
[0.443s] Invoked command in '/home/zaynap/grab/grab2/build/topic_based_ros2_control' returned '0': CMAKE_PREFIX_PATH=/opt/ros/humble /usr/bin/cmake --install /home/zaynap/grab/grab2/build/topic_based_ros2_control
