/home/zaynap/.local/lib/python3.10/site-packages/setuptools/_distutils/dist.py:270: UserWarning: Unknown distribution option: 'tests_require'
  warnings.warn(msg)
running develop
running egg_info
creating grab2_curobo_planner.egg-info
writing grab2_curobo_planner.egg-info/PKG-INFO
writing dependency_links to grab2_curobo_planner.egg-info/dependency_links.txt
writing entry points to grab2_curobo_planner.egg-info/entry_points.txt
writing requirements to grab2_curobo_planner.egg-info/requires.txt
writing top-level names to grab2_curobo_planner.egg-info/top_level.txt
writing manifest file 'grab2_curobo_planner.egg-info/SOURCES.txt'
reading manifest file 'grab2_curobo_planner.egg-info/SOURCES.txt'
writing manifest file 'grab2_curobo_planner.egg-info/SOURCES.txt'
running build_ext
Creating /home/zaynap/grab/grab2/install/grab2_curobo_planner/lib/python3.10/site-packages/grab2-curobo-planner.egg-link (link to .)
Installing planning_server script to /home/zaynap/grab/grab2/install/grab2_curobo_planner/lib/grab2_curobo_planner

Installed /home/zaynap/grab/grab2/build/grab2_curobo_planner
running symlink_data
creating /home/zaynap/grab/grab2/install/grab2_curobo_planner/share/ament_index/resource_index/packages
symbolically linking /home/zaynap/grab/grab2/build/grab2_curobo_planner/resource/grab2_curobo_planner -> /home/zaynap/grab/grab2/install/grab2_curobo_planner/share/ament_index/resource_index/packages
symbolically linking /home/zaynap/grab/grab2/build/grab2_curobo_planner/package.xml -> /home/zaynap/grab/grab2/install/grab2_curobo_planner/share/grab2_curobo_planner
creating /home/zaynap/grab/grab2/install/grab2_curobo_planner/share/grab2_curobo_planner/launch
symbolically linking /home/zaynap/grab/grab2/build/grab2_curobo_planner/launch/planning_server.launch.py -> /home/zaynap/grab/grab2/install/grab2_curobo_planner/share/grab2_curobo_planner/launch
creating /home/zaynap/grab/grab2/install/grab2_curobo_planner/share/grab2_curobo_planner/config
symbolically linking /home/zaynap/grab/grab2/build/grab2_curobo_planner/config/table.yaml -> /home/zaynap/grab/grab2/install/grab2_curobo_planner/share/grab2_curobo_planner/config
symbolically linking /home/zaynap/grab/grab2/build/grab2_curobo_planner/config/toybox.yaml -> /home/zaynap/grab/grab2/install/grab2_curobo_planner/share/grab2_curobo_planner/config
