[1.077s] Invoking command in '/home/zaynap/grab/grab2/build/grab2_curobo_planner': AMENT_PREFIX_PATH=/home/zaynap/grab/grab2/install/grab2_msgs:${AMENT_PREFIX_PATH} CMAKE_PREFIX_PATH=/home/zaynap/grab/grab2/install/grab2_msgs LD_LIBRARY_PATH=/home/zaynap/grab/grab2/install/grab2_msgs/lib:${LD_LIBRARY_PATH} PYTHONPATH=/home/zaynap/grab/grab2/build/grab2_curobo_planner/prefix_override:/usr/lib/python3/dist-packages/colcon_core/task/python/colcon_distutils_commands:/home/zaynap/grab/grab2/install/grab2_curobo_planner/lib/python3.10/site-packages:/home/zaynap/grab/grab2/install/grab2_msgs/local/lib/python3.10/dist-packages:${PYTHONPATH} /usr/bin/python3 -W ignore:setup.py install is deprecated -W ignore:easy_install command is deprecated setup.py develop --editable --build-directory /home/zaynap/grab/grab2/build/grab2_curobo_planner/build --no-deps symlink_data
[1.361s] /home/zaynap/.local/lib/python3.10/site-packages/setuptools/_distutils/dist.py:270: UserWarning: Unknown distribution option: 'tests_require'
[1.361s]   warnings.warn(msg)
[1.755s] running develop
[2.145s] running egg_info
[2.184s] creating grab2_curobo_planner.egg-info
[2.185s] writing grab2_curobo_planner.egg-info/PKG-INFO
[2.185s] writing dependency_links to grab2_curobo_planner.egg-info/dependency_links.txt
[2.185s] writing entry points to grab2_curobo_planner.egg-info/entry_points.txt
[2.185s] writing requirements to grab2_curobo_planner.egg-info/requires.txt
[2.186s] writing top-level names to grab2_curobo_planner.egg-info/top_level.txt
[2.186s] writing manifest file 'grab2_curobo_planner.egg-info/SOURCES.txt'
[2.246s] reading manifest file 'grab2_curobo_planner.egg-info/SOURCES.txt'
[2.247s] writing manifest file 'grab2_curobo_planner.egg-info/SOURCES.txt'
[2.279s] running build_ext
[2.279s] Creating /home/zaynap/grab/grab2/install/grab2_curobo_planner/lib/python3.10/site-packages/grab2-curobo-planner.egg-link (link to .)
[2.280s] Installing planning_server script to /home/zaynap/grab/grab2/install/grab2_curobo_planner/lib/grab2_curobo_planner
[2.280s] 
[2.280s] Installed /home/zaynap/grab/grab2/build/grab2_curobo_planner
[2.280s] running symlink_data
[2.280s] creating /home/zaynap/grab/grab2/install/grab2_curobo_planner/share/ament_index/resource_index/packages
[2.281s] symbolically linking /home/zaynap/grab/grab2/build/grab2_curobo_planner/resource/grab2_curobo_planner -> /home/zaynap/grab/grab2/install/grab2_curobo_planner/share/ament_index/resource_index/packages
[2.281s] symbolically linking /home/zaynap/grab/grab2/build/grab2_curobo_planner/package.xml -> /home/zaynap/grab/grab2/install/grab2_curobo_planner/share/grab2_curobo_planner
[2.281s] creating /home/zaynap/grab/grab2/install/grab2_curobo_planner/share/grab2_curobo_planner/launch
[2.281s] symbolically linking /home/zaynap/grab/grab2/build/grab2_curobo_planner/launch/planning_server.launch.py -> /home/zaynap/grab/grab2/install/grab2_curobo_planner/share/grab2_curobo_planner/launch
[2.281s] creating /home/zaynap/grab/grab2/install/grab2_curobo_planner/share/grab2_curobo_planner/config
[2.281s] symbolically linking /home/zaynap/grab/grab2/build/grab2_curobo_planner/config/table.yaml -> /home/zaynap/grab/grab2/install/grab2_curobo_planner/share/grab2_curobo_planner/config
[2.281s] symbolically linking /home/zaynap/grab/grab2/build/grab2_curobo_planner/config/toybox.yaml -> /home/zaynap/grab/grab2/install/grab2_curobo_planner/share/grab2_curobo_planner/config
[2.333s] Invoked command in '/home/zaynap/grab/grab2/build/grab2_curobo_planner' returned '0': AMENT_PREFIX_PATH=/home/zaynap/grab/grab2/install/grab2_msgs:${AMENT_PREFIX_PATH} CMAKE_PREFIX_PATH=/home/zaynap/grab/grab2/install/grab2_msgs LD_LIBRARY_PATH=/home/zaynap/grab/grab2/install/grab2_msgs/lib:${LD_LIBRARY_PATH} PYTHONPATH=/home/zaynap/grab/grab2/build/grab2_curobo_planner/prefix_override:/usr/lib/python3/dist-packages/colcon_core/task/python/colcon_distutils_commands:/home/zaynap/grab/grab2/install/grab2_curobo_planner/lib/python3.10/site-packages:/home/zaynap/grab/grab2/install/grab2_msgs/local/lib/python3.10/dist-packages:${PYTHONPATH} /usr/bin/python3 -W ignore:setup.py install is deprecated -W ignore:easy_install command is deprecated setup.py develop --editable --build-directory /home/zaynap/grab/grab2/build/grab2_curobo_planner/build --no-deps symlink_data
