[0.009s] Invoking command in '/home/zaynap/grab/grab2/build/behaviortree_ros2': AMENT_PREFIX_PATH=/home/zaynap/grab/grab2/install/btcpp_ros2_interfaces:${AMENT_PREFIX_PATH} CMAKE_PREFIX_PATH=/home/zaynap/grab/grab2/install/btcpp_ros2_interfaces:/opt/ros/humble LD_LIBRARY_PATH=/home/zaynap/grab/grab2/install/btcpp_ros2_interfaces/lib:${LD_LIBRARY_PATH} PYTHONPATH=/home/zaynap/grab/grab2/install/btcpp_ros2_interfaces/local/lib/python3.10/dist-packages:${PYTHONPATH} /usr/bin/cmake --build /home/zaynap/grab/grab2/build/behaviortree_ros2 -- -j8 -l8
[0.084s] [ 33%] Built target bt_executor_parameters
[0.095s] [35m[1mConsolidate compiler generated dependencies of target behaviortree_ros2[0m
[0.122s] [100%] Built target behaviortree_ros2
[0.132s] Invoked command in '/home/zaynap/grab/grab2/build/behaviortree_ros2' returned '0': AMENT_PREFIX_PATH=/home/zaynap/grab/grab2/install/btcpp_ros2_interfaces:${AMENT_PREFIX_PATH} CMAKE_PREFIX_PATH=/home/zaynap/grab/grab2/install/btcpp_ros2_interfaces:/opt/ros/humble LD_LIBRARY_PATH=/home/zaynap/grab/grab2/install/btcpp_ros2_interfaces/lib:${LD_LIBRARY_PATH} PYTHONPATH=/home/zaynap/grab/grab2/install/btcpp_ros2_interfaces/local/lib/python3.10/dist-packages:${PYTHONPATH} /usr/bin/cmake --build /home/zaynap/grab/grab2/build/behaviortree_ros2 -- -j8 -l8
[0.135s] Invoking command in '/home/zaynap/grab/grab2/build/behaviortree_ros2': AMENT_PREFIX_PATH=/home/zaynap/grab/grab2/install/btcpp_ros2_interfaces:${AMENT_PREFIX_PATH} CMAKE_PREFIX_PATH=/home/zaynap/grab/grab2/install/btcpp_ros2_interfaces:/opt/ros/humble LD_LIBRARY_PATH=/home/zaynap/grab/grab2/install/btcpp_ros2_interfaces/lib:${LD_LIBRARY_PATH} PYTHONPATH=/home/zaynap/grab/grab2/install/btcpp_ros2_interfaces/local/lib/python3.10/dist-packages:${PYTHONPATH} /usr/bin/cmake --install /home/zaynap/grab/grab2/build/behaviortree_ros2
[0.140s] -- Install configuration: ""
[0.141s] -- Up-to-date: /home/zaynap/grab/grab2/install/behaviortree_ros2/include/behaviortree_ros2
[0.141s] -- Up-to-date: /home/zaynap/grab/grab2/install/behaviortree_ros2/include/behaviortree_ros2/bt_executor_parameters.hpp
[0.141s] -- Up-to-date: /home/zaynap/grab/grab2/install/behaviortree_ros2/include/
[0.141s] -- Up-to-date: /home/zaynap/grab/grab2/install/behaviortree_ros2/include//behaviortree_ros2
[0.141s] -- Up-to-date: /home/zaynap/grab/grab2/install/behaviortree_ros2/include//behaviortree_ros2/tree_execution_server.hpp
[0.141s] -- Up-to-date: /home/zaynap/grab/grab2/install/behaviortree_ros2/include//behaviortree_ros2/bt_topic_sub_node.hpp
[0.141s] -- Up-to-date: /home/zaynap/grab/grab2/install/behaviortree_ros2/include//behaviortree_ros2/bt_utils.hpp
[0.141s] -- Up-to-date: /home/zaynap/grab/grab2/install/behaviortree_ros2/include//behaviortree_ros2/bt_topic_pub_node.hpp
[0.141s] -- Up-to-date: /home/zaynap/grab/grab2/install/behaviortree_ros2/include//behaviortree_ros2/plugins.hpp
[0.141s] -- Up-to-date: /home/zaynap/grab/grab2/install/behaviortree_ros2/include//behaviortree_ros2/bt_service_node.hpp
[0.141s] -- Up-to-date: /home/zaynap/grab/grab2/install/behaviortree_ros2/include//behaviortree_ros2/bt_action_node.hpp
[0.141s] -- Up-to-date: /home/zaynap/grab/grab2/install/behaviortree_ros2/include//behaviortree_ros2/ros_node_params.hpp
[0.141s] -- Up-to-date: /home/zaynap/grab/grab2/install/behaviortree_ros2/share/behaviortree_ros2/environment/library_path.sh
[0.142s] -- Up-to-date: /home/zaynap/grab/grab2/install/behaviortree_ros2/share/behaviortree_ros2/environment/library_path.dsv
[0.142s] -- Up-to-date: /home/zaynap/grab/grab2/install/behaviortree_ros2/lib/libbehaviortree_ros2.a
[0.142s] -- Up-to-date: /home/zaynap/grab/grab2/install/behaviortree_ros2/share/ament_index/resource_index/package_run_dependencies/behaviortree_ros2
[0.142s] -- Up-to-date: /home/zaynap/grab/grab2/install/behaviortree_ros2/share/ament_index/resource_index/parent_prefix_path/behaviortree_ros2
[0.142s] -- Up-to-date: /home/zaynap/grab/grab2/install/behaviortree_ros2/share/behaviortree_ros2/environment/ament_prefix_path.sh
[0.142s] -- Up-to-date: /home/zaynap/grab/grab2/install/behaviortree_ros2/share/behaviortree_ros2/environment/ament_prefix_path.dsv
[0.142s] -- Up-to-date: /home/zaynap/grab/grab2/install/behaviortree_ros2/share/behaviortree_ros2/environment/path.sh
[0.142s] -- Up-to-date: /home/zaynap/grab/grab2/install/behaviortree_ros2/share/behaviortree_ros2/environment/path.dsv
[0.142s] -- Up-to-date: /home/zaynap/grab/grab2/install/behaviortree_ros2/share/behaviortree_ros2/local_setup.bash
[0.142s] -- Up-to-date: /home/zaynap/grab/grab2/install/behaviortree_ros2/share/behaviortree_ros2/local_setup.sh
[0.142s] -- Up-to-date: /home/zaynap/grab/grab2/install/behaviortree_ros2/share/behaviortree_ros2/local_setup.zsh
[0.142s] -- Up-to-date: /home/zaynap/grab/grab2/install/behaviortree_ros2/share/behaviortree_ros2/local_setup.dsv
[0.142s] -- Installing: /home/zaynap/grab/grab2/install/behaviortree_ros2/share/behaviortree_ros2/package.dsv
[0.142s] -- Up-to-date: /home/zaynap/grab/grab2/install/behaviortree_ros2/share/ament_index/resource_index/packages/behaviortree_ros2
[0.142s] -- Up-to-date: /home/zaynap/grab/grab2/install/behaviortree_ros2/share/behaviortree_ros2/cmake/behaviortree_ros2TargetsExport.cmake
[0.142s] -- Up-to-date: /home/zaynap/grab/grab2/install/behaviortree_ros2/share/behaviortree_ros2/cmake/behaviortree_ros2TargetsExport-noconfig.cmake
[0.143s] -- Up-to-date: /home/zaynap/grab/grab2/install/behaviortree_ros2/share/behaviortree_ros2/cmake/ament_cmake_export_dependencies-extras.cmake
[0.143s] -- Up-to-date: /home/zaynap/grab/grab2/install/behaviortree_ros2/share/behaviortree_ros2/cmake/ament_cmake_export_targets-extras.cmake
[0.143s] -- Up-to-date: /home/zaynap/grab/grab2/install/behaviortree_ros2/share/behaviortree_ros2/cmake/ament_cmake_export_include_directories-extras.cmake
[0.143s] -- Up-to-date: /home/zaynap/grab/grab2/install/behaviortree_ros2/share/behaviortree_ros2/cmake/ament_cmake_export_libraries-extras.cmake
[0.143s] -- Up-to-date: /home/zaynap/grab/grab2/install/behaviortree_ros2/share/behaviortree_ros2/cmake/behaviortree_ros2Config.cmake
[0.143s] -- Up-to-date: /home/zaynap/grab/grab2/install/behaviortree_ros2/share/behaviortree_ros2/cmake/behaviortree_ros2Config-version.cmake
[0.143s] -- Up-to-date: /home/zaynap/grab/grab2/install/behaviortree_ros2/share/behaviortree_ros2/package.xml
[0.146s] Invoked command in '/home/zaynap/grab/grab2/build/behaviortree_ros2' returned '0': AMENT_PREFIX_PATH=/home/zaynap/grab/grab2/install/btcpp_ros2_interfaces:${AMENT_PREFIX_PATH} CMAKE_PREFIX_PATH=/home/zaynap/grab/grab2/install/btcpp_ros2_interfaces:/opt/ros/humble LD_LIBRARY_PATH=/home/zaynap/grab/grab2/install/btcpp_ros2_interfaces/lib:${LD_LIBRARY_PATH} PYTHONPATH=/home/zaynap/grab/grab2/install/btcpp_ros2_interfaces/local/lib/python3.10/dist-packages:${PYTHONPATH} /usr/bin/cmake --install /home/zaynap/grab/grab2/build/behaviortree_ros2
