[0.009s] Invoking command in '/home/zaynap/grab/grab2/build/grab2_grasp_generator': AMENT_PREFIX_PATH=/home/zaynap/grab/grab2/install/grab2_ros_common:/home/zaynap/grab/grab2/install/grab2_msgs:${AMENT_PREFIX_PATH} CMAKE_PREFIX_PATH=/home/zaynap/grab/grab2/install/grab2_ros_common:/home/zaynap/grab/grab2/install/grab2_msgs:/opt/ros/humble LD_LIBRARY_PATH=/home/zaynap/grab/grab2/install/grab2_msgs/lib:${LD_LIBRARY_PATH} PYTHONPATH=/home/zaynap/grab/grab2/install/grab2_msgs/local/lib/python3.10/dist-packages:${PYTHONPATH} /usr/bin/cmake /home/zaynap/grab/grab2/grab2_grasp_generator -DCMAKE_INSTALL_PREFIX=/home/zaynap/grab/grab2/install/grab2_grasp_generator
[0.099s] -- The C compiler identification is GNU 11.4.0
[0.152s] -- The CXX compiler identification is GNU 11.4.0
[0.159s] -- Detecting C compiler ABI info
[0.226s] -- Detecting C compiler ABI info - done
[0.239s] -- Check for working C compiler: /usr/bin/cc - skipped
[0.240s] -- Detecting C compile features
[0.240s] -- Detecting C compile features - done
[0.245s] -- Detecting CXX compiler ABI info
[0.326s] -- Detecting CXX compiler ABI info - done
[0.334s] -- Check for working CXX compiler: /usr/bin/c++ - skipped
[0.334s] -- Detecting CXX compile features
[0.334s] -- Detecting CXX compile features - done
[0.337s] -- Found ament_cmake: 1.3.12 (/opt/ros/humble/share/ament_cmake/cmake)
[0.747s] -- Found Python3: /usr/bin/python3 (found version "3.10.12") found components: Interpreter 
[0.858s] -- Found ament_cmake_ros: 0.10.0 (/opt/ros/humble/share/ament_cmake_ros/cmake)
[0.868s] -- Found rclcpp: 16.0.15 (/opt/ros/humble/share/rclcpp/cmake)
[0.913s] -- Found rosidl_generator_c: 3.1.7 (/opt/ros/humble/share/rosidl_generator_c/cmake)
[0.918s] -- Found rosidl_adapter: 3.1.7 (/opt/ros/humble/share/rosidl_adapter/cmake)
[0.927s] -- Found rosidl_generator_cpp: 3.1.7 (/opt/ros/humble/share/rosidl_generator_cpp/cmake)
[0.940s] -- Using all available rosidl_typesupport_c: rosidl_typesupport_fastrtps_c;rosidl_typesupport_introspection_c
[0.957s] -- Using all available rosidl_typesupport_cpp: rosidl_typesupport_fastrtps_cpp;rosidl_typesupport_introspection_cpp
[1.028s] -- Found rmw_implementation_cmake: 6.1.2 (/opt/ros/humble/share/rmw_implementation_cmake/cmake)
[1.028s] -- Found rmw_fastrtps_cpp: 6.2.8 (/opt/ros/humble/share/rmw_fastrtps_cpp/cmake)
[1.173s] -- Found OpenSSL: /usr/lib/x86_64-linux-gnu/libcrypto.so (found version "3.0.2")  
[1.218s] -- Found FastRTPS: /opt/ros/humble/include  
[1.266s] -- Using RMW implementation 'rmw_fastrtps_cpp' as default
[1.275s] -- Looking for pthread.h
[1.374s] -- Looking for pthread.h - found
[1.375s] -- Performing Test CMAKE_HAVE_LIBC_PTHREAD
[1.455s] -- Performing Test CMAKE_HAVE_LIBC_PTHREAD - Success
[1.456s] -- Found Threads: TRUE  
[1.524s] -- Found rclcpp_action: 16.0.15 (/opt/ros/humble/share/rclcpp_action/cmake)
[1.564s] -- Found rclcpp_components: 16.0.15 (/opt/ros/humble/share/rclcpp_components/cmake)
[1.600s] -- Found geometry_msgs: 4.9.0 (/opt/ros/humble/share/geometry_msgs/cmake)
[1.618s] -- Found moveit_msgs: 2.2.1 (/opt/ros/humble/share/moveit_msgs/cmake)
[1.746s] -- Found grab2_ros_common: 0.0.0 (/home/zaynap/grab/grab2/install/grab2_ros_common/share/grab2_ros_common/cmake)
[1.843s] -- Found eigen3_cmake_module: 0.1.1 (/opt/ros/humble/share/eigen3_cmake_module/cmake)
[1.843s] -- Found Eigen3: TRUE (found version "3.4.0") 
[1.844s] -- Ensuring Eigen3 include directory is part of orocos-kdl CMake target
[2.011s] -- Found ament_lint_auto: 0.12.14 (/opt/ros/humble/share/ament_lint_auto/cmake)
[2.160s] -- Found gtest sources under '/opt/ros/humble/src/gtest_vendor': C++ tests using 'Google Test' will be built
[2.194s] -- Added test 'cppcheck' to perform static code analysis on C / C++ code
[2.194s] -- Configured cppcheck include dirs: $<BUILD_INTERFACE:/home/zaynap/grab/grab2/grab2_grasp_generator/include>
[2.194s] -- Configured cppcheck exclude dirs and/or files: 
[2.195s] -- Added test 'cpplint' to check C / C++ code against the Google style
[2.195s] -- Configured cpplint exclude dirs and/or files: 
[2.196s] -- Added test 'lint_cmake' to check CMake code style
[2.197s] -- Added test 'uncrustify' to check C / C++ code style
[2.197s] -- Configured uncrustify additional arguments: 
[2.198s] -- Added test 'xmllint' to check XML markup files
[2.201s] -- Configuring done
[2.540s] -- Generating done
[2.568s] -- Build files have been written to: /home/zaynap/grab/grab2/build/grab2_grasp_generator
[2.589s] Invoked command in '/home/zaynap/grab/grab2/build/grab2_grasp_generator' returned '0': AMENT_PREFIX_PATH=/home/zaynap/grab/grab2/install/grab2_ros_common:/home/zaynap/grab/grab2/install/grab2_msgs:${AMENT_PREFIX_PATH} CMAKE_PREFIX_PATH=/home/zaynap/grab/grab2/install/grab2_ros_common:/home/zaynap/grab/grab2/install/grab2_msgs:/opt/ros/humble LD_LIBRARY_PATH=/home/zaynap/grab/grab2/install/grab2_msgs/lib:${LD_LIBRARY_PATH} PYTHONPATH=/home/zaynap/grab/grab2/install/grab2_msgs/local/lib/python3.10/dist-packages:${PYTHONPATH} /usr/bin/cmake /home/zaynap/grab/grab2/grab2_grasp_generator -DCMAKE_INSTALL_PREFIX=/home/zaynap/grab/grab2/install/grab2_grasp_generator
[2.591s] Invoking command in '/home/zaynap/grab/grab2/build/grab2_grasp_generator': AMENT_PREFIX_PATH=/home/zaynap/grab/grab2/install/grab2_ros_common:/home/zaynap/grab/grab2/install/grab2_msgs:${AMENT_PREFIX_PATH} CMAKE_PREFIX_PATH=/home/zaynap/grab/grab2/install/grab2_ros_common:/home/zaynap/grab/grab2/install/grab2_msgs:/opt/ros/humble LD_LIBRARY_PATH=/home/zaynap/grab/grab2/install/grab2_msgs/lib:${LD_LIBRARY_PATH} PYTHONPATH=/home/zaynap/grab/grab2/install/grab2_msgs/local/lib/python3.10/dist-packages:${PYTHONPATH} /usr/bin/cmake --build /home/zaynap/grab/grab2/build/grab2_grasp_generator -- -j8 -l8
[2.649s] [ 10%] [32mBuilding CXX object CMakeFiles/grasp_generator_core.dir/src/grasp_generator.cpp.o[0m
[2.652s] [ 20%] [32mBuilding CXX object gtest/CMakeFiles/gtest.dir/src/gtest-all.cc.o[0m
[2.654s] [ 30%] [32mBuilding CXX object gtest/CMakeFiles/gtest_main.dir/src/gtest_main.cc.o[0m
[3.802s] [ 40%] [32m[1mLinking CXX static library libgtest_main.a[0m
[4.164s] [ 40%] Built target gtest_main
[6.575s] [ 50%] [32m[1mLinking CXX static library libgtest.a[0m
[6.657s] [ 50%] Built target gtest
[11.950s] [ 60%] [32m[1mLinking CXX shared library libgrasp_generator_core.so[0m
[13.487s] [ 60%] Built target grasp_generator_core
[13.507s] [ 80%] [32mBuilding CXX object test/CMakeFiles/test_grasp_generator.dir/test_grasp_generator.cpp.o[0m
[13.507s] [ 80%] [32mBuilding CXX object CMakeFiles/grasp_generator.dir/src/main.cpp.o[0m
[16.996s] [ 90%] [32m[1mLinking CXX executable grasp_generator[0m
[17.200s] [ 90%] Built target grasp_generator
[18.347s] [100%] [32m[1mLinking CXX executable test_grasp_generator[0m
[18.649s] [100%] Built target test_grasp_generator
[18.661s] Invoked command in '/home/zaynap/grab/grab2/build/grab2_grasp_generator' returned '0': AMENT_PREFIX_PATH=/home/zaynap/grab/grab2/install/grab2_ros_common:/home/zaynap/grab/grab2/install/grab2_msgs:${AMENT_PREFIX_PATH} CMAKE_PREFIX_PATH=/home/zaynap/grab/grab2/install/grab2_ros_common:/home/zaynap/grab/grab2/install/grab2_msgs:/opt/ros/humble LD_LIBRARY_PATH=/home/zaynap/grab/grab2/install/grab2_msgs/lib:${LD_LIBRARY_PATH} PYTHONPATH=/home/zaynap/grab/grab2/install/grab2_msgs/local/lib/python3.10/dist-packages:${PYTHONPATH} /usr/bin/cmake --build /home/zaynap/grab/grab2/build/grab2_grasp_generator -- -j8 -l8
[18.662s] Invoking command in '/home/zaynap/grab/grab2/build/grab2_grasp_generator': AMENT_PREFIX_PATH=/home/zaynap/grab/grab2/install/grab2_ros_common:/home/zaynap/grab/grab2/install/grab2_msgs:${AMENT_PREFIX_PATH} CMAKE_PREFIX_PATH=/home/zaynap/grab/grab2/install/grab2_ros_common:/home/zaynap/grab/grab2/install/grab2_msgs:/opt/ros/humble LD_LIBRARY_PATH=/home/zaynap/grab/grab2/install/grab2_msgs/lib:${LD_LIBRARY_PATH} PYTHONPATH=/home/zaynap/grab/grab2/install/grab2_msgs/local/lib/python3.10/dist-packages:${PYTHONPATH} /usr/bin/cmake --install /home/zaynap/grab/grab2/build/grab2_grasp_generator
[18.671s] -- Install configuration: ""
[18.671s] -- Installing: /home/zaynap/grab/grab2/install/grab2_grasp_generator/include/grab2_grasp_generator
[18.671s] -- Installing: /home/zaynap/grab/grab2/install/grab2_grasp_generator/include/grab2_grasp_generator/grab2_grasp_generator
[18.671s] -- Installing: /home/zaynap/grab/grab2/install/grab2_grasp_generator/include/grab2_grasp_generator/grab2_grasp_generator/grasp_generator.hpp
[18.671s] -- Installing: /home/zaynap/grab/grab2/install/grab2_grasp_generator/include/grab2_grasp_generator/grab2_grasp_generator/visibility_control.h
[18.671s] -- Installing: /home/zaynap/grab/grab2/install/grab2_grasp_generator/lib/libgrasp_generator_core.so
[18.673s] -- Set runtime path of "/home/zaynap/grab/grab2/install/grab2_grasp_generator/lib/libgrasp_generator_core.so" to ""
[18.673s] -- Installing: /home/zaynap/grab/grab2/install/grab2_grasp_generator/lib/grab2_grasp_generator/grasp_generator
[18.673s] -- Set runtime path of "/home/zaynap/grab/grab2/install/grab2_grasp_generator/lib/grab2_grasp_generator/grasp_generator" to ""
[18.674s] -- Installing: /home/zaynap/grab/grab2/install/grab2_grasp_generator/share/grab2_grasp_generator/config
[18.674s] -- Installing: /home/zaynap/grab/grab2/install/grab2_grasp_generator/share/grab2_grasp_generator/config/isaac_grasp.yaml
[18.674s] -- Installing: /home/zaynap/grab/grab2/install/grab2_grasp_generator/share/grab2_grasp_generator/environment/library_path.sh
[18.674s] -- Installing: /home/zaynap/grab/grab2/install/grab2_grasp_generator/share/grab2_grasp_generator/environment/library_path.dsv
[18.674s] -- Installing: /home/zaynap/grab/grab2/install/grab2_grasp_generator/share/ament_index/resource_index/package_run_dependencies/grab2_grasp_generator
[18.674s] -- Installing: /home/zaynap/grab/grab2/install/grab2_grasp_generator/share/ament_index/resource_index/parent_prefix_path/grab2_grasp_generator
[18.674s] -- Installing: /home/zaynap/grab/grab2/install/grab2_grasp_generator/share/grab2_grasp_generator/environment/ament_prefix_path.sh
[18.674s] -- Installing: /home/zaynap/grab/grab2/install/grab2_grasp_generator/share/grab2_grasp_generator/environment/ament_prefix_path.dsv
[18.675s] -- Installing: /home/zaynap/grab/grab2/install/grab2_grasp_generator/share/grab2_grasp_generator/environment/path.sh
[18.675s] -- Installing: /home/zaynap/grab/grab2/install/grab2_grasp_generator/share/grab2_grasp_generator/environment/path.dsv
[18.675s] -- Installing: /home/zaynap/grab/grab2/install/grab2_grasp_generator/share/grab2_grasp_generator/local_setup.bash
[18.675s] -- Installing: /home/zaynap/grab/grab2/install/grab2_grasp_generator/share/grab2_grasp_generator/local_setup.sh
[18.675s] -- Installing: /home/zaynap/grab/grab2/install/grab2_grasp_generator/share/grab2_grasp_generator/local_setup.zsh
[18.675s] -- Installing: /home/zaynap/grab/grab2/install/grab2_grasp_generator/share/grab2_grasp_generator/local_setup.dsv
[18.675s] -- Installing: /home/zaynap/grab/grab2/install/grab2_grasp_generator/share/grab2_grasp_generator/package.dsv
[18.676s] -- Installing: /home/zaynap/grab/grab2/install/grab2_grasp_generator/share/ament_index/resource_index/packages/grab2_grasp_generator
[18.676s] -- Installing: /home/zaynap/grab/grab2/install/grab2_grasp_generator/share/grab2_grasp_generator/cmake/export_grab2_grasp_generatorExport.cmake
[18.676s] -- Installing: /home/zaynap/grab/grab2/install/grab2_grasp_generator/share/grab2_grasp_generator/cmake/export_grab2_grasp_generatorExport-noconfig.cmake
[18.676s] -- Installing: /home/zaynap/grab/grab2/install/grab2_grasp_generator/share/grab2_grasp_generator/cmake/ament_cmake_export_include_directories-extras.cmake
[18.676s] -- Installing: /home/zaynap/grab/grab2/install/grab2_grasp_generator/share/grab2_grasp_generator/cmake/ament_cmake_export_libraries-extras.cmake
[18.676s] -- Installing: /home/zaynap/grab/grab2/install/grab2_grasp_generator/share/grab2_grasp_generator/cmake/ament_cmake_export_targets-extras.cmake
[18.676s] -- Installing: /home/zaynap/grab/grab2/install/grab2_grasp_generator/share/grab2_grasp_generator/cmake/grab2_grasp_generatorConfig.cmake
[18.676s] -- Installing: /home/zaynap/grab/grab2/install/grab2_grasp_generator/share/grab2_grasp_generator/cmake/grab2_grasp_generatorConfig-version.cmake
[18.677s] -- Installing: /home/zaynap/grab/grab2/install/grab2_grasp_generator/share/grab2_grasp_generator/package.xml
[18.679s] Invoked command in '/home/zaynap/grab/grab2/build/grab2_grasp_generator' returned '0': AMENT_PREFIX_PATH=/home/zaynap/grab/grab2/install/grab2_ros_common:/home/zaynap/grab/grab2/install/grab2_msgs:${AMENT_PREFIX_PATH} CMAKE_PREFIX_PATH=/home/zaynap/grab/grab2/install/grab2_ros_common:/home/zaynap/grab/grab2/install/grab2_msgs:/opt/ros/humble LD_LIBRARY_PATH=/home/zaynap/grab/grab2/install/grab2_msgs/lib:${LD_LIBRARY_PATH} PYTHONPATH=/home/zaynap/grab/grab2/install/grab2_msgs/local/lib/python3.10/dist-packages:${PYTHONPATH} /usr/bin/cmake --install /home/zaynap/grab/grab2/build/grab2_grasp_generator
