[0.048s] Invoking command in '/home/zaynap/grab/grab2/build/grab2_msgs': CMAKE_PREFIX_PATH=/opt/ros/humble /usr/bin/cmake /home/zaynap/grab/grab2/grab2_msgs -DCMAKE_INSTALL_PREFIX=/home/zaynap/grab/grab2/install/grab2_msgs
[2.873s] -- The C compiler identification is GNU 11.4.0
[2.965s] -- The CXX compiler identification is GNU 11.4.0
[2.989s] -- Detecting C compiler ABI info
[3.279s] -- Detecting C compiler ABI info - done
[3.289s] -- Check for working C compiler: /usr/bin/cc - skipped
[3.290s] -- Detecting C compile features
[3.303s] -- Detecting C compile features - done
[3.305s] -- Detecting CXX compiler ABI info
[3.373s] -- Detecting CXX compiler ABI info - done
[3.381s] -- Check for working CXX compiler: /usr/bin/c++ - skipped
[3.381s] -- Detecting CXX compile features
[3.382s] -- Detecting CXX compile features - done
[3.525s] -- Found ament_cmake: 1.3.12 (/opt/ros/humble/share/ament_cmake/cmake)
[4.091s] -- Found Python3: /usr/bin/python3 (found version "3.10.12") found components: Interpreter 
[4.493s] -- Found builtin_interfaces: 1.2.2 (/opt/ros/humble/share/builtin_interfaces/cmake)
[4.862s] -- Found rosidl_generator_c: 3.1.7 (/opt/ros/humble/share/rosidl_generator_c/cmake)
[4.868s] -- Found rosidl_adapter: 3.1.7 (/opt/ros/humble/share/rosidl_adapter/cmake)
[4.891s] -- Found rosidl_generator_cpp: 3.1.7 (/opt/ros/humble/share/rosidl_generator_cpp/cmake)
[4.976s] -- Using all available rosidl_typesupport_c: rosidl_typesupport_fastrtps_c;rosidl_typesupport_introspection_c
[5.016s] -- Using all available rosidl_typesupport_cpp: rosidl_typesupport_fastrtps_cpp;rosidl_typesupport_introspection_cpp
[5.181s] -- Found action_msgs: 1.2.2 (/opt/ros/humble/share/action_msgs/cmake)
[5.394s] -- Found std_msgs: 4.9.0 (/opt/ros/humble/share/std_msgs/cmake)
[5.556s] -- Found control_msgs: 4.8.0 (/opt/ros/humble/share/control_msgs/cmake)
[6.285s] -- Found moveit_msgs: 2.2.1 (/opt/ros/humble/share/moveit_msgs/cmake)
[6.710s] -- Found rosidl_default_generators: 1.2.0 (/opt/ros/humble/share/rosidl_default_generators/cmake)
[7.490s] -- Found ament_cmake_ros: 0.10.0 (/opt/ros/humble/share/ament_cmake_ros/cmake)
[8.208s] -- Using all available rosidl_typesupport_c: rosidl_typesupport_fastrtps_c;rosidl_typesupport_introspection_c
[8.481s] -- Using all available rosidl_typesupport_cpp: rosidl_typesupport_fastrtps_cpp;rosidl_typesupport_introspection_cpp
[8.504s] -- Found PythonInterp: /usr/bin/python3 (found suitable version "3.10.12", minimum required is "3.6") 
[8.505s] -- Found python_cmake_module: 0.10.0 (/opt/ros/humble/share/python_cmake_module/cmake)
[8.530s] -- Found PythonLibs: /usr/lib/x86_64-linux-gnu/libpython3.10.so (found suitable version "3.10.12", minimum required is "3.5") 
[8.530s] -- Using PYTHON_EXECUTABLE: /usr/bin/python3
[8.530s] -- Using PYTHON_INCLUDE_DIRS: /usr/include/python3.10
[8.530s] -- Using PYTHON_LIBRARIES: /usr/lib/x86_64-linux-gnu/libpython3.10.so
[8.550s] -- Found PythonExtra: .so  
[8.695s] -- Configuring done
[8.747s] -- Generating done
[8.765s] -- Build files have been written to: /home/zaynap/grab/grab2/build/grab2_msgs
[8.775s] Invoked command in '/home/zaynap/grab/grab2/build/grab2_msgs' returned '0': CMAKE_PREFIX_PATH=/opt/ros/humble /usr/bin/cmake /home/zaynap/grab/grab2/grab2_msgs -DCMAKE_INSTALL_PREFIX=/home/zaynap/grab/grab2/install/grab2_msgs
[8.776s] Invoking command in '/home/zaynap/grab/grab2/build/grab2_msgs': CMAKE_PREFIX_PATH=/opt/ros/humble /usr/bin/cmake --build /home/zaynap/grab/grab2/build/grab2_msgs -- -j8 -l8
[8.813s] [  2%] [34m[1mGenerating C code for ROS interfaces[0m
[8.823s] [  4%] [34m[1mGenerating C++ code for ROS interfaces[0m
[8.831s] [  4%] Built target ament_cmake_python_copy_grab2_msgs
[9.160s] running egg_info
[9.207s] creating grab2_msgs.egg-info
[9.207s] writing grab2_msgs.egg-info/PKG-INFO
[9.207s] writing dependency_links to grab2_msgs.egg-info/dependency_links.txt
[9.208s] writing top-level names to grab2_msgs.egg-info/top_level.txt
[9.208s] writing manifest file 'grab2_msgs.egg-info/SOURCES.txt'
[9.347s] reading manifest file 'grab2_msgs.egg-info/SOURCES.txt'
[9.348s] writing manifest file 'grab2_msgs.egg-info/SOURCES.txt'
[9.399s] [  4%] Built target ament_cmake_python_build_grab2_msgs_egg
[10.612s] [  6%] [32mBuilding C object CMakeFiles/grab2_msgs__rosidl_generator_c.dir/rosidl_generator_c/grab2_msgs/action/detail/compute_plan_to_pose__functions.c.o[0m
[10.616s] [  8%] [32mBuilding C object CMakeFiles/grab2_msgs__rosidl_generator_c.dir/rosidl_generator_c/grab2_msgs/action/detail/compute_plan_through_poses__functions.c.o[0m
[10.617s] [ 10%] [32mBuilding C object CMakeFiles/grab2_msgs__rosidl_generator_c.dir/rosidl_generator_c/grab2_msgs/action/detail/get_isaac_grasp__functions.c.o[0m
[10.773s] [ 10%] Built target grab2_msgs__cpp
[10.783s] [ 12%] [34m[1mGenerating C++ type support for eProsima Fast-RTPS[0m
[10.783s] [ 14%] [34m[1mGenerating C++ type support dispatch for ROS interfaces[0m
[10.790s] [ 17%] [34m[1mGenerating C++ introspection for ROS interfaces[0m
[11.705s] [ 19%] [32mBuilding CXX object CMakeFiles/grab2_msgs__rosidl_typesupport_cpp.dir/rosidl_typesupport_cpp/grab2_msgs/action/get_isaac_grasp__type_support.cpp.o[0m
[11.705s] [ 21%] [32mBuilding CXX object CMakeFiles/grab2_msgs__rosidl_typesupport_cpp.dir/rosidl_typesupport_cpp/grab2_msgs/action/compute_plan_through_poses__type_support.cpp.o[0m
[11.706s] [ 23%] [32mBuilding CXX object CMakeFiles/grab2_msgs__rosidl_typesupport_cpp.dir/rosidl_typesupport_cpp/grab2_msgs/action/compute_plan_to_pose__type_support.cpp.o[0m
[12.153s] [ 25%] [32mBuilding CXX object CMakeFiles/grab2_msgs__rosidl_typesupport_introspection_cpp.dir/rosidl_typesupport_introspection_cpp/grab2_msgs/action/detail/compute_plan_to_pose__type_support.cpp.o[0m
[12.420s] [ 27%] [32mBuilding CXX object CMakeFiles/grab2_msgs__rosidl_typesupport_introspection_cpp.dir/rosidl_typesupport_introspection_cpp/grab2_msgs/action/detail/compute_plan_through_poses__type_support.cpp.o[0m
[12.633s] [ 29%] [32mBuilding CXX object CMakeFiles/grab2_msgs__rosidl_typesupport_introspection_cpp.dir/rosidl_typesupport_introspection_cpp/grab2_msgs/action/detail/get_isaac_grasp__type_support.cpp.o[0m
[12.677s] [ 31%] [32m[1mLinking C shared library libgrab2_msgs__rosidl_generator_c.so[0m
[12.929s] [ 34%] [32mBuilding CXX object CMakeFiles/grab2_msgs__rosidl_typesupport_fastrtps_cpp.dir/rosidl_typesupport_fastrtps_cpp/grab2_msgs/action/detail/dds_fastrtps/compute_plan_through_poses__type_support.cpp.o[0m
[12.941s] [ 36%] [32mBuilding CXX object CMakeFiles/grab2_msgs__rosidl_typesupport_fastrtps_cpp.dir/rosidl_typesupport_fastrtps_cpp/grab2_msgs/action/detail/dds_fastrtps/compute_plan_to_pose__type_support.cpp.o[0m
[12.973s] [ 38%] [32mBuilding CXX object CMakeFiles/grab2_msgs__rosidl_typesupport_fastrtps_cpp.dir/rosidl_typesupport_fastrtps_cpp/grab2_msgs/action/detail/dds_fastrtps/get_isaac_grasp__type_support.cpp.o[0m
[13.258s] [ 40%] [32m[1mLinking CXX shared library libgrab2_msgs__rosidl_typesupport_cpp.so[0m
[13.349s] [ 40%] Built target grab2_msgs__rosidl_generator_c
[13.380s] [ 42%] [34m[1mGenerating C type support for eProsima Fast-RTPS[0m
[13.819s] [ 44%] [34m[1mGenerating C introspection for ROS interfaces[0m
[13.871s] [ 44%] Built target grab2_msgs__rosidl_typesupport_cpp
[13.907s] [ 46%] [34m[1mGenerating C type support dispatch for ROS interfaces[0m
[14.916s] [ 48%] [32m[1mLinking CXX shared library libgrab2_msgs__rosidl_typesupport_fastrtps_cpp.so[0m
[14.942s] [ 51%] [32m[1mLinking CXX shared library libgrab2_msgs__rosidl_typesupport_introspection_cpp.so[0m
[15.336s] [ 55%] [32mBuilding CXX object CMakeFiles/grab2_msgs__rosidl_typesupport_c.dir/rosidl_typesupport_c/grab2_msgs/action/get_isaac_grasp__type_support.cpp.o[0m
[15.336s] [ 57%] [32mBuilding CXX object CMakeFiles/grab2_msgs__rosidl_typesupport_c.dir/rosidl_typesupport_c/grab2_msgs/action/compute_plan_to_pose__type_support.cpp.o[0m
[15.336s] [ 57%] [32mBuilding CXX object CMakeFiles/grab2_msgs__rosidl_typesupport_c.dir/rosidl_typesupport_c/grab2_msgs/action/compute_plan_through_poses__type_support.cpp.o[0m
[15.416s] [ 59%] [32m[1mLinking CXX shared library libgrab2_msgs__rosidl_typesupport_c.so[0m
[15.498s] [ 65%] [32mBuilding CXX object CMakeFiles/grab2_msgs__rosidl_typesupport_fastrtps_c.dir/rosidl_typesupport_fastrtps_c/grab2_msgs/action/detail/compute_plan_through_poses__type_support_c.cpp.o[0m
[15.499s] [ 65%] [32mBuilding CXX object CMakeFiles/grab2_msgs__rosidl_typesupport_fastrtps_c.dir/rosidl_typesupport_fastrtps_c/grab2_msgs/action/detail/get_isaac_grasp__type_support_c.cpp.o[0m
[15.499s] [ 65%] [32mBuilding CXX object CMakeFiles/grab2_msgs__rosidl_typesupport_fastrtps_c.dir/rosidl_typesupport_fastrtps_c/grab2_msgs/action/detail/compute_plan_to_pose__type_support_c.cpp.o[0m
[15.602s] [ 70%] [32mBuilding C object CMakeFiles/grab2_msgs__rosidl_typesupport_introspection_c.dir/rosidl_typesupport_introspection_c/grab2_msgs/action/detail/compute_plan_through_poses__type_support.c.o[0m
[15.602s] [ 70%] [32mBuilding C object CMakeFiles/grab2_msgs__rosidl_typesupport_introspection_c.dir/rosidl_typesupport_introspection_c/grab2_msgs/action/detail/compute_plan_to_pose__type_support.c.o[0m
[15.634s] [ 70%] Built target grab2_msgs__rosidl_typesupport_introspection_cpp
[15.642s] [ 72%] [32mBuilding C object CMakeFiles/grab2_msgs__rosidl_typesupport_introspection_c.dir/rosidl_typesupport_introspection_c/grab2_msgs/action/detail/get_isaac_grasp__type_support.c.o[0m
[15.766s] [ 72%] Built target grab2_msgs__rosidl_typesupport_fastrtps_cpp
[15.929s] [ 72%] Built target grab2_msgs__rosidl_typesupport_c
[15.985s] [ 74%] [32m[1mLinking C shared library libgrab2_msgs__rosidl_typesupport_introspection_c.so[0m
[16.110s] [ 76%] [32m[1mLinking CXX shared library libgrab2_msgs__rosidl_typesupport_fastrtps_c.so[0m
[16.424s] [ 76%] Built target grab2_msgs__rosidl_typesupport_introspection_c
[16.609s] [ 76%] Built target grab2_msgs__rosidl_typesupport_fastrtps_c
[16.629s] [ 76%] Built target grab2_msgs
[16.648s] [ 78%] [34m[1mGenerating Python code for ROS interfaces[0m
[19.207s] [ 78%] Built target grab2_msgs__py
[19.227s] [ 82%] [32mBuilding C object CMakeFiles/grab2_msgs__rosidl_generator_py.dir/rosidl_generator_py/grab2_msgs/action/_compute_plan_through_poses_s.c.o[0m
[19.228s] [ 82%] [32mBuilding C object CMakeFiles/grab2_msgs__rosidl_generator_py.dir/rosidl_generator_py/grab2_msgs/action/_get_isaac_grasp_s.c.o[0m
[19.230s] [ 85%] [32mBuilding C object CMakeFiles/grab2_msgs__rosidl_generator_py.dir/rosidl_generator_py/grab2_msgs/action/_compute_plan_to_pose_s.c.o[0m
[19.452s] [ 87%] [32m[1mLinking C shared library rosidl_generator_py/grab2_msgs/libgrab2_msgs__rosidl_generator_py.so[0m
[19.647s] [ 87%] Built target grab2_msgs__rosidl_generator_py
[19.666s] [ 91%] [32mBuilding C object CMakeFiles/grab2_msgs__rosidl_typesupport_c__pyext.dir/rosidl_generator_py/grab2_msgs/_grab2_msgs_s.ep.rosidl_typesupport_c.c.o[0m
[19.666s] [ 91%] [32mBuilding C object CMakeFiles/grab2_msgs__rosidl_typesupport_fastrtps_c__pyext.dir/rosidl_generator_py/grab2_msgs/_grab2_msgs_s.ep.rosidl_typesupport_fastrtps_c.c.o[0m
[19.673s] [ 93%] [32mBuilding C object CMakeFiles/grab2_msgs__rosidl_typesupport_introspection_c__pyext.dir/rosidl_generator_py/grab2_msgs/_grab2_msgs_s.ep.rosidl_typesupport_introspection_c.c.o[0m
[19.842s] [ 95%] [32m[1mLinking C shared library rosidl_generator_py/grab2_msgs/grab2_msgs_s__rosidl_typesupport_c.cpython-310-x86_64-linux-gnu.so[0m
[19.906s] [ 95%] Built target grab2_msgs__rosidl_typesupport_c__pyext
[19.936s] [ 97%] [32m[1mLinking C shared library rosidl_generator_py/grab2_msgs/grab2_msgs_s__rosidl_typesupport_fastrtps_c.cpython-310-x86_64-linux-gnu.so[0m
[19.942s] [100%] [32m[1mLinking C shared library rosidl_generator_py/grab2_msgs/grab2_msgs_s__rosidl_typesupport_introspection_c.cpython-310-x86_64-linux-gnu.so[0m
[20.000s] [100%] Built target grab2_msgs__rosidl_typesupport_fastrtps_c__pyext
[20.005s] [100%] Built target grab2_msgs__rosidl_typesupport_introspection_c__pyext
[20.019s] Invoked command in '/home/zaynap/grab/grab2/build/grab2_msgs' returned '0': CMAKE_PREFIX_PATH=/opt/ros/humble /usr/bin/cmake --build /home/zaynap/grab/grab2/build/grab2_msgs -- -j8 -l8
[20.021s] Invoking command in '/home/zaynap/grab/grab2/build/grab2_msgs': CMAKE_PREFIX_PATH=/opt/ros/humble /usr/bin/cmake --install /home/zaynap/grab/grab2/build/grab2_msgs
[20.029s] -- Install configuration: ""
[20.029s] -- Installing: /home/zaynap/grab/grab2/install/grab2_msgs/share/ament_index/resource_index/rosidl_interfaces/grab2_msgs
[20.029s] -- Installing: /home/zaynap/grab/grab2/install/grab2_msgs/include/grab2_msgs/grab2_msgs
[20.029s] -- Installing: /home/zaynap/grab/grab2/install/grab2_msgs/include/grab2_msgs/grab2_msgs/action
[20.029s] -- Installing: /home/zaynap/grab/grab2/install/grab2_msgs/include/grab2_msgs/grab2_msgs/action/compute_plan_through_poses.h
[20.029s] -- Installing: /home/zaynap/grab/grab2/install/grab2_msgs/include/grab2_msgs/grab2_msgs/action/compute_plan_to_pose.h
[20.029s] -- Installing: /home/zaynap/grab/grab2/install/grab2_msgs/include/grab2_msgs/grab2_msgs/action/detail
[20.029s] -- Installing: /home/zaynap/grab/grab2/install/grab2_msgs/include/grab2_msgs/grab2_msgs/action/detail/compute_plan_through_poses__functions.c
[20.029s] -- Installing: /home/zaynap/grab/grab2/install/grab2_msgs/include/grab2_msgs/grab2_msgs/action/detail/compute_plan_to_pose__struct.h
[20.029s] -- Installing: /home/zaynap/grab/grab2/install/grab2_msgs/include/grab2_msgs/grab2_msgs/action/detail/get_isaac_grasp__type_support.h
[20.030s] -- Installing: /home/zaynap/grab/grab2/install/grab2_msgs/include/grab2_msgs/grab2_msgs/action/detail/compute_plan_through_poses__type_support.h
[20.030s] -- Installing: /home/zaynap/grab/grab2/install/grab2_msgs/include/grab2_msgs/grab2_msgs/action/detail/compute_plan_through_poses__functions.h
[20.030s] -- Installing: /home/zaynap/grab/grab2/install/grab2_msgs/include/grab2_msgs/grab2_msgs/action/detail/get_isaac_grasp__functions.h
[20.030s] -- Installing: /home/zaynap/grab/grab2/install/grab2_msgs/include/grab2_msgs/grab2_msgs/action/detail/compute_plan_to_pose__functions.c
[20.030s] -- Installing: /home/zaynap/grab/grab2/install/grab2_msgs/include/grab2_msgs/grab2_msgs/action/detail/get_isaac_grasp__functions.c
[20.030s] -- Installing: /home/zaynap/grab/grab2/install/grab2_msgs/include/grab2_msgs/grab2_msgs/action/detail/get_isaac_grasp__struct.h
[20.030s] -- Installing: /home/zaynap/grab/grab2/install/grab2_msgs/include/grab2_msgs/grab2_msgs/action/detail/compute_plan_to_pose__type_support.h
[20.030s] -- Installing: /home/zaynap/grab/grab2/install/grab2_msgs/include/grab2_msgs/grab2_msgs/action/detail/compute_plan_through_poses__struct.h
[20.031s] -- Installing: /home/zaynap/grab/grab2/install/grab2_msgs/include/grab2_msgs/grab2_msgs/action/detail/compute_plan_to_pose__functions.h
[20.031s] -- Installing: /home/zaynap/grab/grab2/install/grab2_msgs/include/grab2_msgs/grab2_msgs/action/get_isaac_grasp.h
[20.031s] -- Installing: /home/zaynap/grab/grab2/install/grab2_msgs/include/grab2_msgs/grab2_msgs/msg
[20.031s] -- Installing: /home/zaynap/grab/grab2/install/grab2_msgs/include/grab2_msgs/grab2_msgs/msg/rosidl_generator_c__visibility_control.h
[20.031s] -- Installing: /home/zaynap/grab/grab2/install/grab2_msgs/share/grab2_msgs/environment/library_path.sh
[20.031s] -- Installing: /home/zaynap/grab/grab2/install/grab2_msgs/share/grab2_msgs/environment/library_path.dsv
[20.032s] -- Installing: /home/zaynap/grab/grab2/install/grab2_msgs/lib/libgrab2_msgs__rosidl_generator_c.so
[20.032s] -- Set runtime path of "/home/zaynap/grab/grab2/install/grab2_msgs/lib/libgrab2_msgs__rosidl_generator_c.so" to ""
[20.032s] -- Up-to-date: /home/zaynap/grab/grab2/install/grab2_msgs/include/grab2_msgs/grab2_msgs
[20.032s] -- Up-to-date: /home/zaynap/grab/grab2/install/grab2_msgs/include/grab2_msgs/grab2_msgs/action
[20.032s] -- Up-to-date: /home/zaynap/grab/grab2/install/grab2_msgs/include/grab2_msgs/grab2_msgs/action/detail
[20.032s] -- Installing: /home/zaynap/grab/grab2/install/grab2_msgs/include/grab2_msgs/grab2_msgs/action/detail/get_isaac_grasp__rosidl_typesupport_fastrtps_c.h
[20.033s] -- Installing: /home/zaynap/grab/grab2/install/grab2_msgs/include/grab2_msgs/grab2_msgs/action/detail/compute_plan_to_pose__rosidl_typesupport_fastrtps_c.h
[20.033s] -- Installing: /home/zaynap/grab/grab2/install/grab2_msgs/include/grab2_msgs/grab2_msgs/action/detail/compute_plan_through_poses__rosidl_typesupport_fastrtps_c.h
[20.033s] -- Up-to-date: /home/zaynap/grab/grab2/install/grab2_msgs/include/grab2_msgs/grab2_msgs/msg
[20.033s] -- Installing: /home/zaynap/grab/grab2/install/grab2_msgs/include/grab2_msgs/grab2_msgs/msg/rosidl_typesupport_fastrtps_c__visibility_control.h
[20.033s] -- Installing: /home/zaynap/grab/grab2/install/grab2_msgs/lib/libgrab2_msgs__rosidl_typesupport_fastrtps_c.so
[20.033s] -- Set runtime path of "/home/zaynap/grab/grab2/install/grab2_msgs/lib/libgrab2_msgs__rosidl_typesupport_fastrtps_c.so" to ""
[20.033s] -- Up-to-date: /home/zaynap/grab/grab2/install/grab2_msgs/include/grab2_msgs/grab2_msgs
[20.033s] -- Up-to-date: /home/zaynap/grab/grab2/install/grab2_msgs/include/grab2_msgs/grab2_msgs/action
[20.034s] -- Installing: /home/zaynap/grab/grab2/install/grab2_msgs/include/grab2_msgs/grab2_msgs/action/get_isaac_grasp.hpp
[20.034s] -- Installing: /home/zaynap/grab/grab2/install/grab2_msgs/include/grab2_msgs/grab2_msgs/action/compute_plan_through_poses.hpp
[20.034s] -- Installing: /home/zaynap/grab/grab2/install/grab2_msgs/include/grab2_msgs/grab2_msgs/action/compute_plan_to_pose.hpp
[20.034s] -- Up-to-date: /home/zaynap/grab/grab2/install/grab2_msgs/include/grab2_msgs/grab2_msgs/action/detail
[20.034s] -- Installing: /home/zaynap/grab/grab2/install/grab2_msgs/include/grab2_msgs/grab2_msgs/action/detail/compute_plan_through_poses__traits.hpp
[20.034s] -- Installing: /home/zaynap/grab/grab2/install/grab2_msgs/include/grab2_msgs/grab2_msgs/action/detail/compute_plan_to_pose__struct.hpp
[20.034s] -- Installing: /home/zaynap/grab/grab2/install/grab2_msgs/include/grab2_msgs/grab2_msgs/action/detail/get_isaac_grasp__type_support.hpp
[20.034s] -- Installing: /home/zaynap/grab/grab2/install/grab2_msgs/include/grab2_msgs/grab2_msgs/action/detail/compute_plan_through_poses__builder.hpp
[20.034s] -- Installing: /home/zaynap/grab/grab2/install/grab2_msgs/include/grab2_msgs/grab2_msgs/action/detail/get_isaac_grasp__traits.hpp
[20.034s] -- Installing: /home/zaynap/grab/grab2/install/grab2_msgs/include/grab2_msgs/grab2_msgs/action/detail/compute_plan_through_poses__type_support.hpp
[20.035s] -- Installing: /home/zaynap/grab/grab2/install/grab2_msgs/include/grab2_msgs/grab2_msgs/action/detail/compute_plan_to_pose__builder.hpp
[20.035s] -- Installing: /home/zaynap/grab/grab2/install/grab2_msgs/include/grab2_msgs/grab2_msgs/action/detail/compute_plan_to_pose__traits.hpp
[20.035s] -- Installing: /home/zaynap/grab/grab2/install/grab2_msgs/include/grab2_msgs/grab2_msgs/action/detail/compute_plan_through_poses__struct.hpp
[20.035s] -- Installing: /home/zaynap/grab/grab2/install/grab2_msgs/include/grab2_msgs/grab2_msgs/action/detail/get_isaac_grasp__struct.hpp
[20.035s] -- Installing: /home/zaynap/grab/grab2/install/grab2_msgs/include/grab2_msgs/grab2_msgs/action/detail/get_isaac_grasp__builder.hpp
[20.035s] -- Installing: /home/zaynap/grab/grab2/install/grab2_msgs/include/grab2_msgs/grab2_msgs/action/detail/compute_plan_to_pose__type_support.hpp
[20.035s] -- Up-to-date: /home/zaynap/grab/grab2/install/grab2_msgs/include/grab2_msgs/grab2_msgs/msg
[20.035s] -- Installing: /home/zaynap/grab/grab2/install/grab2_msgs/include/grab2_msgs/grab2_msgs/msg/rosidl_generator_cpp__visibility_control.hpp
[20.035s] -- Up-to-date: /home/zaynap/grab/grab2/install/grab2_msgs/include/grab2_msgs/grab2_msgs
[20.036s] -- Up-to-date: /home/zaynap/grab/grab2/install/grab2_msgs/include/grab2_msgs/grab2_msgs/action
[20.036s] -- Up-to-date: /home/zaynap/grab/grab2/install/grab2_msgs/include/grab2_msgs/grab2_msgs/action/detail
[20.036s] -- Installing: /home/zaynap/grab/grab2/install/grab2_msgs/include/grab2_msgs/grab2_msgs/action/detail/compute_plan_through_poses__rosidl_typesupport_fastrtps_cpp.hpp
[20.036s] -- Installing: /home/zaynap/grab/grab2/install/grab2_msgs/include/grab2_msgs/grab2_msgs/action/detail/compute_plan_to_pose__rosidl_typesupport_fastrtps_cpp.hpp
[20.036s] -- Installing: /home/zaynap/grab/grab2/install/grab2_msgs/include/grab2_msgs/grab2_msgs/action/detail/dds_fastrtps
[20.036s] -- Installing: /home/zaynap/grab/grab2/install/grab2_msgs/include/grab2_msgs/grab2_msgs/action/detail/get_isaac_grasp__rosidl_typesupport_fastrtps_cpp.hpp
[20.036s] -- Up-to-date: /home/zaynap/grab/grab2/install/grab2_msgs/include/grab2_msgs/grab2_msgs/msg
[20.036s] -- Installing: /home/zaynap/grab/grab2/install/grab2_msgs/include/grab2_msgs/grab2_msgs/msg/rosidl_typesupport_fastrtps_cpp__visibility_control.h
[20.036s] -- Installing: /home/zaynap/grab/grab2/install/grab2_msgs/lib/libgrab2_msgs__rosidl_typesupport_fastrtps_cpp.so
[20.037s] -- Set runtime path of "/home/zaynap/grab/grab2/install/grab2_msgs/lib/libgrab2_msgs__rosidl_typesupport_fastrtps_cpp.so" to ""
[20.037s] -- Up-to-date: /home/zaynap/grab/grab2/install/grab2_msgs/include/grab2_msgs/grab2_msgs
[20.037s] -- Up-to-date: /home/zaynap/grab/grab2/install/grab2_msgs/include/grab2_msgs/grab2_msgs/action
[20.037s] -- Up-to-date: /home/zaynap/grab/grab2/install/grab2_msgs/include/grab2_msgs/grab2_msgs/action/detail
[20.037s] -- Installing: /home/zaynap/grab/grab2/install/grab2_msgs/include/grab2_msgs/grab2_msgs/action/detail/get_isaac_grasp__rosidl_typesupport_introspection_c.h
[20.037s] -- Installing: /home/zaynap/grab/grab2/install/grab2_msgs/include/grab2_msgs/grab2_msgs/action/detail/compute_plan_through_poses__type_support.c
[20.037s] -- Installing: /home/zaynap/grab/grab2/install/grab2_msgs/include/grab2_msgs/grab2_msgs/action/detail/get_isaac_grasp__type_support.c
[20.038s] -- Installing: /home/zaynap/grab/grab2/install/grab2_msgs/include/grab2_msgs/grab2_msgs/action/detail/compute_plan_to_pose__rosidl_typesupport_introspection_c.h
[20.038s] -- Installing: /home/zaynap/grab/grab2/install/grab2_msgs/include/grab2_msgs/grab2_msgs/action/detail/compute_plan_through_poses__rosidl_typesupport_introspection_c.h
[20.038s] -- Installing: /home/zaynap/grab/grab2/install/grab2_msgs/include/grab2_msgs/grab2_msgs/action/detail/compute_plan_to_pose__type_support.c
[20.038s] -- Up-to-date: /home/zaynap/grab/grab2/install/grab2_msgs/include/grab2_msgs/grab2_msgs/msg
[20.038s] -- Installing: /home/zaynap/grab/grab2/install/grab2_msgs/include/grab2_msgs/grab2_msgs/msg/rosidl_typesupport_introspection_c__visibility_control.h
[20.038s] -- Installing: /home/zaynap/grab/grab2/install/grab2_msgs/lib/libgrab2_msgs__rosidl_typesupport_introspection_c.so
[20.039s] -- Set runtime path of "/home/zaynap/grab/grab2/install/grab2_msgs/lib/libgrab2_msgs__rosidl_typesupport_introspection_c.so" to ""
[20.039s] -- Installing: /home/zaynap/grab/grab2/install/grab2_msgs/lib/libgrab2_msgs__rosidl_typesupport_c.so
[20.039s] -- Set runtime path of "/home/zaynap/grab/grab2/install/grab2_msgs/lib/libgrab2_msgs__rosidl_typesupport_c.so" to ""
[20.039s] -- Up-to-date: /home/zaynap/grab/grab2/install/grab2_msgs/include/grab2_msgs/grab2_msgs
[20.039s] -- Up-to-date: /home/zaynap/grab/grab2/install/grab2_msgs/include/grab2_msgs/grab2_msgs/action
[20.039s] -- Up-to-date: /home/zaynap/grab/grab2/install/grab2_msgs/include/grab2_msgs/grab2_msgs/action/detail
[20.040s] -- Installing: /home/zaynap/grab/grab2/install/grab2_msgs/include/grab2_msgs/grab2_msgs/action/detail/get_isaac_grasp__type_support.cpp
[20.040s] -- Installing: /home/zaynap/grab/grab2/install/grab2_msgs/include/grab2_msgs/grab2_msgs/action/detail/compute_plan_to_pose__rosidl_typesupport_introspection_cpp.hpp
[20.040s] -- Installing: /home/zaynap/grab/grab2/install/grab2_msgs/include/grab2_msgs/grab2_msgs/action/detail/get_isaac_grasp__rosidl_typesupport_introspection_cpp.hpp
[20.040s] -- Installing: /home/zaynap/grab/grab2/install/grab2_msgs/include/grab2_msgs/grab2_msgs/action/detail/compute_plan_to_pose__type_support.cpp
[20.040s] -- Installing: /home/zaynap/grab/grab2/install/grab2_msgs/include/grab2_msgs/grab2_msgs/action/detail/compute_plan_through_poses__type_support.cpp
[20.040s] -- Installing: /home/zaynap/grab/grab2/install/grab2_msgs/include/grab2_msgs/grab2_msgs/action/detail/compute_plan_through_poses__rosidl_typesupport_introspection_cpp.hpp
[20.040s] -- Installing: /home/zaynap/grab/grab2/install/grab2_msgs/lib/libgrab2_msgs__rosidl_typesupport_introspection_cpp.so
[20.041s] -- Set runtime path of "/home/zaynap/grab/grab2/install/grab2_msgs/lib/libgrab2_msgs__rosidl_typesupport_introspection_cpp.so" to ""
[20.041s] -- Installing: /home/zaynap/grab/grab2/install/grab2_msgs/lib/libgrab2_msgs__rosidl_typesupport_cpp.so
[20.041s] -- Set runtime path of "/home/zaynap/grab/grab2/install/grab2_msgs/lib/libgrab2_msgs__rosidl_typesupport_cpp.so" to ""
[20.041s] -- Installing: /home/zaynap/grab/grab2/install/grab2_msgs/share/grab2_msgs/environment/pythonpath.sh
[20.041s] -- Installing: /home/zaynap/grab/grab2/install/grab2_msgs/share/grab2_msgs/environment/pythonpath.dsv
[20.042s] -- Installing: /home/zaynap/grab/grab2/install/grab2_msgs/local/lib/python3.10/dist-packages/grab2_msgs-0.0.0-py3.10.egg-info
[20.042s] -- Installing: /home/zaynap/grab/grab2/install/grab2_msgs/local/lib/python3.10/dist-packages/grab2_msgs-0.0.0-py3.10.egg-info/top_level.txt
[20.042s] -- Installing: /home/zaynap/grab/grab2/install/grab2_msgs/local/lib/python3.10/dist-packages/grab2_msgs-0.0.0-py3.10.egg-info/PKG-INFO
[20.042s] -- Installing: /home/zaynap/grab/grab2/install/grab2_msgs/local/lib/python3.10/dist-packages/grab2_msgs-0.0.0-py3.10.egg-info/SOURCES.txt
[20.042s] -- Installing: /home/zaynap/grab/grab2/install/grab2_msgs/local/lib/python3.10/dist-packages/grab2_msgs-0.0.0-py3.10.egg-info/dependency_links.txt
[20.042s] -- Installing: /home/zaynap/grab/grab2/install/grab2_msgs/local/lib/python3.10/dist-packages/grab2_msgs
[20.042s] -- Installing: /home/zaynap/grab/grab2/install/grab2_msgs/local/lib/python3.10/dist-packages/grab2_msgs/libgrab2_msgs__rosidl_generator_py.so
[20.042s] -- Installing: /home/zaynap/grab/grab2/install/grab2_msgs/local/lib/python3.10/dist-packages/grab2_msgs/__init__.py
[20.043s] -- Installing: /home/zaynap/grab/grab2/install/grab2_msgs/local/lib/python3.10/dist-packages/grab2_msgs/grab2_msgs_s__rosidl_typesupport_c.cpython-310-x86_64-linux-gnu.so
[20.043s] -- Installing: /home/zaynap/grab/grab2/install/grab2_msgs/local/lib/python3.10/dist-packages/grab2_msgs/_grab2_msgs_s.ep.rosidl_typesupport_fastrtps_c.c
[20.043s] -- Installing: /home/zaynap/grab/grab2/install/grab2_msgs/local/lib/python3.10/dist-packages/grab2_msgs/grab2_msgs_s__rosidl_typesupport_introspection_c.cpython-310-x86_64-linux-gnu.so
[20.043s] -- Installing: /home/zaynap/grab/grab2/install/grab2_msgs/local/lib/python3.10/dist-packages/grab2_msgs/_grab2_msgs_s.ep.rosidl_typesupport_c.c
[20.043s] -- Installing: /home/zaynap/grab/grab2/install/grab2_msgs/local/lib/python3.10/dist-packages/grab2_msgs/action
[20.043s] -- Installing: /home/zaynap/grab/grab2/install/grab2_msgs/local/lib/python3.10/dist-packages/grab2_msgs/action/_compute_plan_through_poses.py
[20.044s] -- Installing: /home/zaynap/grab/grab2/install/grab2_msgs/local/lib/python3.10/dist-packages/grab2_msgs/action/_compute_plan_to_pose_s.c
[20.044s] -- Installing: /home/zaynap/grab/grab2/install/grab2_msgs/local/lib/python3.10/dist-packages/grab2_msgs/action/__init__.py
[20.044s] -- Installing: /home/zaynap/grab/grab2/install/grab2_msgs/local/lib/python3.10/dist-packages/grab2_msgs/action/_compute_plan_to_pose.py
[20.044s] -- Installing: /home/zaynap/grab/grab2/install/grab2_msgs/local/lib/python3.10/dist-packages/grab2_msgs/action/_compute_plan_through_poses_s.c
[20.044s] -- Installing: /home/zaynap/grab/grab2/install/grab2_msgs/local/lib/python3.10/dist-packages/grab2_msgs/action/_get_isaac_grasp_s.c
[20.044s] -- Installing: /home/zaynap/grab/grab2/install/grab2_msgs/local/lib/python3.10/dist-packages/grab2_msgs/action/_get_isaac_grasp.py
[20.044s] -- Installing: /home/zaynap/grab/grab2/install/grab2_msgs/local/lib/python3.10/dist-packages/grab2_msgs/grab2_msgs_s__rosidl_typesupport_fastrtps_c.cpython-310-x86_64-linux-gnu.so
[20.044s] -- Installing: /home/zaynap/grab/grab2/install/grab2_msgs/local/lib/python3.10/dist-packages/grab2_msgs/_grab2_msgs_s.ep.rosidl_typesupport_introspection_c.c
[20.101s] Listing '/home/zaynap/grab/grab2/install/grab2_msgs/local/lib/python3.10/dist-packages/grab2_msgs'...
[20.101s] Compiling '/home/zaynap/grab/grab2/install/grab2_msgs/local/lib/python3.10/dist-packages/grab2_msgs/__init__.py'...
[20.101s] Listing '/home/zaynap/grab/grab2/install/grab2_msgs/local/lib/python3.10/dist-packages/grab2_msgs/action'...
[20.101s] Compiling '/home/zaynap/grab/grab2/install/grab2_msgs/local/lib/python3.10/dist-packages/grab2_msgs/action/__init__.py'...
[20.101s] Compiling '/home/zaynap/grab/grab2/install/grab2_msgs/local/lib/python3.10/dist-packages/grab2_msgs/action/_compute_plan_through_poses.py'...
[20.101s] Compiling '/home/zaynap/grab/grab2/install/grab2_msgs/local/lib/python3.10/dist-packages/grab2_msgs/action/_compute_plan_to_pose.py'...
[20.101s] Compiling '/home/zaynap/grab/grab2/install/grab2_msgs/local/lib/python3.10/dist-packages/grab2_msgs/action/_get_isaac_grasp.py'...
[20.106s] -- Installing: /home/zaynap/grab/grab2/install/grab2_msgs/local/lib/python3.10/dist-packages/grab2_msgs/grab2_msgs_s__rosidl_typesupport_fastrtps_c.cpython-310-x86_64-linux-gnu.so
[20.107s] -- Set runtime path of "/home/zaynap/grab/grab2/install/grab2_msgs/local/lib/python3.10/dist-packages/grab2_msgs/grab2_msgs_s__rosidl_typesupport_fastrtps_c.cpython-310-x86_64-linux-gnu.so" to ""
[20.107s] -- Installing: /home/zaynap/grab/grab2/install/grab2_msgs/local/lib/python3.10/dist-packages/grab2_msgs/grab2_msgs_s__rosidl_typesupport_introspection_c.cpython-310-x86_64-linux-gnu.so
[20.107s] -- Set runtime path of "/home/zaynap/grab/grab2/install/grab2_msgs/local/lib/python3.10/dist-packages/grab2_msgs/grab2_msgs_s__rosidl_typesupport_introspection_c.cpython-310-x86_64-linux-gnu.so" to ""
[20.108s] -- Installing: /home/zaynap/grab/grab2/install/grab2_msgs/local/lib/python3.10/dist-packages/grab2_msgs/grab2_msgs_s__rosidl_typesupport_c.cpython-310-x86_64-linux-gnu.so
[20.108s] -- Set runtime path of "/home/zaynap/grab/grab2/install/grab2_msgs/local/lib/python3.10/dist-packages/grab2_msgs/grab2_msgs_s__rosidl_typesupport_c.cpython-310-x86_64-linux-gnu.so" to ""
[20.108s] -- Installing: /home/zaynap/grab/grab2/install/grab2_msgs/lib/libgrab2_msgs__rosidl_generator_py.so
[20.109s] -- Set runtime path of "/home/zaynap/grab/grab2/install/grab2_msgs/lib/libgrab2_msgs__rosidl_generator_py.so" to ""
[20.109s] -- Installing: /home/zaynap/grab/grab2/install/grab2_msgs/share/grab2_msgs/action/ComputePlanToPose.idl
[20.109s] -- Installing: /home/zaynap/grab/grab2/install/grab2_msgs/share/grab2_msgs/action/ComputePlanThroughPoses.idl
[20.109s] -- Installing: /home/zaynap/grab/grab2/install/grab2_msgs/share/grab2_msgs/action/GetIsaacGrasp.idl
[20.110s] -- Installing: /home/zaynap/grab/grab2/install/grab2_msgs/share/grab2_msgs/action/ComputePlanToPose.action
[20.110s] -- Installing: /home/zaynap/grab/grab2/install/grab2_msgs/share/grab2_msgs/action/ComputePlanThroughPoses.action
[20.110s] -- Installing: /home/zaynap/grab/grab2/install/grab2_msgs/share/grab2_msgs/action/GetIsaacGrasp.action
[20.110s] -- Installing: /home/zaynap/grab/grab2/install/grab2_msgs/share/ament_index/resource_index/package_run_dependencies/grab2_msgs
[20.111s] -- Installing: /home/zaynap/grab/grab2/install/grab2_msgs/share/ament_index/resource_index/parent_prefix_path/grab2_msgs
[20.111s] -- Installing: /home/zaynap/grab/grab2/install/grab2_msgs/share/grab2_msgs/environment/ament_prefix_path.sh
[20.111s] -- Installing: /home/zaynap/grab/grab2/install/grab2_msgs/share/grab2_msgs/environment/ament_prefix_path.dsv
[20.111s] -- Installing: /home/zaynap/grab/grab2/install/grab2_msgs/share/grab2_msgs/environment/path.sh
[20.111s] -- Installing: /home/zaynap/grab/grab2/install/grab2_msgs/share/grab2_msgs/environment/path.dsv
[20.111s] -- Installing: /home/zaynap/grab/grab2/install/grab2_msgs/share/grab2_msgs/local_setup.bash
[20.111s] -- Installing: /home/zaynap/grab/grab2/install/grab2_msgs/share/grab2_msgs/local_setup.sh
[20.112s] -- Installing: /home/zaynap/grab/grab2/install/grab2_msgs/share/grab2_msgs/local_setup.zsh
[20.112s] -- Installing: /home/zaynap/grab/grab2/install/grab2_msgs/share/grab2_msgs/local_setup.dsv
[20.112s] -- Installing: /home/zaynap/grab/grab2/install/grab2_msgs/share/grab2_msgs/package.dsv
[20.112s] -- Installing: /home/zaynap/grab/grab2/install/grab2_msgs/share/ament_index/resource_index/packages/grab2_msgs
[20.112s] -- Installing: /home/zaynap/grab/grab2/install/grab2_msgs/share/grab2_msgs/cmake/export_grab2_msgs__rosidl_generator_cExport.cmake
[20.113s] -- Installing: /home/zaynap/grab/grab2/install/grab2_msgs/share/grab2_msgs/cmake/export_grab2_msgs__rosidl_generator_cExport-noconfig.cmake
[20.113s] -- Installing: /home/zaynap/grab/grab2/install/grab2_msgs/share/grab2_msgs/cmake/export_grab2_msgs__rosidl_typesupport_fastrtps_cExport.cmake
[20.113s] -- Installing: /home/zaynap/grab/grab2/install/grab2_msgs/share/grab2_msgs/cmake/export_grab2_msgs__rosidl_typesupport_fastrtps_cExport-noconfig.cmake
[20.113s] -- Installing: /home/zaynap/grab/grab2/install/grab2_msgs/share/grab2_msgs/cmake/export_grab2_msgs__rosidl_generator_cppExport.cmake
[20.113s] -- Installing: /home/zaynap/grab/grab2/install/grab2_msgs/share/grab2_msgs/cmake/export_grab2_msgs__rosidl_typesupport_fastrtps_cppExport.cmake
[20.114s] -- Installing: /home/zaynap/grab/grab2/install/grab2_msgs/share/grab2_msgs/cmake/export_grab2_msgs__rosidl_typesupport_fastrtps_cppExport-noconfig.cmake
[20.114s] -- Installing: /home/zaynap/grab/grab2/install/grab2_msgs/share/grab2_msgs/cmake/grab2_msgs__rosidl_typesupport_introspection_cExport.cmake
[20.114s] -- Installing: /home/zaynap/grab/grab2/install/grab2_msgs/share/grab2_msgs/cmake/grab2_msgs__rosidl_typesupport_introspection_cExport-noconfig.cmake
[20.114s] -- Installing: /home/zaynap/grab/grab2/install/grab2_msgs/share/grab2_msgs/cmake/grab2_msgs__rosidl_typesupport_cExport.cmake
[20.114s] -- Installing: /home/zaynap/grab/grab2/install/grab2_msgs/share/grab2_msgs/cmake/grab2_msgs__rosidl_typesupport_cExport-noconfig.cmake
[20.115s] -- Installing: /home/zaynap/grab/grab2/install/grab2_msgs/share/grab2_msgs/cmake/grab2_msgs__rosidl_typesupport_introspection_cppExport.cmake
[20.115s] -- Installing: /home/zaynap/grab/grab2/install/grab2_msgs/share/grab2_msgs/cmake/grab2_msgs__rosidl_typesupport_introspection_cppExport-noconfig.cmake
[20.115s] -- Installing: /home/zaynap/grab/grab2/install/grab2_msgs/share/grab2_msgs/cmake/grab2_msgs__rosidl_typesupport_cppExport.cmake
[20.115s] -- Installing: /home/zaynap/grab/grab2/install/grab2_msgs/share/grab2_msgs/cmake/grab2_msgs__rosidl_typesupport_cppExport-noconfig.cmake
[20.116s] -- Installing: /home/zaynap/grab/grab2/install/grab2_msgs/share/grab2_msgs/cmake/export_grab2_msgs__rosidl_generator_pyExport.cmake
[20.116s] -- Installing: /home/zaynap/grab/grab2/install/grab2_msgs/share/grab2_msgs/cmake/export_grab2_msgs__rosidl_generator_pyExport-noconfig.cmake
[20.116s] -- Installing: /home/zaynap/grab/grab2/install/grab2_msgs/share/grab2_msgs/cmake/rosidl_cmake-extras.cmake
[20.116s] -- Installing: /home/zaynap/grab/grab2/install/grab2_msgs/share/grab2_msgs/cmake/ament_cmake_export_dependencies-extras.cmake
[20.116s] -- Installing: /home/zaynap/grab/grab2/install/grab2_msgs/share/grab2_msgs/cmake/ament_cmake_export_include_directories-extras.cmake
[20.116s] -- Installing: /home/zaynap/grab/grab2/install/grab2_msgs/share/grab2_msgs/cmake/ament_cmake_export_libraries-extras.cmake
[20.117s] -- Installing: /home/zaynap/grab/grab2/install/grab2_msgs/share/grab2_msgs/cmake/ament_cmake_export_targets-extras.cmake
[20.117s] -- Installing: /home/zaynap/grab/grab2/install/grab2_msgs/share/grab2_msgs/cmake/rosidl_cmake_export_typesupport_targets-extras.cmake
[20.117s] -- Installing: /home/zaynap/grab/grab2/install/grab2_msgs/share/grab2_msgs/cmake/rosidl_cmake_export_typesupport_libraries-extras.cmake
[20.117s] -- Installing: /home/zaynap/grab/grab2/install/grab2_msgs/share/grab2_msgs/cmake/grab2_msgsConfig.cmake
[20.117s] -- Installing: /home/zaynap/grab/grab2/install/grab2_msgs/share/grab2_msgs/cmake/grab2_msgsConfig-version.cmake
[20.117s] -- Installing: /home/zaynap/grab/grab2/install/grab2_msgs/share/grab2_msgs/package.xml
[20.121s] Invoked command in '/home/zaynap/grab/grab2/build/grab2_msgs' returned '0': CMAKE_PREFIX_PATH=/opt/ros/humble /usr/bin/cmake --install /home/zaynap/grab/grab2/build/grab2_msgs
