[0.022s] Invoking command in '/home/zaynap/grab/grab2/build/btcpp_ros2_samples': CMAKE_PREFIX_PATH=/home/zaynap/grab/grab2/install/behaviortree_ros2:/home/zaynap/grab/grab2/install/btcpp_ros2_interfaces:/home/zaynap/grab/grab2/install/grab2_controller:/home/zaynap/grab/grab2/install/topic_based_ros2_control:/home/zaynap/grab/grab2/install/grab2_planner:/home/zaynap/grab/grab2/install/grab2_grasp_generator:/home/zaynap/grab/grab2/install/grab2_ros_common:/home/zaynap/grab/grab2/install/grab2_behavior_tree:/home/zaynap/grab/grab2/install/grab2_msgs:/home/zaynap/grab/grab2/install/btcpp_ros2_samples:/home/zaynap/grab/grab2/install/grab2_curobo_planner:/opt/ros/humble LD_LIBRARY_PATH=/home/zaynap/grab/grab2/install/btcpp_ros2_interfaces/lib:/home/zaynap/grab/grab2/install/topic_based_ros2_control/lib:/home/zaynap/grab/grab2/install/grab2_planner/lib:/home/zaynap/grab/grab2/install/grab2_grasp_generator/lib:/home/zaynap/grab/grab2/install/grab2_behavior_tree/lib:/home/zaynap/grab/grab2/install/grab2_msgs/lib:/home/zaynap/grab/grab2/install/behaviortree_ros2/lib:/usr/lib/x86_64-linux-gnu/gazebo-11/plugins:/opt/ros/humble/opt/rviz_ogre_vendor/lib:/opt/ros/humble/lib/x86_64-linux-gnu:/opt/ros/humble/lib /usr/bin/cmake --build /home/zaynap/grab/grab2/build/btcpp_ros2_samples -- -j8 -l8
[0.108s] [ 11%] Built target sample_bt_executor
[0.130s] [ 27%] Built target sleep_client
[0.139s] [ 38%] Built target sleep_server
[0.140s] [ 50%] Built target sleep_plugin
[0.142s] [ 61%] Built target bool_server
[0.149s] [ 77%] Built target bool_client
[0.175s] [ 88%] Built target subscriber_test
[0.204s] [100%] Built target sleep_client_dyn
[0.222s] Invoked command in '/home/zaynap/grab/grab2/build/btcpp_ros2_samples' returned '0': CMAKE_PREFIX_PATH=/home/zaynap/grab/grab2/install/behaviortree_ros2:/home/zaynap/grab/grab2/install/btcpp_ros2_interfaces:/home/zaynap/grab/grab2/install/grab2_controller:/home/zaynap/grab/grab2/install/topic_based_ros2_control:/home/zaynap/grab/grab2/install/grab2_planner:/home/zaynap/grab/grab2/install/grab2_grasp_generator:/home/zaynap/grab/grab2/install/grab2_ros_common:/home/zaynap/grab/grab2/install/grab2_behavior_tree:/home/zaynap/grab/grab2/install/grab2_msgs:/home/zaynap/grab/grab2/install/btcpp_ros2_samples:/home/zaynap/grab/grab2/install/grab2_curobo_planner:/opt/ros/humble LD_LIBRARY_PATH=/home/zaynap/grab/grab2/install/btcpp_ros2_interfaces/lib:/home/zaynap/grab/grab2/install/topic_based_ros2_control/lib:/home/zaynap/grab/grab2/install/grab2_planner/lib:/home/zaynap/grab/grab2/install/grab2_grasp_generator/lib:/home/zaynap/grab/grab2/install/grab2_behavior_tree/lib:/home/zaynap/grab/grab2/install/grab2_msgs/lib:/home/zaynap/grab/grab2/install/behaviortree_ros2/lib:/usr/lib/x86_64-linux-gnu/gazebo-11/plugins:/opt/ros/humble/opt/rviz_ogre_vendor/lib:/opt/ros/humble/lib/x86_64-linux-gnu:/opt/ros/humble/lib /usr/bin/cmake --build /home/zaynap/grab/grab2/build/btcpp_ros2_samples -- -j8 -l8
[0.225s] Invoking command in '/home/zaynap/grab/grab2/build/btcpp_ros2_samples': CMAKE_PREFIX_PATH=/home/zaynap/grab/grab2/install/behaviortree_ros2:/home/zaynap/grab/grab2/install/btcpp_ros2_interfaces:/home/zaynap/grab/grab2/install/grab2_controller:/home/zaynap/grab/grab2/install/topic_based_ros2_control:/home/zaynap/grab/grab2/install/grab2_planner:/home/zaynap/grab/grab2/install/grab2_grasp_generator:/home/zaynap/grab/grab2/install/grab2_ros_common:/home/zaynap/grab/grab2/install/grab2_behavior_tree:/home/zaynap/grab/grab2/install/grab2_msgs:/home/zaynap/grab/grab2/install/btcpp_ros2_samples:/home/zaynap/grab/grab2/install/grab2_curobo_planner:/opt/ros/humble LD_LIBRARY_PATH=/home/zaynap/grab/grab2/install/btcpp_ros2_interfaces/lib:/home/zaynap/grab/grab2/install/topic_based_ros2_control/lib:/home/zaynap/grab/grab2/install/grab2_planner/lib:/home/zaynap/grab/grab2/install/grab2_grasp_generator/lib:/home/zaynap/grab/grab2/install/grab2_behavior_tree/lib:/home/zaynap/grab/grab2/install/grab2_msgs/lib:/home/zaynap/grab/grab2/install/behaviortree_ros2/lib:/usr/lib/x86_64-linux-gnu/gazebo-11/plugins:/opt/ros/humble/opt/rviz_ogre_vendor/lib:/opt/ros/humble/lib/x86_64-linux-gnu:/opt/ros/humble/lib /usr/bin/cmake --install /home/zaynap/grab/grab2/build/btcpp_ros2_samples
[0.241s] -- Install configuration: ""
[0.241s] -- Up-to-date: /home/zaynap/grab/grab2/install/btcpp_ros2_samples/lib/btcpp_ros2_samples/sleep_client
[0.241s] -- Up-to-date: /home/zaynap/grab/grab2/install/btcpp_ros2_samples/lib/btcpp_ros2_samples/sleep_client_dyn
[0.241s] -- Up-to-date: /home/zaynap/grab/grab2/install/btcpp_ros2_samples/lib/btcpp_ros2_samples/sleep_server
[0.241s] -- Up-to-date: /home/zaynap/grab/grab2/install/btcpp_ros2_samples/lib/btcpp_ros2_samples/libsleep_plugin.so
[0.241s] -- Up-to-date: /home/zaynap/grab/grab2/install/btcpp_ros2_samples/lib/btcpp_ros2_samples/subscriber_test
[0.241s] -- Up-to-date: /home/zaynap/grab/grab2/install/btcpp_ros2_samples/lib/btcpp_ros2_samples/sample_bt_executor
[0.241s] -- Up-to-date: /home/zaynap/grab/grab2/install/btcpp_ros2_samples/lib/btcpp_ros2_samples/bool_client
[0.242s] -- Up-to-date: /home/zaynap/grab/grab2/install/btcpp_ros2_samples/lib/btcpp_ros2_samples/bool_server
[0.242s] -- Up-to-date: /home/zaynap/grab/grab2/install/btcpp_ros2_samples/share/btcpp_ros2_samples/bt_plugins/libsleep_plugin.so
[0.242s] -- Up-to-date: /home/zaynap/grab/grab2/install/btcpp_ros2_samples/share/btcpp_ros2_samples//behavior_trees
[0.242s] -- Up-to-date: /home/zaynap/grab/grab2/install/btcpp_ros2_samples/share/btcpp_ros2_samples//behavior_trees/sleep_action.xml
[0.242s] -- Up-to-date: /home/zaynap/grab/grab2/install/btcpp_ros2_samples/share/btcpp_ros2_samples//behavior_trees/cross_door.xml
[0.242s] -- Up-to-date: /home/zaynap/grab/grab2/install/btcpp_ros2_samples/share/btcpp_ros2_samples//behavior_trees/door_closed.xml
[0.242s] -- Up-to-date: /home/zaynap/grab/grab2/install/btcpp_ros2_samples/share/btcpp_ros2_samples//config
[0.242s] -- Up-to-date: /home/zaynap/grab/grab2/install/btcpp_ros2_samples/share/btcpp_ros2_samples//config/sample_bt_executor.yaml
[0.242s] -- Up-to-date: /home/zaynap/grab/grab2/install/btcpp_ros2_samples/share/btcpp_ros2_samples//launch
[0.243s] -- Up-to-date: /home/zaynap/grab/grab2/install/btcpp_ros2_samples/share/btcpp_ros2_samples//launch/sample_bt_executor.launch.xml
[0.243s] -- Up-to-date: /home/zaynap/grab/grab2/install/btcpp_ros2_samples/share/ament_index/resource_index/package_run_dependencies/btcpp_ros2_samples
[0.243s] -- Up-to-date: /home/zaynap/grab/grab2/install/btcpp_ros2_samples/share/ament_index/resource_index/parent_prefix_path/btcpp_ros2_samples
[0.243s] -- Up-to-date: /home/zaynap/grab/grab2/install/btcpp_ros2_samples/share/btcpp_ros2_samples/environment/ament_prefix_path.sh
[0.243s] -- Up-to-date: /home/zaynap/grab/grab2/install/btcpp_ros2_samples/share/btcpp_ros2_samples/environment/ament_prefix_path.dsv
[0.243s] -- Up-to-date: /home/zaynap/grab/grab2/install/btcpp_ros2_samples/share/btcpp_ros2_samples/environment/path.sh
[0.243s] -- Up-to-date: /home/zaynap/grab/grab2/install/btcpp_ros2_samples/share/btcpp_ros2_samples/environment/path.dsv
[0.243s] -- Up-to-date: /home/zaynap/grab/grab2/install/btcpp_ros2_samples/share/btcpp_ros2_samples/local_setup.bash
[0.243s] -- Up-to-date: /home/zaynap/grab/grab2/install/btcpp_ros2_samples/share/btcpp_ros2_samples/local_setup.sh
[0.243s] -- Up-to-date: /home/zaynap/grab/grab2/install/btcpp_ros2_samples/share/btcpp_ros2_samples/local_setup.zsh
[0.243s] -- Up-to-date: /home/zaynap/grab/grab2/install/btcpp_ros2_samples/share/btcpp_ros2_samples/local_setup.dsv
[0.244s] -- Installing: /home/zaynap/grab/grab2/install/btcpp_ros2_samples/share/btcpp_ros2_samples/package.dsv
[0.244s] -- Up-to-date: /home/zaynap/grab/grab2/install/btcpp_ros2_samples/share/ament_index/resource_index/packages/btcpp_ros2_samples
[0.244s] -- Up-to-date: /home/zaynap/grab/grab2/install/btcpp_ros2_samples/share/btcpp_ros2_samples/cmake/ament_cmake_export_dependencies-extras.cmake
[0.244s] -- Up-to-date: /home/zaynap/grab/grab2/install/btcpp_ros2_samples/share/btcpp_ros2_samples/cmake/btcpp_ros2_samplesConfig.cmake
[0.244s] -- Up-to-date: /home/zaynap/grab/grab2/install/btcpp_ros2_samples/share/btcpp_ros2_samples/cmake/btcpp_ros2_samplesConfig-version.cmake
[0.244s] -- Up-to-date: /home/zaynap/grab/grab2/install/btcpp_ros2_samples/share/btcpp_ros2_samples/package.xml
[0.284s] Invoked command in '/home/zaynap/grab/grab2/build/btcpp_ros2_samples' returned '0': CMAKE_PREFIX_PATH=/home/zaynap/grab/grab2/install/behaviortree_ros2:/home/zaynap/grab/grab2/install/btcpp_ros2_interfaces:/home/zaynap/grab/grab2/install/grab2_controller:/home/zaynap/grab/grab2/install/topic_based_ros2_control:/home/zaynap/grab/grab2/install/grab2_planner:/home/zaynap/grab/grab2/install/grab2_grasp_generator:/home/zaynap/grab/grab2/install/grab2_ros_common:/home/zaynap/grab/grab2/install/grab2_behavior_tree:/home/zaynap/grab/grab2/install/grab2_msgs:/home/zaynap/grab/grab2/install/btcpp_ros2_samples:/home/zaynap/grab/grab2/install/grab2_curobo_planner:/opt/ros/humble LD_LIBRARY_PATH=/home/zaynap/grab/grab2/install/btcpp_ros2_interfaces/lib:/home/zaynap/grab/grab2/install/topic_based_ros2_control/lib:/home/zaynap/grab/grab2/install/grab2_planner/lib:/home/zaynap/grab/grab2/install/grab2_grasp_generator/lib:/home/zaynap/grab/grab2/install/grab2_behavior_tree/lib:/home/zaynap/grab/grab2/install/grab2_msgs/lib:/home/zaynap/grab/grab2/install/behaviortree_ros2/lib:/usr/lib/x86_64-linux-gnu/gazebo-11/plugins:/opt/ros/humble/opt/rviz_ogre_vendor/lib:/opt/ros/humble/lib/x86_64-linux-gnu:/opt/ros/humble/lib /usr/bin/cmake --install /home/zaynap/grab/grab2/build/btcpp_ros2_samples
