[0.009s] Invoking command in '/home/zaynap/grab/grab2/build/btcpp_ros2_samples': AMENT_PREFIX_PATH=/home/zaynap/grab/grab2/install/behaviortree_ros2:/home/zaynap/grab/grab2/install/btcpp_ros2_interfaces:${AMENT_PREFIX_PATH} CMAKE_PREFIX_PATH=/home/zaynap/grab/grab2/install/behaviortree_ros2:/home/zaynap/grab/grab2/install/btcpp_ros2_interfaces:/opt/ros/humble LD_LIBRARY_PATH=/home/zaynap/grab/grab2/install/behaviortree_ros2/lib:/home/zaynap/grab/grab2/install/btcpp_ros2_interfaces/lib:${LD_LIBRARY_PATH} PYTHONPATH=/home/zaynap/grab/grab2/install/btcpp_ros2_interfaces/local/lib/python3.10/dist-packages:${PYTHONPATH} /usr/bin/cmake /home/zaynap/grab/grab2/BehaviorTree.ROS2/btcpp_ros2_samples -DCMAKE_INSTALL_PREFIX=/home/zaynap/grab/grab2/install/btcpp_ros2_samples
[0.064s] -- The C compiler identification is GNU 11.4.0
[0.126s] -- The CXX compiler identification is GNU 11.4.0
[0.136s] -- Detecting C compiler ABI info
[0.200s] -- Detecting C compiler ABI info - done
[0.213s] -- Check for working C compiler: /usr/bin/cc - skipped
[0.213s] -- Detecting C compile features
[0.214s] -- Detecting C compile features - done
[0.218s] -- Detecting CXX compiler ABI info
[0.291s] -- Detecting CXX compiler ABI info - done
[0.305s] -- Check for working CXX compiler: /usr/bin/c++ - skipped
[0.306s] -- Detecting CXX compile features
[0.306s] -- Detecting CXX compile features - done
[0.310s] -- Found ament_cmake: 1.3.12 (/opt/ros/humble/share/ament_cmake/cmake)
[0.704s] -- Found Python3: /usr/bin/python3 (found version "3.10.12") found components: Interpreter 
[0.811s] -- Found behaviortree_ros2: 0.2.0 (/home/zaynap/grab/grab2/install/behaviortree_ros2/share/behaviortree_ros2/cmake)
[0.862s] -- Found rosidl_generator_c: 3.1.7 (/opt/ros/humble/share/rosidl_generator_c/cmake)
[0.867s] -- Found rosidl_adapter: 3.1.7 (/opt/ros/humble/share/rosidl_adapter/cmake)
[0.875s] -- Found rosidl_generator_cpp: 3.1.7 (/opt/ros/humble/share/rosidl_generator_cpp/cmake)
[0.888s] -- Using all available rosidl_typesupport_c: rosidl_typesupport_fastrtps_c;rosidl_typesupport_introspection_c
[0.905s] -- Using all available rosidl_typesupport_cpp: rosidl_typesupport_fastrtps_cpp;rosidl_typesupport_introspection_cpp
[0.950s] -- Found rmw_implementation_cmake: 6.1.2 (/opt/ros/humble/share/rmw_implementation_cmake/cmake)
[0.953s] -- Found rmw_fastrtps_cpp: 6.2.8 (/opt/ros/humble/share/rmw_fastrtps_cpp/cmake)
[1.034s] -- Found OpenSSL: /usr/lib/x86_64-linux-gnu/libcrypto.so (found version "3.0.2")  
[1.063s] -- Found FastRTPS: /opt/ros/humble/include  
[1.108s] -- Using RMW implementation 'rmw_fastrtps_cpp' as default
[1.117s] -- Looking for pthread.h
[1.185s] -- Looking for pthread.h - found
[1.185s] -- Performing Test CMAKE_HAVE_LIBC_PTHREAD
[1.254s] -- Performing Test CMAKE_HAVE_LIBC_PTHREAD - Success
[1.255s] -- Found Threads: TRUE  
[1.408s] -- Found std_srvs: 4.9.0 (/opt/ros/humble/share/std_srvs/cmake)
[1.501s] -- Configuring done
[1.537s] -- Generating done
[1.553s] -- Build files have been written to: /home/zaynap/grab/grab2/build/btcpp_ros2_samples
[1.562s] Invoked command in '/home/zaynap/grab/grab2/build/btcpp_ros2_samples' returned '0': AMENT_PREFIX_PATH=/home/zaynap/grab/grab2/install/behaviortree_ros2:/home/zaynap/grab/grab2/install/btcpp_ros2_interfaces:${AMENT_PREFIX_PATH} CMAKE_PREFIX_PATH=/home/zaynap/grab/grab2/install/behaviortree_ros2:/home/zaynap/grab/grab2/install/btcpp_ros2_interfaces:/opt/ros/humble LD_LIBRARY_PATH=/home/zaynap/grab/grab2/install/behaviortree_ros2/lib:/home/zaynap/grab/grab2/install/btcpp_ros2_interfaces/lib:${LD_LIBRARY_PATH} PYTHONPATH=/home/zaynap/grab/grab2/install/btcpp_ros2_interfaces/local/lib/python3.10/dist-packages:${PYTHONPATH} /usr/bin/cmake /home/zaynap/grab/grab2/BehaviorTree.ROS2/btcpp_ros2_samples -DCMAKE_INSTALL_PREFIX=/home/zaynap/grab/grab2/install/btcpp_ros2_samples
[1.564s] Invoking command in '/home/zaynap/grab/grab2/build/btcpp_ros2_samples': AMENT_PREFIX_PATH=/home/zaynap/grab/grab2/install/behaviortree_ros2:/home/zaynap/grab/grab2/install/btcpp_ros2_interfaces:${AMENT_PREFIX_PATH} CMAKE_PREFIX_PATH=/home/zaynap/grab/grab2/install/behaviortree_ros2:/home/zaynap/grab/grab2/install/btcpp_ros2_interfaces:/opt/ros/humble LD_LIBRARY_PATH=/home/zaynap/grab/grab2/install/behaviortree_ros2/lib:/home/zaynap/grab/grab2/install/btcpp_ros2_interfaces/lib:${LD_LIBRARY_PATH} PYTHONPATH=/home/zaynap/grab/grab2/install/btcpp_ros2_interfaces/local/lib/python3.10/dist-packages:${PYTHONPATH} /usr/bin/cmake --build /home/zaynap/grab/grab2/build/btcpp_ros2_samples -- -j8 -l8
[1.618s] [ 16%] [32mBuilding CXX object CMakeFiles/sleep_client.dir/src/sleep_action.cpp.o[0m
[1.619s] [ 16%] [32mBuilding CXX object CMakeFiles/sleep_client.dir/src/sleep_client.cpp.o[0m
[1.619s] [ 16%] [32mBuilding CXX object CMakeFiles/sleep_plugin.dir/src/sleep_action.cpp.o[0m
[1.619s] [ 22%] [32mBuilding CXX object CMakeFiles/bool_server.dir/src/bool_server.cpp.o[0m
[1.619s] [ 27%] [32mBuilding CXX object CMakeFiles/sleep_server.dir/src/sleep_server.cpp.o[0m
[1.619s] [ 33%] [32mBuilding CXX object CMakeFiles/subscriber_test.dir/src/subscriber_test.cpp.o[0m
[1.623s] [ 38%] [32mBuilding CXX object CMakeFiles/sample_bt_executor.dir/src/sample_bt_executor.cpp.o[0m
[1.626s] [ 44%] [32mBuilding CXX object CMakeFiles/bool_client.dir/src/bool_client.cpp.o[0m
[9.885s] [ 50%] [32m[1mLinking CXX executable bool_server[0m
[10.597s] [ 50%] Built target bool_server
[10.611s] [ 55%] [32mBuilding CXX object CMakeFiles/bool_client.dir/src/set_bool_node.cpp.o[0m
[14.245s] [ 61%] [32m[1mLinking CXX executable sleep_server[0m
[15.108s] [ 61%] Built target sleep_server
[15.235s] [ 66%] [32m[1mLinking CXX shared library libsleep_plugin.so[0m
[15.502s] [ 66%] Built target sleep_plugin
[15.526s] [ 72%] [32mBuilding CXX object CMakeFiles/sleep_client_dyn.dir/src/sleep_client.cpp.o[0m
[15.750s] [ 77%] [32m[1mLinking CXX executable sleep_client[0m
[16.112s] [ 77%] Built target sleep_client
[18.866s] [ 83%] [32m[1mLinking CXX executable bool_client[0m
[19.165s] [ 83%] Built target bool_client
[20.707s] [ 88%] [32m[1mLinking CXX executable sample_bt_executor[0m
[21.167s] [ 94%] [32m[1mLinking CXX executable sleep_client_dyn[0m
[21.353s] [100%] [32m[1mLinking CXX executable subscriber_test[0m
[21.363s] [100%] Built target sample_bt_executor
[21.379s] [100%] Built target sleep_client_dyn
[21.821s] [100%] Built target subscriber_test
