[0.019s] Invoking command in '/home/zaynap/grab/grab2/build/grab2_behavior_tree': CMAKE_PREFIX_PATH=/home/zaynap/grab/grab2/install/behaviortree_ros2:/home/zaynap/grab/grab2/install/grab2_msgs:/home/zaynap/grab/grab2/install/btcpp_ros2_interfaces:/home/zaynap/grab/grab2/install/grab2_controller:/home/zaynap/grab/grab2/install/topic_based_ros2_control:/home/zaynap/grab/grab2/install/grab2_planner:/home/zaynap/grab/grab2/install/grab2_grasp_generator:/home/zaynap/grab/grab2/install/grab2_ros_common:/home/zaynap/grab/grab2/install/grab2_behavior_tree:/home/zaynap/grab/grab2/install/btcpp_ros2_samples:/home/zaynap/grab/grab2/install/grab2_curobo_planner:/opt/ros/humble LD_LIBRARY_PATH=/home/zaynap/grab/grab2/install/grab2_msgs/lib:/home/zaynap/grab/grab2/install/btcpp_ros2_interfaces/lib:/home/zaynap/grab/grab2/install/topic_based_ros2_control/lib:/home/zaynap/grab/grab2/install/grab2_planner/lib:/home/zaynap/grab/grab2/install/grab2_grasp_generator/lib:/home/zaynap/grab/grab2/install/grab2_behavior_tree/lib:/home/zaynap/grab/grab2/install/behaviortree_ros2/lib:/usr/lib/x86_64-linux-gnu/gazebo-11/plugins:/opt/ros/humble/opt/rviz_ogre_vendor/lib:/opt/ros/humble/lib/x86_64-linux-gnu:/opt/ros/humble/lib /usr/bin/cmake /home/zaynap/grab/grab2/grab2_behavior_tree -DCMAKE_INSTALL_PREFIX=/home/zaynap/grab/grab2/install/grab2_behavior_tree
[0.099s] -- The C compiler identification is GNU 11.4.0
[0.184s] -- The CXX compiler identification is GNU 11.4.0
[0.194s] -- Detecting C compiler ABI info
[0.278s] -- Detecting C compiler ABI info - done
[0.293s] -- Check for working C compiler: /usr/bin/cc - skipped
[0.293s] -- Detecting C compile features
[0.294s] -- Detecting C compile features - done
[0.299s] -- Detecting CXX compiler ABI info
[0.385s] -- Detecting CXX compiler ABI info - done
[0.399s] -- Check for working CXX compiler: /usr/bin/c++ - skipped
[0.399s] -- Detecting CXX compile features
[0.400s] -- Detecting CXX compile features - done
[0.404s] -- Found ament_cmake: 1.3.12 (/opt/ros/humble/share/ament_cmake/cmake)
[1.084s] -- Found Python3: /usr/bin/python3 (found version "3.10.12") found components: Interpreter 
[1.253s] -- Found rclcpp: 16.0.15 (/opt/ros/humble/share/rclcpp/cmake)
[1.326s] -- Found rosidl_generator_c: 3.1.7 (/opt/ros/humble/share/rosidl_generator_c/cmake)
[1.332s] -- Found rosidl_adapter: 3.1.7 (/opt/ros/humble/share/rosidl_adapter/cmake)
[1.342s] -- Found rosidl_generator_cpp: 3.1.7 (/opt/ros/humble/share/rosidl_generator_cpp/cmake)
[1.357s] -- Using all available rosidl_typesupport_c: rosidl_typesupport_fastrtps_c;rosidl_typesupport_introspection_c
[1.378s] -- Using all available rosidl_typesupport_cpp: rosidl_typesupport_fastrtps_cpp;rosidl_typesupport_introspection_cpp
[1.437s] -- Found rmw_implementation_cmake: 6.1.2 (/opt/ros/humble/share/rmw_implementation_cmake/cmake)
[1.440s] -- Found rmw_fastrtps_cpp: 6.2.8 (/opt/ros/humble/share/rmw_fastrtps_cpp/cmake)
[1.551s] -- Found OpenSSL: /usr/lib/x86_64-linux-gnu/libcrypto.so (found version "3.0.2")  
[1.603s] -- Found FastRTPS: /opt/ros/humble/include  
[1.672s] -- Using RMW implementation 'rmw_fastrtps_cpp' as default
[1.687s] -- Looking for pthread.h
[1.765s] -- Looking for pthread.h - found
[1.765s] -- Performing Test CMAKE_HAVE_LIBC_PTHREAD
[1.843s] -- Performing Test CMAKE_HAVE_LIBC_PTHREAD - Success
[1.844s] -- Found Threads: TRUE  
[1.907s] -- Found rclcpp_action: 16.0.15 (/opt/ros/humble/share/rclcpp_action/cmake)
[1.947s] -- Found rclcpp_components: 16.0.15 (/opt/ros/humble/share/rclcpp_components/cmake)
[1.980s] -- Found geometry_msgs: 4.9.0 (/opt/ros/humble/share/geometry_msgs/cmake)
[1.995s] -- Found tf2_geometry_msgs: 0.25.16 (/opt/ros/humble/share/tf2_geometry_msgs/cmake)
[2.025s] -- Found eigen3_cmake_module: 0.1.1 (/opt/ros/humble/share/eigen3_cmake_module/cmake)
[2.025s] -- Found Eigen3: TRUE (found version "3.4.0") 
[2.026s] -- Ensuring Eigen3 include directory is part of orocos-kdl CMake target
[2.102s] -- Found vision_msgs: 4.1.1 (/opt/ros/humble/share/vision_msgs/cmake)
[2.132s] -- Found vision_msgs_rviz_plugins: 4.1.1 (/opt/ros/humble/share/vision_msgs_rviz_plugins/cmake)
[2.188s] -- Setting assimp_DIR to: '/opt/ros/humble/share/rviz_assimp_vendor/cmake/../../../opt/rviz_assimp_vendor/lib/cmake/assimp-4.1'
[2.212s] -- Setting OGRE_DIR to: '/opt/ros/humble/share/rviz_ogre_vendor/cmake/../../../opt/rviz_ogre_vendor/lib/OGRE/cmake'
[2.214s] -- Found OGRE
[2.217s] --   static     : OFF
[2.219s] --   components : HLMS;MeshLodGenerator;Overlay;Paging;Property;RTShaderSystem;Terrain;Volume
[2.219s] --   plugins    : Plugin_BSPSceneManager;Plugin_OctreeSceneManager;Plugin_PCZSceneManager;Plugin_ParticleFX;RenderSystem_GL;RenderSystem_GL3Plus;Codec_STBI
[2.219s] --   media      : /opt/ros/humble/opt/rviz_ogre_vendor/share/OGRE/Media
[2.220s] -- OGRE_LIBRARIES: OgreHLMS;OgreMeshLodGenerator;OgreOverlay;OgrePaging;OgreProperty;OgreRTShaderSystem;OgreTerrain;OgreVolume;OgreMain
[2.220s] -- OGRE_LIBRARY_DIRS: /opt/ros/humble/opt/rviz_ogre_vendor/lib
[2.220s] -- OGRE_PLUGINS: Plugin_BSPSceneManager;Plugin_OctreeSceneManager;Plugin_PCZSceneManager;Plugin_ParticleFX;RenderSystem_GL;RenderSystem_GL3Plus;Codec_STBI
[2.220s] -- OGRE_PLUGIN_DIR: /opt/ros/humble/opt/rviz_ogre_vendor/lib/OGRE
[2.220s] -- rviz_ogre_vendor::OgreOverlay for IMPORTED_LOCATION_RELEASE: /opt/ros/humble/opt/rviz_ogre_vendor/lib/libOgreOverlay.so
[2.220s] -- rviz_ogre_vendor::OgreOverlay for IMPORTED_LOCATION_DEBUG: /opt/ros/humble/opt/rviz_ogre_vendor/lib/libOgreOverlay.so
[2.220s] -- rviz_ogre_vendor::OgreMain for IMPORTED_LOCATION_RELEASE: /opt/ros/humble/opt/rviz_ogre_vendor/lib/libOgreMain.so
[2.220s] -- rviz_ogre_vendor::OgreMain for IMPORTED_LOCATION_DEBUG: /opt/ros/humble/opt/rviz_ogre_vendor/lib/libOgreMain.so
[2.309s] -- Found ZLIB: /usr/lib/x86_64-linux-gnu/libz.so (found version "1.2.11") 
[2.322s] -- Found OpenGL: /usr/lib/x86_64-linux-gnu/libOpenGL.so   
[2.688s] -- Found X11: /usr/include   
[2.688s] -- Looking for XOpenDisplay in /usr/lib/x86_64-linux-gnu/libX11.so;/usr/lib/x86_64-linux-gnu/libXext.so
[2.919s] -- Looking for XOpenDisplay in /usr/lib/x86_64-linux-gnu/libX11.so;/usr/lib/x86_64-linux-gnu/libXext.so - found
[2.920s] -- Looking for gethostbyname
[3.083s] -- Looking for gethostbyname - found
[3.084s] -- Looking for connect
[3.277s] -- Looking for connect - found
[3.278s] -- Looking for remove
[3.439s] -- Looking for remove - found
[3.439s] -- Looking for shmat
[3.678s] -- Looking for shmat - found
[3.679s] -- Looking for IceConnectionNumber in ICE
[3.921s] -- Looking for IceConnectionNumber in ICE - found
[4.175s] -- library: /usr/lib/x86_64-linux-gnu/libcurl.so
[4.442s] -- Found control_msgs: 4.8.0 (/opt/ros/humble/share/control_msgs/cmake)
[4.613s] -- Found grab2_msgs: 0.0.0 (/home/zaynap/grab/grab2/install/grab2_msgs/share/grab2_msgs/cmake)
[4.877s] -- Found behaviortree_cpp: 4.7.1 (/opt/ros/humble/share/behaviortree_cpp/cmake)
[4.882s] -- Found behaviortree_ros2: 0.2.0 (/home/zaynap/grab/grab2/install/behaviortree_ros2/share/behaviortree_ros2/cmake)
[5.107s] -- Found ament_lint_auto: 0.12.14 (/opt/ros/humble/share/ament_lint_auto/cmake)
[5.318s] -- Added test 'cppcheck' to perform static code analysis on C / C++ code
[5.321s] -- Configured cppcheck include dirs: $<BUILD_INTERFACE:/home/zaynap/grab/grab2/grab2_behavior_tree/include>
[5.322s] -- Configured cppcheck exclude dirs and/or files: 
[5.324s] -- Added test 'cpplint' to check C / C++ code against the Google style
[5.325s] -- Configured cpplint exclude dirs and/or files: 
[5.328s] -- Added test 'flake8' to check Python code syntax and style conventions
[5.328s] -- Added test 'lint_cmake' to check CMake code style
[5.330s] -- Added test 'pep257' to check Python code against some of the docstring style conventions in PEP 257
[5.333s] -- Added test 'uncrustify' to check C / C++ code style
[5.333s] -- Configured uncrustify additional arguments: 
[5.337s] -- Added test 'xmllint' to check XML markup files
[5.338s] -- Configuring done
[5.477s] -- Generating done
[5.540s] -- Build files have been written to: /home/zaynap/grab/grab2/build/grab2_behavior_tree
[5.576s] Invoked command in '/home/zaynap/grab/grab2/build/grab2_behavior_tree' returned '0': CMAKE_PREFIX_PATH=/home/zaynap/grab/grab2/install/behaviortree_ros2:/home/zaynap/grab/grab2/install/grab2_msgs:/home/zaynap/grab/grab2/install/btcpp_ros2_interfaces:/home/zaynap/grab/grab2/install/grab2_controller:/home/zaynap/grab/grab2/install/topic_based_ros2_control:/home/zaynap/grab/grab2/install/grab2_planner:/home/zaynap/grab/grab2/install/grab2_grasp_generator:/home/zaynap/grab/grab2/install/grab2_ros_common:/home/zaynap/grab/grab2/install/grab2_behavior_tree:/home/zaynap/grab/grab2/install/btcpp_ros2_samples:/home/zaynap/grab/grab2/install/grab2_curobo_planner:/opt/ros/humble LD_LIBRARY_PATH=/home/zaynap/grab/grab2/install/grab2_msgs/lib:/home/zaynap/grab/grab2/install/btcpp_ros2_interfaces/lib:/home/zaynap/grab/grab2/install/topic_based_ros2_control/lib:/home/zaynap/grab/grab2/install/grab2_planner/lib:/home/zaynap/grab/grab2/install/grab2_grasp_generator/lib:/home/zaynap/grab/grab2/install/grab2_behavior_tree/lib:/home/zaynap/grab/grab2/install/behaviortree_ros2/lib:/usr/lib/x86_64-linux-gnu/gazebo-11/plugins:/opt/ros/humble/opt/rviz_ogre_vendor/lib:/opt/ros/humble/lib/x86_64-linux-gnu:/opt/ros/humble/lib /usr/bin/cmake /home/zaynap/grab/grab2/grab2_behavior_tree -DCMAKE_INSTALL_PREFIX=/home/zaynap/grab/grab2/install/grab2_behavior_tree
[5.580s] Invoking command in '/home/zaynap/grab/grab2/build/grab2_behavior_tree': CMAKE_PREFIX_PATH=/home/zaynap/grab/grab2/install/behaviortree_ros2:/home/zaynap/grab/grab2/install/grab2_msgs:/home/zaynap/grab/grab2/install/btcpp_ros2_interfaces:/home/zaynap/grab/grab2/install/grab2_controller:/home/zaynap/grab/grab2/install/topic_based_ros2_control:/home/zaynap/grab/grab2/install/grab2_planner:/home/zaynap/grab/grab2/install/grab2_grasp_generator:/home/zaynap/grab/grab2/install/grab2_ros_common:/home/zaynap/grab/grab2/install/grab2_behavior_tree:/home/zaynap/grab/grab2/install/btcpp_ros2_samples:/home/zaynap/grab/grab2/install/grab2_curobo_planner:/opt/ros/humble LD_LIBRARY_PATH=/home/zaynap/grab/grab2/install/grab2_msgs/lib:/home/zaynap/grab/grab2/install/btcpp_ros2_interfaces/lib:/home/zaynap/grab/grab2/install/topic_based_ros2_control/lib:/home/zaynap/grab/grab2/install/grab2_planner/lib:/home/zaynap/grab/grab2/install/grab2_grasp_generator/lib:/home/zaynap/grab/grab2/install/grab2_behavior_tree/lib:/home/zaynap/grab/grab2/install/behaviortree_ros2/lib:/usr/lib/x86_64-linux-gnu/gazebo-11/plugins:/opt/ros/humble/opt/rviz_ogre_vendor/lib:/opt/ros/humble/lib/x86_64-linux-gnu:/opt/ros/humble/lib /usr/bin/cmake --build /home/zaynap/grab/grab2/build/grab2_behavior_tree -- -j8 -l8
[5.745s] [  6%] [32mBuilding CXX object CMakeFiles/grab2_plan.dir/plugins/plan.cpp.o[0m
[5.745s] [ 12%] [32mBuilding CXX object CMakeFiles/grab2_get_trajectory_hardcoded.dir/plugins/get_trajectory_hardcoded.cpp.o[0m
[5.745s] [ 18%] [32mBuilding CXX object CMakeFiles/grab2_detect_object.dir/plugins/detect_object.cpp.o[0m
[5.751s] [ 25%] [32mBuilding CXX object CMakeFiles/grab2_get_grasp.dir/plugins/get_grasp.cpp.o[0m
[5.766s] [ 37%] [32mBuilding CXX object CMakeFiles/grab2_grip.dir/plugins/grip.cpp.o[0m
[5.766s] [ 37%] [32mBuilding CXX object CMakeFiles/grab2_get_grasp_hardcoded.dir/plugins/get_grasp_hardcoded.cpp.o[0m
[5.786s] [ 43%] [32mBuilding CXX object CMakeFiles/grab2_move.dir/plugins/move.cpp.o[0m
[5.790s] [ 50%] [32mBuilding CXX object CMakeFiles/grab2_engine.dir/src/main.cpp.o[0m
[19.397s] [ 56%] [32m[1mLinking CXX shared library libgrab2_get_trajectory_hardcoded.so[0m
[20.413s] [ 56%] Built target grab2_get_trajectory_hardcoded
[22.097s] [ 62%] [32m[1mLinking CXX shared library libgrab2_get_grasp_hardcoded.so[0m
[22.527s] [ 62%] Built target grab2_get_grasp_hardcoded
[26.778s] [ 68%] [32m[1mLinking CXX shared library libgrab2_get_grasp.so[0m
[27.677s] [ 68%] Built target grab2_get_grasp
[29.444s] [ 75%] [32m[1mLinking CXX shared library libgrab2_plan.so[0m
[30.399s] [ 75%] Built target grab2_plan
[30.582s] [ 81%] [32m[1mLinking CXX executable grab2_engine[0m
[31.097s] [ 87%] [32m[1mLinking CXX shared library libgrab2_grip.so[0m
[31.149s] [ 87%] Built target grab2_engine
[31.707s] [ 87%] Built target grab2_grip
[32.550s] [ 93%] [32m[1mLinking CXX shared library libgrab2_move.so[0m
[33.141s] [ 93%] Built target grab2_move
[40.145s] [100%] [32m[1mLinking CXX shared library libgrab2_detect_object.so[0m
[40.888s] [100%] Built target grab2_detect_object
[40.900s] Invoked command in '/home/zaynap/grab/grab2/build/grab2_behavior_tree' returned '0': CMAKE_PREFIX_PATH=/home/zaynap/grab/grab2/install/behaviortree_ros2:/home/zaynap/grab/grab2/install/grab2_msgs:/home/zaynap/grab/grab2/install/btcpp_ros2_interfaces:/home/zaynap/grab/grab2/install/grab2_controller:/home/zaynap/grab/grab2/install/topic_based_ros2_control:/home/zaynap/grab/grab2/install/grab2_planner:/home/zaynap/grab/grab2/install/grab2_grasp_generator:/home/zaynap/grab/grab2/install/grab2_ros_common:/home/zaynap/grab/grab2/install/grab2_behavior_tree:/home/zaynap/grab/grab2/install/btcpp_ros2_samples:/home/zaynap/grab/grab2/install/grab2_curobo_planner:/opt/ros/humble LD_LIBRARY_PATH=/home/zaynap/grab/grab2/install/grab2_msgs/lib:/home/zaynap/grab/grab2/install/btcpp_ros2_interfaces/lib:/home/zaynap/grab/grab2/install/topic_based_ros2_control/lib:/home/zaynap/grab/grab2/install/grab2_planner/lib:/home/zaynap/grab/grab2/install/grab2_grasp_generator/lib:/home/zaynap/grab/grab2/install/grab2_behavior_tree/lib:/home/zaynap/grab/grab2/install/behaviortree_ros2/lib:/usr/lib/x86_64-linux-gnu/gazebo-11/plugins:/opt/ros/humble/opt/rviz_ogre_vendor/lib:/opt/ros/humble/lib/x86_64-linux-gnu:/opt/ros/humble/lib /usr/bin/cmake --build /home/zaynap/grab/grab2/build/grab2_behavior_tree -- -j8 -l8
[40.901s] Invoking command in '/home/zaynap/grab/grab2/build/grab2_behavior_tree': CMAKE_PREFIX_PATH=/home/zaynap/grab/grab2/install/behaviortree_ros2:/home/zaynap/grab/grab2/install/grab2_msgs:/home/zaynap/grab/grab2/install/btcpp_ros2_interfaces:/home/zaynap/grab/grab2/install/grab2_controller:/home/zaynap/grab/grab2/install/topic_based_ros2_control:/home/zaynap/grab/grab2/install/grab2_planner:/home/zaynap/grab/grab2/install/grab2_grasp_generator:/home/zaynap/grab/grab2/install/grab2_ros_common:/home/zaynap/grab/grab2/install/grab2_behavior_tree:/home/zaynap/grab/grab2/install/btcpp_ros2_samples:/home/zaynap/grab/grab2/install/grab2_curobo_planner:/opt/ros/humble LD_LIBRARY_PATH=/home/zaynap/grab/grab2/install/grab2_msgs/lib:/home/zaynap/grab/grab2/install/btcpp_ros2_interfaces/lib:/home/zaynap/grab/grab2/install/topic_based_ros2_control/lib:/home/zaynap/grab/grab2/install/grab2_planner/lib:/home/zaynap/grab/grab2/install/grab2_grasp_generator/lib:/home/zaynap/grab/grab2/install/grab2_behavior_tree/lib:/home/zaynap/grab/grab2/install/behaviortree_ros2/lib:/usr/lib/x86_64-linux-gnu/gazebo-11/plugins:/opt/ros/humble/opt/rviz_ogre_vendor/lib:/opt/ros/humble/lib/x86_64-linux-gnu:/opt/ros/humble/lib /usr/bin/cmake --install /home/zaynap/grab/grab2/build/grab2_behavior_tree
[40.909s] -- Install configuration: ""
[40.909s] -- Installing: /home/zaynap/grab/grab2/install/grab2_behavior_tree/lib/libgrab2_get_trajectory_hardcoded.so
[40.910s] -- Set runtime path of "/home/zaynap/grab/grab2/install/grab2_behavior_tree/lib/libgrab2_get_trajectory_hardcoded.so" to ""
[40.910s] -- Installing: /home/zaynap/grab/grab2/install/grab2_behavior_tree/lib/libgrab2_get_grasp_hardcoded.so
[40.911s] -- Set runtime path of "/home/zaynap/grab/grab2/install/grab2_behavior_tree/lib/libgrab2_get_grasp_hardcoded.so" to ""
[40.911s] -- Installing: /home/zaynap/grab/grab2/install/grab2_behavior_tree/lib/libgrab2_detect_object.so
[40.916s] -- Set runtime path of "/home/zaynap/grab/grab2/install/grab2_behavior_tree/lib/libgrab2_detect_object.so" to ""
[40.916s] -- Installing: /home/zaynap/grab/grab2/install/grab2_behavior_tree/lib/libgrab2_get_grasp.so
[40.917s] -- Set runtime path of "/home/zaynap/grab/grab2/install/grab2_behavior_tree/lib/libgrab2_get_grasp.so" to ""
[40.917s] -- Installing: /home/zaynap/grab/grab2/install/grab2_behavior_tree/lib/libgrab2_plan.so
[40.919s] -- Set runtime path of "/home/zaynap/grab/grab2/install/grab2_behavior_tree/lib/libgrab2_plan.so" to ""
[40.919s] -- Installing: /home/zaynap/grab/grab2/install/grab2_behavior_tree/lib/libgrab2_move.so
[40.921s] -- Set runtime path of "/home/zaynap/grab/grab2/install/grab2_behavior_tree/lib/libgrab2_move.so" to ""
[40.921s] -- Installing: /home/zaynap/grab/grab2/install/grab2_behavior_tree/lib/libgrab2_grip.so
[40.922s] -- Set runtime path of "/home/zaynap/grab/grab2/install/grab2_behavior_tree/lib/libgrab2_grip.so" to ""
[40.923s] -- Installing: /home/zaynap/grab/grab2/install/grab2_behavior_tree/lib/grab2_behavior_tree/grab2_engine
[40.923s] -- Set runtime path of "/home/zaynap/grab/grab2/install/grab2_behavior_tree/lib/grab2_behavior_tree/grab2_engine" to ""
[40.923s] -- Installing: /home/zaynap/grab/grab2/install/grab2_behavior_tree/include
[40.923s] -- Installing: /home/zaynap/grab/grab2/install/grab2_behavior_tree/include/grab2_behavior_tree
[40.923s] -- Installing: /home/zaynap/grab/grab2/install/grab2_behavior_tree/include/grab2_behavior_tree/get_grasp_hardcoded.hpp
[40.923s] -- Installing: /home/zaynap/grab/grab2/install/grab2_behavior_tree/include/grab2_behavior_tree/detect_object.hpp
[40.923s] -- Installing: /home/zaynap/grab/grab2/install/grab2_behavior_tree/include/grab2_behavior_tree/move.hpp
[40.923s] -- Installing: /home/zaynap/grab/grab2/install/grab2_behavior_tree/include/grab2_behavior_tree/get_grasp.hpp
[40.924s] -- Installing: /home/zaynap/grab/grab2/install/grab2_behavior_tree/include/grab2_behavior_tree/utils.hpp
[40.924s] -- Installing: /home/zaynap/grab/grab2/install/grab2_behavior_tree/include/grab2_behavior_tree/get_trajectory_hardcoded.hpp
[40.924s] -- Installing: /home/zaynap/grab/grab2/install/grab2_behavior_tree/include/grab2_behavior_tree/plan.hpp
[40.924s] -- Installing: /home/zaynap/grab/grab2/install/grab2_behavior_tree/include/grab2_behavior_tree/grip.hpp
[40.924s] -- Installing: /home/zaynap/grab/grab2/install/grab2_behavior_tree/share/grab2_behavior_tree/behavior_trees
[40.924s] -- Installing: /home/zaynap/grab/grab2/install/grab2_behavior_tree/share/grab2_behavior_tree/behavior_trees/collect_toys.xml
[40.924s] -- Installing: /home/zaynap/grab/grab2/install/grab2_behavior_tree/share/grab2_behavior_tree/behavior_trees/collect_cubes.xml
[40.924s] -- Installing: /home/zaynap/grab/grab2/install/grab2_behavior_tree/share/grab2_behavior_tree/behavior_trees/stack_cubes.xml
[40.924s] -- Installing: /home/zaynap/grab/grab2/install/grab2_behavior_tree/share/grab2_behavior_tree/behavior_trees/bt_groot2.btproj
[40.924s] -- Installing: /home/zaynap/grab/grab2/install/grab2_behavior_tree/share/grab2_behavior_tree/behavior_trees/target_ik_demo.xml
[40.924s] -- Installing: /home/zaynap/grab/grab2/install/grab2_behavior_tree/share/grab2_behavior_tree/behavior_trees/lookaround_demo.xml
[40.924s] -- Installing: /home/zaynap/grab/grab2/install/grab2_behavior_tree/share/grab2_behavior_tree/launch
[40.924s] -- Installing: /home/zaynap/grab/grab2/install/grab2_behavior_tree/share/grab2_behavior_tree/launch/bt_demo.launch.py
[40.925s] -- Installing: /home/zaynap/grab/grab2/install/grab2_behavior_tree/share/grab2_behavior_tree/launch/grab2_engine.launch.py
[40.925s] -- Installing: /home/zaynap/grab/grab2/install/grab2_behavior_tree/share/ament_index/resource_index/package_run_dependencies/grab2_behavior_tree
[40.925s] -- Installing: /home/zaynap/grab/grab2/install/grab2_behavior_tree/share/ament_index/resource_index/parent_prefix_path/grab2_behavior_tree
[40.925s] -- Installing: /home/zaynap/grab/grab2/install/grab2_behavior_tree/share/grab2_behavior_tree/environment/ament_prefix_path.sh
[40.925s] -- Installing: /home/zaynap/grab/grab2/install/grab2_behavior_tree/share/grab2_behavior_tree/environment/ament_prefix_path.dsv
[40.925s] -- Installing: /home/zaynap/grab/grab2/install/grab2_behavior_tree/share/grab2_behavior_tree/environment/path.sh
[40.925s] -- Installing: /home/zaynap/grab/grab2/install/grab2_behavior_tree/share/grab2_behavior_tree/environment/path.dsv
[40.925s] -- Installing: /home/zaynap/grab/grab2/install/grab2_behavior_tree/share/grab2_behavior_tree/local_setup.bash
[40.926s] -- Installing: /home/zaynap/grab/grab2/install/grab2_behavior_tree/share/grab2_behavior_tree/local_setup.sh
[40.926s] -- Installing: /home/zaynap/grab/grab2/install/grab2_behavior_tree/share/grab2_behavior_tree/local_setup.zsh
[40.926s] -- Installing: /home/zaynap/grab/grab2/install/grab2_behavior_tree/share/grab2_behavior_tree/local_setup.dsv
[40.926s] -- Installing: /home/zaynap/grab/grab2/install/grab2_behavior_tree/share/grab2_behavior_tree/package.dsv
[40.926s] -- Installing: /home/zaynap/grab/grab2/install/grab2_behavior_tree/share/ament_index/resource_index/packages/grab2_behavior_tree
[40.926s] -- Installing: /home/zaynap/grab/grab2/install/grab2_behavior_tree/share/grab2_behavior_tree/cmake/grab2_behavior_treeConfig.cmake
[40.926s] -- Installing: /home/zaynap/grab/grab2/install/grab2_behavior_tree/share/grab2_behavior_tree/cmake/grab2_behavior_treeConfig-version.cmake
[40.926s] -- Installing: /home/zaynap/grab/grab2/install/grab2_behavior_tree/share/grab2_behavior_tree/package.xml
[40.928s] Invoked command in '/home/zaynap/grab/grab2/build/grab2_behavior_tree' returned '0': CMAKE_PREFIX_PATH=/home/zaynap/grab/grab2/install/behaviortree_ros2:/home/zaynap/grab/grab2/install/grab2_msgs:/home/zaynap/grab/grab2/install/btcpp_ros2_interfaces:/home/zaynap/grab/grab2/install/grab2_controller:/home/zaynap/grab/grab2/install/topic_based_ros2_control:/home/zaynap/grab/grab2/install/grab2_planner:/home/zaynap/grab/grab2/install/grab2_grasp_generator:/home/zaynap/grab/grab2/install/grab2_ros_common:/home/zaynap/grab/grab2/install/grab2_behavior_tree:/home/zaynap/grab/grab2/install/btcpp_ros2_samples:/home/zaynap/grab/grab2/install/grab2_curobo_planner:/opt/ros/humble LD_LIBRARY_PATH=/home/zaynap/grab/grab2/install/grab2_msgs/lib:/home/zaynap/grab/grab2/install/btcpp_ros2_interfaces/lib:/home/zaynap/grab/grab2/install/topic_based_ros2_control/lib:/home/zaynap/grab/grab2/install/grab2_planner/lib:/home/zaynap/grab/grab2/install/grab2_grasp_generator/lib:/home/zaynap/grab/grab2/install/grab2_behavior_tree/lib:/home/zaynap/grab/grab2/install/behaviortree_ros2/lib:/usr/lib/x86_64-linux-gnu/gazebo-11/plugins:/opt/ros/humble/opt/rviz_ogre_vendor/lib:/opt/ros/humble/lib/x86_64-linux-gnu:/opt/ros/humble/lib /usr/bin/cmake --install /home/zaynap/grab/grab2/build/grab2_behavior_tree
