[0.017s] Invoking command in '/home/zaynap/grab/grab2/build/grab2_msgs': CMAKE_PREFIX_PATH=${CMAKE_PREFIX_PATH}:/home/zaynap/grab/grab2/install/grab2_curobo_planner:/opt/ros/humble /usr/bin/cmake /home/zaynap/grab/grab2/grab2_msgs -DCMAKE_INSTALL_PREFIX=/home/zaynap/grab/grab2/install/grab2_msgs
[0.067s] -- The C compiler identification is GNU 11.4.0
[0.132s] -- The CXX compiler identification is GNU 11.4.0
[0.141s] -- Detecting C compiler ABI info
[0.203s] -- Detecting C compiler ABI info - done
[0.210s] -- Check for working C compiler: /usr/bin/cc - skipped
[0.210s] -- Detecting C compile features
[0.211s] -- Detecting C compile features - done
[0.214s] -- Detecting CXX compiler ABI info
[0.289s] -- Detecting CXX compiler ABI info - done
[0.297s] -- Check for working CXX compiler: /usr/bin/c++ - skipped
[0.298s] -- Detecting CXX compile features
[0.298s] -- Detecting CXX compile features - done
[0.300s] -- Found ament_cmake: 1.3.12 (/opt/ros/humble/share/ament_cmake/cmake)
[0.695s] -- Found Python3: /usr/bin/python3 (found version "3.10.12") found components: Interpreter 
[0.790s] -- Found builtin_interfaces: 1.2.2 (/opt/ros/humble/share/builtin_interfaces/cmake)
[0.824s] -- Found rosidl_generator_c: 3.1.7 (/opt/ros/humble/share/rosidl_generator_c/cmake)
[0.829s] -- Found rosidl_adapter: 3.1.7 (/opt/ros/humble/share/rosidl_adapter/cmake)
[0.838s] -- Found rosidl_generator_cpp: 3.1.7 (/opt/ros/humble/share/rosidl_generator_cpp/cmake)
[0.850s] -- Using all available rosidl_typesupport_c: rosidl_typesupport_fastrtps_c;rosidl_typesupport_introspection_c
[0.866s] -- Using all available rosidl_typesupport_cpp: rosidl_typesupport_fastrtps_cpp;rosidl_typesupport_introspection_cpp
[0.882s] -- Found action_msgs: 1.2.2 (/opt/ros/humble/share/action_msgs/cmake)
[0.906s] -- Found std_msgs: 4.9.0 (/opt/ros/humble/share/std_msgs/cmake)
[0.919s] -- Found control_msgs: 4.8.0 (/opt/ros/humble/share/control_msgs/cmake)
[1.001s] -- Found moveit_msgs: 2.2.1 (/opt/ros/humble/share/moveit_msgs/cmake)
[1.091s] -- Found rosidl_default_generators: 1.2.0 (/opt/ros/humble/share/rosidl_default_generators/cmake)
[1.607s] -- Found ament_cmake_ros: 0.10.0 (/opt/ros/humble/share/ament_cmake_ros/cmake)
[2.725s] -- Using all available rosidl_typesupport_c: rosidl_typesupport_fastrtps_c;rosidl_typesupport_introspection_c
[3.269s] -- Using all available rosidl_typesupport_cpp: rosidl_typesupport_fastrtps_cpp;rosidl_typesupport_introspection_cpp
[3.319s] -- Found PythonInterp: /usr/bin/python3 (found suitable version "3.10.12", minimum required is "3.6") 
[3.321s] -- Found python_cmake_module: 0.10.0 (/opt/ros/humble/share/python_cmake_module/cmake)
[3.370s] -- Found PythonLibs: /usr/lib/x86_64-linux-gnu/libpython3.10.so (found suitable version "3.10.12", minimum required is "3.5") 
[3.370s] -- Using PYTHON_EXECUTABLE: /usr/bin/python3
[3.370s] -- Using PYTHON_INCLUDE_DIRS: /usr/include/python3.10
[3.370s] -- Using PYTHON_LIBRARIES: /usr/lib/x86_64-linux-gnu/libpython3.10.so
[3.449s] -- Found PythonExtra: .so  
[3.868s] -- Configuring done
[4.042s] -- Generating done
[4.074s] -- Build files have been written to: /home/zaynap/grab/grab2/build/grab2_msgs
[4.099s] Invoked command in '/home/zaynap/grab/grab2/build/grab2_msgs' returned '0': CMAKE_PREFIX_PATH=${CMAKE_PREFIX_PATH}:/home/zaynap/grab/grab2/install/grab2_curobo_planner:/opt/ros/humble /usr/bin/cmake /home/zaynap/grab/grab2/grab2_msgs -DCMAKE_INSTALL_PREFIX=/home/zaynap/grab/grab2/install/grab2_msgs
[4.106s] Invoking command in '/home/zaynap/grab/grab2/build/grab2_msgs': CMAKE_PREFIX_PATH=${CMAKE_PREFIX_PATH}:/home/zaynap/grab/grab2/install/grab2_curobo_planner:/opt/ros/humble /usr/bin/cmake --build /home/zaynap/grab/grab2/build/grab2_msgs -- -j8 -l8
[4.220s] [  2%] [34m[1mGenerating C code for ROS interfaces[0m
[4.252s] [  4%] [34m[1mGenerating C++ code for ROS interfaces[0m
[4.272s] [  4%] Built target ament_cmake_python_copy_grab2_msgs
[4.878s] running egg_info
[4.943s] creating grab2_msgs.egg-info
[4.943s] writing grab2_msgs.egg-info/PKG-INFO
[4.944s] writing dependency_links to grab2_msgs.egg-info/dependency_links.txt
[4.944s] writing top-level names to grab2_msgs.egg-info/top_level.txt
[4.947s] writing manifest file 'grab2_msgs.egg-info/SOURCES.txt'
[5.128s] reading manifest file 'grab2_msgs.egg-info/SOURCES.txt'
[5.129s] writing manifest file 'grab2_msgs.egg-info/SOURCES.txt'
[5.239s] [  4%] Built target ament_cmake_python_build_grab2_msgs_egg
[6.481s] [  6%] [32mBuilding C object CMakeFiles/grab2_msgs__rosidl_generator_c.dir/rosidl_generator_c/grab2_msgs/action/detail/get_isaac_grasp__functions.c.o[0m
[6.481s] [  8%] [32mBuilding C object CMakeFiles/grab2_msgs__rosidl_generator_c.dir/rosidl_generator_c/grab2_msgs/action/detail/compute_plan_to_pose__functions.c.o[0m
[6.481s] [ 10%] [32mBuilding C object CMakeFiles/grab2_msgs__rosidl_generator_c.dir/rosidl_generator_c/grab2_msgs/action/detail/compute_plan_through_poses__functions.c.o[0m
[6.919s] [ 12%] [32m[1mLinking C shared library libgrab2_msgs__rosidl_generator_c.so[0m
[7.002s] [ 12%] Built target grab2_msgs__rosidl_generator_c
[7.019s] [ 14%] [34m[1mGenerating C type support for eProsima Fast-RTPS[0m
[7.019s] [ 19%] [34m[1mGenerating C type support dispatch for ROS interfaces[0m
[7.019s] [ 17%] [34m[1mGenerating C introspection for ROS interfaces[0m
[7.393s] [ 19%] Built target grab2_msgs__cpp
[7.411s] [ 21%] [34m[1mGenerating C++ introspection for ROS interfaces[0m
[7.414s] [ 23%] [34m[1mGenerating C++ type support for eProsima Fast-RTPS[0m
[7.421s] [ 25%] [34m[1mGenerating C++ type support dispatch for ROS interfaces[0m
[8.483s] [ 27%] [32mBuilding CXX object CMakeFiles/grab2_msgs__rosidl_typesupport_c.dir/rosidl_typesupport_c/grab2_msgs/action/compute_plan_to_pose__type_support.cpp.o[0m
[8.484s] [ 29%] [32mBuilding CXX object CMakeFiles/grab2_msgs__rosidl_typesupport_c.dir/rosidl_typesupport_c/grab2_msgs/action/get_isaac_grasp__type_support.cpp.o[0m
[8.485s] [ 31%] [32mBuilding CXX object CMakeFiles/grab2_msgs__rosidl_typesupport_c.dir/rosidl_typesupport_c/grab2_msgs/action/compute_plan_through_poses__type_support.cpp.o[0m
[8.640s] [ 34%] [32m[1mLinking CXX shared library libgrab2_msgs__rosidl_typesupport_c.so[0m
[8.738s] [ 34%] Built target grab2_msgs__rosidl_typesupport_c
[8.830s] [ 36%] [32mBuilding C object CMakeFiles/grab2_msgs__rosidl_typesupport_introspection_c.dir/rosidl_typesupport_introspection_c/grab2_msgs/action/detail/compute_plan_through_poses__type_support.c.o[0m
[8.837s] [ 38%] [32mBuilding C object CMakeFiles/grab2_msgs__rosidl_typesupport_introspection_c.dir/rosidl_typesupport_introspection_c/grab2_msgs/action/detail/get_isaac_grasp__type_support.c.o[0m
[8.844s] [ 40%] [32mBuilding C object CMakeFiles/grab2_msgs__rosidl_typesupport_introspection_c.dir/rosidl_typesupport_introspection_c/grab2_msgs/action/detail/compute_plan_to_pose__type_support.c.o[0m
[8.909s] [ 44%] [32mBuilding CXX object CMakeFiles/grab2_msgs__rosidl_typesupport_cpp.dir/rosidl_typesupport_cpp/grab2_msgs/action/compute_plan_through_poses__type_support.cpp.o[0m
[8.909s] [ 44%] [32mBuilding CXX object CMakeFiles/grab2_msgs__rosidl_typesupport_cpp.dir/rosidl_typesupport_cpp/grab2_msgs/action/compute_plan_to_pose__type_support.cpp.o[0m
[8.935s] [ 46%] [32mBuilding CXX object CMakeFiles/grab2_msgs__rosidl_typesupport_cpp.dir/rosidl_typesupport_cpp/grab2_msgs/action/get_isaac_grasp__type_support.cpp.o[0m
[8.955s] [ 48%] [32m[1mLinking C shared library libgrab2_msgs__rosidl_typesupport_introspection_c.so[0m
[8.960s] [ 53%] [32mBuilding CXX object CMakeFiles/grab2_msgs__rosidl_typesupport_introspection_cpp.dir/rosidl_typesupport_introspection_cpp/grab2_msgs/action/detail/compute_plan_through_poses__type_support.cpp.o[0m
[8.960s] [ 53%] [32mBuilding CXX object CMakeFiles/grab2_msgs__rosidl_typesupport_fastrtps_c.dir/rosidl_typesupport_fastrtps_c/grab2_msgs/action/detail/compute_plan_to_pose__type_support_c.cpp.o[0m
[8.973s] [ 55%] [32mBuilding CXX object CMakeFiles/grab2_msgs__rosidl_typesupport_introspection_cpp.dir/rosidl_typesupport_introspection_cpp/grab2_msgs/action/detail/compute_plan_to_pose__type_support.cpp.o[0m
[9.068s] [ 55%] Built target grab2_msgs__rosidl_typesupport_introspection_c
[9.093s] [ 57%] [32mBuilding CXX object CMakeFiles/grab2_msgs__rosidl_typesupport_introspection_cpp.dir/rosidl_typesupport_introspection_cpp/grab2_msgs/action/detail/get_isaac_grasp__type_support.cpp.o[0m
[9.397s] [ 59%] [32mBuilding CXX object CMakeFiles/grab2_msgs__rosidl_typesupport_fastrtps_cpp.dir/rosidl_typesupport_fastrtps_cpp/grab2_msgs/action/detail/dds_fastrtps/compute_plan_to_pose__type_support.cpp.o[0m
[9.848s] [ 61%] [32mBuilding CXX object CMakeFiles/grab2_msgs__rosidl_typesupport_fastrtps_cpp.dir/rosidl_typesupport_fastrtps_cpp/grab2_msgs/action/detail/dds_fastrtps/compute_plan_through_poses__type_support.cpp.o[0m
[9.876s] [ 63%] [32mBuilding CXX object CMakeFiles/grab2_msgs__rosidl_typesupport_fastrtps_c.dir/rosidl_typesupport_fastrtps_c/grab2_msgs/action/detail/compute_plan_through_poses__type_support_c.cpp.o[0m
[10.021s] [ 65%] [32mBuilding CXX object CMakeFiles/grab2_msgs__rosidl_typesupport_fastrtps_c.dir/rosidl_typesupport_fastrtps_c/grab2_msgs/action/detail/get_isaac_grasp__type_support_c.cpp.o[0m
[10.057s] [ 68%] [32m[1mLinking CXX shared library libgrab2_msgs__rosidl_typesupport_cpp.so[0m
[10.134s] [ 70%] [32mBuilding CXX object CMakeFiles/grab2_msgs__rosidl_typesupport_fastrtps_cpp.dir/rosidl_typesupport_fastrtps_cpp/grab2_msgs/action/detail/dds_fastrtps/get_isaac_grasp__type_support.cpp.o[0m
[10.162s] [ 70%] Built target grab2_msgs__rosidl_typesupport_cpp
[10.714s] [ 72%] [32m[1mLinking CXX shared library libgrab2_msgs__rosidl_typesupport_fastrtps_c.so[0m
[10.763s] [ 74%] [32m[1mLinking CXX shared library libgrab2_msgs__rosidl_typesupport_introspection_cpp.so[0m
[10.883s] [ 74%] Built target grab2_msgs__rosidl_typesupport_fastrtps_c
[10.925s] [ 74%] Built target grab2_msgs__rosidl_typesupport_introspection_cpp
[11.181s] [ 76%] [32m[1mLinking CXX shared library libgrab2_msgs__rosidl_typesupport_fastrtps_cpp.so[0m
[11.284s] [ 76%] Built target grab2_msgs__rosidl_typesupport_fastrtps_cpp
[11.302s] [ 76%] Built target grab2_msgs
[11.323s] [ 78%] [34m[1mGenerating Python code for ROS interfaces[0m
[13.660s] [ 78%] Built target grab2_msgs__py
[13.683s] [ 82%] [32mBuilding C object CMakeFiles/grab2_msgs__rosidl_generator_py.dir/rosidl_generator_py/grab2_msgs/action/_compute_plan_through_poses_s.c.o[0m
[13.683s] [ 82%] [32mBuilding C object CMakeFiles/grab2_msgs__rosidl_generator_py.dir/rosidl_generator_py/grab2_msgs/action/_compute_plan_to_pose_s.c.o[0m
[13.683s] [ 85%] [32mBuilding C object CMakeFiles/grab2_msgs__rosidl_generator_py.dir/rosidl_generator_py/grab2_msgs/action/_get_isaac_grasp_s.c.o[0m
[13.926s] [ 87%] [32m[1mLinking C shared library rosidl_generator_py/grab2_msgs/libgrab2_msgs__rosidl_generator_py.so[0m
[13.986s] [ 87%] Built target grab2_msgs__rosidl_generator_py
[14.012s] [ 89%] [32mBuilding C object CMakeFiles/grab2_msgs__rosidl_typesupport_fastrtps_c__pyext.dir/rosidl_generator_py/grab2_msgs/_grab2_msgs_s.ep.rosidl_typesupport_fastrtps_c.c.o[0m
[14.017s] [ 91%] [32mBuilding C object CMakeFiles/grab2_msgs__rosidl_typesupport_c__pyext.dir/rosidl_generator_py/grab2_msgs/_grab2_msgs_s.ep.rosidl_typesupport_c.c.o[0m
[14.017s] [ 93%] [32mBuilding C object CMakeFiles/grab2_msgs__rosidl_typesupport_introspection_c__pyext.dir/rosidl_generator_py/grab2_msgs/_grab2_msgs_s.ep.rosidl_typesupport_introspection_c.c.o[0m
[14.302s] [ 97%] [32m[1mLinking C shared library rosidl_generator_py/grab2_msgs/grab2_msgs_s__rosidl_typesupport_c.cpython-310-x86_64-linux-gnu.so[0m
[14.302s] [ 97%] [32m[1mLinking C shared library rosidl_generator_py/grab2_msgs/grab2_msgs_s__rosidl_typesupport_fastrtps_c.cpython-310-x86_64-linux-gnu.so[0m
[14.318s] [100%] [32m[1mLinking C shared library rosidl_generator_py/grab2_msgs/grab2_msgs_s__rosidl_typesupport_introspection_c.cpython-310-x86_64-linux-gnu.so[0m
[14.403s] [100%] Built target grab2_msgs__rosidl_typesupport_fastrtps_c__pyext
[14.403s] [100%] Built target grab2_msgs__rosidl_typesupport_c__pyext
[14.419s] [100%] Built target grab2_msgs__rosidl_typesupport_introspection_c__pyext
[14.433s] Invoked command in '/home/zaynap/grab/grab2/build/grab2_msgs' returned '0': CMAKE_PREFIX_PATH=${CMAKE_PREFIX_PATH}:/home/zaynap/grab/grab2/install/grab2_curobo_planner:/opt/ros/humble /usr/bin/cmake --build /home/zaynap/grab/grab2/build/grab2_msgs -- -j8 -l8
[14.436s] Invoking command in '/home/zaynap/grab/grab2/build/grab2_msgs': CMAKE_PREFIX_PATH=${CMAKE_PREFIX_PATH}:/home/zaynap/grab/grab2/install/grab2_curobo_planner:/opt/ros/humble /usr/bin/cmake --install /home/zaynap/grab/grab2/build/grab2_msgs
[14.444s] -- Install configuration: ""
[14.444s] -- Installing: /home/zaynap/grab/grab2/install/grab2_msgs/share/ament_index/resource_index/rosidl_interfaces/grab2_msgs
[14.444s] -- Installing: /home/zaynap/grab/grab2/install/grab2_msgs/include/grab2_msgs/grab2_msgs
[14.445s] -- Installing: /home/zaynap/grab/grab2/install/grab2_msgs/include/grab2_msgs/grab2_msgs/action
[14.445s] -- Installing: /home/zaynap/grab/grab2/install/grab2_msgs/include/grab2_msgs/grab2_msgs/action/compute_plan_through_poses.h
[14.445s] -- Installing: /home/zaynap/grab/grab2/install/grab2_msgs/include/grab2_msgs/grab2_msgs/action/compute_plan_to_pose.h
[14.445s] -- Installing: /home/zaynap/grab/grab2/install/grab2_msgs/include/grab2_msgs/grab2_msgs/action/detail
[14.445s] -- Installing: /home/zaynap/grab/grab2/install/grab2_msgs/include/grab2_msgs/grab2_msgs/action/detail/compute_plan_through_poses__functions.c
[14.445s] -- Installing: /home/zaynap/grab/grab2/install/grab2_msgs/include/grab2_msgs/grab2_msgs/action/detail/compute_plan_to_pose__struct.h
[14.446s] -- Installing: /home/zaynap/grab/grab2/install/grab2_msgs/include/grab2_msgs/grab2_msgs/action/detail/get_isaac_grasp__type_support.h
[14.446s] -- Installing: /home/zaynap/grab/grab2/install/grab2_msgs/include/grab2_msgs/grab2_msgs/action/detail/compute_plan_through_poses__type_support.h
[14.446s] -- Installing: /home/zaynap/grab/grab2/install/grab2_msgs/include/grab2_msgs/grab2_msgs/action/detail/compute_plan_through_poses__functions.h
[14.446s] -- Installing: /home/zaynap/grab/grab2/install/grab2_msgs/include/grab2_msgs/grab2_msgs/action/detail/get_isaac_grasp__functions.h
[14.446s] -- Installing: /home/zaynap/grab/grab2/install/grab2_msgs/include/grab2_msgs/grab2_msgs/action/detail/compute_plan_to_pose__functions.c
[14.446s] -- Installing: /home/zaynap/grab/grab2/install/grab2_msgs/include/grab2_msgs/grab2_msgs/action/detail/get_isaac_grasp__functions.c
[14.447s] -- Installing: /home/zaynap/grab/grab2/install/grab2_msgs/include/grab2_msgs/grab2_msgs/action/detail/get_isaac_grasp__struct.h
[14.447s] -- Installing: /home/zaynap/grab/grab2/install/grab2_msgs/include/grab2_msgs/grab2_msgs/action/detail/compute_plan_to_pose__type_support.h
[14.447s] -- Installing: /home/zaynap/grab/grab2/install/grab2_msgs/include/grab2_msgs/grab2_msgs/action/detail/compute_plan_through_poses__struct.h
[14.447s] -- Installing: /home/zaynap/grab/grab2/install/grab2_msgs/include/grab2_msgs/grab2_msgs/action/detail/compute_plan_to_pose__functions.h
[14.447s] -- Installing: /home/zaynap/grab/grab2/install/grab2_msgs/include/grab2_msgs/grab2_msgs/action/get_isaac_grasp.h
[14.447s] -- Installing: /home/zaynap/grab/grab2/install/grab2_msgs/include/grab2_msgs/grab2_msgs/msg
[14.448s] -- Installing: /home/zaynap/grab/grab2/install/grab2_msgs/include/grab2_msgs/grab2_msgs/msg/rosidl_generator_c__visibility_control.h
[14.448s] -- Installing: /home/zaynap/grab/grab2/install/grab2_msgs/share/grab2_msgs/environment/library_path.sh
[14.449s] -- Installing: /home/zaynap/grab/grab2/install/grab2_msgs/share/grab2_msgs/environment/library_path.dsv
[14.449s] -- Installing: /home/zaynap/grab/grab2/install/grab2_msgs/lib/libgrab2_msgs__rosidl_generator_c.so
[14.449s] -- Set runtime path of "/home/zaynap/grab/grab2/install/grab2_msgs/lib/libgrab2_msgs__rosidl_generator_c.so" to ""
[14.450s] -- Up-to-date: /home/zaynap/grab/grab2/install/grab2_msgs/include/grab2_msgs/grab2_msgs
[14.450s] -- Up-to-date: /home/zaynap/grab/grab2/install/grab2_msgs/include/grab2_msgs/grab2_msgs/action
[14.450s] -- Up-to-date: /home/zaynap/grab/grab2/install/grab2_msgs/include/grab2_msgs/grab2_msgs/action/detail
[14.450s] -- Installing: /home/zaynap/grab/grab2/install/grab2_msgs/include/grab2_msgs/grab2_msgs/action/detail/get_isaac_grasp__rosidl_typesupport_fastrtps_c.h
[14.450s] -- Installing: /home/zaynap/grab/grab2/install/grab2_msgs/include/grab2_msgs/grab2_msgs/action/detail/compute_plan_to_pose__rosidl_typesupport_fastrtps_c.h
[14.450s] -- Installing: /home/zaynap/grab/grab2/install/grab2_msgs/include/grab2_msgs/grab2_msgs/action/detail/compute_plan_through_poses__rosidl_typesupport_fastrtps_c.h
[14.450s] -- Up-to-date: /home/zaynap/grab/grab2/install/grab2_msgs/include/grab2_msgs/grab2_msgs/msg
[14.450s] -- Installing: /home/zaynap/grab/grab2/install/grab2_msgs/include/grab2_msgs/grab2_msgs/msg/rosidl_typesupport_fastrtps_c__visibility_control.h
[14.451s] -- Installing: /home/zaynap/grab/grab2/install/grab2_msgs/lib/libgrab2_msgs__rosidl_typesupport_fastrtps_c.so
[14.451s] -- Set runtime path of "/home/zaynap/grab/grab2/install/grab2_msgs/lib/libgrab2_msgs__rosidl_typesupport_fastrtps_c.so" to ""
[14.452s] -- Up-to-date: /home/zaynap/grab/grab2/install/grab2_msgs/include/grab2_msgs/grab2_msgs
[14.452s] -- Up-to-date: /home/zaynap/grab/grab2/install/grab2_msgs/include/grab2_msgs/grab2_msgs/action
[14.452s] -- Installing: /home/zaynap/grab/grab2/install/grab2_msgs/include/grab2_msgs/grab2_msgs/action/get_isaac_grasp.hpp
[14.452s] -- Installing: /home/zaynap/grab/grab2/install/grab2_msgs/include/grab2_msgs/grab2_msgs/action/compute_plan_through_poses.hpp
[14.452s] -- Installing: /home/zaynap/grab/grab2/install/grab2_msgs/include/grab2_msgs/grab2_msgs/action/compute_plan_to_pose.hpp
[14.452s] -- Up-to-date: /home/zaynap/grab/grab2/install/grab2_msgs/include/grab2_msgs/grab2_msgs/action/detail
[14.452s] -- Installing: /home/zaynap/grab/grab2/install/grab2_msgs/include/grab2_msgs/grab2_msgs/action/detail/compute_plan_through_poses__traits.hpp
[14.453s] -- Installing: /home/zaynap/grab/grab2/install/grab2_msgs/include/grab2_msgs/grab2_msgs/action/detail/compute_plan_to_pose__struct.hpp
[14.453s] -- Installing: /home/zaynap/grab/grab2/install/grab2_msgs/include/grab2_msgs/grab2_msgs/action/detail/get_isaac_grasp__type_support.hpp
[14.453s] -- Installing: /home/zaynap/grab/grab2/install/grab2_msgs/include/grab2_msgs/grab2_msgs/action/detail/compute_plan_through_poses__builder.hpp
[14.453s] -- Installing: /home/zaynap/grab/grab2/install/grab2_msgs/include/grab2_msgs/grab2_msgs/action/detail/get_isaac_grasp__traits.hpp
[14.453s] -- Installing: /home/zaynap/grab/grab2/install/grab2_msgs/include/grab2_msgs/grab2_msgs/action/detail/compute_plan_through_poses__type_support.hpp
[14.453s] -- Installing: /home/zaynap/grab/grab2/install/grab2_msgs/include/grab2_msgs/grab2_msgs/action/detail/compute_plan_to_pose__builder.hpp
[14.453s] -- Installing: /home/zaynap/grab/grab2/install/grab2_msgs/include/grab2_msgs/grab2_msgs/action/detail/compute_plan_to_pose__traits.hpp
[14.454s] -- Installing: /home/zaynap/grab/grab2/install/grab2_msgs/include/grab2_msgs/grab2_msgs/action/detail/compute_plan_through_poses__struct.hpp
[14.454s] -- Installing: /home/zaynap/grab/grab2/install/grab2_msgs/include/grab2_msgs/grab2_msgs/action/detail/get_isaac_grasp__struct.hpp
[14.454s] -- Installing: /home/zaynap/grab/grab2/install/grab2_msgs/include/grab2_msgs/grab2_msgs/action/detail/get_isaac_grasp__builder.hpp
[14.454s] -- Installing: /home/zaynap/grab/grab2/install/grab2_msgs/include/grab2_msgs/grab2_msgs/action/detail/compute_plan_to_pose__type_support.hpp
[14.454s] -- Up-to-date: /home/zaynap/grab/grab2/install/grab2_msgs/include/grab2_msgs/grab2_msgs/msg
[14.454s] -- Installing: /home/zaynap/grab/grab2/install/grab2_msgs/include/grab2_msgs/grab2_msgs/msg/rosidl_generator_cpp__visibility_control.hpp
[14.454s] -- Up-to-date: /home/zaynap/grab/grab2/install/grab2_msgs/include/grab2_msgs/grab2_msgs
[14.454s] -- Up-to-date: /home/zaynap/grab/grab2/install/grab2_msgs/include/grab2_msgs/grab2_msgs/action
[14.454s] -- Up-to-date: /home/zaynap/grab/grab2/install/grab2_msgs/include/grab2_msgs/grab2_msgs/action/detail
[14.455s] -- Installing: /home/zaynap/grab/grab2/install/grab2_msgs/include/grab2_msgs/grab2_msgs/action/detail/compute_plan_through_poses__rosidl_typesupport_fastrtps_cpp.hpp
[14.455s] -- Installing: /home/zaynap/grab/grab2/install/grab2_msgs/include/grab2_msgs/grab2_msgs/action/detail/compute_plan_to_pose__rosidl_typesupport_fastrtps_cpp.hpp
[14.455s] -- Installing: /home/zaynap/grab/grab2/install/grab2_msgs/include/grab2_msgs/grab2_msgs/action/detail/dds_fastrtps
[14.455s] -- Installing: /home/zaynap/grab/grab2/install/grab2_msgs/include/grab2_msgs/grab2_msgs/action/detail/get_isaac_grasp__rosidl_typesupport_fastrtps_cpp.hpp
[14.455s] -- Up-to-date: /home/zaynap/grab/grab2/install/grab2_msgs/include/grab2_msgs/grab2_msgs/msg
[14.455s] -- Installing: /home/zaynap/grab/grab2/install/grab2_msgs/include/grab2_msgs/grab2_msgs/msg/rosidl_typesupport_fastrtps_cpp__visibility_control.h
[14.455s] -- Installing: /home/zaynap/grab/grab2/install/grab2_msgs/lib/libgrab2_msgs__rosidl_typesupport_fastrtps_cpp.so
[14.455s] -- Set runtime path of "/home/zaynap/grab/grab2/install/grab2_msgs/lib/libgrab2_msgs__rosidl_typesupport_fastrtps_cpp.so" to ""
[14.456s] -- Up-to-date: /home/zaynap/grab/grab2/install/grab2_msgs/include/grab2_msgs/grab2_msgs
[14.456s] -- Up-to-date: /home/zaynap/grab/grab2/install/grab2_msgs/include/grab2_msgs/grab2_msgs/action
[14.456s] -- Up-to-date: /home/zaynap/grab/grab2/install/grab2_msgs/include/grab2_msgs/grab2_msgs/action/detail
[14.456s] -- Installing: /home/zaynap/grab/grab2/install/grab2_msgs/include/grab2_msgs/grab2_msgs/action/detail/get_isaac_grasp__rosidl_typesupport_introspection_c.h
[14.456s] -- Installing: /home/zaynap/grab/grab2/install/grab2_msgs/include/grab2_msgs/grab2_msgs/action/detail/compute_plan_through_poses__type_support.c
[14.456s] -- Installing: /home/zaynap/grab/grab2/install/grab2_msgs/include/grab2_msgs/grab2_msgs/action/detail/get_isaac_grasp__type_support.c
[14.456s] -- Installing: /home/zaynap/grab/grab2/install/grab2_msgs/include/grab2_msgs/grab2_msgs/action/detail/compute_plan_to_pose__rosidl_typesupport_introspection_c.h
[14.456s] -- Installing: /home/zaynap/grab/grab2/install/grab2_msgs/include/grab2_msgs/grab2_msgs/action/detail/compute_plan_through_poses__rosidl_typesupport_introspection_c.h
[14.456s] -- Installing: /home/zaynap/grab/grab2/install/grab2_msgs/include/grab2_msgs/grab2_msgs/action/detail/compute_plan_to_pose__type_support.c
[14.457s] -- Up-to-date: /home/zaynap/grab/grab2/install/grab2_msgs/include/grab2_msgs/grab2_msgs/msg
[14.457s] -- Installing: /home/zaynap/grab/grab2/install/grab2_msgs/include/grab2_msgs/grab2_msgs/msg/rosidl_typesupport_introspection_c__visibility_control.h
[14.457s] -- Installing: /home/zaynap/grab/grab2/install/grab2_msgs/lib/libgrab2_msgs__rosidl_typesupport_introspection_c.so
[14.457s] -- Set runtime path of "/home/zaynap/grab/grab2/install/grab2_msgs/lib/libgrab2_msgs__rosidl_typesupport_introspection_c.so" to ""
[14.457s] -- Installing: /home/zaynap/grab/grab2/install/grab2_msgs/lib/libgrab2_msgs__rosidl_typesupport_c.so
[14.457s] -- Set runtime path of "/home/zaynap/grab/grab2/install/grab2_msgs/lib/libgrab2_msgs__rosidl_typesupport_c.so" to ""
[14.457s] -- Up-to-date: /home/zaynap/grab/grab2/install/grab2_msgs/include/grab2_msgs/grab2_msgs
[14.457s] -- Up-to-date: /home/zaynap/grab/grab2/install/grab2_msgs/include/grab2_msgs/grab2_msgs/action
[14.458s] -- Up-to-date: /home/zaynap/grab/grab2/install/grab2_msgs/include/grab2_msgs/grab2_msgs/action/detail
[14.458s] -- Installing: /home/zaynap/grab/grab2/install/grab2_msgs/include/grab2_msgs/grab2_msgs/action/detail/get_isaac_grasp__type_support.cpp
[14.458s] -- Installing: /home/zaynap/grab/grab2/install/grab2_msgs/include/grab2_msgs/grab2_msgs/action/detail/compute_plan_to_pose__rosidl_typesupport_introspection_cpp.hpp
[14.458s] -- Installing: /home/zaynap/grab/grab2/install/grab2_msgs/include/grab2_msgs/grab2_msgs/action/detail/get_isaac_grasp__rosidl_typesupport_introspection_cpp.hpp
[14.458s] -- Installing: /home/zaynap/grab/grab2/install/grab2_msgs/include/grab2_msgs/grab2_msgs/action/detail/compute_plan_to_pose__type_support.cpp
[14.458s] -- Installing: /home/zaynap/grab/grab2/install/grab2_msgs/include/grab2_msgs/grab2_msgs/action/detail/compute_plan_through_poses__type_support.cpp
[14.458s] -- Installing: /home/zaynap/grab/grab2/install/grab2_msgs/include/grab2_msgs/grab2_msgs/action/detail/compute_plan_through_poses__rosidl_typesupport_introspection_cpp.hpp
[14.459s] -- Installing: /home/zaynap/grab/grab2/install/grab2_msgs/lib/libgrab2_msgs__rosidl_typesupport_introspection_cpp.so
[14.459s] -- Set runtime path of "/home/zaynap/grab/grab2/install/grab2_msgs/lib/libgrab2_msgs__rosidl_typesupport_introspection_cpp.so" to ""
[14.459s] -- Installing: /home/zaynap/grab/grab2/install/grab2_msgs/lib/libgrab2_msgs__rosidl_typesupport_cpp.so
[14.460s] -- Set runtime path of "/home/zaynap/grab/grab2/install/grab2_msgs/lib/libgrab2_msgs__rosidl_typesupport_cpp.so" to ""
[14.460s] -- Installing: /home/zaynap/grab/grab2/install/grab2_msgs/share/grab2_msgs/environment/pythonpath.sh
[14.460s] -- Installing: /home/zaynap/grab/grab2/install/grab2_msgs/share/grab2_msgs/environment/pythonpath.dsv
[14.461s] -- Installing: /home/zaynap/grab/grab2/install/grab2_msgs/local/lib/python3.10/dist-packages/grab2_msgs-0.0.0-py3.10.egg-info
[14.461s] -- Installing: /home/zaynap/grab/grab2/install/grab2_msgs/local/lib/python3.10/dist-packages/grab2_msgs-0.0.0-py3.10.egg-info/top_level.txt
[14.461s] -- Installing: /home/zaynap/grab/grab2/install/grab2_msgs/local/lib/python3.10/dist-packages/grab2_msgs-0.0.0-py3.10.egg-info/PKG-INFO
[14.462s] -- Installing: /home/zaynap/grab/grab2/install/grab2_msgs/local/lib/python3.10/dist-packages/grab2_msgs-0.0.0-py3.10.egg-info/SOURCES.txt
[14.462s] -- Installing: /home/zaynap/grab/grab2/install/grab2_msgs/local/lib/python3.10/dist-packages/grab2_msgs-0.0.0-py3.10.egg-info/dependency_links.txt
[14.462s] -- Installing: /home/zaynap/grab/grab2/install/grab2_msgs/local/lib/python3.10/dist-packages/grab2_msgs
[14.462s] -- Installing: /home/zaynap/grab/grab2/install/grab2_msgs/local/lib/python3.10/dist-packages/grab2_msgs/libgrab2_msgs__rosidl_generator_py.so
[14.462s] -- Installing: /home/zaynap/grab/grab2/install/grab2_msgs/local/lib/python3.10/dist-packages/grab2_msgs/__init__.py
[14.462s] -- Installing: /home/zaynap/grab/grab2/install/grab2_msgs/local/lib/python3.10/dist-packages/grab2_msgs/grab2_msgs_s__rosidl_typesupport_c.cpython-310-x86_64-linux-gnu.so
[14.462s] -- Installing: /home/zaynap/grab/grab2/install/grab2_msgs/local/lib/python3.10/dist-packages/grab2_msgs/_grab2_msgs_s.ep.rosidl_typesupport_fastrtps_c.c
[14.462s] -- Installing: /home/zaynap/grab/grab2/install/grab2_msgs/local/lib/python3.10/dist-packages/grab2_msgs/grab2_msgs_s__rosidl_typesupport_introspection_c.cpython-310-x86_64-linux-gnu.so
[14.463s] -- Installing: /home/zaynap/grab/grab2/install/grab2_msgs/local/lib/python3.10/dist-packages/grab2_msgs/_grab2_msgs_s.ep.rosidl_typesupport_c.c
[14.463s] -- Installing: /home/zaynap/grab/grab2/install/grab2_msgs/local/lib/python3.10/dist-packages/grab2_msgs/action
[14.463s] -- Installing: /home/zaynap/grab/grab2/install/grab2_msgs/local/lib/python3.10/dist-packages/grab2_msgs/action/_compute_plan_through_poses.py
[14.463s] -- Installing: /home/zaynap/grab/grab2/install/grab2_msgs/local/lib/python3.10/dist-packages/grab2_msgs/action/_compute_plan_to_pose_s.c
[14.463s] -- Installing: /home/zaynap/grab/grab2/install/grab2_msgs/local/lib/python3.10/dist-packages/grab2_msgs/action/__init__.py
[14.463s] -- Installing: /home/zaynap/grab/grab2/install/grab2_msgs/local/lib/python3.10/dist-packages/grab2_msgs/action/_compute_plan_to_pose.py
[14.463s] -- Installing: /home/zaynap/grab/grab2/install/grab2_msgs/local/lib/python3.10/dist-packages/grab2_msgs/action/_compute_plan_through_poses_s.c
[14.463s] -- Installing: /home/zaynap/grab/grab2/install/grab2_msgs/local/lib/python3.10/dist-packages/grab2_msgs/action/_get_isaac_grasp_s.c
[14.463s] -- Installing: /home/zaynap/grab/grab2/install/grab2_msgs/local/lib/python3.10/dist-packages/grab2_msgs/action/_get_isaac_grasp.py
[14.464s] -- Installing: /home/zaynap/grab/grab2/install/grab2_msgs/local/lib/python3.10/dist-packages/grab2_msgs/grab2_msgs_s__rosidl_typesupport_fastrtps_c.cpython-310-x86_64-linux-gnu.so
[14.464s] -- Installing: /home/zaynap/grab/grab2/install/grab2_msgs/local/lib/python3.10/dist-packages/grab2_msgs/_grab2_msgs_s.ep.rosidl_typesupport_introspection_c.c
[14.523s] Listing '/home/zaynap/grab/grab2/install/grab2_msgs/local/lib/python3.10/dist-packages/grab2_msgs'...
[14.523s] Compiling '/home/zaynap/grab/grab2/install/grab2_msgs/local/lib/python3.10/dist-packages/grab2_msgs/__init__.py'...
[14.523s] Listing '/home/zaynap/grab/grab2/install/grab2_msgs/local/lib/python3.10/dist-packages/grab2_msgs/action'...
[14.523s] Compiling '/home/zaynap/grab/grab2/install/grab2_msgs/local/lib/python3.10/dist-packages/grab2_msgs/action/__init__.py'...
[14.523s] Compiling '/home/zaynap/grab/grab2/install/grab2_msgs/local/lib/python3.10/dist-packages/grab2_msgs/action/_compute_plan_through_poses.py'...
[14.523s] Compiling '/home/zaynap/grab/grab2/install/grab2_msgs/local/lib/python3.10/dist-packages/grab2_msgs/action/_compute_plan_to_pose.py'...
[14.523s] Compiling '/home/zaynap/grab/grab2/install/grab2_msgs/local/lib/python3.10/dist-packages/grab2_msgs/action/_get_isaac_grasp.py'...
[14.529s] -- Installing: /home/zaynap/grab/grab2/install/grab2_msgs/local/lib/python3.10/dist-packages/grab2_msgs/grab2_msgs_s__rosidl_typesupport_fastrtps_c.cpython-310-x86_64-linux-gnu.so
[14.529s] -- Set runtime path of "/home/zaynap/grab/grab2/install/grab2_msgs/local/lib/python3.10/dist-packages/grab2_msgs/grab2_msgs_s__rosidl_typesupport_fastrtps_c.cpython-310-x86_64-linux-gnu.so" to ""
[14.529s] -- Installing: /home/zaynap/grab/grab2/install/grab2_msgs/local/lib/python3.10/dist-packages/grab2_msgs/grab2_msgs_s__rosidl_typesupport_introspection_c.cpython-310-x86_64-linux-gnu.so
[14.529s] -- Set runtime path of "/home/zaynap/grab/grab2/install/grab2_msgs/local/lib/python3.10/dist-packages/grab2_msgs/grab2_msgs_s__rosidl_typesupport_introspection_c.cpython-310-x86_64-linux-gnu.so" to ""
[14.529s] -- Installing: /home/zaynap/grab/grab2/install/grab2_msgs/local/lib/python3.10/dist-packages/grab2_msgs/grab2_msgs_s__rosidl_typesupport_c.cpython-310-x86_64-linux-gnu.so
[14.530s] -- Set runtime path of "/home/zaynap/grab/grab2/install/grab2_msgs/local/lib/python3.10/dist-packages/grab2_msgs/grab2_msgs_s__rosidl_typesupport_c.cpython-310-x86_64-linux-gnu.so" to ""
[14.530s] -- Installing: /home/zaynap/grab/grab2/install/grab2_msgs/lib/libgrab2_msgs__rosidl_generator_py.so
[14.530s] -- Set runtime path of "/home/zaynap/grab/grab2/install/grab2_msgs/lib/libgrab2_msgs__rosidl_generator_py.so" to ""
[14.531s] -- Installing: /home/zaynap/grab/grab2/install/grab2_msgs/share/grab2_msgs/action/ComputePlanToPose.idl
[14.531s] -- Installing: /home/zaynap/grab/grab2/install/grab2_msgs/share/grab2_msgs/action/ComputePlanThroughPoses.idl
[14.531s] -- Installing: /home/zaynap/grab/grab2/install/grab2_msgs/share/grab2_msgs/action/GetIsaacGrasp.idl
[14.531s] -- Installing: /home/zaynap/grab/grab2/install/grab2_msgs/share/grab2_msgs/action/ComputePlanToPose.action
[14.531s] -- Installing: /home/zaynap/grab/grab2/install/grab2_msgs/share/grab2_msgs/action/ComputePlanThroughPoses.action
[14.531s] -- Installing: /home/zaynap/grab/grab2/install/grab2_msgs/share/grab2_msgs/action/GetIsaacGrasp.action
[14.532s] -- Installing: /home/zaynap/grab/grab2/install/grab2_msgs/share/ament_index/resource_index/package_run_dependencies/grab2_msgs
[14.532s] -- Installing: /home/zaynap/grab/grab2/install/grab2_msgs/share/ament_index/resource_index/parent_prefix_path/grab2_msgs
[14.534s] -- Installing: /home/zaynap/grab/grab2/install/grab2_msgs/share/grab2_msgs/environment/ament_prefix_path.sh
[14.534s] -- Installing: /home/zaynap/grab/grab2/install/grab2_msgs/share/grab2_msgs/environment/ament_prefix_path.dsv
[14.534s] -- Installing: /home/zaynap/grab/grab2/install/grab2_msgs/share/grab2_msgs/environment/path.sh
[14.535s] -- Installing: /home/zaynap/grab/grab2/install/grab2_msgs/share/grab2_msgs/environment/path.dsv
[14.535s] -- Installing: /home/zaynap/grab/grab2/install/grab2_msgs/share/grab2_msgs/local_setup.bash
[14.535s] -- Installing: /home/zaynap/grab/grab2/install/grab2_msgs/share/grab2_msgs/local_setup.sh
[14.535s] -- Installing: /home/zaynap/grab/grab2/install/grab2_msgs/share/grab2_msgs/local_setup.zsh
[14.535s] -- Installing: /home/zaynap/grab/grab2/install/grab2_msgs/share/grab2_msgs/local_setup.dsv
[14.535s] -- Installing: /home/zaynap/grab/grab2/install/grab2_msgs/share/grab2_msgs/package.dsv
[14.535s] -- Installing: /home/zaynap/grab/grab2/install/grab2_msgs/share/ament_index/resource_index/packages/grab2_msgs
[14.535s] -- Installing: /home/zaynap/grab/grab2/install/grab2_msgs/share/grab2_msgs/cmake/export_grab2_msgs__rosidl_generator_cExport.cmake
[14.535s] -- Installing: /home/zaynap/grab/grab2/install/grab2_msgs/share/grab2_msgs/cmake/export_grab2_msgs__rosidl_generator_cExport-noconfig.cmake
[14.535s] -- Installing: /home/zaynap/grab/grab2/install/grab2_msgs/share/grab2_msgs/cmake/export_grab2_msgs__rosidl_typesupport_fastrtps_cExport.cmake
[14.536s] -- Installing: /home/zaynap/grab/grab2/install/grab2_msgs/share/grab2_msgs/cmake/export_grab2_msgs__rosidl_typesupport_fastrtps_cExport-noconfig.cmake
[14.536s] -- Installing: /home/zaynap/grab/grab2/install/grab2_msgs/share/grab2_msgs/cmake/export_grab2_msgs__rosidl_generator_cppExport.cmake
[14.536s] -- Installing: /home/zaynap/grab/grab2/install/grab2_msgs/share/grab2_msgs/cmake/export_grab2_msgs__rosidl_typesupport_fastrtps_cppExport.cmake
[14.536s] -- Installing: /home/zaynap/grab/grab2/install/grab2_msgs/share/grab2_msgs/cmake/export_grab2_msgs__rosidl_typesupport_fastrtps_cppExport-noconfig.cmake
[14.536s] -- Installing: /home/zaynap/grab/grab2/install/grab2_msgs/share/grab2_msgs/cmake/grab2_msgs__rosidl_typesupport_introspection_cExport.cmake
[14.536s] -- Installing: /home/zaynap/grab/grab2/install/grab2_msgs/share/grab2_msgs/cmake/grab2_msgs__rosidl_typesupport_introspection_cExport-noconfig.cmake
[14.536s] -- Installing: /home/zaynap/grab/grab2/install/grab2_msgs/share/grab2_msgs/cmake/grab2_msgs__rosidl_typesupport_cExport.cmake
[14.536s] -- Installing: /home/zaynap/grab/grab2/install/grab2_msgs/share/grab2_msgs/cmake/grab2_msgs__rosidl_typesupport_cExport-noconfig.cmake
[14.536s] -- Installing: /home/zaynap/grab/grab2/install/grab2_msgs/share/grab2_msgs/cmake/grab2_msgs__rosidl_typesupport_introspection_cppExport.cmake
[14.537s] -- Installing: /home/zaynap/grab/grab2/install/grab2_msgs/share/grab2_msgs/cmake/grab2_msgs__rosidl_typesupport_introspection_cppExport-noconfig.cmake
[14.537s] -- Installing: /home/zaynap/grab/grab2/install/grab2_msgs/share/grab2_msgs/cmake/grab2_msgs__rosidl_typesupport_cppExport.cmake
[14.537s] -- Installing: /home/zaynap/grab/grab2/install/grab2_msgs/share/grab2_msgs/cmake/grab2_msgs__rosidl_typesupport_cppExport-noconfig.cmake
[14.537s] -- Installing: /home/zaynap/grab/grab2/install/grab2_msgs/share/grab2_msgs/cmake/export_grab2_msgs__rosidl_generator_pyExport.cmake
[14.537s] -- Installing: /home/zaynap/grab/grab2/install/grab2_msgs/share/grab2_msgs/cmake/export_grab2_msgs__rosidl_generator_pyExport-noconfig.cmake
[14.537s] -- Installing: /home/zaynap/grab/grab2/install/grab2_msgs/share/grab2_msgs/cmake/rosidl_cmake-extras.cmake
[14.537s] -- Installing: /home/zaynap/grab/grab2/install/grab2_msgs/share/grab2_msgs/cmake/ament_cmake_export_dependencies-extras.cmake
[14.537s] -- Installing: /home/zaynap/grab/grab2/install/grab2_msgs/share/grab2_msgs/cmake/ament_cmake_export_include_directories-extras.cmake
[14.537s] -- Installing: /home/zaynap/grab/grab2/install/grab2_msgs/share/grab2_msgs/cmake/ament_cmake_export_libraries-extras.cmake
[14.538s] -- Installing: /home/zaynap/grab/grab2/install/grab2_msgs/share/grab2_msgs/cmake/ament_cmake_export_targets-extras.cmake
[14.538s] -- Installing: /home/zaynap/grab/grab2/install/grab2_msgs/share/grab2_msgs/cmake/rosidl_cmake_export_typesupport_targets-extras.cmake
[14.538s] -- Installing: /home/zaynap/grab/grab2/install/grab2_msgs/share/grab2_msgs/cmake/rosidl_cmake_export_typesupport_libraries-extras.cmake
[14.538s] -- Installing: /home/zaynap/grab/grab2/install/grab2_msgs/share/grab2_msgs/cmake/grab2_msgsConfig.cmake
[14.538s] -- Installing: /home/zaynap/grab/grab2/install/grab2_msgs/share/grab2_msgs/cmake/grab2_msgsConfig-version.cmake
[14.538s] -- Installing: /home/zaynap/grab/grab2/install/grab2_msgs/share/grab2_msgs/package.xml
[14.540s] Invoked command in '/home/zaynap/grab/grab2/build/grab2_msgs' returned '0': CMAKE_PREFIX_PATH=${CMAKE_PREFIX_PATH}:/home/zaynap/grab/grab2/install/grab2_curobo_planner:/opt/ros/humble /usr/bin/cmake --install /home/zaynap/grab/grab2/build/grab2_msgs
