[0.013s] Invoking command in '/home/zaynap/grab/grab2/build/grab2_grasp_generator': CMAKE_PREFIX_PATH=/home/zaynap/grab/grab2/install/grab2_ros_common:/home/zaynap/grab/grab2/install/grab2_msgs:/home/zaynap/grab/grab2/install/grab2_controller:/home/zaynap/grab/grab2/install/topic_based_ros2_control:/home/zaynap/grab/grab2/install/grab2_planner:/home/zaynap/grab/grab2/install/grab2_grasp_generator:/home/zaynap/grab/grab2/install/grab2_behavior_tree:/home/zaynap/grab/grab2/install/btcpp_ros2_samples:/home/zaynap/grab/grab2/install/behaviortree_ros2:/home/zaynap/grab/grab2/install/btcpp_ros2_interfaces:/home/zaynap/grab/grab2/install/grab2_curobo_planner:/opt/ros/humble LD_LIBRARY_PATH=/home/zaynap/grab/grab2/install/grab2_msgs/lib:/home/zaynap/grab/grab2/install/topic_based_ros2_control/lib:/home/zaynap/grab/grab2/install/grab2_planner/lib:/home/zaynap/grab/grab2/install/grab2_grasp_generator/lib:/home/zaynap/grab/grab2/install/grab2_behavior_tree/lib:/home/zaynap/grab/grab2/install/behaviortree_ros2/lib:/home/zaynap/grab/grab2/install/btcpp_ros2_interfaces/lib:/usr/lib/x86_64-linux-gnu/gazebo-11/plugins:/opt/ros/humble/opt/rviz_ogre_vendor/lib:/opt/ros/humble/lib/x86_64-linux-gnu:/opt/ros/humble/lib /usr/bin/cmake --build /home/zaynap/grab/grab2/build/grab2_grasp_generator -- -j8 -l8
[0.060s] [35m[1mConsolidate compiler generated dependencies of target grasp_generator_core[0m
[0.066s] [35m[1mConsolidate compiler generated dependencies of target gtest[0m
[0.067s] [35m[1mConsolidate compiler generated dependencies of target gtest_main[0m
[0.080s] [ 20%] Built target gtest
[0.081s] [ 40%] Built target gtest_main
[0.083s] [ 60%] Built target grasp_generator_core
[0.094s] [35m[1mConsolidate compiler generated dependencies of target test_grasp_generator[0m
[0.097s] [35m[1mConsolidate compiler generated dependencies of target grasp_generator[0m
[0.113s] [ 80%] Built target test_grasp_generator
[0.119s] [100%] Built target grasp_generator
[0.133s] Invoked command in '/home/zaynap/grab/grab2/build/grab2_grasp_generator' returned '0': CMAKE_PREFIX_PATH=/home/zaynap/grab/grab2/install/grab2_ros_common:/home/zaynap/grab/grab2/install/grab2_msgs:/home/zaynap/grab/grab2/install/grab2_controller:/home/zaynap/grab/grab2/install/topic_based_ros2_control:/home/zaynap/grab/grab2/install/grab2_planner:/home/zaynap/grab/grab2/install/grab2_grasp_generator:/home/zaynap/grab/grab2/install/grab2_behavior_tree:/home/zaynap/grab/grab2/install/btcpp_ros2_samples:/home/zaynap/grab/grab2/install/behaviortree_ros2:/home/zaynap/grab/grab2/install/btcpp_ros2_interfaces:/home/zaynap/grab/grab2/install/grab2_curobo_planner:/opt/ros/humble LD_LIBRARY_PATH=/home/zaynap/grab/grab2/install/grab2_msgs/lib:/home/zaynap/grab/grab2/install/topic_based_ros2_control/lib:/home/zaynap/grab/grab2/install/grab2_planner/lib:/home/zaynap/grab/grab2/install/grab2_grasp_generator/lib:/home/zaynap/grab/grab2/install/grab2_behavior_tree/lib:/home/zaynap/grab/grab2/install/behaviortree_ros2/lib:/home/zaynap/grab/grab2/install/btcpp_ros2_interfaces/lib:/usr/lib/x86_64-linux-gnu/gazebo-11/plugins:/opt/ros/humble/opt/rviz_ogre_vendor/lib:/opt/ros/humble/lib/x86_64-linux-gnu:/opt/ros/humble/lib /usr/bin/cmake --build /home/zaynap/grab/grab2/build/grab2_grasp_generator -- -j8 -l8
[0.134s] Invoking command in '/home/zaynap/grab/grab2/build/grab2_grasp_generator': CMAKE_PREFIX_PATH=/home/zaynap/grab/grab2/install/grab2_ros_common:/home/zaynap/grab/grab2/install/grab2_msgs:/home/zaynap/grab/grab2/install/grab2_controller:/home/zaynap/grab/grab2/install/topic_based_ros2_control:/home/zaynap/grab/grab2/install/grab2_planner:/home/zaynap/grab/grab2/install/grab2_grasp_generator:/home/zaynap/grab/grab2/install/grab2_behavior_tree:/home/zaynap/grab/grab2/install/btcpp_ros2_samples:/home/zaynap/grab/grab2/install/behaviortree_ros2:/home/zaynap/grab/grab2/install/btcpp_ros2_interfaces:/home/zaynap/grab/grab2/install/grab2_curobo_planner:/opt/ros/humble LD_LIBRARY_PATH=/home/zaynap/grab/grab2/install/grab2_msgs/lib:/home/zaynap/grab/grab2/install/topic_based_ros2_control/lib:/home/zaynap/grab/grab2/install/grab2_planner/lib:/home/zaynap/grab/grab2/install/grab2_grasp_generator/lib:/home/zaynap/grab/grab2/install/grab2_behavior_tree/lib:/home/zaynap/grab/grab2/install/behaviortree_ros2/lib:/home/zaynap/grab/grab2/install/btcpp_ros2_interfaces/lib:/usr/lib/x86_64-linux-gnu/gazebo-11/plugins:/opt/ros/humble/opt/rviz_ogre_vendor/lib:/opt/ros/humble/lib/x86_64-linux-gnu:/opt/ros/humble/lib /usr/bin/cmake --install /home/zaynap/grab/grab2/build/grab2_grasp_generator
[0.144s] -- Install configuration: ""
[0.145s] -- Execute custom install script
[0.145s] -- Up-to-date symlink: /home/zaynap/grab/grab2/install/grab2_grasp_generator/include/grab2_grasp_generator/grab2_grasp_generator/grasp_generator.hpp
[0.145s] -- Up-to-date symlink: /home/zaynap/grab/grab2/install/grab2_grasp_generator/include/grab2_grasp_generator/grab2_grasp_generator/visibility_control.h
[0.146s] -- Up-to-date symlink: /home/zaynap/grab/grab2/install/grab2_grasp_generator/lib/grab2_grasp_generator/grasp_generator
[0.146s] -- Up-to-date symlink: /home/zaynap/grab/grab2/install/grab2_grasp_generator/share/grab2_grasp_generator/config/isaac_grasp.yaml
[0.147s] -- Up-to-date symlink: /home/zaynap/grab/grab2/install/grab2_grasp_generator/share/grab2_grasp_generator/environment/library_path.sh
[0.147s] -- Up-to-date symlink: /home/zaynap/grab/grab2/install/grab2_grasp_generator/share/grab2_grasp_generator/environment/library_path.dsv
[0.147s] -- Up-to-date symlink: /home/zaynap/grab/grab2/install/grab2_grasp_generator/share/ament_index/resource_index/package_run_dependencies/grab2_grasp_generator
[0.147s] -- Up-to-date symlink: /home/zaynap/grab/grab2/install/grab2_grasp_generator/share/ament_index/resource_index/parent_prefix_path/grab2_grasp_generator
[0.147s] -- Up-to-date symlink: /home/zaynap/grab/grab2/install/grab2_grasp_generator/share/grab2_grasp_generator/environment/ament_prefix_path.sh
[0.148s] -- Up-to-date symlink: /home/zaynap/grab/grab2/install/grab2_grasp_generator/share/grab2_grasp_generator/environment/ament_prefix_path.dsv
[0.148s] -- Up-to-date symlink: /home/zaynap/grab/grab2/install/grab2_grasp_generator/share/grab2_grasp_generator/environment/path.sh
[0.148s] -- Up-to-date symlink: /home/zaynap/grab/grab2/install/grab2_grasp_generator/share/grab2_grasp_generator/environment/path.dsv
[0.148s] -- Up-to-date symlink: /home/zaynap/grab/grab2/install/grab2_grasp_generator/share/grab2_grasp_generator/local_setup.bash
[0.149s] -- Up-to-date symlink: /home/zaynap/grab/grab2/install/grab2_grasp_generator/share/grab2_grasp_generator/local_setup.sh
[0.149s] -- Up-to-date symlink: /home/zaynap/grab/grab2/install/grab2_grasp_generator/share/grab2_grasp_generator/local_setup.zsh
[0.149s] -- Up-to-date symlink: /home/zaynap/grab/grab2/install/grab2_grasp_generator/share/grab2_grasp_generator/local_setup.dsv
[0.149s] -- Symlinking: /home/zaynap/grab/grab2/install/grab2_grasp_generator/share/grab2_grasp_generator/package.dsv
[0.158s] -- Up-to-date symlink: /home/zaynap/grab/grab2/install/grab2_grasp_generator/share/ament_index/resource_index/packages/grab2_grasp_generator
[0.158s] -- Up-to-date symlink: /home/zaynap/grab/grab2/install/grab2_grasp_generator/share/grab2_grasp_generator/cmake/ament_cmake_export_include_directories-extras.cmake
[0.159s] -- Up-to-date symlink: /home/zaynap/grab/grab2/install/grab2_grasp_generator/share/grab2_grasp_generator/cmake/ament_cmake_export_libraries-extras.cmake
[0.159s] -- Up-to-date symlink: /home/zaynap/grab/grab2/install/grab2_grasp_generator/share/grab2_grasp_generator/cmake/ament_cmake_export_targets-extras.cmake
[0.159s] -- Up-to-date symlink: /home/zaynap/grab/grab2/install/grab2_grasp_generator/share/grab2_grasp_generator/cmake/grab2_grasp_generatorConfig.cmake
[0.159s] -- Up-to-date symlink: /home/zaynap/grab/grab2/install/grab2_grasp_generator/share/grab2_grasp_generator/cmake/grab2_grasp_generatorConfig-version.cmake
[0.159s] -- Up-to-date symlink: /home/zaynap/grab/grab2/install/grab2_grasp_generator/share/grab2_grasp_generator/package.xml
[0.159s] -- Up-to-date: /home/zaynap/grab/grab2/install/grab2_grasp_generator/lib/libgrasp_generator_core.so
[0.160s] -- Up-to-date: /home/zaynap/grab/grab2/install/grab2_grasp_generator/share/grab2_grasp_generator/cmake/export_grab2_grasp_generatorExport.cmake
[0.160s] -- Up-to-date: /home/zaynap/grab/grab2/install/grab2_grasp_generator/share/grab2_grasp_generator/cmake/export_grab2_grasp_generatorExport-noconfig.cmake
[0.165s] Invoked command in '/home/zaynap/grab/grab2/build/grab2_grasp_generator' returned '0': CMAKE_PREFIX_PATH=/home/zaynap/grab/grab2/install/grab2_ros_common:/home/zaynap/grab/grab2/install/grab2_msgs:/home/zaynap/grab/grab2/install/grab2_controller:/home/zaynap/grab/grab2/install/topic_based_ros2_control:/home/zaynap/grab/grab2/install/grab2_planner:/home/zaynap/grab/grab2/install/grab2_grasp_generator:/home/zaynap/grab/grab2/install/grab2_behavior_tree:/home/zaynap/grab/grab2/install/btcpp_ros2_samples:/home/zaynap/grab/grab2/install/behaviortree_ros2:/home/zaynap/grab/grab2/install/btcpp_ros2_interfaces:/home/zaynap/grab/grab2/install/grab2_curobo_planner:/opt/ros/humble LD_LIBRARY_PATH=/home/zaynap/grab/grab2/install/grab2_msgs/lib:/home/zaynap/grab/grab2/install/topic_based_ros2_control/lib:/home/zaynap/grab/grab2/install/grab2_planner/lib:/home/zaynap/grab/grab2/install/grab2_grasp_generator/lib:/home/zaynap/grab/grab2/install/grab2_behavior_tree/lib:/home/zaynap/grab/grab2/install/behaviortree_ros2/lib:/home/zaynap/grab/grab2/install/btcpp_ros2_interfaces/lib:/usr/lib/x86_64-linux-gnu/gazebo-11/plugins:/opt/ros/humble/opt/rviz_ogre_vendor/lib:/opt/ros/humble/lib/x86_64-linux-gnu:/opt/ros/humble/lib /usr/bin/cmake --install /home/zaynap/grab/grab2/build/grab2_grasp_generator
