[0.015s] Invoking command in '/home/zaynap/grab/grab2/build/grab2_msgs': CMAKE_PREFIX_PATH=/opt/ros/humble /usr/bin/cmake /home/zaynap/grab/grab2/grab2_msgs -DAMENT_CMAKE_SYMLINK_INSTALL=1 -DCMAKE_INSTALL_PREFIX=/home/zaynap/grab/grab2/install/grab2_msgs
[0.062s] -- The C compiler identification is GNU 11.4.0
[0.116s] -- The CXX compiler identification is GNU 11.4.0
[0.122s] -- Detecting C compiler ABI info
[0.180s] -- Detecting C compiler ABI info - done
[0.194s] -- Check for working C compiler: /usr/bin/cc - skipped
[0.194s] -- Detecting C compile features
[0.195s] -- Detecting C compile features - done
[0.199s] -- Detecting CXX compiler ABI info
[0.275s] -- Detecting CXX compiler ABI info - done
[0.283s] -- Check for working CXX compiler: /usr/bin/c++ - skipped
[0.283s] -- Detecting CXX compile features
[0.283s] -- Detecting CXX compile features - done
[0.286s] -- Found ament_cmake: 1.3.12 (/opt/ros/humble/share/ament_cmake/cmake)
[0.643s] -- Found Python3: /usr/bin/python3 (found version "3.10.12") found components: Interpreter 
[0.703s] -- Override CMake install command with custom implementation using symlinks instead of copying resources
[0.733s] -- Found builtin_interfaces: 1.2.2 (/opt/ros/humble/share/builtin_interfaces/cmake)
[0.765s] -- Found rosidl_generator_c: 3.1.7 (/opt/ros/humble/share/rosidl_generator_c/cmake)
[0.770s] -- Found rosidl_adapter: 3.1.7 (/opt/ros/humble/share/rosidl_adapter/cmake)
[0.778s] -- Found rosidl_generator_cpp: 3.1.7 (/opt/ros/humble/share/rosidl_generator_cpp/cmake)
[0.789s] -- Using all available rosidl_typesupport_c: rosidl_typesupport_fastrtps_c;rosidl_typesupport_introspection_c
[0.804s] -- Using all available rosidl_typesupport_cpp: rosidl_typesupport_fastrtps_cpp;rosidl_typesupport_introspection_cpp
[0.820s] -- Found action_msgs: 1.2.2 (/opt/ros/humble/share/action_msgs/cmake)
[0.846s] -- Found std_msgs: 4.9.0 (/opt/ros/humble/share/std_msgs/cmake)
[0.860s] -- Found control_msgs: 4.8.0 (/opt/ros/humble/share/control_msgs/cmake)
[0.941s] -- Found moveit_msgs: 2.2.1 (/opt/ros/humble/share/moveit_msgs/cmake)
[1.032s] -- Found rosidl_default_generators: 1.2.0 (/opt/ros/humble/share/rosidl_default_generators/cmake)
[1.484s] -- Found ament_cmake_ros: 0.10.0 (/opt/ros/humble/share/ament_cmake_ros/cmake)
[2.425s] -- Using all available rosidl_typesupport_c: rosidl_typesupport_fastrtps_c;rosidl_typesupport_introspection_c
[2.755s] -- Using all available rosidl_typesupport_cpp: rosidl_typesupport_fastrtps_cpp;rosidl_typesupport_introspection_cpp
[2.788s] -- Found PythonInterp: /usr/bin/python3 (found suitable version "3.10.12", minimum required is "3.6") 
[2.789s] -- Found python_cmake_module: 0.10.0 (/opt/ros/humble/share/python_cmake_module/cmake)
[2.835s] -- Found PythonLibs: /usr/lib/x86_64-linux-gnu/libpython3.10.so (found suitable version "3.10.12", minimum required is "3.5") 
[2.836s] -- Using PYTHON_EXECUTABLE: /usr/bin/python3
[2.836s] -- Using PYTHON_INCLUDE_DIRS: /usr/include/python3.10
[2.836s] -- Using PYTHON_LIBRARIES: /usr/lib/x86_64-linux-gnu/libpython3.10.so
[2.871s] -- Found PythonExtra: .so  
[3.117s] -- Configuring done
[3.283s] -- Generating done
[3.342s] -- Build files have been written to: /home/zaynap/grab/grab2/build/grab2_msgs
[3.375s] Invoked command in '/home/zaynap/grab/grab2/build/grab2_msgs' returned '0': CMAKE_PREFIX_PATH=/opt/ros/humble /usr/bin/cmake /home/zaynap/grab/grab2/grab2_msgs -DAMENT_CMAKE_SYMLINK_INSTALL=1 -DCMAKE_INSTALL_PREFIX=/home/zaynap/grab/grab2/install/grab2_msgs
[3.376s] Invoking command in '/home/zaynap/grab/grab2/build/grab2_msgs': CMAKE_PREFIX_PATH=/opt/ros/humble /usr/bin/cmake --build /home/zaynap/grab/grab2/build/grab2_msgs -- -j8 -l8
[3.484s] [  2%] [34m[1mGenerating C code for ROS interfaces[0m
[3.509s] [  4%] [34m[1mGenerating C++ code for ROS interfaces[0m
[3.528s] [  4%] Built target ament_cmake_python_symlink_grab2_msgs
[4.241s] running egg_info
[4.330s] creating grab2_msgs.egg-info
[4.333s] writing grab2_msgs.egg-info/PKG-INFO
[4.334s] writing dependency_links to grab2_msgs.egg-info/dependency_links.txt
[4.334s] writing top-level names to grab2_msgs.egg-info/top_level.txt
[4.335s] writing manifest file 'grab2_msgs.egg-info/SOURCES.txt'
[4.576s] reading manifest file 'grab2_msgs.egg-info/SOURCES.txt'
[4.577s] writing manifest file 'grab2_msgs.egg-info/SOURCES.txt'
[4.645s] [  4%] Built target ament_cmake_python_build_grab2_msgs_egg
[6.524s] [  8%] [32mBuilding C object CMakeFiles/grab2_msgs__rosidl_generator_c.dir/rosidl_generator_c/grab2_msgs/action/detail/compute_plan_to_pose__functions.c.o[0m
[6.525s] [  8%] [32mBuilding C object CMakeFiles/grab2_msgs__rosidl_generator_c.dir/rosidl_generator_c/grab2_msgs/action/detail/compute_plan_through_poses__functions.c.o[0m
[6.531s] [ 10%] [32mBuilding C object CMakeFiles/grab2_msgs__rosidl_generator_c.dir/rosidl_generator_c/grab2_msgs/action/detail/get_isaac_grasp__functions.c.o[0m
[6.658s] [ 10%] Built target grab2_msgs__cpp
[6.684s] [ 12%] [34m[1mGenerating C++ type support for eProsima Fast-RTPS[0m
[6.690s] [ 14%] [34m[1mGenerating C++ type support dispatch for ROS interfaces[0m
[6.693s] [ 17%] [34m[1mGenerating C++ introspection for ROS interfaces[0m
[6.793s] [ 19%] [32m[1mLinking C shared library libgrab2_msgs__rosidl_generator_c.so[0m
[6.870s] [ 19%] Built target grab2_msgs__rosidl_generator_c
[6.885s] [ 21%] [34m[1mGenerating C type support for eProsima Fast-RTPS[0m
[6.886s] [ 23%] [34m[1mGenerating C introspection for ROS interfaces[0m
[6.896s] [ 25%] [34m[1mGenerating C type support dispatch for ROS interfaces[0m
[8.146s] [ 27%] [32mBuilding CXX object CMakeFiles/grab2_msgs__rosidl_typesupport_cpp.dir/rosidl_typesupport_cpp/grab2_msgs/action/compute_plan_to_pose__type_support.cpp.o[0m
[8.148s] [ 31%] [32mBuilding CXX object CMakeFiles/grab2_msgs__rosidl_typesupport_cpp.dir/rosidl_typesupport_cpp/grab2_msgs/action/compute_plan_through_poses__type_support.cpp.o[0m
[8.148s] [ 29%] [32mBuilding CXX object CMakeFiles/grab2_msgs__rosidl_typesupport_cpp.dir/rosidl_typesupport_cpp/grab2_msgs/action/get_isaac_grasp__type_support.cpp.o[0m
[8.162s] [ 34%] [32mBuilding CXX object CMakeFiles/grab2_msgs__rosidl_typesupport_c.dir/rosidl_typesupport_c/grab2_msgs/action/compute_plan_to_pose__type_support.cpp.o[0m
[8.290s] [ 36%] [32mBuilding CXX object CMakeFiles/grab2_msgs__rosidl_typesupport_c.dir/rosidl_typesupport_c/grab2_msgs/action/compute_plan_through_poses__type_support.cpp.o[0m
[8.357s] [ 38%] [32mBuilding CXX object CMakeFiles/grab2_msgs__rosidl_typesupport_introspection_cpp.dir/rosidl_typesupport_introspection_cpp/grab2_msgs/action/detail/compute_plan_to_pose__type_support.cpp.o[0m
[8.392s] [ 40%] [32mBuilding CXX object CMakeFiles/grab2_msgs__rosidl_typesupport_c.dir/rosidl_typesupport_c/grab2_msgs/action/get_isaac_grasp__type_support.cpp.o[0m
[8.522s] [ 42%] [32m[1mLinking CXX shared library libgrab2_msgs__rosidl_typesupport_c.so[0m
[8.591s] [ 44%] [32mBuilding C object CMakeFiles/grab2_msgs__rosidl_typesupport_introspection_c.dir/rosidl_typesupport_introspection_c/grab2_msgs/action/detail/compute_plan_to_pose__type_support.c.o[0m
[8.649s] [ 44%] Built target grab2_msgs__rosidl_typesupport_c
[8.670s] [ 46%] [32mBuilding CXX object CMakeFiles/grab2_msgs__rosidl_typesupport_introspection_cpp.dir/rosidl_typesupport_introspection_cpp/grab2_msgs/action/detail/compute_plan_through_poses__type_support.cpp.o[0m
[8.687s] [ 48%] [32mBuilding C object CMakeFiles/grab2_msgs__rosidl_typesupport_introspection_c.dir/rosidl_typesupport_introspection_c/grab2_msgs/action/detail/compute_plan_through_poses__type_support.c.o[0m
[8.799s] [ 51%] [32mBuilding CXX object CMakeFiles/grab2_msgs__rosidl_typesupport_fastrtps_c.dir/rosidl_typesupport_fastrtps_c/grab2_msgs/action/detail/compute_plan_to_pose__type_support_c.cpp.o[0m
[8.831s] [ 53%] [32mBuilding C object CMakeFiles/grab2_msgs__rosidl_typesupport_introspection_c.dir/rosidl_typesupport_introspection_c/grab2_msgs/action/detail/get_isaac_grasp__type_support.c.o[0m
[8.952s] [ 55%] [32m[1mLinking C shared library libgrab2_msgs__rosidl_typesupport_introspection_c.so[0m
[9.010s] [ 57%] [32mBuilding CXX object CMakeFiles/grab2_msgs__rosidl_typesupport_fastrtps_c.dir/rosidl_typesupport_fastrtps_c/grab2_msgs/action/detail/compute_plan_through_poses__type_support_c.cpp.o[0m
[9.089s] [ 57%] Built target grab2_msgs__rosidl_typesupport_introspection_c
[9.120s] [ 59%] [32mBuilding CXX object CMakeFiles/grab2_msgs__rosidl_typesupport_introspection_cpp.dir/rosidl_typesupport_introspection_cpp/grab2_msgs/action/detail/get_isaac_grasp__type_support.cpp.o[0m
[9.139s] [ 61%] [32mBuilding CXX object CMakeFiles/grab2_msgs__rosidl_typesupport_fastrtps_cpp.dir/rosidl_typesupport_fastrtps_cpp/grab2_msgs/action/detail/dds_fastrtps/compute_plan_to_pose__type_support.cpp.o[0m
[9.150s] [ 63%] [32mBuilding CXX object CMakeFiles/grab2_msgs__rosidl_typesupport_fastrtps_cpp.dir/rosidl_typesupport_fastrtps_cpp/grab2_msgs/action/detail/dds_fastrtps/compute_plan_through_poses__type_support.cpp.o[0m
[9.324s] [ 65%] [32m[1mLinking CXX shared library libgrab2_msgs__rosidl_typesupport_cpp.so[0m
[9.456s] [ 65%] Built target grab2_msgs__rosidl_typesupport_cpp
[9.474s] [ 68%] [32mBuilding CXX object CMakeFiles/grab2_msgs__rosidl_typesupport_fastrtps_cpp.dir/rosidl_typesupport_fastrtps_cpp/grab2_msgs/action/detail/dds_fastrtps/get_isaac_grasp__type_support.cpp.o[0m
[9.476s] [ 70%] [32mBuilding CXX object CMakeFiles/grab2_msgs__rosidl_typesupport_fastrtps_c.dir/rosidl_typesupport_fastrtps_c/grab2_msgs/action/detail/get_isaac_grasp__type_support_c.cpp.o[0m
[10.174s] [ 72%] [32m[1mLinking CXX shared library libgrab2_msgs__rosidl_typesupport_fastrtps_c.so[0m
[10.326s] [ 72%] Built target grab2_msgs__rosidl_typesupport_fastrtps_c
[10.540s] [ 74%] [32m[1mLinking CXX shared library libgrab2_msgs__rosidl_typesupport_introspection_cpp.so[0m
[10.618s] [ 76%] [32m[1mLinking CXX shared library libgrab2_msgs__rosidl_typesupport_fastrtps_cpp.so[0m
[10.669s] [ 76%] Built target grab2_msgs__rosidl_typesupport_introspection_cpp
[10.717s] [ 76%] Built target grab2_msgs__rosidl_typesupport_fastrtps_cpp
[10.737s] [ 76%] Built target grab2_msgs
[10.757s] [ 78%] [34m[1mGenerating Python code for ROS interfaces[0m
[12.944s] [ 78%] Built target grab2_msgs__py
[12.962s] [ 82%] [32mBuilding C object CMakeFiles/grab2_msgs__rosidl_generator_py.dir/rosidl_generator_py/grab2_msgs/action/_compute_plan_through_poses_s.c.o[0m
[12.962s] [ 82%] [32mBuilding C object CMakeFiles/grab2_msgs__rosidl_generator_py.dir/rosidl_generator_py/grab2_msgs/action/_get_isaac_grasp_s.c.o[0m
[12.963s] [ 85%] [32mBuilding C object CMakeFiles/grab2_msgs__rosidl_generator_py.dir/rosidl_generator_py/grab2_msgs/action/_compute_plan_to_pose_s.c.o[0m
[13.146s] [ 87%] [32m[1mLinking C shared library rosidl_generator_py/grab2_msgs/libgrab2_msgs__rosidl_generator_py.so[0m
[13.197s] [ 87%] Built target grab2_msgs__rosidl_generator_py
[13.215s] [ 91%] [32mBuilding C object CMakeFiles/grab2_msgs__rosidl_typesupport_c__pyext.dir/rosidl_generator_py/grab2_msgs/_grab2_msgs_s.ep.rosidl_typesupport_c.c.o[0m
[13.215s] [ 91%] [32mBuilding C object CMakeFiles/grab2_msgs__rosidl_typesupport_introspection_c__pyext.dir/rosidl_generator_py/grab2_msgs/_grab2_msgs_s.ep.rosidl_typesupport_introspection_c.c.o[0m
[13.222s] [ 93%] [32mBuilding C object CMakeFiles/grab2_msgs__rosidl_typesupport_fastrtps_c__pyext.dir/rosidl_generator_py/grab2_msgs/_grab2_msgs_s.ep.rosidl_typesupport_fastrtps_c.c.o[0m
[13.384s] [ 97%] [32m[1mLinking C shared library rosidl_generator_py/grab2_msgs/grab2_msgs_s__rosidl_typesupport_c.cpython-310-x86_64-linux-gnu.so[0m
[13.385s] [ 97%] [32m[1mLinking C shared library rosidl_generator_py/grab2_msgs/grab2_msgs_s__rosidl_typesupport_introspection_c.cpython-310-x86_64-linux-gnu.so[0m
[13.447s] [ 97%] Built target grab2_msgs__rosidl_typesupport_c__pyext
[13.447s] [ 97%] Built target grab2_msgs__rosidl_typesupport_introspection_c__pyext
[13.498s] [100%] [32m[1mLinking C shared library rosidl_generator_py/grab2_msgs/grab2_msgs_s__rosidl_typesupport_fastrtps_c.cpython-310-x86_64-linux-gnu.so[0m
[13.575s] [100%] Built target grab2_msgs__rosidl_typesupport_fastrtps_c__pyext
[13.590s] Invoked command in '/home/zaynap/grab/grab2/build/grab2_msgs' returned '0': CMAKE_PREFIX_PATH=/opt/ros/humble /usr/bin/cmake --build /home/zaynap/grab/grab2/build/grab2_msgs -- -j8 -l8
[13.592s] Invoking command in '/home/zaynap/grab/grab2/build/grab2_msgs': CMAKE_PREFIX_PATH=/opt/ros/humble /usr/bin/cmake --install /home/zaynap/grab/grab2/build/grab2_msgs
[13.601s] -- Install configuration: ""
[13.602s] -- Execute custom install script
[13.602s] -- Symlinking: /home/zaynap/grab/grab2/install/grab2_msgs/share/ament_index/resource_index/rosidl_interfaces/grab2_msgs
[13.614s] -- Symlinking: /home/zaynap/grab/grab2/install/grab2_msgs/include/grab2_msgs/grab2_msgs/action/compute_plan_through_poses.h
[13.625s] -- Symlinking: /home/zaynap/grab/grab2/install/grab2_msgs/include/grab2_msgs/grab2_msgs/action/compute_plan_to_pose.h
[13.636s] -- Symlinking: /home/zaynap/grab/grab2/install/grab2_msgs/include/grab2_msgs/grab2_msgs/action/detail/compute_plan_through_poses__functions.h
[13.646s] -- Symlinking: /home/zaynap/grab/grab2/install/grab2_msgs/include/grab2_msgs/grab2_msgs/action/detail/compute_plan_through_poses__struct.h
[13.654s] -- Symlinking: /home/zaynap/grab/grab2/install/grab2_msgs/include/grab2_msgs/grab2_msgs/action/detail/compute_plan_through_poses__type_support.h
[13.662s] -- Symlinking: /home/zaynap/grab/grab2/install/grab2_msgs/include/grab2_msgs/grab2_msgs/action/detail/compute_plan_to_pose__functions.h
[13.670s] -- Symlinking: /home/zaynap/grab/grab2/install/grab2_msgs/include/grab2_msgs/grab2_msgs/action/detail/compute_plan_to_pose__struct.h
[13.681s] -- Symlinking: /home/zaynap/grab/grab2/install/grab2_msgs/include/grab2_msgs/grab2_msgs/action/detail/compute_plan_to_pose__type_support.h
[13.688s] -- Symlinking: /home/zaynap/grab/grab2/install/grab2_msgs/include/grab2_msgs/grab2_msgs/action/detail/get_isaac_grasp__functions.h
[13.696s] -- Symlinking: /home/zaynap/grab/grab2/install/grab2_msgs/include/grab2_msgs/grab2_msgs/action/detail/get_isaac_grasp__struct.h
[13.704s] -- Symlinking: /home/zaynap/grab/grab2/install/grab2_msgs/include/grab2_msgs/grab2_msgs/action/detail/get_isaac_grasp__type_support.h
[13.712s] -- Symlinking: /home/zaynap/grab/grab2/install/grab2_msgs/include/grab2_msgs/grab2_msgs/action/get_isaac_grasp.h
[13.720s] -- Symlinking: /home/zaynap/grab/grab2/install/grab2_msgs/include/grab2_msgs/grab2_msgs/msg/rosidl_generator_c__visibility_control.h
[13.727s] -- Symlinking: /home/zaynap/grab/grab2/install/grab2_msgs/share/grab2_msgs/environment/library_path.sh
[13.735s] -- Symlinking: /home/zaynap/grab/grab2/install/grab2_msgs/share/grab2_msgs/environment/library_path.dsv
[13.742s] -- Symlinking: /home/zaynap/grab/grab2/install/grab2_msgs/include/grab2_msgs/grab2_msgs/action/detail/compute_plan_through_poses__rosidl_typesupport_fastrtps_c.h
[13.749s] -- Symlinking: /home/zaynap/grab/grab2/install/grab2_msgs/include/grab2_msgs/grab2_msgs/action/detail/compute_plan_to_pose__rosidl_typesupport_fastrtps_c.h
[13.757s] -- Symlinking: /home/zaynap/grab/grab2/install/grab2_msgs/include/grab2_msgs/grab2_msgs/action/detail/get_isaac_grasp__rosidl_typesupport_fastrtps_c.h
[13.764s] -- Symlinking: /home/zaynap/grab/grab2/install/grab2_msgs/include/grab2_msgs/grab2_msgs/msg/rosidl_typesupport_fastrtps_c__visibility_control.h
[13.772s] -- Symlinking: /home/zaynap/grab/grab2/install/grab2_msgs/include/grab2_msgs/grab2_msgs/action/compute_plan_through_poses.hpp
[13.779s] -- Symlinking: /home/zaynap/grab/grab2/install/grab2_msgs/include/grab2_msgs/grab2_msgs/action/compute_plan_to_pose.hpp
[13.787s] -- Symlinking: /home/zaynap/grab/grab2/install/grab2_msgs/include/grab2_msgs/grab2_msgs/action/detail/compute_plan_through_poses__builder.hpp
[13.797s] -- Symlinking: /home/zaynap/grab/grab2/install/grab2_msgs/include/grab2_msgs/grab2_msgs/action/detail/compute_plan_through_poses__struct.hpp
[13.804s] -- Symlinking: /home/zaynap/grab/grab2/install/grab2_msgs/include/grab2_msgs/grab2_msgs/action/detail/compute_plan_through_poses__traits.hpp
[13.812s] -- Symlinking: /home/zaynap/grab/grab2/install/grab2_msgs/include/grab2_msgs/grab2_msgs/action/detail/compute_plan_through_poses__type_support.hpp
[13.820s] -- Symlinking: /home/zaynap/grab/grab2/install/grab2_msgs/include/grab2_msgs/grab2_msgs/action/detail/compute_plan_to_pose__builder.hpp
[13.827s] -- Symlinking: /home/zaynap/grab/grab2/install/grab2_msgs/include/grab2_msgs/grab2_msgs/action/detail/compute_plan_to_pose__struct.hpp
[13.834s] -- Symlinking: /home/zaynap/grab/grab2/install/grab2_msgs/include/grab2_msgs/grab2_msgs/action/detail/compute_plan_to_pose__traits.hpp
[13.841s] -- Symlinking: /home/zaynap/grab/grab2/install/grab2_msgs/include/grab2_msgs/grab2_msgs/action/detail/compute_plan_to_pose__type_support.hpp
[13.848s] -- Symlinking: /home/zaynap/grab/grab2/install/grab2_msgs/include/grab2_msgs/grab2_msgs/action/detail/get_isaac_grasp__builder.hpp
[13.856s] -- Symlinking: /home/zaynap/grab/grab2/install/grab2_msgs/include/grab2_msgs/grab2_msgs/action/detail/get_isaac_grasp__struct.hpp
[13.863s] -- Symlinking: /home/zaynap/grab/grab2/install/grab2_msgs/include/grab2_msgs/grab2_msgs/action/detail/get_isaac_grasp__traits.hpp
[13.870s] -- Symlinking: /home/zaynap/grab/grab2/install/grab2_msgs/include/grab2_msgs/grab2_msgs/action/detail/get_isaac_grasp__type_support.hpp
[13.877s] -- Symlinking: /home/zaynap/grab/grab2/install/grab2_msgs/include/grab2_msgs/grab2_msgs/action/get_isaac_grasp.hpp
[13.884s] -- Symlinking: /home/zaynap/grab/grab2/install/grab2_msgs/include/grab2_msgs/grab2_msgs/msg/rosidl_generator_cpp__visibility_control.hpp
[13.891s] -- Symlinking: /home/zaynap/grab/grab2/install/grab2_msgs/include/grab2_msgs/grab2_msgs/action/detail/compute_plan_through_poses__rosidl_typesupport_fastrtps_cpp.hpp
[13.899s] -- Symlinking: /home/zaynap/grab/grab2/install/grab2_msgs/include/grab2_msgs/grab2_msgs/action/detail/compute_plan_to_pose__rosidl_typesupport_fastrtps_cpp.hpp
[13.907s] -- Symlinking: /home/zaynap/grab/grab2/install/grab2_msgs/include/grab2_msgs/grab2_msgs/action/detail/get_isaac_grasp__rosidl_typesupport_fastrtps_cpp.hpp
[13.914s] -- Symlinking: /home/zaynap/grab/grab2/install/grab2_msgs/include/grab2_msgs/grab2_msgs/msg/rosidl_typesupport_fastrtps_cpp__visibility_control.h
[13.922s] -- Symlinking: /home/zaynap/grab/grab2/install/grab2_msgs/include/grab2_msgs/grab2_msgs/action/detail/compute_plan_through_poses__rosidl_typesupport_introspection_c.h
[13.929s] -- Symlinking: /home/zaynap/grab/grab2/install/grab2_msgs/include/grab2_msgs/grab2_msgs/action/detail/compute_plan_to_pose__rosidl_typesupport_introspection_c.h
[13.936s] -- Symlinking: /home/zaynap/grab/grab2/install/grab2_msgs/include/grab2_msgs/grab2_msgs/action/detail/get_isaac_grasp__rosidl_typesupport_introspection_c.h
[13.943s] -- Symlinking: /home/zaynap/grab/grab2/install/grab2_msgs/include/grab2_msgs/grab2_msgs/msg/rosidl_typesupport_introspection_c__visibility_control.h
[13.950s] -- Symlinking: /home/zaynap/grab/grab2/install/grab2_msgs/include/grab2_msgs/grab2_msgs/action/detail/compute_plan_through_poses__rosidl_typesupport_introspection_cpp.hpp
[13.958s] -- Symlinking: /home/zaynap/grab/grab2/install/grab2_msgs/include/grab2_msgs/grab2_msgs/action/detail/compute_plan_to_pose__rosidl_typesupport_introspection_cpp.hpp
[13.965s] -- Symlinking: /home/zaynap/grab/grab2/install/grab2_msgs/include/grab2_msgs/grab2_msgs/action/detail/get_isaac_grasp__rosidl_typesupport_introspection_cpp.hpp
[13.972s] -- Symlinking: /home/zaynap/grab/grab2/install/grab2_msgs/share/grab2_msgs/environment/pythonpath.sh
[13.980s] -- Symlinking: /home/zaynap/grab/grab2/install/grab2_msgs/share/grab2_msgs/environment/pythonpath.dsv
[13.987s] -- Symlinking: /home/zaynap/grab/grab2/install/grab2_msgs/local/lib/python3.10/dist-packages/grab2_msgs-0.0.0-py3.10.egg-info/PKG-INFO
[13.995s] -- Symlinking: /home/zaynap/grab/grab2/install/grab2_msgs/local/lib/python3.10/dist-packages/grab2_msgs-0.0.0-py3.10.egg-info/SOURCES.txt
[14.004s] -- Symlinking: /home/zaynap/grab/grab2/install/grab2_msgs/local/lib/python3.10/dist-packages/grab2_msgs-0.0.0-py3.10.egg-info/dependency_links.txt
[14.011s] -- Symlinking: /home/zaynap/grab/grab2/install/grab2_msgs/local/lib/python3.10/dist-packages/grab2_msgs-0.0.0-py3.10.egg-info/top_level.txt
[14.019s] -- Symlinking: /home/zaynap/grab/grab2/install/grab2_msgs/local/lib/python3.10/dist-packages/grab2_msgs/__init__.py
[14.027s] -- Symlinking: /home/zaynap/grab/grab2/install/grab2_msgs/local/lib/python3.10/dist-packages/grab2_msgs/_grab2_msgs_s.ep.rosidl_typesupport_c.c
[14.034s] -- Symlinking: /home/zaynap/grab/grab2/install/grab2_msgs/local/lib/python3.10/dist-packages/grab2_msgs/_grab2_msgs_s.ep.rosidl_typesupport_fastrtps_c.c
[14.042s] -- Symlinking: /home/zaynap/grab/grab2/install/grab2_msgs/local/lib/python3.10/dist-packages/grab2_msgs/_grab2_msgs_s.ep.rosidl_typesupport_introspection_c.c
[14.050s] -- Symlinking: /home/zaynap/grab/grab2/install/grab2_msgs/local/lib/python3.10/dist-packages/grab2_msgs/action/__init__.py
[14.057s] -- Symlinking: /home/zaynap/grab/grab2/install/grab2_msgs/local/lib/python3.10/dist-packages/grab2_msgs/action/_compute_plan_through_poses.py
[14.064s] -- Symlinking: /home/zaynap/grab/grab2/install/grab2_msgs/local/lib/python3.10/dist-packages/grab2_msgs/action/_compute_plan_through_poses_s.c
[14.072s] -- Symlinking: /home/zaynap/grab/grab2/install/grab2_msgs/local/lib/python3.10/dist-packages/grab2_msgs/action/_compute_plan_to_pose.py
[14.080s] -- Symlinking: /home/zaynap/grab/grab2/install/grab2_msgs/local/lib/python3.10/dist-packages/grab2_msgs/action/_compute_plan_to_pose_s.c
[14.088s] -- Symlinking: /home/zaynap/grab/grab2/install/grab2_msgs/local/lib/python3.10/dist-packages/grab2_msgs/action/_get_isaac_grasp.py
[14.095s] -- Symlinking: /home/zaynap/grab/grab2/install/grab2_msgs/local/lib/python3.10/dist-packages/grab2_msgs/action/_get_isaac_grasp_s.c
[14.103s] -- Symlinking: /home/zaynap/grab/grab2/install/grab2_msgs/local/lib/python3.10/dist-packages/grab2_msgs/grab2_msgs_s__rosidl_typesupport_c.cpython-310-x86_64-linux-gnu.so
[14.110s] -- Symlinking: /home/zaynap/grab/grab2/install/grab2_msgs/local/lib/python3.10/dist-packages/grab2_msgs/grab2_msgs_s__rosidl_typesupport_fastrtps_c.cpython-310-x86_64-linux-gnu.so
[14.118s] -- Symlinking: /home/zaynap/grab/grab2/install/grab2_msgs/local/lib/python3.10/dist-packages/grab2_msgs/grab2_msgs_s__rosidl_typesupport_introspection_c.cpython-310-x86_64-linux-gnu.so
[14.125s] -- Symlinking: /home/zaynap/grab/grab2/install/grab2_msgs/local/lib/python3.10/dist-packages/grab2_msgs/libgrab2_msgs__rosidl_generator_py.so
[14.133s] -- Up-to-date symlink: /home/zaynap/grab/grab2/install/grab2_msgs/local/lib/python3.10/dist-packages/grab2_msgs/grab2_msgs_s__rosidl_typesupport_fastrtps_c.cpython-310-x86_64-linux-gnu.so
[14.134s] -- Up-to-date symlink: /home/zaynap/grab/grab2/install/grab2_msgs/local/lib/python3.10/dist-packages/grab2_msgs/grab2_msgs_s__rosidl_typesupport_introspection_c.cpython-310-x86_64-linux-gnu.so
[14.134s] -- Up-to-date symlink: /home/zaynap/grab/grab2/install/grab2_msgs/local/lib/python3.10/dist-packages/grab2_msgs/grab2_msgs_s__rosidl_typesupport_c.cpython-310-x86_64-linux-gnu.so
[14.134s] -- Symlinking: /home/zaynap/grab/grab2/install/grab2_msgs/share/grab2_msgs/action/ComputePlanToPose.idl
[14.142s] -- Symlinking: /home/zaynap/grab/grab2/install/grab2_msgs/share/grab2_msgs/action/ComputePlanThroughPoses.idl
[14.149s] -- Symlinking: /home/zaynap/grab/grab2/install/grab2_msgs/share/grab2_msgs/action/GetIsaacGrasp.idl
[14.157s] -- Symlinking: /home/zaynap/grab/grab2/install/grab2_msgs/share/grab2_msgs/action/ComputePlanToPose.action
[14.165s] -- Symlinking: /home/zaynap/grab/grab2/install/grab2_msgs/share/grab2_msgs/action/ComputePlanThroughPoses.action
[14.172s] -- Symlinking: /home/zaynap/grab/grab2/install/grab2_msgs/share/grab2_msgs/action/GetIsaacGrasp.action
[14.180s] -- Symlinking: /home/zaynap/grab/grab2/install/grab2_msgs/share/ament_index/resource_index/package_run_dependencies/grab2_msgs
[14.188s] -- Symlinking: /home/zaynap/grab/grab2/install/grab2_msgs/share/ament_index/resource_index/parent_prefix_path/grab2_msgs
[14.196s] -- Symlinking: /home/zaynap/grab/grab2/install/grab2_msgs/share/grab2_msgs/environment/ament_prefix_path.sh
[14.203s] -- Symlinking: /home/zaynap/grab/grab2/install/grab2_msgs/share/grab2_msgs/environment/ament_prefix_path.dsv
[14.210s] -- Symlinking: /home/zaynap/grab/grab2/install/grab2_msgs/share/grab2_msgs/environment/path.sh
[14.217s] -- Symlinking: /home/zaynap/grab/grab2/install/grab2_msgs/share/grab2_msgs/environment/path.dsv
[14.224s] -- Symlinking: /home/zaynap/grab/grab2/install/grab2_msgs/share/grab2_msgs/local_setup.bash
[14.232s] -- Symlinking: /home/zaynap/grab/grab2/install/grab2_msgs/share/grab2_msgs/local_setup.sh
[14.239s] -- Symlinking: /home/zaynap/grab/grab2/install/grab2_msgs/share/grab2_msgs/local_setup.zsh
[14.246s] -- Symlinking: /home/zaynap/grab/grab2/install/grab2_msgs/share/grab2_msgs/local_setup.dsv
[14.253s] -- Symlinking: /home/zaynap/grab/grab2/install/grab2_msgs/share/grab2_msgs/package.dsv
[14.261s] -- Symlinking: /home/zaynap/grab/grab2/install/grab2_msgs/share/ament_index/resource_index/packages/grab2_msgs
[14.268s] -- Symlinking: /home/zaynap/grab/grab2/install/grab2_msgs/share/grab2_msgs/cmake/rosidl_cmake-extras.cmake
[14.275s] -- Symlinking: /home/zaynap/grab/grab2/install/grab2_msgs/share/grab2_msgs/cmake/ament_cmake_export_dependencies-extras.cmake
[14.282s] -- Symlinking: /home/zaynap/grab/grab2/install/grab2_msgs/share/grab2_msgs/cmake/ament_cmake_export_include_directories-extras.cmake
[14.290s] -- Symlinking: /home/zaynap/grab/grab2/install/grab2_msgs/share/grab2_msgs/cmake/ament_cmake_export_libraries-extras.cmake
[14.297s] -- Symlinking: /home/zaynap/grab/grab2/install/grab2_msgs/share/grab2_msgs/cmake/ament_cmake_export_targets-extras.cmake
[14.305s] -- Symlinking: /home/zaynap/grab/grab2/install/grab2_msgs/share/grab2_msgs/cmake/rosidl_cmake_export_typesupport_targets-extras.cmake
[14.313s] -- Symlinking: /home/zaynap/grab/grab2/install/grab2_msgs/share/grab2_msgs/cmake/rosidl_cmake_export_typesupport_libraries-extras.cmake
[14.320s] -- Symlinking: /home/zaynap/grab/grab2/install/grab2_msgs/share/grab2_msgs/cmake/grab2_msgsConfig.cmake
[14.328s] -- Symlinking: /home/zaynap/grab/grab2/install/grab2_msgs/share/grab2_msgs/cmake/grab2_msgsConfig-version.cmake
[14.335s] -- Symlinking: /home/zaynap/grab/grab2/install/grab2_msgs/share/grab2_msgs/package.xml
[14.343s] -- Installing: /home/zaynap/grab/grab2/install/grab2_msgs/lib/libgrab2_msgs__rosidl_generator_c.so
[14.343s] -- Set runtime path of "/home/zaynap/grab/grab2/install/grab2_msgs/lib/libgrab2_msgs__rosidl_generator_c.so" to ""
[14.343s] -- Installing: /home/zaynap/grab/grab2/install/grab2_msgs/lib/libgrab2_msgs__rosidl_typesupport_fastrtps_c.so
[14.344s] -- Set runtime path of "/home/zaynap/grab/grab2/install/grab2_msgs/lib/libgrab2_msgs__rosidl_typesupport_fastrtps_c.so" to ""
[14.344s] -- Installing: /home/zaynap/grab/grab2/install/grab2_msgs/lib/libgrab2_msgs__rosidl_typesupport_fastrtps_cpp.so
[14.345s] -- Set runtime path of "/home/zaynap/grab/grab2/install/grab2_msgs/lib/libgrab2_msgs__rosidl_typesupport_fastrtps_cpp.so" to ""
[14.345s] -- Installing: /home/zaynap/grab/grab2/install/grab2_msgs/lib/libgrab2_msgs__rosidl_typesupport_introspection_c.so
[14.345s] -- Set runtime path of "/home/zaynap/grab/grab2/install/grab2_msgs/lib/libgrab2_msgs__rosidl_typesupport_introspection_c.so" to ""
[14.345s] -- Installing: /home/zaynap/grab/grab2/install/grab2_msgs/lib/libgrab2_msgs__rosidl_typesupport_c.so
[14.346s] -- Set runtime path of "/home/zaynap/grab/grab2/install/grab2_msgs/lib/libgrab2_msgs__rosidl_typesupport_c.so" to ""
[14.346s] -- Installing: /home/zaynap/grab/grab2/install/grab2_msgs/lib/libgrab2_msgs__rosidl_typesupport_introspection_cpp.so
[14.347s] -- Set runtime path of "/home/zaynap/grab/grab2/install/grab2_msgs/lib/libgrab2_msgs__rosidl_typesupport_introspection_cpp.so" to ""
[14.347s] -- Installing: /home/zaynap/grab/grab2/install/grab2_msgs/lib/libgrab2_msgs__rosidl_typesupport_cpp.so
[14.347s] -- Set runtime path of "/home/zaynap/grab/grab2/install/grab2_msgs/lib/libgrab2_msgs__rosidl_typesupport_cpp.so" to ""
[14.425s] Listing '/home/zaynap/grab/grab2/install/grab2_msgs/local/lib/python3.10/dist-packages/grab2_msgs'...
[14.425s] Compiling '/home/zaynap/grab/grab2/install/grab2_msgs/local/lib/python3.10/dist-packages/grab2_msgs/__init__.py'...
[14.425s] Listing '/home/zaynap/grab/grab2/install/grab2_msgs/local/lib/python3.10/dist-packages/grab2_msgs/action'...
[14.425s] Compiling '/home/zaynap/grab/grab2/install/grab2_msgs/local/lib/python3.10/dist-packages/grab2_msgs/action/__init__.py'...
[14.425s] Compiling '/home/zaynap/grab/grab2/install/grab2_msgs/local/lib/python3.10/dist-packages/grab2_msgs/action/_compute_plan_through_poses.py'...
[14.425s] Compiling '/home/zaynap/grab/grab2/install/grab2_msgs/local/lib/python3.10/dist-packages/grab2_msgs/action/_compute_plan_to_pose.py'...
[14.425s] Compiling '/home/zaynap/grab/grab2/install/grab2_msgs/local/lib/python3.10/dist-packages/grab2_msgs/action/_get_isaac_grasp.py'...
[14.431s] -- Installing: /home/zaynap/grab/grab2/install/grab2_msgs/lib/libgrab2_msgs__rosidl_generator_py.so
[14.432s] -- Set runtime path of "/home/zaynap/grab/grab2/install/grab2_msgs/lib/libgrab2_msgs__rosidl_generator_py.so" to ""
[14.432s] -- Installing: /home/zaynap/grab/grab2/install/grab2_msgs/share/grab2_msgs/cmake/export_grab2_msgs__rosidl_generator_cExport.cmake
[14.432s] -- Installing: /home/zaynap/grab/grab2/install/grab2_msgs/share/grab2_msgs/cmake/export_grab2_msgs__rosidl_generator_cExport-noconfig.cmake
[14.432s] -- Installing: /home/zaynap/grab/grab2/install/grab2_msgs/share/grab2_msgs/cmake/export_grab2_msgs__rosidl_typesupport_fastrtps_cExport.cmake
[14.432s] -- Installing: /home/zaynap/grab/grab2/install/grab2_msgs/share/grab2_msgs/cmake/export_grab2_msgs__rosidl_typesupport_fastrtps_cExport-noconfig.cmake
[14.432s] -- Installing: /home/zaynap/grab/grab2/install/grab2_msgs/share/grab2_msgs/cmake/export_grab2_msgs__rosidl_generator_cppExport.cmake
[14.433s] -- Installing: /home/zaynap/grab/grab2/install/grab2_msgs/share/grab2_msgs/cmake/export_grab2_msgs__rosidl_typesupport_fastrtps_cppExport.cmake
[14.433s] -- Installing: /home/zaynap/grab/grab2/install/grab2_msgs/share/grab2_msgs/cmake/export_grab2_msgs__rosidl_typesupport_fastrtps_cppExport-noconfig.cmake
[14.433s] -- Installing: /home/zaynap/grab/grab2/install/grab2_msgs/share/grab2_msgs/cmake/grab2_msgs__rosidl_typesupport_introspection_cExport.cmake
[14.433s] -- Installing: /home/zaynap/grab/grab2/install/grab2_msgs/share/grab2_msgs/cmake/grab2_msgs__rosidl_typesupport_introspection_cExport-noconfig.cmake
[14.433s] -- Installing: /home/zaynap/grab/grab2/install/grab2_msgs/share/grab2_msgs/cmake/grab2_msgs__rosidl_typesupport_cExport.cmake
[14.433s] -- Installing: /home/zaynap/grab/grab2/install/grab2_msgs/share/grab2_msgs/cmake/grab2_msgs__rosidl_typesupport_cExport-noconfig.cmake
[14.433s] -- Installing: /home/zaynap/grab/grab2/install/grab2_msgs/share/grab2_msgs/cmake/grab2_msgs__rosidl_typesupport_introspection_cppExport.cmake
[14.433s] -- Installing: /home/zaynap/grab/grab2/install/grab2_msgs/share/grab2_msgs/cmake/grab2_msgs__rosidl_typesupport_introspection_cppExport-noconfig.cmake
[14.433s] -- Installing: /home/zaynap/grab/grab2/install/grab2_msgs/share/grab2_msgs/cmake/grab2_msgs__rosidl_typesupport_cppExport.cmake
[14.434s] -- Installing: /home/zaynap/grab/grab2/install/grab2_msgs/share/grab2_msgs/cmake/grab2_msgs__rosidl_typesupport_cppExport-noconfig.cmake
[14.434s] -- Installing: /home/zaynap/grab/grab2/install/grab2_msgs/share/grab2_msgs/cmake/export_grab2_msgs__rosidl_generator_pyExport.cmake
[14.434s] -- Installing: /home/zaynap/grab/grab2/install/grab2_msgs/share/grab2_msgs/cmake/export_grab2_msgs__rosidl_generator_pyExport-noconfig.cmake
[14.436s] Invoked command in '/home/zaynap/grab/grab2/build/grab2_msgs' returned '0': CMAKE_PREFIX_PATH=/opt/ros/humble /usr/bin/cmake --install /home/zaynap/grab/grab2/build/grab2_msgs
