[35m[1mConsolidate compiler generated dependencies of target sample_bt_executor[0m
[35m[1mConsolidate compiler generated dependencies of target sleep_server[0m
[35m[1mConsolidate compiler generated dependencies of target subscriber_test[0m
[35m[1mConsolidate compiler generated dependencies of target sleep_plugin[0m
[35m[1mConsolidate compiler generated dependencies of target sleep_client[0m
[35m[1mConsolidate compiler generated dependencies of target bool_server[0m
[35m[1mConsolidate compiler generated dependencies of target bool_client[0m
[ 11%] Built target sleep_plugin
[ 22%] Built target sleep_server
[ 33%] Built target sample_bt_executor
[ 44%] Built target bool_server
[ 55%] Built target subscriber_test
[ 72%] Built target sleep_client
[35m[1mConsolidate compiler generated dependencies of target sleep_client_dyn[0m
[ 88%] Built target bool_client
[100%] Built target sleep_client_dyn
-- Install configuration: ""
-- Installing: /home/zaynap/grab/grab2/install/btcpp_ros2_samples/lib/btcpp_ros2_samples/sleep_client
-- Set runtime path of "/home/zaynap/grab/grab2/install/btcpp_ros2_samples/lib/btcpp_ros2_samples/sleep_client" to ""
-- Installing: /home/zaynap/grab/grab2/install/btcpp_ros2_samples/lib/btcpp_ros2_samples/sleep_client_dyn
-- Set runtime path of "/home/zaynap/grab/grab2/install/btcpp_ros2_samples/lib/btcpp_ros2_samples/sleep_client_dyn" to ""
-- Installing: /home/zaynap/grab/grab2/install/btcpp_ros2_samples/lib/btcpp_ros2_samples/sleep_server
-- Set runtime path of "/home/zaynap/grab/grab2/install/btcpp_ros2_samples/lib/btcpp_ros2_samples/sleep_server" to ""
-- Installing: /home/zaynap/grab/grab2/install/btcpp_ros2_samples/lib/btcpp_ros2_samples/libsleep_plugin.so
-- Set runtime path of "/home/zaynap/grab/grab2/install/btcpp_ros2_samples/lib/btcpp_ros2_samples/libsleep_plugin.so" to ""
-- Installing: /home/zaynap/grab/grab2/install/btcpp_ros2_samples/lib/btcpp_ros2_samples/subscriber_test
-- Set runtime path of "/home/zaynap/grab/grab2/install/btcpp_ros2_samples/lib/btcpp_ros2_samples/subscriber_test" to ""
-- Installing: /home/zaynap/grab/grab2/install/btcpp_ros2_samples/lib/btcpp_ros2_samples/sample_bt_executor
-- Set runtime path of "/home/zaynap/grab/grab2/install/btcpp_ros2_samples/lib/btcpp_ros2_samples/sample_bt_executor" to ""
-- Installing: /home/zaynap/grab/grab2/install/btcpp_ros2_samples/lib/btcpp_ros2_samples/bool_client
-- Set runtime path of "/home/zaynap/grab/grab2/install/btcpp_ros2_samples/lib/btcpp_ros2_samples/bool_client" to ""
-- Installing: /home/zaynap/grab/grab2/install/btcpp_ros2_samples/lib/btcpp_ros2_samples/bool_server
-- Set runtime path of "/home/zaynap/grab/grab2/install/btcpp_ros2_samples/lib/btcpp_ros2_samples/bool_server" to ""
-- Installing: /home/zaynap/grab/grab2/install/btcpp_ros2_samples/share/btcpp_ros2_samples/bt_plugins/libsleep_plugin.so
-- Set runtime path of "/home/zaynap/grab/grab2/install/btcpp_ros2_samples/share/btcpp_ros2_samples/bt_plugins/libsleep_plugin.so" to ""
-- Installing: /home/zaynap/grab/grab2/install/btcpp_ros2_samples/share/btcpp_ros2_samples//behavior_trees
-- Installing: /home/zaynap/grab/grab2/install/btcpp_ros2_samples/share/btcpp_ros2_samples//behavior_trees/sleep_action.xml
-- Installing: /home/zaynap/grab/grab2/install/btcpp_ros2_samples/share/btcpp_ros2_samples//behavior_trees/cross_door.xml
-- Installing: /home/zaynap/grab/grab2/install/btcpp_ros2_samples/share/btcpp_ros2_samples//behavior_trees/door_closed.xml
-- Installing: /home/zaynap/grab/grab2/install/btcpp_ros2_samples/share/btcpp_ros2_samples//config
-- Installing: /home/zaynap/grab/grab2/install/btcpp_ros2_samples/share/btcpp_ros2_samples//config/sample_bt_executor.yaml
-- Installing: /home/zaynap/grab/grab2/install/btcpp_ros2_samples/share/btcpp_ros2_samples//launch
-- Installing: /home/zaynap/grab/grab2/install/btcpp_ros2_samples/share/btcpp_ros2_samples//launch/sample_bt_executor.launch.xml
-- Installing: /home/zaynap/grab/grab2/install/btcpp_ros2_samples/share/ament_index/resource_index/package_run_dependencies/btcpp_ros2_samples
-- Installing: /home/zaynap/grab/grab2/install/btcpp_ros2_samples/share/ament_index/resource_index/parent_prefix_path/btcpp_ros2_samples
-- Installing: /home/zaynap/grab/grab2/install/btcpp_ros2_samples/share/btcpp_ros2_samples/environment/ament_prefix_path.sh
-- Installing: /home/zaynap/grab/grab2/install/btcpp_ros2_samples/share/btcpp_ros2_samples/environment/ament_prefix_path.dsv
-- Installing: /home/zaynap/grab/grab2/install/btcpp_ros2_samples/share/btcpp_ros2_samples/environment/path.sh
-- Installing: /home/zaynap/grab/grab2/install/btcpp_ros2_samples/share/btcpp_ros2_samples/environment/path.dsv
-- Installing: /home/zaynap/grab/grab2/install/btcpp_ros2_samples/share/btcpp_ros2_samples/local_setup.bash
-- Installing: /home/zaynap/grab/grab2/install/btcpp_ros2_samples/share/btcpp_ros2_samples/local_setup.sh
-- Installing: /home/zaynap/grab/grab2/install/btcpp_ros2_samples/share/btcpp_ros2_samples/local_setup.zsh
-- Installing: /home/zaynap/grab/grab2/install/btcpp_ros2_samples/share/btcpp_ros2_samples/local_setup.dsv
-- Installing: /home/zaynap/grab/grab2/install/btcpp_ros2_samples/share/btcpp_ros2_samples/package.dsv
-- Installing: /home/zaynap/grab/grab2/install/btcpp_ros2_samples/share/ament_index/resource_index/packages/btcpp_ros2_samples
-- Installing: /home/zaynap/grab/grab2/install/btcpp_ros2_samples/share/btcpp_ros2_samples/cmake/ament_cmake_export_dependencies-extras.cmake
-- Installing: /home/zaynap/grab/grab2/install/btcpp_ros2_samples/share/btcpp_ros2_samples/cmake/btcpp_ros2_samplesConfig.cmake
-- Installing: /home/zaynap/grab/grab2/install/btcpp_ros2_samples/share/btcpp_ros2_samples/cmake/btcpp_ros2_samplesConfig-version.cmake
-- Installing: /home/zaynap/grab/grab2/install/btcpp_ros2_samples/share/btcpp_ros2_samples/package.xml
