[0.018s] Invoking command in '/home/zaynap/grab/grab2/build/btcpp_ros2_samples': AMENT_PREFIX_PATH=/home/zaynap/grab/grab2/install/behaviortree_ros2:/home/zaynap/grab/grab2/install/btcpp_ros2_interfaces:${AMENT_PREFIX_PATH} CMAKE_PREFIX_PATH=/home/zaynap/grab/grab2/install/behaviortree_ros2:/home/zaynap/grab/grab2/install/btcpp_ros2_interfaces:/opt/ros/humble LD_LIBRARY_PATH=/home/zaynap/grab/grab2/install/behaviortree_ros2/lib:/home/zaynap/grab/grab2/install/btcpp_ros2_interfaces/lib:${LD_LIBRARY_PATH} PYTHONPATH=/home/zaynap/grab/grab2/install/btcpp_ros2_interfaces/local/lib/python3.10/dist-packages:${PYTHONPATH} /usr/bin/cmake --build /home/zaynap/grab/grab2/build/btcpp_ros2_samples -- -j8 -l8
[0.059s] [35m[1mConsolidate compiler generated dependencies of target sample_bt_executor[0m
[0.062s] [35m[1mConsolidate compiler generated dependencies of target sleep_server[0m
[0.062s] [35m[1mConsolidate compiler generated dependencies of target subscriber_test[0m
[0.063s] [35m[1mConsolidate compiler generated dependencies of target sleep_plugin[0m
[0.064s] [35m[1mConsolidate compiler generated dependencies of target sleep_client[0m
[0.074s] [35m[1mConsolidate compiler generated dependencies of target bool_server[0m
[0.074s] [35m[1mConsolidate compiler generated dependencies of target bool_client[0m
[0.088s] [ 11%] Built target sleep_plugin
[0.088s] [ 22%] Built target sleep_server
[0.090s] [ 33%] Built target sample_bt_executor
[0.092s] [ 44%] Built target bool_server
[0.093s] [ 55%] Built target subscriber_test
[0.098s] [ 72%] Built target sleep_client
[0.099s] [35m[1mConsolidate compiler generated dependencies of target sleep_client_dyn[0m
[0.101s] [ 88%] Built target bool_client
[0.115s] [100%] Built target sleep_client_dyn
[0.129s] Invoked command in '/home/zaynap/grab/grab2/build/btcpp_ros2_samples' returned '0': AMENT_PREFIX_PATH=/home/zaynap/grab/grab2/install/behaviortree_ros2:/home/zaynap/grab/grab2/install/btcpp_ros2_interfaces:${AMENT_PREFIX_PATH} CMAKE_PREFIX_PATH=/home/zaynap/grab/grab2/install/behaviortree_ros2:/home/zaynap/grab/grab2/install/btcpp_ros2_interfaces:/opt/ros/humble LD_LIBRARY_PATH=/home/zaynap/grab/grab2/install/behaviortree_ros2/lib:/home/zaynap/grab/grab2/install/btcpp_ros2_interfaces/lib:${LD_LIBRARY_PATH} PYTHONPATH=/home/zaynap/grab/grab2/install/btcpp_ros2_interfaces/local/lib/python3.10/dist-packages:${PYTHONPATH} /usr/bin/cmake --build /home/zaynap/grab/grab2/build/btcpp_ros2_samples -- -j8 -l8
[0.130s] Invoking command in '/home/zaynap/grab/grab2/build/btcpp_ros2_samples': AMENT_PREFIX_PATH=/home/zaynap/grab/grab2/install/behaviortree_ros2:/home/zaynap/grab/grab2/install/btcpp_ros2_interfaces:${AMENT_PREFIX_PATH} CMAKE_PREFIX_PATH=/home/zaynap/grab/grab2/install/behaviortree_ros2:/home/zaynap/grab/grab2/install/btcpp_ros2_interfaces:/opt/ros/humble LD_LIBRARY_PATH=/home/zaynap/grab/grab2/install/behaviortree_ros2/lib:/home/zaynap/grab/grab2/install/btcpp_ros2_interfaces/lib:${LD_LIBRARY_PATH} PYTHONPATH=/home/zaynap/grab/grab2/install/btcpp_ros2_interfaces/local/lib/python3.10/dist-packages:${PYTHONPATH} /usr/bin/cmake --install /home/zaynap/grab/grab2/build/btcpp_ros2_samples
[0.376s] -- Install configuration: ""
[0.376s] -- Installing: /home/zaynap/grab/grab2/install/btcpp_ros2_samples/lib/btcpp_ros2_samples/sleep_client
[0.376s] -- Set runtime path of "/home/zaynap/grab/grab2/install/btcpp_ros2_samples/lib/btcpp_ros2_samples/sleep_client" to ""
[0.376s] -- Installing: /home/zaynap/grab/grab2/install/btcpp_ros2_samples/lib/btcpp_ros2_samples/sleep_client_dyn
[0.376s] -- Set runtime path of "/home/zaynap/grab/grab2/install/btcpp_ros2_samples/lib/btcpp_ros2_samples/sleep_client_dyn" to ""
[0.376s] -- Installing: /home/zaynap/grab/grab2/install/btcpp_ros2_samples/lib/btcpp_ros2_samples/sleep_server
[0.376s] -- Set runtime path of "/home/zaynap/grab/grab2/install/btcpp_ros2_samples/lib/btcpp_ros2_samples/sleep_server" to ""
[0.376s] -- Installing: /home/zaynap/grab/grab2/install/btcpp_ros2_samples/lib/btcpp_ros2_samples/libsleep_plugin.so
[0.376s] -- Set runtime path of "/home/zaynap/grab/grab2/install/btcpp_ros2_samples/lib/btcpp_ros2_samples/libsleep_plugin.so" to ""
[0.377s] -- Installing: /home/zaynap/grab/grab2/install/btcpp_ros2_samples/lib/btcpp_ros2_samples/subscriber_test
[0.377s] -- Set runtime path of "/home/zaynap/grab/grab2/install/btcpp_ros2_samples/lib/btcpp_ros2_samples/subscriber_test" to ""
[0.377s] -- Installing: /home/zaynap/grab/grab2/install/btcpp_ros2_samples/lib/btcpp_ros2_samples/sample_bt_executor
[0.377s] -- Set runtime path of "/home/zaynap/grab/grab2/install/btcpp_ros2_samples/lib/btcpp_ros2_samples/sample_bt_executor" to ""
[0.377s] -- Installing: /home/zaynap/grab/grab2/install/btcpp_ros2_samples/lib/btcpp_ros2_samples/bool_client
[0.377s] -- Set runtime path of "/home/zaynap/grab/grab2/install/btcpp_ros2_samples/lib/btcpp_ros2_samples/bool_client" to ""
[0.377s] -- Installing: /home/zaynap/grab/grab2/install/btcpp_ros2_samples/lib/btcpp_ros2_samples/bool_server
[0.377s] -- Set runtime path of "/home/zaynap/grab/grab2/install/btcpp_ros2_samples/lib/btcpp_ros2_samples/bool_server" to ""
[0.378s] -- Installing: /home/zaynap/grab/grab2/install/btcpp_ros2_samples/share/btcpp_ros2_samples/bt_plugins/libsleep_plugin.so
[0.378s] -- Set runtime path of "/home/zaynap/grab/grab2/install/btcpp_ros2_samples/share/btcpp_ros2_samples/bt_plugins/libsleep_plugin.so" to ""
[0.378s] -- Installing: /home/zaynap/grab/grab2/install/btcpp_ros2_samples/share/btcpp_ros2_samples//behavior_trees
[0.378s] -- Installing: /home/zaynap/grab/grab2/install/btcpp_ros2_samples/share/btcpp_ros2_samples//behavior_trees/sleep_action.xml
[0.378s] -- Installing: /home/zaynap/grab/grab2/install/btcpp_ros2_samples/share/btcpp_ros2_samples//behavior_trees/cross_door.xml
[0.378s] -- Installing: /home/zaynap/grab/grab2/install/btcpp_ros2_samples/share/btcpp_ros2_samples//behavior_trees/door_closed.xml
[0.378s] -- Installing: /home/zaynap/grab/grab2/install/btcpp_ros2_samples/share/btcpp_ros2_samples//config
[0.378s] -- Installing: /home/zaynap/grab/grab2/install/btcpp_ros2_samples/share/btcpp_ros2_samples//config/sample_bt_executor.yaml
[0.379s] -- Installing: /home/zaynap/grab/grab2/install/btcpp_ros2_samples/share/btcpp_ros2_samples//launch
[0.379s] -- Installing: /home/zaynap/grab/grab2/install/btcpp_ros2_samples/share/btcpp_ros2_samples//launch/sample_bt_executor.launch.xml
[0.379s] -- Installing: /home/zaynap/grab/grab2/install/btcpp_ros2_samples/share/ament_index/resource_index/package_run_dependencies/btcpp_ros2_samples
[0.379s] -- Installing: /home/zaynap/grab/grab2/install/btcpp_ros2_samples/share/ament_index/resource_index/parent_prefix_path/btcpp_ros2_samples
[0.379s] -- Installing: /home/zaynap/grab/grab2/install/btcpp_ros2_samples/share/btcpp_ros2_samples/environment/ament_prefix_path.sh
[0.379s] -- Installing: /home/zaynap/grab/grab2/install/btcpp_ros2_samples/share/btcpp_ros2_samples/environment/ament_prefix_path.dsv
[0.379s] -- Installing: /home/zaynap/grab/grab2/install/btcpp_ros2_samples/share/btcpp_ros2_samples/environment/path.sh
[0.379s] -- Installing: /home/zaynap/grab/grab2/install/btcpp_ros2_samples/share/btcpp_ros2_samples/environment/path.dsv
[0.379s] -- Installing: /home/zaynap/grab/grab2/install/btcpp_ros2_samples/share/btcpp_ros2_samples/local_setup.bash
[0.380s] -- Installing: /home/zaynap/grab/grab2/install/btcpp_ros2_samples/share/btcpp_ros2_samples/local_setup.sh
[0.380s] -- Installing: /home/zaynap/grab/grab2/install/btcpp_ros2_samples/share/btcpp_ros2_samples/local_setup.zsh
[0.380s] -- Installing: /home/zaynap/grab/grab2/install/btcpp_ros2_samples/share/btcpp_ros2_samples/local_setup.dsv
[0.380s] -- Installing: /home/zaynap/grab/grab2/install/btcpp_ros2_samples/share/btcpp_ros2_samples/package.dsv
[0.380s] -- Installing: /home/zaynap/grab/grab2/install/btcpp_ros2_samples/share/ament_index/resource_index/packages/btcpp_ros2_samples
[0.380s] -- Installing: /home/zaynap/grab/grab2/install/btcpp_ros2_samples/share/btcpp_ros2_samples/cmake/ament_cmake_export_dependencies-extras.cmake
[0.380s] -- Installing: /home/zaynap/grab/grab2/install/btcpp_ros2_samples/share/btcpp_ros2_samples/cmake/btcpp_ros2_samplesConfig.cmake
[0.380s] -- Installing: /home/zaynap/grab/grab2/install/btcpp_ros2_samples/share/btcpp_ros2_samples/cmake/btcpp_ros2_samplesConfig-version.cmake
[0.380s] -- Installing: /home/zaynap/grab/grab2/install/btcpp_ros2_samples/share/btcpp_ros2_samples/package.xml
[0.380s] Invoked command in '/home/zaynap/grab/grab2/build/btcpp_ros2_samples' returned '0': AMENT_PREFIX_PATH=/home/zaynap/grab/grab2/install/behaviortree_ros2:/home/zaynap/grab/grab2/install/btcpp_ros2_interfaces:${AMENT_PREFIX_PATH} CMAKE_PREFIX_PATH=/home/zaynap/grab/grab2/install/behaviortree_ros2:/home/zaynap/grab/grab2/install/btcpp_ros2_interfaces:/opt/ros/humble LD_LIBRARY_PATH=/home/zaynap/grab/grab2/install/behaviortree_ros2/lib:/home/zaynap/grab/grab2/install/btcpp_ros2_interfaces/lib:${LD_LIBRARY_PATH} PYTHONPATH=/home/zaynap/grab/grab2/install/btcpp_ros2_interfaces/local/lib/python3.10/dist-packages:${PYTHONPATH} /usr/bin/cmake --install /home/zaynap/grab/grab2/build/btcpp_ros2_samples
