[0.015s] Invoking command in '/home/zaynap/grab/grab2/build/grab2_grasp_generator': AMENT_PREFIX_PATH=/home/zaynap/grab/grab2/install/grab2_ros_common:/home/zaynap/grab/grab2/install/grab2_msgs:${AMENT_PREFIX_PATH} CMAKE_PREFIX_PATH=/home/zaynap/grab/grab2/install/grab2_ros_common:/home/zaynap/grab/grab2/install/grab2_msgs:/opt/ros/humble LD_LIBRARY_PATH=/home/zaynap/grab/grab2/install/grab2_msgs/lib:${LD_LIBRARY_PATH} PYTHONPATH=/home/zaynap/grab/grab2/install/grab2_msgs/local/lib/python3.10/dist-packages:${PYTHONPATH} /usr/bin/cmake /home/zaynap/grab/grab2/grab2_grasp_generator -DAMENT_CMAKE_SYMLINK_INSTALL=1 -DCMAKE_INSTALL_PREFIX=/home/zaynap/grab/grab2/install/grab2_grasp_generator
[0.076s] -- The C compiler identification is GNU 11.4.0
[0.139s] -- The CXX compiler identification is GNU 11.4.0
[0.149s] -- Detecting C compiler ABI info
[0.236s] -- Detecting C compiler ABI info - done
[0.248s] -- Check for working C compiler: /usr/bin/cc - skipped
[0.248s] -- Detecting C compile features
[0.248s] -- Detecting C compile features - done
[0.252s] -- Detecting CXX compiler ABI info
[0.345s] -- Detecting CXX compiler ABI info - done
[0.359s] -- Check for working CXX compiler: /usr/bin/c++ - skipped
[0.359s] -- Detecting CXX compile features
[0.360s] -- Detecting CXX compile features - done
[0.364s] -- Found ament_cmake: 1.3.12 (/opt/ros/humble/share/ament_cmake/cmake)
[0.874s] -- Found Python3: /usr/bin/python3 (found version "3.10.12") found components: Interpreter 
[0.947s] -- Override CMake install command with custom implementation using symlinks instead of copying resources
[0.995s] -- Found ament_cmake_ros: 0.10.0 (/opt/ros/humble/share/ament_cmake_ros/cmake)
[1.010s] -- Found rclcpp: 16.0.15 (/opt/ros/humble/share/rclcpp/cmake)
[1.090s] -- Found rosidl_generator_c: 3.1.7 (/opt/ros/humble/share/rosidl_generator_c/cmake)
[1.100s] -- Found rosidl_adapter: 3.1.7 (/opt/ros/humble/share/rosidl_adapter/cmake)
[1.116s] -- Found rosidl_generator_cpp: 3.1.7 (/opt/ros/humble/share/rosidl_generator_cpp/cmake)
[1.138s] -- Using all available rosidl_typesupport_c: rosidl_typesupport_fastrtps_c;rosidl_typesupport_introspection_c
[1.168s] -- Using all available rosidl_typesupport_cpp: rosidl_typesupport_fastrtps_cpp;rosidl_typesupport_introspection_cpp
[1.247s] -- Found rmw_implementation_cmake: 6.1.2 (/opt/ros/humble/share/rmw_implementation_cmake/cmake)
[1.252s] -- Found rmw_fastrtps_cpp: 6.2.8 (/opt/ros/humble/share/rmw_fastrtps_cpp/cmake)
[1.385s] -- Found OpenSSL: /usr/lib/x86_64-linux-gnu/libcrypto.so (found version "3.0.2")  
[1.434s] -- Found FastRTPS: /opt/ros/humble/include  
[1.501s] -- Using RMW implementation 'rmw_fastrtps_cpp' as default
[1.516s] -- Looking for pthread.h
[1.622s] -- Looking for pthread.h - found
[1.622s] -- Performing Test CMAKE_HAVE_LIBC_PTHREAD
[1.729s] -- Performing Test CMAKE_HAVE_LIBC_PTHREAD - Success
[1.731s] -- Found Threads: TRUE  
[1.830s] -- Found rclcpp_action: 16.0.15 (/opt/ros/humble/share/rclcpp_action/cmake)
[1.898s] -- Found rclcpp_components: 16.0.15 (/opt/ros/humble/share/rclcpp_components/cmake)
[1.949s] -- Found geometry_msgs: 4.9.0 (/opt/ros/humble/share/geometry_msgs/cmake)
[1.974s] -- Found moveit_msgs: 2.2.1 (/opt/ros/humble/share/moveit_msgs/cmake)
[2.190s] -- Found grab2_ros_common: 0.0.0 (/home/zaynap/grab/grab2/install/grab2_ros_common/share/grab2_ros_common/cmake)
[2.343s] -- Found eigen3_cmake_module: 0.1.1 (/opt/ros/humble/share/eigen3_cmake_module/cmake)
[2.345s] -- Found Eigen3: TRUE (found version "3.4.0") 
[2.345s] -- Ensuring Eigen3 include directory is part of orocos-kdl CMake target
[2.426s] -- Found ament_lint_auto: 0.12.14 (/opt/ros/humble/share/ament_lint_auto/cmake)
[2.612s] -- Found gtest sources under '/opt/ros/humble/src/gtest_vendor': C++ tests using 'Google Test' will be built
[2.634s] -- Added test 'cppcheck' to perform static code analysis on C / C++ code
[2.634s] -- Configured cppcheck include dirs: $<BUILD_INTERFACE:/home/zaynap/grab/grab2/grab2_grasp_generator/include>
[2.634s] -- Configured cppcheck exclude dirs and/or files: 
[2.636s] -- Added test 'cpplint' to check C / C++ code against the Google style
[2.636s] -- Configured cpplint exclude dirs and/or files: 
[2.637s] -- Added test 'lint_cmake' to check CMake code style
[2.639s] -- Added test 'uncrustify' to check C / C++ code style
[2.639s] -- Configured uncrustify additional arguments: 
[2.640s] -- Added test 'xmllint' to check XML markup files
[2.646s] -- Configuring done
[2.705s] -- Generating done
[2.728s] -- Build files have been written to: /home/zaynap/grab/grab2/build/grab2_grasp_generator
[2.753s] Invoked command in '/home/zaynap/grab/grab2/build/grab2_grasp_generator' returned '0': AMENT_PREFIX_PATH=/home/zaynap/grab/grab2/install/grab2_ros_common:/home/zaynap/grab/grab2/install/grab2_msgs:${AMENT_PREFIX_PATH} CMAKE_PREFIX_PATH=/home/zaynap/grab/grab2/install/grab2_ros_common:/home/zaynap/grab/grab2/install/grab2_msgs:/opt/ros/humble LD_LIBRARY_PATH=/home/zaynap/grab/grab2/install/grab2_msgs/lib:${LD_LIBRARY_PATH} PYTHONPATH=/home/zaynap/grab/grab2/install/grab2_msgs/local/lib/python3.10/dist-packages:${PYTHONPATH} /usr/bin/cmake /home/zaynap/grab/grab2/grab2_grasp_generator -DAMENT_CMAKE_SYMLINK_INSTALL=1 -DCMAKE_INSTALL_PREFIX=/home/zaynap/grab/grab2/install/grab2_grasp_generator
[2.755s] Invoking command in '/home/zaynap/grab/grab2/build/grab2_grasp_generator': AMENT_PREFIX_PATH=/home/zaynap/grab/grab2/install/grab2_ros_common:/home/zaynap/grab/grab2/install/grab2_msgs:${AMENT_PREFIX_PATH} CMAKE_PREFIX_PATH=/home/zaynap/grab/grab2/install/grab2_ros_common:/home/zaynap/grab/grab2/install/grab2_msgs:/opt/ros/humble LD_LIBRARY_PATH=/home/zaynap/grab/grab2/install/grab2_msgs/lib:${LD_LIBRARY_PATH} PYTHONPATH=/home/zaynap/grab/grab2/install/grab2_msgs/local/lib/python3.10/dist-packages:${PYTHONPATH} /usr/bin/cmake --build /home/zaynap/grab/grab2/build/grab2_grasp_generator -- -j8 -l8
[2.829s] [ 10%] [32mBuilding CXX object gtest/CMakeFiles/gtest.dir/src/gtest-all.cc.o[0m
[2.835s] [ 20%] [32mBuilding CXX object CMakeFiles/grasp_generator_core.dir/src/grasp_generator.cpp.o[0m
[2.839s] [ 30%] [32mBuilding CXX object gtest/CMakeFiles/gtest_main.dir/src/gtest_main.cc.o[0m
[4.404s] [ 40%] [32m[1mLinking CXX static library libgtest_main.a[0m
[4.506s] [ 40%] Built target gtest_main
[7.288s] [ 50%] [32m[1mLinking CXX static library libgtest.a[0m
[7.383s] [ 50%] Built target gtest
[8.744s] [ 60%] [32m[1mLinking CXX shared library libgrasp_generator_core.so[0m
[9.024s] [ 60%] Built target grasp_generator_core
[9.042s] [ 70%] [32mBuilding CXX object CMakeFiles/grasp_generator.dir/src/main.cpp.o[0m
[9.049s] [ 80%] [32mBuilding CXX object test/CMakeFiles/test_grasp_generator.dir/test_grasp_generator.cpp.o[0m
[18.266s] [ 90%] [32m[1mLinking CXX executable grasp_generator[0m
[18.852s] [ 90%] Built target grasp_generator
[28.643s] [100%] [32m[1mLinking CXX executable test_grasp_generator[0m
[30.177s] [100%] Built target test_grasp_generator
[30.239s] Invoked command in '/home/zaynap/grab/grab2/build/grab2_grasp_generator' returned '0': AMENT_PREFIX_PATH=/home/zaynap/grab/grab2/install/grab2_ros_common:/home/zaynap/grab/grab2/install/grab2_msgs:${AMENT_PREFIX_PATH} CMAKE_PREFIX_PATH=/home/zaynap/grab/grab2/install/grab2_ros_common:/home/zaynap/grab/grab2/install/grab2_msgs:/opt/ros/humble LD_LIBRARY_PATH=/home/zaynap/grab/grab2/install/grab2_msgs/lib:${LD_LIBRARY_PATH} PYTHONPATH=/home/zaynap/grab/grab2/install/grab2_msgs/local/lib/python3.10/dist-packages:${PYTHONPATH} /usr/bin/cmake --build /home/zaynap/grab/grab2/build/grab2_grasp_generator -- -j8 -l8
[30.258s] Invoking command in '/home/zaynap/grab/grab2/build/grab2_grasp_generator': AMENT_PREFIX_PATH=/home/zaynap/grab/grab2/install/grab2_ros_common:/home/zaynap/grab/grab2/install/grab2_msgs:${AMENT_PREFIX_PATH} CMAKE_PREFIX_PATH=/home/zaynap/grab/grab2/install/grab2_ros_common:/home/zaynap/grab/grab2/install/grab2_msgs:/opt/ros/humble LD_LIBRARY_PATH=/home/zaynap/grab/grab2/install/grab2_msgs/lib:${LD_LIBRARY_PATH} PYTHONPATH=/home/zaynap/grab/grab2/install/grab2_msgs/local/lib/python3.10/dist-packages:${PYTHONPATH} /usr/bin/cmake --install /home/zaynap/grab/grab2/build/grab2_grasp_generator
[30.258s] -- Install configuration: ""
[30.259s] -- Execute custom install script
[30.259s] -- Symlinking: /home/zaynap/grab/grab2/install/grab2_grasp_generator/include/grab2_grasp_generator/grab2_grasp_generator/grasp_generator.hpp
[30.301s] -- Symlinking: /home/zaynap/grab/grab2/install/grab2_grasp_generator/include/grab2_grasp_generator/grab2_grasp_generator/visibility_control.h
[30.335s] -- Symlinking: /home/zaynap/grab/grab2/install/grab2_grasp_generator/lib/grab2_grasp_generator/grasp_generator
[30.375s] -- Symlinking: /home/zaynap/grab/grab2/install/grab2_grasp_generator/share/grab2_grasp_generator/config/isaac_grasp.yaml
[30.402s] -- Symlinking: /home/zaynap/grab/grab2/install/grab2_grasp_generator/share/grab2_grasp_generator/environment/library_path.sh
[30.433s] -- Symlinking: /home/zaynap/grab/grab2/install/grab2_grasp_generator/share/grab2_grasp_generator/environment/library_path.dsv
[30.456s] -- Symlinking: /home/zaynap/grab/grab2/install/grab2_grasp_generator/share/ament_index/resource_index/package_run_dependencies/grab2_grasp_generator
[30.471s] -- Symlinking: /home/zaynap/grab/grab2/install/grab2_grasp_generator/share/ament_index/resource_index/parent_prefix_path/grab2_grasp_generator
[30.487s] -- Symlinking: /home/zaynap/grab/grab2/install/grab2_grasp_generator/share/grab2_grasp_generator/environment/ament_prefix_path.sh
[30.502s] -- Symlinking: /home/zaynap/grab/grab2/install/grab2_grasp_generator/share/grab2_grasp_generator/environment/ament_prefix_path.dsv
[30.519s] -- Symlinking: /home/zaynap/grab/grab2/install/grab2_grasp_generator/share/grab2_grasp_generator/environment/path.sh
[30.539s] -- Symlinking: /home/zaynap/grab/grab2/install/grab2_grasp_generator/share/grab2_grasp_generator/environment/path.dsv
[30.549s] -- Symlinking: /home/zaynap/grab/grab2/install/grab2_grasp_generator/share/grab2_grasp_generator/local_setup.bash
[30.564s] -- Symlinking: /home/zaynap/grab/grab2/install/grab2_grasp_generator/share/grab2_grasp_generator/local_setup.sh
[30.580s] -- Symlinking: /home/zaynap/grab/grab2/install/grab2_grasp_generator/share/grab2_grasp_generator/local_setup.zsh
[30.595s] -- Symlinking: /home/zaynap/grab/grab2/install/grab2_grasp_generator/share/grab2_grasp_generator/local_setup.dsv
[30.609s] -- Symlinking: /home/zaynap/grab/grab2/install/grab2_grasp_generator/share/grab2_grasp_generator/package.dsv
[30.628s] -- Symlinking: /home/zaynap/grab/grab2/install/grab2_grasp_generator/share/ament_index/resource_index/packages/grab2_grasp_generator
[30.639s] -- Symlinking: /home/zaynap/grab/grab2/install/grab2_grasp_generator/share/grab2_grasp_generator/cmake/ament_cmake_export_include_directories-extras.cmake
[30.664s] -- Symlinking: /home/zaynap/grab/grab2/install/grab2_grasp_generator/share/grab2_grasp_generator/cmake/ament_cmake_export_libraries-extras.cmake
[30.678s] -- Symlinking: /home/zaynap/grab/grab2/install/grab2_grasp_generator/share/grab2_grasp_generator/cmake/ament_cmake_export_targets-extras.cmake
[30.696s] -- Symlinking: /home/zaynap/grab/grab2/install/grab2_grasp_generator/share/grab2_grasp_generator/cmake/grab2_grasp_generatorConfig.cmake
[30.711s] -- Symlinking: /home/zaynap/grab/grab2/install/grab2_grasp_generator/share/grab2_grasp_generator/cmake/grab2_grasp_generatorConfig-version.cmake
[30.725s] -- Symlinking: /home/zaynap/grab/grab2/install/grab2_grasp_generator/share/grab2_grasp_generator/package.xml
[30.738s] -- Installing: /home/zaynap/grab/grab2/install/grab2_grasp_generator/lib/libgrasp_generator_core.so
[30.743s] -- Set runtime path of "/home/zaynap/grab/grab2/install/grab2_grasp_generator/lib/libgrasp_generator_core.so" to ""
[30.744s] -- Installing: /home/zaynap/grab/grab2/install/grab2_grasp_generator/share/grab2_grasp_generator/cmake/export_grab2_grasp_generatorExport.cmake
[30.745s] -- Installing: /home/zaynap/grab/grab2/install/grab2_grasp_generator/share/grab2_grasp_generator/cmake/export_grab2_grasp_generatorExport-noconfig.cmake
[30.752s] Invoked command in '/home/zaynap/grab/grab2/build/grab2_grasp_generator' returned '0': AMENT_PREFIX_PATH=/home/zaynap/grab/grab2/install/grab2_ros_common:/home/zaynap/grab/grab2/install/grab2_msgs:${AMENT_PREFIX_PATH} CMAKE_PREFIX_PATH=/home/zaynap/grab/grab2/install/grab2_ros_common:/home/zaynap/grab/grab2/install/grab2_msgs:/opt/ros/humble LD_LIBRARY_PATH=/home/zaynap/grab/grab2/install/grab2_msgs/lib:${LD_LIBRARY_PATH} PYTHONPATH=/home/zaynap/grab/grab2/install/grab2_msgs/local/lib/python3.10/dist-packages:${PYTHONPATH} /usr/bin/cmake --install /home/zaynap/grab/grab2/build/grab2_grasp_generator
