-- Install configuration: ""
-- Up-to-date: /home/zaynap/grab/grab2/install/grab2_ros_common/include/grab2_ros_common
-- Up-to-date: /home/zaynap/grab/grab2/install/grab2_ros_common/include/grab2_ros_common/grab2_ros_common
-- Up-to-date: /home/zaynap/grab/grab2/install/grab2_ros_common/include/grab2_ros_common/grab2_ros_common/node.hpp
-- Up-to-date: /home/zaynap/grab/grab2/install/grab2_ros_common/share/ament_index/resource_index/package_run_dependencies/grab2_ros_common
-- Up-to-date: /home/zaynap/grab/grab2/install/grab2_ros_common/share/ament_index/resource_index/parent_prefix_path/grab2_ros_common
-- Up-to-date: /home/zaynap/grab/grab2/install/grab2_ros_common/share/grab2_ros_common/environment/ament_prefix_path.sh
-- Up-to-date: /home/zaynap/grab/grab2/install/grab2_ros_common/share/grab2_ros_common/environment/ament_prefix_path.dsv
-- Up-to-date: /home/zaynap/grab/grab2/install/grab2_ros_common/share/grab2_ros_common/environment/path.sh
-- Up-to-date: /home/zaynap/grab/grab2/install/grab2_ros_common/share/grab2_ros_common/environment/path.dsv
-- Up-to-date: /home/zaynap/grab/grab2/install/grab2_ros_common/share/grab2_ros_common/local_setup.bash
-- Up-to-date: /home/zaynap/grab/grab2/install/grab2_ros_common/share/grab2_ros_common/local_setup.sh
-- Up-to-date: /home/zaynap/grab/grab2/install/grab2_ros_common/share/grab2_ros_common/local_setup.zsh
-- Up-to-date: /home/zaynap/grab/grab2/install/grab2_ros_common/share/grab2_ros_common/local_setup.dsv
-- Up-to-date: /home/zaynap/grab/grab2/install/grab2_ros_common/share/grab2_ros_common/package.dsv
-- Up-to-date: /home/zaynap/grab/grab2/install/grab2_ros_common/share/ament_index/resource_index/packages/grab2_ros_common
-- Up-to-date: /home/zaynap/grab/grab2/install/grab2_ros_common/share/grab2_ros_common/cmake/grab2_ros_commonExport.cmake
-- Up-to-date: /home/zaynap/grab/grab2/install/grab2_ros_common/share/grab2_ros_common/cmake/ament_cmake_export_include_directories-extras.cmake
-- Up-to-date: /home/zaynap/grab/grab2/install/grab2_ros_common/share/grab2_ros_common/cmake/ament_cmake_export_dependencies-extras.cmake
-- Up-to-date: /home/zaynap/grab/grab2/install/grab2_ros_common/share/grab2_ros_common/cmake/ament_cmake_export_targets-extras.cmake
-- Up-to-date: /home/zaynap/grab/grab2/install/grab2_ros_common/share/grab2_ros_common/cmake/grab2_ros_commonConfig.cmake
-- Up-to-date: /home/zaynap/grab/grab2/install/grab2_ros_common/share/grab2_ros_common/cmake/grab2_ros_commonConfig-version.cmake
-- Up-to-date: /home/zaynap/grab/grab2/install/grab2_ros_common/share/grab2_ros_common/package.xml
