[0.015s] Invoking command in '/home/zaynap/grab/grab2/build/btcpp_ros2_interfaces': CMAKE_PREFIX_PATH=${CMAKE_PREFIX_PATH}:/home/zaynap/grab/grab2/install/grab2_curobo_planner:/opt/ros/humble /usr/bin/cmake --build /home/zaynap/grab/grab2/build/btcpp_ros2_interfaces -- -j8 -l8
[0.067s] [ 10%] Built target btcpp_ros2_interfaces__rosidl_generator_c
[0.079s] [ 12%] Built target btcpp_ros2_interfaces__cpp
[0.083s] [ 12%] Built target ament_cmake_python_symlink_btcpp_ros2_interfaces
[0.120s] [ 23%] Built target btcpp_ros2_interfaces__rosidl_typesupport_introspection_c
[0.142s] [ 34%] Built target btcpp_ros2_interfaces__rosidl_typesupport_fastrtps_c
[0.142s] [ 57%] Built target btcpp_ros2_interfaces__rosidl_typesupport_cpp
[0.142s] [ 65%] Built target btcpp_ros2_interfaces__rosidl_typesupport_fastrtps_cpp
[0.142s] [ 44%] Built target btcpp_ros2_interfaces__rosidl_typesupport_c
[0.144s] [ 76%] Built target btcpp_ros2_interfaces__rosidl_typesupport_introspection_cpp
[0.166s] [ 76%] Built target btcpp_ros2_interfaces
[0.186s] [ 78%] Built target btcpp_ros2_interfaces__py
[0.211s] [ 87%] Built target btcpp_ros2_interfaces__rosidl_generator_py
[0.245s] [ 91%] Built target btcpp_ros2_interfaces__rosidl_typesupport_fastrtps_c__pyext
[0.245s] [ 95%] Built target btcpp_ros2_interfaces__rosidl_typesupport_c__pyext
[0.248s] [100%] Built target btcpp_ros2_interfaces__rosidl_typesupport_introspection_c__pyext
[0.423s] running egg_info
[0.448s] writing btcpp_ros2_interfaces.egg-info/PKG-INFO
[0.449s] writing dependency_links to btcpp_ros2_interfaces.egg-info/dependency_links.txt
[0.449s] writing top-level names to btcpp_ros2_interfaces.egg-info/top_level.txt
[0.524s] reading manifest file 'btcpp_ros2_interfaces.egg-info/SOURCES.txt'
[0.525s] writing manifest file 'btcpp_ros2_interfaces.egg-info/SOURCES.txt'
[0.558s] [100%] Built target ament_cmake_python_build_btcpp_ros2_interfaces_egg
[0.572s] Invoked command in '/home/zaynap/grab/grab2/build/btcpp_ros2_interfaces' returned '0': CMAKE_PREFIX_PATH=${CMAKE_PREFIX_PATH}:/home/zaynap/grab/grab2/install/grab2_curobo_planner:/opt/ros/humble /usr/bin/cmake --build /home/zaynap/grab/grab2/build/btcpp_ros2_interfaces -- -j8 -l8
[0.574s] Invoking command in '/home/zaynap/grab/grab2/build/btcpp_ros2_interfaces': CMAKE_PREFIX_PATH=${CMAKE_PREFIX_PATH}:/home/zaynap/grab/grab2/install/grab2_curobo_planner:/opt/ros/humble /usr/bin/cmake --install /home/zaynap/grab/grab2/build/btcpp_ros2_interfaces
[0.581s] -- Install configuration: ""
[0.582s] -- Execute custom install script
[0.582s] -- Up-to-date symlink: /home/zaynap/grab/grab2/install/btcpp_ros2_interfaces/share/ament_index/resource_index/rosidl_interfaces/btcpp_ros2_interfaces
[0.582s] -- Up-to-date symlink: /home/zaynap/grab/grab2/install/btcpp_ros2_interfaces/include/btcpp_ros2_interfaces/btcpp_ros2_interfaces/action/detail/execute_tree__functions.h
[0.583s] -- Up-to-date symlink: /home/zaynap/grab/grab2/install/btcpp_ros2_interfaces/include/btcpp_ros2_interfaces/btcpp_ros2_interfaces/action/detail/execute_tree__struct.h
[0.583s] -- Up-to-date symlink: /home/zaynap/grab/grab2/install/btcpp_ros2_interfaces/include/btcpp_ros2_interfaces/btcpp_ros2_interfaces/action/detail/execute_tree__type_support.h
[0.583s] -- Up-to-date symlink: /home/zaynap/grab/grab2/install/btcpp_ros2_interfaces/include/btcpp_ros2_interfaces/btcpp_ros2_interfaces/action/detail/sleep__functions.h
[0.583s] -- Up-to-date symlink: /home/zaynap/grab/grab2/install/btcpp_ros2_interfaces/include/btcpp_ros2_interfaces/btcpp_ros2_interfaces/action/detail/sleep__struct.h
[0.583s] -- Up-to-date symlink: /home/zaynap/grab/grab2/install/btcpp_ros2_interfaces/include/btcpp_ros2_interfaces/btcpp_ros2_interfaces/action/detail/sleep__type_support.h
[0.583s] -- Up-to-date symlink: /home/zaynap/grab/grab2/install/btcpp_ros2_interfaces/include/btcpp_ros2_interfaces/btcpp_ros2_interfaces/action/execute_tree.h
[0.584s] -- Up-to-date symlink: /home/zaynap/grab/grab2/install/btcpp_ros2_interfaces/include/btcpp_ros2_interfaces/btcpp_ros2_interfaces/action/sleep.h
[0.584s] -- Up-to-date symlink: /home/zaynap/grab/grab2/install/btcpp_ros2_interfaces/include/btcpp_ros2_interfaces/btcpp_ros2_interfaces/msg/detail/node_status__functions.h
[0.584s] -- Up-to-date symlink: /home/zaynap/grab/grab2/install/btcpp_ros2_interfaces/include/btcpp_ros2_interfaces/btcpp_ros2_interfaces/msg/detail/node_status__struct.h
[0.584s] -- Up-to-date symlink: /home/zaynap/grab/grab2/install/btcpp_ros2_interfaces/include/btcpp_ros2_interfaces/btcpp_ros2_interfaces/msg/detail/node_status__type_support.h
[0.584s] -- Up-to-date symlink: /home/zaynap/grab/grab2/install/btcpp_ros2_interfaces/include/btcpp_ros2_interfaces/btcpp_ros2_interfaces/msg/node_status.h
[0.584s] -- Up-to-date symlink: /home/zaynap/grab/grab2/install/btcpp_ros2_interfaces/include/btcpp_ros2_interfaces/btcpp_ros2_interfaces/msg/rosidl_generator_c__visibility_control.h
[0.585s] -- Up-to-date symlink: /home/zaynap/grab/grab2/install/btcpp_ros2_interfaces/share/btcpp_ros2_interfaces/environment/library_path.sh
[0.585s] -- Up-to-date symlink: /home/zaynap/grab/grab2/install/btcpp_ros2_interfaces/share/btcpp_ros2_interfaces/environment/library_path.dsv
[0.585s] -- Up-to-date symlink: /home/zaynap/grab/grab2/install/btcpp_ros2_interfaces/include/btcpp_ros2_interfaces/btcpp_ros2_interfaces/action/detail/execute_tree__rosidl_typesupport_fastrtps_c.h
[0.585s] -- Up-to-date symlink: /home/zaynap/grab/grab2/install/btcpp_ros2_interfaces/include/btcpp_ros2_interfaces/btcpp_ros2_interfaces/action/detail/sleep__rosidl_typesupport_fastrtps_c.h
[0.585s] -- Up-to-date symlink: /home/zaynap/grab/grab2/install/btcpp_ros2_interfaces/include/btcpp_ros2_interfaces/btcpp_ros2_interfaces/msg/detail/node_status__rosidl_typesupport_fastrtps_c.h
[0.585s] -- Up-to-date symlink: /home/zaynap/grab/grab2/install/btcpp_ros2_interfaces/include/btcpp_ros2_interfaces/btcpp_ros2_interfaces/msg/rosidl_typesupport_fastrtps_c__visibility_control.h
[0.586s] -- Up-to-date symlink: /home/zaynap/grab/grab2/install/btcpp_ros2_interfaces/include/btcpp_ros2_interfaces/btcpp_ros2_interfaces/action/detail/execute_tree__rosidl_typesupport_introspection_c.h
[0.587s] -- Up-to-date symlink: /home/zaynap/grab/grab2/install/btcpp_ros2_interfaces/include/btcpp_ros2_interfaces/btcpp_ros2_interfaces/action/detail/sleep__rosidl_typesupport_introspection_c.h
[0.587s] -- Up-to-date symlink: /home/zaynap/grab/grab2/install/btcpp_ros2_interfaces/include/btcpp_ros2_interfaces/btcpp_ros2_interfaces/msg/detail/node_status__rosidl_typesupport_introspection_c.h
[0.587s] -- Up-to-date symlink: /home/zaynap/grab/grab2/install/btcpp_ros2_interfaces/include/btcpp_ros2_interfaces/btcpp_ros2_interfaces/msg/rosidl_typesupport_introspection_c__visibility_control.h
[0.588s] -- Up-to-date symlink: /home/zaynap/grab/grab2/install/btcpp_ros2_interfaces/include/btcpp_ros2_interfaces/btcpp_ros2_interfaces/action/detail/execute_tree__builder.hpp
[0.588s] -- Up-to-date symlink: /home/zaynap/grab/grab2/install/btcpp_ros2_interfaces/include/btcpp_ros2_interfaces/btcpp_ros2_interfaces/action/detail/execute_tree__struct.hpp
[0.588s] -- Up-to-date symlink: /home/zaynap/grab/grab2/install/btcpp_ros2_interfaces/include/btcpp_ros2_interfaces/btcpp_ros2_interfaces/action/detail/execute_tree__traits.hpp
[0.588s] -- Up-to-date symlink: /home/zaynap/grab/grab2/install/btcpp_ros2_interfaces/include/btcpp_ros2_interfaces/btcpp_ros2_interfaces/action/detail/execute_tree__type_support.hpp
[0.588s] -- Up-to-date symlink: /home/zaynap/grab/grab2/install/btcpp_ros2_interfaces/include/btcpp_ros2_interfaces/btcpp_ros2_interfaces/action/detail/sleep__builder.hpp
[0.589s] -- Up-to-date symlink: /home/zaynap/grab/grab2/install/btcpp_ros2_interfaces/include/btcpp_ros2_interfaces/btcpp_ros2_interfaces/action/detail/sleep__struct.hpp
[0.589s] -- Up-to-date symlink: /home/zaynap/grab/grab2/install/btcpp_ros2_interfaces/include/btcpp_ros2_interfaces/btcpp_ros2_interfaces/action/detail/sleep__traits.hpp
[0.589s] -- Up-to-date symlink: /home/zaynap/grab/grab2/install/btcpp_ros2_interfaces/include/btcpp_ros2_interfaces/btcpp_ros2_interfaces/action/detail/sleep__type_support.hpp
[0.589s] -- Up-to-date symlink: /home/zaynap/grab/grab2/install/btcpp_ros2_interfaces/include/btcpp_ros2_interfaces/btcpp_ros2_interfaces/action/execute_tree.hpp
[0.590s] -- Up-to-date symlink: /home/zaynap/grab/grab2/install/btcpp_ros2_interfaces/include/btcpp_ros2_interfaces/btcpp_ros2_interfaces/action/sleep.hpp
[0.590s] -- Up-to-date symlink: /home/zaynap/grab/grab2/install/btcpp_ros2_interfaces/include/btcpp_ros2_interfaces/btcpp_ros2_interfaces/msg/detail/node_status__builder.hpp
[0.590s] -- Up-to-date symlink: /home/zaynap/grab/grab2/install/btcpp_ros2_interfaces/include/btcpp_ros2_interfaces/btcpp_ros2_interfaces/msg/detail/node_status__struct.hpp
[0.590s] -- Up-to-date symlink: /home/zaynap/grab/grab2/install/btcpp_ros2_interfaces/include/btcpp_ros2_interfaces/btcpp_ros2_interfaces/msg/detail/node_status__traits.hpp
[0.590s] -- Up-to-date symlink: /home/zaynap/grab/grab2/install/btcpp_ros2_interfaces/include/btcpp_ros2_interfaces/btcpp_ros2_interfaces/msg/detail/node_status__type_support.hpp
[0.591s] -- Up-to-date symlink: /home/zaynap/grab/grab2/install/btcpp_ros2_interfaces/include/btcpp_ros2_interfaces/btcpp_ros2_interfaces/msg/node_status.hpp
[0.591s] -- Up-to-date symlink: /home/zaynap/grab/grab2/install/btcpp_ros2_interfaces/include/btcpp_ros2_interfaces/btcpp_ros2_interfaces/msg/rosidl_generator_cpp__visibility_control.hpp
[0.591s] -- Up-to-date symlink: /home/zaynap/grab/grab2/install/btcpp_ros2_interfaces/include/btcpp_ros2_interfaces/btcpp_ros2_interfaces/action/detail/execute_tree__rosidl_typesupport_fastrtps_cpp.hpp
[0.592s] -- Up-to-date symlink: /home/zaynap/grab/grab2/install/btcpp_ros2_interfaces/include/btcpp_ros2_interfaces/btcpp_ros2_interfaces/action/detail/sleep__rosidl_typesupport_fastrtps_cpp.hpp
[0.592s] -- Up-to-date symlink: /home/zaynap/grab/grab2/install/btcpp_ros2_interfaces/include/btcpp_ros2_interfaces/btcpp_ros2_interfaces/msg/detail/node_status__rosidl_typesupport_fastrtps_cpp.hpp
[0.592s] -- Up-to-date symlink: /home/zaynap/grab/grab2/install/btcpp_ros2_interfaces/include/btcpp_ros2_interfaces/btcpp_ros2_interfaces/msg/rosidl_typesupport_fastrtps_cpp__visibility_control.h
[0.592s] -- Up-to-date symlink: /home/zaynap/grab/grab2/install/btcpp_ros2_interfaces/include/btcpp_ros2_interfaces/btcpp_ros2_interfaces/action/detail/execute_tree__rosidl_typesupport_introspection_cpp.hpp
[0.593s] -- Up-to-date symlink: /home/zaynap/grab/grab2/install/btcpp_ros2_interfaces/include/btcpp_ros2_interfaces/btcpp_ros2_interfaces/action/detail/sleep__rosidl_typesupport_introspection_cpp.hpp
[0.593s] -- Up-to-date symlink: /home/zaynap/grab/grab2/install/btcpp_ros2_interfaces/include/btcpp_ros2_interfaces/btcpp_ros2_interfaces/msg/detail/node_status__rosidl_typesupport_introspection_cpp.hpp
[0.593s] -- Up-to-date symlink: /home/zaynap/grab/grab2/install/btcpp_ros2_interfaces/share/btcpp_ros2_interfaces/environment/pythonpath.sh
[0.594s] -- Up-to-date symlink: /home/zaynap/grab/grab2/install/btcpp_ros2_interfaces/share/btcpp_ros2_interfaces/environment/pythonpath.dsv
[0.594s] -- Up-to-date symlink: /home/zaynap/grab/grab2/install/btcpp_ros2_interfaces/local/lib/python3.10/dist-packages/btcpp_ros2_interfaces-0.2.0-py3.10.egg-info/PKG-INFO
[0.594s] -- Up-to-date symlink: /home/zaynap/grab/grab2/install/btcpp_ros2_interfaces/local/lib/python3.10/dist-packages/btcpp_ros2_interfaces-0.2.0-py3.10.egg-info/SOURCES.txt
[0.594s] -- Up-to-date symlink: /home/zaynap/grab/grab2/install/btcpp_ros2_interfaces/local/lib/python3.10/dist-packages/btcpp_ros2_interfaces-0.2.0-py3.10.egg-info/dependency_links.txt
[0.594s] -- Up-to-date symlink: /home/zaynap/grab/grab2/install/btcpp_ros2_interfaces/local/lib/python3.10/dist-packages/btcpp_ros2_interfaces-0.2.0-py3.10.egg-info/top_level.txt
[0.595s] -- Up-to-date symlink: /home/zaynap/grab/grab2/install/btcpp_ros2_interfaces/local/lib/python3.10/dist-packages/btcpp_ros2_interfaces/__init__.py
[0.595s] -- Up-to-date symlink: /home/zaynap/grab/grab2/install/btcpp_ros2_interfaces/local/lib/python3.10/dist-packages/btcpp_ros2_interfaces/_btcpp_ros2_interfaces_s.ep.rosidl_typesupport_c.c
[0.595s] -- Up-to-date symlink: /home/zaynap/grab/grab2/install/btcpp_ros2_interfaces/local/lib/python3.10/dist-packages/btcpp_ros2_interfaces/_btcpp_ros2_interfaces_s.ep.rosidl_typesupport_fastrtps_c.c
[0.596s] -- Up-to-date symlink: /home/zaynap/grab/grab2/install/btcpp_ros2_interfaces/local/lib/python3.10/dist-packages/btcpp_ros2_interfaces/_btcpp_ros2_interfaces_s.ep.rosidl_typesupport_introspection_c.c
[0.596s] -- Up-to-date symlink: /home/zaynap/grab/grab2/install/btcpp_ros2_interfaces/local/lib/python3.10/dist-packages/btcpp_ros2_interfaces/action/__init__.py
[0.596s] -- Up-to-date symlink: /home/zaynap/grab/grab2/install/btcpp_ros2_interfaces/local/lib/python3.10/dist-packages/btcpp_ros2_interfaces/action/_execute_tree.py
[0.596s] -- Up-to-date symlink: /home/zaynap/grab/grab2/install/btcpp_ros2_interfaces/local/lib/python3.10/dist-packages/btcpp_ros2_interfaces/action/_execute_tree_s.c
[0.596s] -- Up-to-date symlink: /home/zaynap/grab/grab2/install/btcpp_ros2_interfaces/local/lib/python3.10/dist-packages/btcpp_ros2_interfaces/action/_sleep.py
[0.596s] -- Up-to-date symlink: /home/zaynap/grab/grab2/install/btcpp_ros2_interfaces/local/lib/python3.10/dist-packages/btcpp_ros2_interfaces/action/_sleep_s.c
[0.596s] -- Up-to-date symlink: /home/zaynap/grab/grab2/install/btcpp_ros2_interfaces/local/lib/python3.10/dist-packages/btcpp_ros2_interfaces/btcpp_ros2_interfaces_s__rosidl_typesupport_c.cpython-310-x86_64-linux-gnu.so
[0.597s] -- Up-to-date symlink: /home/zaynap/grab/grab2/install/btcpp_ros2_interfaces/local/lib/python3.10/dist-packages/btcpp_ros2_interfaces/btcpp_ros2_interfaces_s__rosidl_typesupport_fastrtps_c.cpython-310-x86_64-linux-gnu.so
[0.597s] -- Up-to-date symlink: /home/zaynap/grab/grab2/install/btcpp_ros2_interfaces/local/lib/python3.10/dist-packages/btcpp_ros2_interfaces/btcpp_ros2_interfaces_s__rosidl_typesupport_introspection_c.cpython-310-x86_64-linux-gnu.so
[0.597s] -- Up-to-date symlink: /home/zaynap/grab/grab2/install/btcpp_ros2_interfaces/local/lib/python3.10/dist-packages/btcpp_ros2_interfaces/libbtcpp_ros2_interfaces__rosidl_generator_py.so
[0.597s] -- Up-to-date symlink: /home/zaynap/grab/grab2/install/btcpp_ros2_interfaces/local/lib/python3.10/dist-packages/btcpp_ros2_interfaces/msg/__init__.py
[0.597s] -- Up-to-date symlink: /home/zaynap/grab/grab2/install/btcpp_ros2_interfaces/local/lib/python3.10/dist-packages/btcpp_ros2_interfaces/msg/_node_status.py
[0.597s] -- Up-to-date symlink: /home/zaynap/grab/grab2/install/btcpp_ros2_interfaces/local/lib/python3.10/dist-packages/btcpp_ros2_interfaces/msg/_node_status_s.c
[0.598s] -- Up-to-date symlink: /home/zaynap/grab/grab2/install/btcpp_ros2_interfaces/local/lib/python3.10/dist-packages/btcpp_ros2_interfaces/btcpp_ros2_interfaces_s__rosidl_typesupport_fastrtps_c.cpython-310-x86_64-linux-gnu.so
[0.598s] -- Up-to-date symlink: /home/zaynap/grab/grab2/install/btcpp_ros2_interfaces/local/lib/python3.10/dist-packages/btcpp_ros2_interfaces/btcpp_ros2_interfaces_s__rosidl_typesupport_introspection_c.cpython-310-x86_64-linux-gnu.so
[0.598s] -- Up-to-date symlink: /home/zaynap/grab/grab2/install/btcpp_ros2_interfaces/local/lib/python3.10/dist-packages/btcpp_ros2_interfaces/btcpp_ros2_interfaces_s__rosidl_typesupport_c.cpython-310-x86_64-linux-gnu.so
[0.598s] -- Up-to-date symlink: /home/zaynap/grab/grab2/install/btcpp_ros2_interfaces/share/btcpp_ros2_interfaces/msg/NodeStatus.idl
[0.599s] -- Up-to-date symlink: /home/zaynap/grab/grab2/install/btcpp_ros2_interfaces/share/btcpp_ros2_interfaces/action/ExecuteTree.idl
[0.599s] -- Up-to-date symlink: /home/zaynap/grab/grab2/install/btcpp_ros2_interfaces/share/btcpp_ros2_interfaces/action/Sleep.idl
[0.599s] -- Up-to-date symlink: /home/zaynap/grab/grab2/install/btcpp_ros2_interfaces/share/btcpp_ros2_interfaces/msg/NodeStatus.msg
[0.599s] -- Up-to-date symlink: /home/zaynap/grab/grab2/install/btcpp_ros2_interfaces/share/btcpp_ros2_interfaces/action/ExecuteTree.action
[0.600s] -- Up-to-date symlink: /home/zaynap/grab/grab2/install/btcpp_ros2_interfaces/share/btcpp_ros2_interfaces/action/Sleep.action
[0.600s] -- Up-to-date symlink: /home/zaynap/grab/grab2/install/btcpp_ros2_interfaces/share/ament_index/resource_index/package_run_dependencies/btcpp_ros2_interfaces
[0.600s] -- Up-to-date symlink: /home/zaynap/grab/grab2/install/btcpp_ros2_interfaces/share/ament_index/resource_index/parent_prefix_path/btcpp_ros2_interfaces
[0.600s] -- Up-to-date symlink: /home/zaynap/grab/grab2/install/btcpp_ros2_interfaces/share/btcpp_ros2_interfaces/environment/ament_prefix_path.sh
[0.600s] -- Up-to-date symlink: /home/zaynap/grab/grab2/install/btcpp_ros2_interfaces/share/btcpp_ros2_interfaces/environment/ament_prefix_path.dsv
[0.600s] -- Up-to-date symlink: /home/zaynap/grab/grab2/install/btcpp_ros2_interfaces/share/btcpp_ros2_interfaces/environment/path.sh
[0.601s] -- Up-to-date symlink: /home/zaynap/grab/grab2/install/btcpp_ros2_interfaces/share/btcpp_ros2_interfaces/environment/path.dsv
[0.601s] -- Up-to-date symlink: /home/zaynap/grab/grab2/install/btcpp_ros2_interfaces/share/btcpp_ros2_interfaces/local_setup.bash
[0.601s] -- Up-to-date symlink: /home/zaynap/grab/grab2/install/btcpp_ros2_interfaces/share/btcpp_ros2_interfaces/local_setup.sh
[0.601s] -- Up-to-date symlink: /home/zaynap/grab/grab2/install/btcpp_ros2_interfaces/share/btcpp_ros2_interfaces/local_setup.zsh
[0.601s] -- Up-to-date symlink: /home/zaynap/grab/grab2/install/btcpp_ros2_interfaces/share/btcpp_ros2_interfaces/local_setup.dsv
[0.601s] -- Symlinking: /home/zaynap/grab/grab2/install/btcpp_ros2_interfaces/share/btcpp_ros2_interfaces/package.dsv
[0.603s] -- Up-to-date symlink: /home/zaynap/grab/grab2/install/btcpp_ros2_interfaces/share/ament_index/resource_index/packages/btcpp_ros2_interfaces
[0.603s] -- Up-to-date symlink: /home/zaynap/grab/grab2/install/btcpp_ros2_interfaces/share/btcpp_ros2_interfaces/cmake/rosidl_cmake-extras.cmake
[0.603s] -- Up-to-date symlink: /home/zaynap/grab/grab2/install/btcpp_ros2_interfaces/share/btcpp_ros2_interfaces/cmake/ament_cmake_export_dependencies-extras.cmake
[0.604s] -- Up-to-date symlink: /home/zaynap/grab/grab2/install/btcpp_ros2_interfaces/share/btcpp_ros2_interfaces/cmake/ament_cmake_export_include_directories-extras.cmake
[0.604s] -- Up-to-date symlink: /home/zaynap/grab/grab2/install/btcpp_ros2_interfaces/share/btcpp_ros2_interfaces/cmake/ament_cmake_export_libraries-extras.cmake
[0.604s] -- Up-to-date symlink: /home/zaynap/grab/grab2/install/btcpp_ros2_interfaces/share/btcpp_ros2_interfaces/cmake/ament_cmake_export_targets-extras.cmake
[0.604s] -- Up-to-date symlink: /home/zaynap/grab/grab2/install/btcpp_ros2_interfaces/share/btcpp_ros2_interfaces/cmake/rosidl_cmake_export_typesupport_targets-extras.cmake
[0.604s] -- Up-to-date symlink: /home/zaynap/grab/grab2/install/btcpp_ros2_interfaces/share/btcpp_ros2_interfaces/cmake/rosidl_cmake_export_typesupport_libraries-extras.cmake
[0.605s] -- Up-to-date symlink: /home/zaynap/grab/grab2/install/btcpp_ros2_interfaces/share/btcpp_ros2_interfaces/cmake/btcpp_ros2_interfacesConfig.cmake
[0.605s] -- Up-to-date symlink: /home/zaynap/grab/grab2/install/btcpp_ros2_interfaces/share/btcpp_ros2_interfaces/cmake/btcpp_ros2_interfacesConfig-version.cmake
[0.605s] -- Up-to-date symlink: /home/zaynap/grab/grab2/install/btcpp_ros2_interfaces/share/btcpp_ros2_interfaces/package.xml
[0.605s] -- Up-to-date: /home/zaynap/grab/grab2/install/btcpp_ros2_interfaces/lib/libbtcpp_ros2_interfaces__rosidl_generator_c.so
[0.606s] -- Up-to-date: /home/zaynap/grab/grab2/install/btcpp_ros2_interfaces/lib/libbtcpp_ros2_interfaces__rosidl_typesupport_fastrtps_c.so
[0.606s] -- Up-to-date: /home/zaynap/grab/grab2/install/btcpp_ros2_interfaces/lib/libbtcpp_ros2_interfaces__rosidl_typesupport_introspection_c.so
[0.606s] -- Up-to-date: /home/zaynap/grab/grab2/install/btcpp_ros2_interfaces/lib/libbtcpp_ros2_interfaces__rosidl_typesupport_c.so
[0.607s] -- Up-to-date: /home/zaynap/grab/grab2/install/btcpp_ros2_interfaces/lib/libbtcpp_ros2_interfaces__rosidl_typesupport_fastrtps_cpp.so
[0.607s] -- Up-to-date: /home/zaynap/grab/grab2/install/btcpp_ros2_interfaces/lib/libbtcpp_ros2_interfaces__rosidl_typesupport_introspection_cpp.so
[0.607s] -- Up-to-date: /home/zaynap/grab/grab2/install/btcpp_ros2_interfaces/lib/libbtcpp_ros2_interfaces__rosidl_typesupport_cpp.so
[0.639s] Listing '/home/zaynap/grab/grab2/install/btcpp_ros2_interfaces/local/lib/python3.10/dist-packages/btcpp_ros2_interfaces'...
[0.639s] Listing '/home/zaynap/grab/grab2/install/btcpp_ros2_interfaces/local/lib/python3.10/dist-packages/btcpp_ros2_interfaces/action'...
[0.640s] Listing '/home/zaynap/grab/grab2/install/btcpp_ros2_interfaces/local/lib/python3.10/dist-packages/btcpp_ros2_interfaces/msg'...
[0.644s] -- Up-to-date: /home/zaynap/grab/grab2/install/btcpp_ros2_interfaces/lib/libbtcpp_ros2_interfaces__rosidl_generator_py.so
[0.644s] -- Up-to-date: /home/zaynap/grab/grab2/install/btcpp_ros2_interfaces/share/btcpp_ros2_interfaces/cmake/export_btcpp_ros2_interfaces__rosidl_generator_cExport.cmake
[0.645s] -- Up-to-date: /home/zaynap/grab/grab2/install/btcpp_ros2_interfaces/share/btcpp_ros2_interfaces/cmake/export_btcpp_ros2_interfaces__rosidl_generator_cExport-noconfig.cmake
[0.645s] -- Up-to-date: /home/zaynap/grab/grab2/install/btcpp_ros2_interfaces/share/btcpp_ros2_interfaces/cmake/export_btcpp_ros2_interfaces__rosidl_typesupport_fastrtps_cExport.cmake
[0.645s] -- Up-to-date: /home/zaynap/grab/grab2/install/btcpp_ros2_interfaces/share/btcpp_ros2_interfaces/cmake/export_btcpp_ros2_interfaces__rosidl_typesupport_fastrtps_cExport-noconfig.cmake
[0.645s] -- Up-to-date: /home/zaynap/grab/grab2/install/btcpp_ros2_interfaces/share/btcpp_ros2_interfaces/cmake/btcpp_ros2_interfaces__rosidl_typesupport_introspection_cExport.cmake
[0.645s] -- Up-to-date: /home/zaynap/grab/grab2/install/btcpp_ros2_interfaces/share/btcpp_ros2_interfaces/cmake/btcpp_ros2_interfaces__rosidl_typesupport_introspection_cExport-noconfig.cmake
[0.645s] -- Up-to-date: /home/zaynap/grab/grab2/install/btcpp_ros2_interfaces/share/btcpp_ros2_interfaces/cmake/btcpp_ros2_interfaces__rosidl_typesupport_cExport.cmake
[0.645s] -- Up-to-date: /home/zaynap/grab/grab2/install/btcpp_ros2_interfaces/share/btcpp_ros2_interfaces/cmake/btcpp_ros2_interfaces__rosidl_typesupport_cExport-noconfig.cmake
[0.646s] -- Up-to-date: /home/zaynap/grab/grab2/install/btcpp_ros2_interfaces/share/btcpp_ros2_interfaces/cmake/export_btcpp_ros2_interfaces__rosidl_generator_cppExport.cmake
[0.646s] -- Up-to-date: /home/zaynap/grab/grab2/install/btcpp_ros2_interfaces/share/btcpp_ros2_interfaces/cmake/export_btcpp_ros2_interfaces__rosidl_typesupport_fastrtps_cppExport.cmake
[0.646s] -- Up-to-date: /home/zaynap/grab/grab2/install/btcpp_ros2_interfaces/share/btcpp_ros2_interfaces/cmake/export_btcpp_ros2_interfaces__rosidl_typesupport_fastrtps_cppExport-noconfig.cmake
[0.646s] -- Up-to-date: /home/zaynap/grab/grab2/install/btcpp_ros2_interfaces/share/btcpp_ros2_interfaces/cmake/btcpp_ros2_interfaces__rosidl_typesupport_introspection_cppExport.cmake
[0.646s] -- Up-to-date: /home/zaynap/grab/grab2/install/btcpp_ros2_interfaces/share/btcpp_ros2_interfaces/cmake/btcpp_ros2_interfaces__rosidl_typesupport_introspection_cppExport-noconfig.cmake
[0.646s] -- Up-to-date: /home/zaynap/grab/grab2/install/btcpp_ros2_interfaces/share/btcpp_ros2_interfaces/cmake/btcpp_ros2_interfaces__rosidl_typesupport_cppExport.cmake
[0.646s] -- Up-to-date: /home/zaynap/grab/grab2/install/btcpp_ros2_interfaces/share/btcpp_ros2_interfaces/cmake/btcpp_ros2_interfaces__rosidl_typesupport_cppExport-noconfig.cmake
[0.646s] -- Up-to-date: /home/zaynap/grab/grab2/install/btcpp_ros2_interfaces/share/btcpp_ros2_interfaces/cmake/export_btcpp_ros2_interfaces__rosidl_generator_pyExport.cmake
[0.646s] -- Up-to-date: /home/zaynap/grab/grab2/install/btcpp_ros2_interfaces/share/btcpp_ros2_interfaces/cmake/export_btcpp_ros2_interfaces__rosidl_generator_pyExport-noconfig.cmake
[0.649s] Invoked command in '/home/zaynap/grab/grab2/build/btcpp_ros2_interfaces' returned '0': CMAKE_PREFIX_PATH=${CMAKE_PREFIX_PATH}:/home/zaynap/grab/grab2/install/grab2_curobo_planner:/opt/ros/humble /usr/bin/cmake --install /home/zaynap/grab/grab2/build/btcpp_ros2_interfaces
