[0.013s] Invoking command in '/home/zaynap/grab/grab2/build/grab2_controller': CMAKE_PREFIX_PATH=/home/zaynap/grab/grab2/install/topic_based_ros2_control:/home/zaynap/grab/grab2/install/grab2_controller:/home/zaynap/grab/grab2/install/grab2_planner:/home/zaynap/grab/grab2/install/grab2_grasp_generator:/home/zaynap/grab/grab2/install/grab2_ros_common:/home/zaynap/grab/grab2/install/grab2_behavior_tree:/home/zaynap/grab/grab2/install/grab2_msgs:/home/zaynap/grab/grab2/install/btcpp_ros2_samples:/home/zaynap/grab/grab2/install/behaviortree_ros2:/home/zaynap/grab/grab2/install/btcpp_ros2_interfaces:/home/zaynap/grab/grab2/install/grab2_curobo_planner:/opt/ros/humble /usr/bin/cmake /home/zaynap/grab/grab2/grab2_controller -DCMAKE_INSTALL_PREFIX=/home/zaynap/grab/grab2/install/grab2_controller
[0.118s] -- The C compiler identification is GNU 11.4.0
[0.219s] -- The CXX compiler identification is GNU 11.4.0
[0.232s] -- Detecting C compiler ABI info
[0.363s] -- Detecting C compiler ABI info - done
[0.378s] -- Check for working C compiler: /usr/bin/cc - skipped
[0.378s] -- Detecting C compile features
[0.379s] -- Detecting C compile features - done
[0.385s] -- Detecting CXX compiler ABI info
[0.516s] -- Detecting CXX compiler ABI info - done
[0.528s] -- Check for working CXX compiler: /usr/bin/c++ - skipped
[0.529s] -- Detecting CXX compile features
[0.530s] -- Detecting CXX compile features - done
[0.536s] -- Found ament_cmake: 1.3.12 (/opt/ros/humble/share/ament_cmake/cmake)
[1.257s] -- Found Python3: /usr/bin/python3 (found version "3.10.12") found components: Interpreter 
[1.426s] -- Found ament_lint_auto: 0.12.14 (/opt/ros/humble/share/ament_lint_auto/cmake)
[1.620s] -- Added test 'flake8' to check Python code syntax and style conventions
[1.621s] -- Added test 'lint_cmake' to check CMake code style
[1.623s] -- Added test 'pep257' to check Python code against some of the docstring style conventions in PEP 257
[1.626s] -- Added test 'xmllint' to check XML markup files
[1.628s] -- Configuring done
[1.631s] -- Generating done
[1.635s] -- Build files have been written to: /home/zaynap/grab/grab2/build/grab2_controller
[1.641s] Invoked command in '/home/zaynap/grab/grab2/build/grab2_controller' returned '0': CMAKE_PREFIX_PATH=/home/zaynap/grab/grab2/install/topic_based_ros2_control:/home/zaynap/grab/grab2/install/grab2_controller:/home/zaynap/grab/grab2/install/grab2_planner:/home/zaynap/grab/grab2/install/grab2_grasp_generator:/home/zaynap/grab/grab2/install/grab2_ros_common:/home/zaynap/grab/grab2/install/grab2_behavior_tree:/home/zaynap/grab/grab2/install/grab2_msgs:/home/zaynap/grab/grab2/install/btcpp_ros2_samples:/home/zaynap/grab/grab2/install/behaviortree_ros2:/home/zaynap/grab/grab2/install/btcpp_ros2_interfaces:/home/zaynap/grab/grab2/install/grab2_curobo_planner:/opt/ros/humble /usr/bin/cmake /home/zaynap/grab/grab2/grab2_controller -DCMAKE_INSTALL_PREFIX=/home/zaynap/grab/grab2/install/grab2_controller
[1.643s] Invoking command in '/home/zaynap/grab/grab2/build/grab2_controller': CMAKE_PREFIX_PATH=/home/zaynap/grab/grab2/install/topic_based_ros2_control:/home/zaynap/grab/grab2/install/grab2_controller:/home/zaynap/grab/grab2/install/grab2_planner:/home/zaynap/grab/grab2/install/grab2_grasp_generator:/home/zaynap/grab/grab2/install/grab2_ros_common:/home/zaynap/grab/grab2/install/grab2_behavior_tree:/home/zaynap/grab/grab2/install/grab2_msgs:/home/zaynap/grab/grab2/install/btcpp_ros2_samples:/home/zaynap/grab/grab2/install/behaviortree_ros2:/home/zaynap/grab/grab2/install/btcpp_ros2_interfaces:/home/zaynap/grab/grab2/install/grab2_curobo_planner:/opt/ros/humble /usr/bin/cmake --build /home/zaynap/grab/grab2/build/grab2_controller -- -j8 -l8
[1.700s] Invoked command in '/home/zaynap/grab/grab2/build/grab2_controller' returned '0': CMAKE_PREFIX_PATH=/home/zaynap/grab/grab2/install/topic_based_ros2_control:/home/zaynap/grab/grab2/install/grab2_controller:/home/zaynap/grab/grab2/install/grab2_planner:/home/zaynap/grab/grab2/install/grab2_grasp_generator:/home/zaynap/grab/grab2/install/grab2_ros_common:/home/zaynap/grab/grab2/install/grab2_behavior_tree:/home/zaynap/grab/grab2/install/grab2_msgs:/home/zaynap/grab/grab2/install/btcpp_ros2_samples:/home/zaynap/grab/grab2/install/behaviortree_ros2:/home/zaynap/grab/grab2/install/btcpp_ros2_interfaces:/home/zaynap/grab/grab2/install/grab2_curobo_planner:/opt/ros/humble /usr/bin/cmake --build /home/zaynap/grab/grab2/build/grab2_controller -- -j8 -l8
[1.702s] Invoking command in '/home/zaynap/grab/grab2/build/grab2_controller': CMAKE_PREFIX_PATH=/home/zaynap/grab/grab2/install/topic_based_ros2_control:/home/zaynap/grab/grab2/install/grab2_controller:/home/zaynap/grab/grab2/install/grab2_planner:/home/zaynap/grab/grab2/install/grab2_grasp_generator:/home/zaynap/grab/grab2/install/grab2_ros_common:/home/zaynap/grab/grab2/install/grab2_behavior_tree:/home/zaynap/grab/grab2/install/grab2_msgs:/home/zaynap/grab/grab2/install/btcpp_ros2_samples:/home/zaynap/grab/grab2/install/behaviortree_ros2:/home/zaynap/grab/grab2/install/btcpp_ros2_interfaces:/home/zaynap/grab/grab2/install/grab2_curobo_planner:/opt/ros/humble /usr/bin/cmake --install /home/zaynap/grab/grab2/build/grab2_controller
[1.713s] -- Install configuration: ""
[1.713s] -- Installing: /home/zaynap/grab/grab2/install/grab2_controller/share/grab2_controller/launch
[1.714s] -- Installing: /home/zaynap/grab/grab2/install/grab2_controller/share/grab2_controller/launch/ur5e_robotiq_2f_140_controllers.launch.py
[1.714s] -- Installing: /home/zaynap/grab/grab2/install/grab2_controller/share/grab2_controller/launch/ur10e_suction_gripper_controllers.launch.py
[1.714s] -- Installing: /home/zaynap/grab/grab2/install/grab2_controller/share/grab2_controller/launch/franka_controllers.launch.py
[1.714s] -- Installing: /home/zaynap/grab/grab2/install/grab2_controller/share/grab2_controller/description
[1.714s] -- Installing: /home/zaynap/grab/grab2/install/grab2_controller/share/grab2_controller/description/robotiq_2f_140
[1.714s] -- Installing: /home/zaynap/grab/grab2/install/grab2_controller/share/grab2_controller/description/robotiq_2f_140/robotiq_2f_140.xacro
[1.714s] -- Installing: /home/zaynap/grab/grab2/install/grab2_controller/share/grab2_controller/description/robotiq_2f_140/meshes
[1.715s] -- Installing: /home/zaynap/grab/grab2/install/grab2_controller/share/grab2_controller/description/robotiq_2f_140/meshes/visual
[1.715s] -- Installing: /home/zaynap/grab/grab2/install/grab2_controller/share/grab2_controller/description/robotiq_2f_140/meshes/visual/robotiq_arg2f_140_inner_knuckle.stl
[1.715s] -- Installing: /home/zaynap/grab/grab2/install/grab2_controller/share/grab2_controller/description/robotiq_2f_140/meshes/visual/robotiq_arg2f_base_link.stl
[1.716s] -- Installing: /home/zaynap/grab/grab2/install/grab2_controller/share/grab2_controller/description/robotiq_2f_140/meshes/visual/robotiq_arg2f_coupling.stl
[1.716s] -- Installing: /home/zaynap/grab/grab2/install/grab2_controller/share/grab2_controller/description/robotiq_2f_140/meshes/visual/robotiq_arg2f_140_inner_finger.stl
[1.717s] -- Installing: /home/zaynap/grab/grab2/install/grab2_controller/share/grab2_controller/description/robotiq_2f_140/meshes/visual/robotiq_arg2f_140_outer_knuckle.stl
[1.717s] -- Installing: /home/zaynap/grab/grab2/install/grab2_controller/share/grab2_controller/description/robotiq_2f_140/meshes/visual/robotiq_arg2f_140_outer_finger.stl
[1.717s] -- Installing: /home/zaynap/grab/grab2/install/grab2_controller/share/grab2_controller/description/robotiq_2f_140/meshes/collision
[1.717s] -- Installing: /home/zaynap/grab/grab2/install/grab2_controller/share/grab2_controller/description/robotiq_2f_140/meshes/collision/robotiq_arg2f_140_inner_knuckle.stl
[1.717s] -- Installing: /home/zaynap/grab/grab2/install/grab2_controller/share/grab2_controller/description/robotiq_2f_140/meshes/collision/robotiq_arg2f_base_link.stl
[1.717s] -- Installing: /home/zaynap/grab/grab2/install/grab2_controller/share/grab2_controller/description/robotiq_2f_140/meshes/collision/robotiq_arg2f_coupling.stl
[1.718s] -- Installing: /home/zaynap/grab/grab2/install/grab2_controller/share/grab2_controller/description/robotiq_2f_140/meshes/collision/robotiq_arg2f_140_inner_finger.stl
[1.718s] -- Installing: /home/zaynap/grab/grab2/install/grab2_controller/share/grab2_controller/description/robotiq_2f_140/meshes/collision/robotiq_arg2f_140_outer_knuckle.stl
[1.718s] -- Installing: /home/zaynap/grab/grab2/install/grab2_controller/share/grab2_controller/description/robotiq_2f_140/meshes/collision/robotiq_arg2f_140_outer_finger.stl
[1.718s] -- Installing: /home/zaynap/grab/grab2/install/grab2_controller/share/grab2_controller/description/robotiq_2f_140/README.md
[1.718s] -- Installing: /home/zaynap/grab/grab2/install/grab2_controller/share/grab2_controller/description/ur
[1.718s] -- Installing: /home/zaynap/grab/grab2/install/grab2_controller/share/grab2_controller/description/ur/ur.urdf.xacro
[1.718s] -- Installing: /home/zaynap/grab/grab2/install/grab2_controller/share/grab2_controller/description/ur/ur.ros2_control.xacro
[1.718s] -- Installing: /home/zaynap/grab/grab2/install/grab2_controller/share/grab2_controller/description/panda
[1.719s] -- Installing: /home/zaynap/grab/grab2/install/grab2_controller/share/grab2_controller/description/panda/panda.ros2_control.xacro
[1.719s] -- Installing: /home/zaynap/grab/grab2/install/grab2_controller/share/grab2_controller/description/panda/panda.urdf.xacro
[1.719s] -- Installing: /home/zaynap/grab/grab2/install/grab2_controller/share/grab2_controller/config
[1.719s] -- Installing: /home/zaynap/grab/grab2/install/grab2_controller/share/grab2_controller/config/ur
[1.719s] -- Installing: /home/zaynap/grab/grab2/install/grab2_controller/share/grab2_controller/config/ur/ros2_controllers.yaml
[1.719s] -- Installing: /home/zaynap/grab/grab2/install/grab2_controller/share/grab2_controller/config/ur/initial_positions.yaml
[1.719s] -- Installing: /home/zaynap/grab/grab2/install/grab2_controller/share/grab2_controller/config/rviz2
[1.720s] -- Installing: /home/zaynap/grab/grab2/install/grab2_controller/share/grab2_controller/config/rviz2/3d_detection_cfg.yaml
[1.720s] -- Installing: /home/zaynap/grab/grab2/install/grab2_controller/share/grab2_controller/config/rviz2/rviz2_config.rviz
[1.720s] -- Installing: /home/zaynap/grab/grab2/install/grab2_controller/share/grab2_controller/config/panda
[1.720s] -- Installing: /home/zaynap/grab/grab2/install/grab2_controller/share/grab2_controller/config/panda/ros2_controllers.yaml
[1.720s] -- Installing: /home/zaynap/grab/grab2/install/grab2_controller/share/grab2_controller/config/panda/initial_positions.yaml
[1.720s] -- Installing: /home/zaynap/grab/grab2/install/grab2_controller/share/ament_index/resource_index/package_run_dependencies/grab2_controller
[1.720s] -- Installing: /home/zaynap/grab/grab2/install/grab2_controller/share/ament_index/resource_index/parent_prefix_path/grab2_controller
[1.721s] -- Installing: /home/zaynap/grab/grab2/install/grab2_controller/share/grab2_controller/environment/ament_prefix_path.sh
[1.721s] -- Installing: /home/zaynap/grab/grab2/install/grab2_controller/share/grab2_controller/environment/ament_prefix_path.dsv
[1.721s] -- Installing: /home/zaynap/grab/grab2/install/grab2_controller/share/grab2_controller/environment/path.sh
[1.721s] -- Installing: /home/zaynap/grab/grab2/install/grab2_controller/share/grab2_controller/environment/path.dsv
[1.721s] -- Installing: /home/zaynap/grab/grab2/install/grab2_controller/share/grab2_controller/local_setup.bash
[1.721s] -- Installing: /home/zaynap/grab/grab2/install/grab2_controller/share/grab2_controller/local_setup.sh
[1.721s] -- Installing: /home/zaynap/grab/grab2/install/grab2_controller/share/grab2_controller/local_setup.zsh
[1.721s] -- Installing: /home/zaynap/grab/grab2/install/grab2_controller/share/grab2_controller/local_setup.dsv
[1.723s] -- Installing: /home/zaynap/grab/grab2/install/grab2_controller/share/grab2_controller/package.dsv
[1.723s] -- Installing: /home/zaynap/grab/grab2/install/grab2_controller/share/ament_index/resource_index/packages/grab2_controller
[1.723s] -- Installing: /home/zaynap/grab/grab2/install/grab2_controller/share/grab2_controller/cmake/grab2_controllerConfig.cmake
[1.723s] -- Installing: /home/zaynap/grab/grab2/install/grab2_controller/share/grab2_controller/cmake/grab2_controllerConfig-version.cmake
[1.723s] -- Installing: /home/zaynap/grab/grab2/install/grab2_controller/share/grab2_controller/package.xml
[1.726s] Invoked command in '/home/zaynap/grab/grab2/build/grab2_controller' returned '0': CMAKE_PREFIX_PATH=/home/zaynap/grab/grab2/install/topic_based_ros2_control:/home/zaynap/grab/grab2/install/grab2_controller:/home/zaynap/grab/grab2/install/grab2_planner:/home/zaynap/grab/grab2/install/grab2_grasp_generator:/home/zaynap/grab/grab2/install/grab2_ros_common:/home/zaynap/grab/grab2/install/grab2_behavior_tree:/home/zaynap/grab/grab2/install/grab2_msgs:/home/zaynap/grab/grab2/install/btcpp_ros2_samples:/home/zaynap/grab/grab2/install/behaviortree_ros2:/home/zaynap/grab/grab2/install/btcpp_ros2_interfaces:/home/zaynap/grab/grab2/install/grab2_curobo_planner:/opt/ros/humble /usr/bin/cmake --install /home/zaynap/grab/grab2/build/grab2_controller
