[0.162s] Invoking command in '/home/zaynap/grab/grab2/build/topic_based_ros2_control': CMAKE_PREFIX_PATH=/opt/ros/humble /usr/bin/cmake /home/zaynap/grab/grab2/topic_based_ros2_control -DCMAKE_INSTALL_PREFIX=/home/zaynap/grab/grab2/install/topic_based_ros2_control
[2.837s] -- The CXX compiler identification is GNU 11.4.0
[2.951s] -- Detecting CXX compiler ABI info
[3.288s] -- Detecting CXX compiler ABI info - done
[3.299s] -- Check for working CXX compiler: /usr/bin/c++ - skipped
[3.299s] -- Detecting CXX compile features
[3.299s] -- Detecting CXX compile features - done
[3.488s] -- Found ament_cmake: 1.3.12 (/opt/ros/humble/share/ament_cmake/cmake)
[4.054s] -- Found Python3: /usr/bin/python3 (found version "3.10.12") found components: Interpreter 
[4.426s] -- Found angles: 1.15.0 (/opt/ros/humble/share/angles/cmake)
[4.573s] -- Found rclcpp: 16.0.15 (/opt/ros/humble/share/rclcpp/cmake)
[4.824s] -- Found rosidl_generator_c: 3.1.7 (/opt/ros/humble/share/rosidl_generator_c/cmake)
[4.830s] -- Found rosidl_adapter: 3.1.7 (/opt/ros/humble/share/rosidl_adapter/cmake)
[4.853s] -- Found rosidl_generator_cpp: 3.1.7 (/opt/ros/humble/share/rosidl_generator_cpp/cmake)
[4.937s] -- Using all available rosidl_typesupport_c: rosidl_typesupport_fastrtps_c;rosidl_typesupport_introspection_c
[4.977s] -- Using all available rosidl_typesupport_cpp: rosidl_typesupport_fastrtps_cpp;rosidl_typesupport_introspection_cpp
[5.483s] -- Found rmw_implementation_cmake: 6.1.2 (/opt/ros/humble/share/rmw_implementation_cmake/cmake)
[5.541s] -- Found rmw_fastrtps_cpp: 6.2.8 (/opt/ros/humble/share/rmw_fastrtps_cpp/cmake)
[6.327s] -- Found OpenSSL: /usr/lib/x86_64-linux-gnu/libcrypto.so (found version "3.0.2")  
[6.411s] -- Found FastRTPS: /opt/ros/humble/include  
[6.451s] -- Using RMW implementation 'rmw_fastrtps_cpp' as default
[6.642s] -- Looking for C++ include pthread.h
[6.888s] -- Looking for C++ include pthread.h - found
[6.888s] -- Performing Test CMAKE_HAVE_LIBC_PTHREAD
[7.026s] -- Performing Test CMAKE_HAVE_LIBC_PTHREAD - Success
[7.028s] -- Found Threads: TRUE  
[7.459s] -- Found hardware_interface: 2.52.0 (/opt/ros/humble/share/hardware_interface/cmake)
[7.904s] -- Found ament_cmake_gtest: 1.3.12 (/opt/ros/humble/share/ament_cmake_gtest/cmake)
[7.926s] -- Found ament_lint_auto: 0.12.14 (/opt/ros/humble/share/ament_lint_auto/cmake)
[7.933s] -- Found ament_cmake_pytest: 1.3.12 (/opt/ros/humble/share/ament_cmake_pytest/cmake)
[7.963s] -- Found ros2_control_test_assets: 2.52.0 (/opt/ros/humble/share/ros2_control_test_assets/cmake)
[8.024s] -- Found ros_testing: 0.4.0 (/opt/ros/humble/share/ros_testing/cmake)
[8.050s] -- Found launch_testing_ament_cmake: 1.0.10 (/opt/ros/humble/share/launch_testing_ament_cmake/cmake)
[8.052s] -- Found python_cmake_module: 0.10.0 (/opt/ros/humble/share/python_cmake_module/cmake)
[8.072s] -- Found PythonInterp: /usr/bin/python3 (found suitable version "3.10.12", minimum required is "3.6") 
[8.077s] -- Found PythonLibs: /usr/lib/x86_64-linux-gnu/libpython3.10.so (found suitable version "3.10.12", minimum required is "3.5") 
[8.077s] -- Using PYTHON_EXECUTABLE: /usr/bin/python3
[8.077s] -- Using PYTHON_INCLUDE_DIRS: /usr/include/python3.10
[8.077s] -- Using PYTHON_LIBRARIES: /usr/lib/x86_64-linux-gnu/libpython3.10.so
[8.098s] -- Found PythonExtra: .so  
[9.439s] -- Found eigen3_cmake_module: 0.1.1 (/opt/ros/humble/share/eigen3_cmake_module/cmake)
[9.440s] -- Found Eigen3: TRUE (found version "3.4.0") 
[9.441s] -- Ensuring Eigen3 include directory is part of orocos-kdl CMake target
[10.509s] -- Found gtest sources under '/opt/ros/humble/src/gtest_vendor': C++ tests using 'Google Test' will be built
[10.614s] -- The C compiler identification is GNU 11.4.0
[10.620s] -- Detecting C compiler ABI info
[10.684s] -- Detecting C compiler ABI info - done
[10.698s] -- Check for working C compiler: /usr/bin/cc - skipped
[10.699s] -- Detecting C compile features
[10.700s] -- Detecting C compile features - done
[10.966s] -- Added test 'copyright' to check source files copyright and LICENSE
[11.017s] -- Added test 'cppcheck' to perform static code analysis on C / C++ code
[11.017s] -- Configured cppcheck include dirs: $<BUILD_INTERFACE:/home/zaynap/grab/grab2/topic_based_ros2_control/include>
[11.017s] -- Configured cppcheck exclude dirs and/or files: 
[11.134s] -- Added test 'lint_cmake' to check CMake code style
[11.208s] -- Added test 'xmllint' to check XML markup files
[11.211s] -- Configuring done
[11.405s] -- Generating done
[11.419s] -- Build files have been written to: /home/zaynap/grab/grab2/build/topic_based_ros2_control
[11.440s] Invoked command in '/home/zaynap/grab/grab2/build/topic_based_ros2_control' returned '0': CMAKE_PREFIX_PATH=/opt/ros/humble /usr/bin/cmake /home/zaynap/grab/grab2/topic_based_ros2_control -DCMAKE_INSTALL_PREFIX=/home/zaynap/grab/grab2/install/topic_based_ros2_control
[11.442s] Invoking command in '/home/zaynap/grab/grab2/build/topic_based_ros2_control': CMAKE_PREFIX_PATH=/opt/ros/humble /usr/bin/cmake --build /home/zaynap/grab/grab2/build/topic_based_ros2_control -- -j8 -l8
[11.526s] [ 12%] [32mBuilding CXX object gtest/CMakeFiles/gtest_main.dir/src/gtest_main.cc.o[0m
[11.531s] [ 25%] [32mBuilding CXX object gtest/CMakeFiles/gtest.dir/src/gtest-all.cc.o[0m
[11.533s] [ 37%] [32mBuilding CXX object CMakeFiles/topic_based_ros2_control.dir/src/topic_based_system.cpp.o[0m
[15.215s] [ 50%] [32m[1mLinking CXX static library libgtest_main.a[0m
[15.756s] [ 50%] Built target gtest_main
[18.308s] [ 62%] [32m[1mLinking CXX static library libgtest.a[0m
[18.383s] [ 62%] Built target gtest
[26.050s] [ 75%] [32m[1mLinking CXX shared library libtopic_based_ros2_control.so[0m
[30.001s] [ 75%] Built target topic_based_ros2_control
[30.022s] [ 87%] [32mBuilding CXX object CMakeFiles/topic_based_system_test.dir/test/topic_based_system_test.cpp.o[0m
[32.770s] [100%] [32m[1mLinking CXX executable topic_based_system_test[0m
[34.006s] [100%] Built target topic_based_system_test
[34.017s] Invoked command in '/home/zaynap/grab/grab2/build/topic_based_ros2_control' returned '0': CMAKE_PREFIX_PATH=/opt/ros/humble /usr/bin/cmake --build /home/zaynap/grab/grab2/build/topic_based_ros2_control -- -j8 -l8
[34.018s] Invoking command in '/home/zaynap/grab/grab2/build/topic_based_ros2_control': CMAKE_PREFIX_PATH=/opt/ros/humble /usr/bin/cmake --install /home/zaynap/grab/grab2/build/topic_based_ros2_control
[34.025s] -- Install configuration: ""
[34.026s] -- Installing: /home/zaynap/grab/grab2/install/topic_based_ros2_control/lib/libtopic_based_ros2_control.so
[34.030s] -- Set runtime path of "/home/zaynap/grab/grab2/install/topic_based_ros2_control/lib/libtopic_based_ros2_control.so" to ""
[34.030s] -- Installing: /home/zaynap/grab/grab2/install/topic_based_ros2_control/share/topic_based_ros2_control/topic_based_ros2_control_plugin_description.xml
[34.110s] -- Installing: /home/zaynap/grab/grab2/install/topic_based_ros2_control/share/topic_based_ros2_control/environment/library_path.sh
[34.110s] -- Installing: /home/zaynap/grab/grab2/install/topic_based_ros2_control/share/topic_based_ros2_control/environment/library_path.dsv
[34.110s] -- Installing: /home/zaynap/grab/grab2/install/topic_based_ros2_control/share/ament_index/resource_index/package_run_dependencies/topic_based_ros2_control
[34.111s] -- Installing: /home/zaynap/grab/grab2/install/topic_based_ros2_control/share/ament_index/resource_index/parent_prefix_path/topic_based_ros2_control
[34.111s] -- Installing: /home/zaynap/grab/grab2/install/topic_based_ros2_control/share/topic_based_ros2_control/environment/ament_prefix_path.sh
[34.111s] -- Installing: /home/zaynap/grab/grab2/install/topic_based_ros2_control/share/topic_based_ros2_control/environment/ament_prefix_path.dsv
[34.111s] -- Installing: /home/zaynap/grab/grab2/install/topic_based_ros2_control/share/topic_based_ros2_control/environment/path.sh
[34.111s] -- Installing: /home/zaynap/grab/grab2/install/topic_based_ros2_control/share/topic_based_ros2_control/environment/path.dsv
[34.111s] -- Installing: /home/zaynap/grab/grab2/install/topic_based_ros2_control/share/topic_based_ros2_control/local_setup.bash
[34.111s] -- Installing: /home/zaynap/grab/grab2/install/topic_based_ros2_control/share/topic_based_ros2_control/local_setup.sh
[34.112s] -- Installing: /home/zaynap/grab/grab2/install/topic_based_ros2_control/share/topic_based_ros2_control/local_setup.zsh
[34.112s] -- Installing: /home/zaynap/grab/grab2/install/topic_based_ros2_control/share/topic_based_ros2_control/local_setup.dsv
[34.112s] -- Installing: /home/zaynap/grab/grab2/install/topic_based_ros2_control/share/topic_based_ros2_control/package.dsv
[34.112s] -- Installing: /home/zaynap/grab/grab2/install/topic_based_ros2_control/share/ament_index/resource_index/packages/topic_based_ros2_control
[34.112s] -- Installing: /home/zaynap/grab/grab2/install/topic_based_ros2_control/share/ament_index/resource_index/hardware_interface__pluginlib__plugin/topic_based_ros2_control
[34.112s] -- Installing: /home/zaynap/grab/grab2/install/topic_based_ros2_control/share/topic_based_ros2_control/cmake/topic_based_ros2_controlTargetsExport.cmake
[34.112s] -- Installing: /home/zaynap/grab/grab2/install/topic_based_ros2_control/share/topic_based_ros2_control/cmake/topic_based_ros2_controlTargetsExport-noconfig.cmake
[34.113s] -- Installing: /home/zaynap/grab/grab2/install/topic_based_ros2_control/share/topic_based_ros2_control/cmake/ament_cmake_export_targets-extras.cmake
[34.113s] -- Installing: /home/zaynap/grab/grab2/install/topic_based_ros2_control/share/topic_based_ros2_control/cmake/ament_cmake_export_dependencies-extras.cmake
[34.113s] -- Installing: /home/zaynap/grab/grab2/install/topic_based_ros2_control/share/topic_based_ros2_control/cmake/topic_based_ros2_controlConfig.cmake
[34.113s] -- Installing: /home/zaynap/grab/grab2/install/topic_based_ros2_control/share/topic_based_ros2_control/cmake/topic_based_ros2_controlConfig-version.cmake
[34.113s] -- Installing: /home/zaynap/grab/grab2/install/topic_based_ros2_control/share/topic_based_ros2_control/package.xml
[34.116s] Invoked command in '/home/zaynap/grab/grab2/build/topic_based_ros2_control' returned '0': CMAKE_PREFIX_PATH=/opt/ros/humble /usr/bin/cmake --install /home/zaynap/grab/grab2/build/topic_based_ros2_control
