[ 25%] [32mBuilding CXX object CMakeFiles/planner_server_core.dir/src/planner_server.cpp.o[0m
[ 50%] [32m[1mLinking CXX shared library libplanner_server_core.so[0m
[ 50%] Built target planner_server_core
[ 75%] [32m[1mLinking CXX executable planner_server[0m
[100%] Built target planner_server
-- Install configuration: ""
-- Installing: /home/zaynap/grab/grab2/install/grab2_planner/lib/libplanner_server_core.so
-- Set runtime path of "/home/zaynap/grab/grab2/install/grab2_planner/lib/libplanner_server_core.so" to ""
-- Installing: /home/zaynap/grab/grab2/install/grab2_planner/lib/grab2_planner/planner_server
-- Set runtime path of "/home/zaynap/grab/grab2/install/grab2_planner/lib/grab2_planner/planner_server" to ""
-- Up-to-date: /home/zaynap/grab/grab2/install/grab2_planner/include/grab2_planner
-- Up-to-date: /home/zaynap/grab/grab2/install/grab2_planner/include/grab2_planner/grab2_planner
-- Up-to-date: /home/zaynap/grab/grab2/install/grab2_planner/include/grab2_planner/grab2_planner/planner_server.hpp
-- Up-to-date: /home/zaynap/grab/grab2/install/grab2_planner/share/grab2_planner/launch
-- Installing: /home/zaynap/grab/grab2/install/grab2_planner/share/grab2_planner/launch/planning_server.launch.py
-- Up-to-date: /home/zaynap/grab/grab2/install/grab2_planner/share/grab2_planner/config
-- Up-to-date: /home/zaynap/grab/grab2/install/grab2_planner/share/grab2_planner/config/panda_move_group.rviz
-- Up-to-date: /home/zaynap/grab/grab2/install/grab2_planner/share/grab2_planner/environment/library_path.sh
-- Up-to-date: /home/zaynap/grab/grab2/install/grab2_planner/share/grab2_planner/environment/library_path.dsv
-- Up-to-date: /home/zaynap/grab/grab2/install/grab2_planner/share/ament_index/resource_index/package_run_dependencies/grab2_planner
-- Up-to-date: /home/zaynap/grab/grab2/install/grab2_planner/share/ament_index/resource_index/parent_prefix_path/grab2_planner
-- Up-to-date: /home/zaynap/grab/grab2/install/grab2_planner/share/grab2_planner/environment/ament_prefix_path.sh
-- Up-to-date: /home/zaynap/grab/grab2/install/grab2_planner/share/grab2_planner/environment/ament_prefix_path.dsv
-- Up-to-date: /home/zaynap/grab/grab2/install/grab2_planner/share/grab2_planner/environment/path.sh
-- Up-to-date: /home/zaynap/grab/grab2/install/grab2_planner/share/grab2_planner/environment/path.dsv
-- Up-to-date: /home/zaynap/grab/grab2/install/grab2_planner/share/grab2_planner/local_setup.bash
-- Up-to-date: /home/zaynap/grab/grab2/install/grab2_planner/share/grab2_planner/local_setup.sh
-- Up-to-date: /home/zaynap/grab/grab2/install/grab2_planner/share/grab2_planner/local_setup.zsh
-- Up-to-date: /home/zaynap/grab/grab2/install/grab2_planner/share/grab2_planner/local_setup.dsv
-- Installing: /home/zaynap/grab/grab2/install/grab2_planner/share/grab2_planner/package.dsv
-- Up-to-date: /home/zaynap/grab/grab2/install/grab2_planner/share/ament_index/resource_index/packages/grab2_planner
-- Up-to-date: /home/zaynap/grab/grab2/install/grab2_planner/share/grab2_planner/cmake/planner_server_coreExport.cmake
-- Up-to-date: /home/zaynap/grab/grab2/install/grab2_planner/share/grab2_planner/cmake/planner_server_coreExport-noconfig.cmake
-- Up-to-date: /home/zaynap/grab/grab2/install/grab2_planner/share/grab2_planner/cmake/ament_cmake_export_include_directories-extras.cmake
-- Up-to-date: /home/zaynap/grab/grab2/install/grab2_planner/share/grab2_planner/cmake/ament_cmake_export_libraries-extras.cmake
-- Up-to-date: /home/zaynap/grab/grab2/install/grab2_planner/share/grab2_planner/cmake/ament_cmake_export_dependencies-extras.cmake
-- Up-to-date: /home/zaynap/grab/grab2/install/grab2_planner/share/grab2_planner/cmake/ament_cmake_export_targets-extras.cmake
-- Up-to-date: /home/zaynap/grab/grab2/install/grab2_planner/share/grab2_planner/cmake/grab2_plannerConfig.cmake
-- Up-to-date: /home/zaynap/grab/grab2/install/grab2_planner/share/grab2_planner/cmake/grab2_plannerConfig-version.cmake
-- Up-to-date: /home/zaynap/grab/grab2/install/grab2_planner/share/grab2_planner/package.xml
