[0.016s] Invoking command in '/home/zaynap/grab/grab2/build/grab2_planner': CMAKE_PREFIX_PATH=/home/zaynap/grab/grab2/install/grab2_ros_common:/home/zaynap/grab/grab2/install/grab2_msgs:/home/zaynap/grab/grab2/install/grab2_controller:/home/zaynap/grab/grab2/install/topic_based_ros2_control:/home/zaynap/grab/grab2/install/grab2_planner:/home/zaynap/grab/grab2/install/grab2_grasp_generator:/home/zaynap/grab/grab2/install/grab2_behavior_tree:/home/zaynap/grab/grab2/install/btcpp_ros2_samples:/home/zaynap/grab/grab2/install/behaviortree_ros2:/home/zaynap/grab/grab2/install/btcpp_ros2_interfaces:/home/zaynap/grab/grab2/install/grab2_curobo_planner:/opt/ros/humble LD_LIBRARY_PATH=/home/zaynap/grab/grab2/install/grab2_msgs/lib:/home/zaynap/grab/grab2/install/topic_based_ros2_control/lib:/home/zaynap/grab/grab2/install/grab2_planner/lib:/home/zaynap/grab/grab2/install/grab2_grasp_generator/lib:/home/zaynap/grab/grab2/install/grab2_behavior_tree/lib:/home/zaynap/grab/grab2/install/behaviortree_ros2/lib:/home/zaynap/grab/grab2/install/btcpp_ros2_interfaces/lib:/usr/lib/x86_64-linux-gnu/gazebo-11/plugins:/opt/ros/humble/opt/rviz_ogre_vendor/lib:/opt/ros/humble/lib/x86_64-linux-gnu:/opt/ros/humble/lib /usr/bin/cmake --build /home/zaynap/grab/grab2/build/grab2_planner -- -j8 -l8
[0.090s] [ 25%] [32mBuilding CXX object CMakeFiles/planner_server_core.dir/src/planner_server.cpp.o[0m
[8.958s] [ 50%] [32m[1mLinking CXX shared library libplanner_server_core.so[0m
[9.261s] [ 50%] Built target planner_server_core
[9.292s] [ 75%] [32m[1mLinking CXX executable planner_server[0m
[9.647s] [100%] Built target planner_server
[9.711s] Invoked command in '/home/zaynap/grab/grab2/build/grab2_planner' returned '0': CMAKE_PREFIX_PATH=/home/zaynap/grab/grab2/install/grab2_ros_common:/home/zaynap/grab/grab2/install/grab2_msgs:/home/zaynap/grab/grab2/install/grab2_controller:/home/zaynap/grab/grab2/install/topic_based_ros2_control:/home/zaynap/grab/grab2/install/grab2_planner:/home/zaynap/grab/grab2/install/grab2_grasp_generator:/home/zaynap/grab/grab2/install/grab2_behavior_tree:/home/zaynap/grab/grab2/install/btcpp_ros2_samples:/home/zaynap/grab/grab2/install/behaviortree_ros2:/home/zaynap/grab/grab2/install/btcpp_ros2_interfaces:/home/zaynap/grab/grab2/install/grab2_curobo_planner:/opt/ros/humble LD_LIBRARY_PATH=/home/zaynap/grab/grab2/install/grab2_msgs/lib:/home/zaynap/grab/grab2/install/topic_based_ros2_control/lib:/home/zaynap/grab/grab2/install/grab2_planner/lib:/home/zaynap/grab/grab2/install/grab2_grasp_generator/lib:/home/zaynap/grab/grab2/install/grab2_behavior_tree/lib:/home/zaynap/grab/grab2/install/behaviortree_ros2/lib:/home/zaynap/grab/grab2/install/btcpp_ros2_interfaces/lib:/usr/lib/x86_64-linux-gnu/gazebo-11/plugins:/opt/ros/humble/opt/rviz_ogre_vendor/lib:/opt/ros/humble/lib/x86_64-linux-gnu:/opt/ros/humble/lib /usr/bin/cmake --build /home/zaynap/grab/grab2/build/grab2_planner -- -j8 -l8
[9.716s] Invoking command in '/home/zaynap/grab/grab2/build/grab2_planner': CMAKE_PREFIX_PATH=/home/zaynap/grab/grab2/install/grab2_ros_common:/home/zaynap/grab/grab2/install/grab2_msgs:/home/zaynap/grab/grab2/install/grab2_controller:/home/zaynap/grab/grab2/install/topic_based_ros2_control:/home/zaynap/grab/grab2/install/grab2_planner:/home/zaynap/grab/grab2/install/grab2_grasp_generator:/home/zaynap/grab/grab2/install/grab2_behavior_tree:/home/zaynap/grab/grab2/install/btcpp_ros2_samples:/home/zaynap/grab/grab2/install/behaviortree_ros2:/home/zaynap/grab/grab2/install/btcpp_ros2_interfaces:/home/zaynap/grab/grab2/install/grab2_curobo_planner:/opt/ros/humble LD_LIBRARY_PATH=/home/zaynap/grab/grab2/install/grab2_msgs/lib:/home/zaynap/grab/grab2/install/topic_based_ros2_control/lib:/home/zaynap/grab/grab2/install/grab2_planner/lib:/home/zaynap/grab/grab2/install/grab2_grasp_generator/lib:/home/zaynap/grab/grab2/install/grab2_behavior_tree/lib:/home/zaynap/grab/grab2/install/behaviortree_ros2/lib:/home/zaynap/grab/grab2/install/btcpp_ros2_interfaces/lib:/usr/lib/x86_64-linux-gnu/gazebo-11/plugins:/opt/ros/humble/opt/rviz_ogre_vendor/lib:/opt/ros/humble/lib/x86_64-linux-gnu:/opt/ros/humble/lib /usr/bin/cmake --install /home/zaynap/grab/grab2/build/grab2_planner
[9.738s] -- Install configuration: ""
[9.738s] -- Installing: /home/zaynap/grab/grab2/install/grab2_planner/lib/libplanner_server_core.so
[9.743s] -- Set runtime path of "/home/zaynap/grab/grab2/install/grab2_planner/lib/libplanner_server_core.so" to ""
[9.744s] -- Installing: /home/zaynap/grab/grab2/install/grab2_planner/lib/grab2_planner/planner_server
[9.744s] -- Set runtime path of "/home/zaynap/grab/grab2/install/grab2_planner/lib/grab2_planner/planner_server" to ""
[9.745s] -- Up-to-date: /home/zaynap/grab/grab2/install/grab2_planner/include/grab2_planner
[9.745s] -- Up-to-date: /home/zaynap/grab/grab2/install/grab2_planner/include/grab2_planner/grab2_planner
[9.745s] -- Up-to-date: /home/zaynap/grab/grab2/install/grab2_planner/include/grab2_planner/grab2_planner/planner_server.hpp
[9.745s] -- Up-to-date: /home/zaynap/grab/grab2/install/grab2_planner/share/grab2_planner/launch
[9.745s] -- Installing: /home/zaynap/grab/grab2/install/grab2_planner/share/grab2_planner/launch/planning_server.launch.py
[9.745s] -- Up-to-date: /home/zaynap/grab/grab2/install/grab2_planner/share/grab2_planner/config
[9.746s] -- Up-to-date: /home/zaynap/grab/grab2/install/grab2_planner/share/grab2_planner/config/panda_move_group.rviz
[9.746s] -- Up-to-date: /home/zaynap/grab/grab2/install/grab2_planner/share/grab2_planner/environment/library_path.sh
[9.746s] -- Up-to-date: /home/zaynap/grab/grab2/install/grab2_planner/share/grab2_planner/environment/library_path.dsv
[9.746s] -- Up-to-date: /home/zaynap/grab/grab2/install/grab2_planner/share/ament_index/resource_index/package_run_dependencies/grab2_planner
[9.746s] -- Up-to-date: /home/zaynap/grab/grab2/install/grab2_planner/share/ament_index/resource_index/parent_prefix_path/grab2_planner
[9.746s] -- Up-to-date: /home/zaynap/grab/grab2/install/grab2_planner/share/grab2_planner/environment/ament_prefix_path.sh
[9.746s] -- Up-to-date: /home/zaynap/grab/grab2/install/grab2_planner/share/grab2_planner/environment/ament_prefix_path.dsv
[9.747s] -- Up-to-date: /home/zaynap/grab/grab2/install/grab2_planner/share/grab2_planner/environment/path.sh
[9.747s] -- Up-to-date: /home/zaynap/grab/grab2/install/grab2_planner/share/grab2_planner/environment/path.dsv
[9.747s] -- Up-to-date: /home/zaynap/grab/grab2/install/grab2_planner/share/grab2_planner/local_setup.bash
[9.747s] -- Up-to-date: /home/zaynap/grab/grab2/install/grab2_planner/share/grab2_planner/local_setup.sh
[9.747s] -- Up-to-date: /home/zaynap/grab/grab2/install/grab2_planner/share/grab2_planner/local_setup.zsh
[9.747s] -- Up-to-date: /home/zaynap/grab/grab2/install/grab2_planner/share/grab2_planner/local_setup.dsv
[9.747s] -- Installing: /home/zaynap/grab/grab2/install/grab2_planner/share/grab2_planner/package.dsv
[9.747s] -- Up-to-date: /home/zaynap/grab/grab2/install/grab2_planner/share/ament_index/resource_index/packages/grab2_planner
[9.747s] -- Up-to-date: /home/zaynap/grab/grab2/install/grab2_planner/share/grab2_planner/cmake/planner_server_coreExport.cmake
[9.747s] -- Up-to-date: /home/zaynap/grab/grab2/install/grab2_planner/share/grab2_planner/cmake/planner_server_coreExport-noconfig.cmake
[9.747s] -- Up-to-date: /home/zaynap/grab/grab2/install/grab2_planner/share/grab2_planner/cmake/ament_cmake_export_include_directories-extras.cmake
[9.748s] -- Up-to-date: /home/zaynap/grab/grab2/install/grab2_planner/share/grab2_planner/cmake/ament_cmake_export_libraries-extras.cmake
[9.748s] -- Up-to-date: /home/zaynap/grab/grab2/install/grab2_planner/share/grab2_planner/cmake/ament_cmake_export_dependencies-extras.cmake
[9.748s] -- Up-to-date: /home/zaynap/grab/grab2/install/grab2_planner/share/grab2_planner/cmake/ament_cmake_export_targets-extras.cmake
[9.748s] -- Up-to-date: /home/zaynap/grab/grab2/install/grab2_planner/share/grab2_planner/cmake/grab2_plannerConfig.cmake
[9.748s] -- Up-to-date: /home/zaynap/grab/grab2/install/grab2_planner/share/grab2_planner/cmake/grab2_plannerConfig-version.cmake
[9.748s] -- Up-to-date: /home/zaynap/grab/grab2/install/grab2_planner/share/grab2_planner/package.xml
[9.750s] Invoked command in '/home/zaynap/grab/grab2/build/grab2_planner' returned '0': CMAKE_PREFIX_PATH=/home/zaynap/grab/grab2/install/grab2_ros_common:/home/zaynap/grab/grab2/install/grab2_msgs:/home/zaynap/grab/grab2/install/grab2_controller:/home/zaynap/grab/grab2/install/topic_based_ros2_control:/home/zaynap/grab/grab2/install/grab2_planner:/home/zaynap/grab/grab2/install/grab2_grasp_generator:/home/zaynap/grab/grab2/install/grab2_behavior_tree:/home/zaynap/grab/grab2/install/btcpp_ros2_samples:/home/zaynap/grab/grab2/install/behaviortree_ros2:/home/zaynap/grab/grab2/install/btcpp_ros2_interfaces:/home/zaynap/grab/grab2/install/grab2_curobo_planner:/opt/ros/humble LD_LIBRARY_PATH=/home/zaynap/grab/grab2/install/grab2_msgs/lib:/home/zaynap/grab/grab2/install/topic_based_ros2_control/lib:/home/zaynap/grab/grab2/install/grab2_planner/lib:/home/zaynap/grab/grab2/install/grab2_grasp_generator/lib:/home/zaynap/grab/grab2/install/grab2_behavior_tree/lib:/home/zaynap/grab/grab2/install/behaviortree_ros2/lib:/home/zaynap/grab/grab2/install/btcpp_ros2_interfaces/lib:/usr/lib/x86_64-linux-gnu/gazebo-11/plugins:/opt/ros/humble/opt/rviz_ogre_vendor/lib:/opt/ros/humble/lib/x86_64-linux-gnu:/opt/ros/humble/lib /usr/bin/cmake --install /home/zaynap/grab/grab2/build/grab2_planner
