[0.012s] Invoking command in '/home/zaynap/grab/grab2/build/btcpp_ros2_interfaces': CMAKE_PREFIX_PATH=/opt/ros/humble /usr/bin/cmake /home/zaynap/grab/grab2/BehaviorTree.ROS2/btcpp_ros2_interfaces -DAMENT_CMAKE_SYMLINK_INSTALL=1 -DCMAKE_INSTALL_PREFIX=/home/zaynap/grab/grab2/install/btcpp_ros2_interfaces
[0.059s] -- The C compiler identification is GNU 11.4.0
[0.108s] -- The CXX compiler identification is GNU 11.4.0
[0.114s] -- Detecting C compiler ABI info
[0.170s] -- Detecting C compiler ABI info - done
[0.178s] -- Check for working C compiler: /usr/bin/cc - skipped
[0.178s] -- Detecting C compile features
[0.178s] -- Detecting C compile features - done
[0.181s] -- Detecting CXX compiler ABI info
[0.249s] -- Detecting CXX compiler ABI info - done
[0.257s] -- Check for working CXX compiler: /usr/bin/c++ - skipped
[0.258s] -- Detecting CXX compile features
[0.258s] -- Detecting CXX compile features - done
[0.260s] -- Found ament_cmake: 1.3.12 (/opt/ros/humble/share/ament_cmake/cmake)
[0.617s] -- Found Python3: /usr/bin/python3 (found version "3.10.12") found components: Interpreter 
[0.682s] -- Override CMake install command with custom implementation using symlinks instead of copying resources
[0.719s] -- Found rosidl_default_generators: 1.2.0 (/opt/ros/humble/share/rosidl_default_generators/cmake)
[0.722s] -- Using all available rosidl_typesupport_c: rosidl_typesupport_fastrtps_c;rosidl_typesupport_introspection_c
[0.729s] -- Found rosidl_adapter: 3.1.7 (/opt/ros/humble/share/rosidl_adapter/cmake)
[0.768s] -- Using all available rosidl_typesupport_cpp: rosidl_typesupport_fastrtps_cpp;rosidl_typesupport_introspection_cpp
[1.126s] -- Found ament_cmake_ros: 0.10.0 (/opt/ros/humble/share/ament_cmake_ros/cmake)
[1.317s] -- Using all available rosidl_typesupport_c: rosidl_typesupport_fastrtps_c;rosidl_typesupport_introspection_c
[1.560s] -- Using all available rosidl_typesupport_cpp: rosidl_typesupport_fastrtps_cpp;rosidl_typesupport_introspection_cpp
[1.582s] -- Found PythonInterp: /usr/bin/python3 (found suitable version "3.10.12", minimum required is "3.6") 
[1.584s] -- Found python_cmake_module: 0.10.0 (/opt/ros/humble/share/python_cmake_module/cmake)
[1.609s] -- Found PythonLibs: /usr/lib/x86_64-linux-gnu/libpython3.10.so (found suitable version "3.10.12", minimum required is "3.5") 
[1.609s] -- Using PYTHON_EXECUTABLE: /usr/bin/python3
[1.609s] -- Using PYTHON_INCLUDE_DIRS: /usr/include/python3.10
[1.609s] -- Using PYTHON_LIBRARIES: /usr/lib/x86_64-linux-gnu/libpython3.10.so
[1.630s] -- Found PythonExtra: .so  
[1.682s] -- Configuring done
[1.724s] -- Generating done
[1.735s] -- Build files have been written to: /home/zaynap/grab/grab2/build/btcpp_ros2_interfaces
[1.741s] Invoked command in '/home/zaynap/grab/grab2/build/btcpp_ros2_interfaces' returned '0': CMAKE_PREFIX_PATH=/opt/ros/humble /usr/bin/cmake /home/zaynap/grab/grab2/BehaviorTree.ROS2/btcpp_ros2_interfaces -DAMENT_CMAKE_SYMLINK_INSTALL=1 -DCMAKE_INSTALL_PREFIX=/home/zaynap/grab/grab2/install/btcpp_ros2_interfaces
[1.744s] Invoking command in '/home/zaynap/grab/grab2/build/btcpp_ros2_interfaces': CMAKE_PREFIX_PATH=/opt/ros/humble /usr/bin/cmake --build /home/zaynap/grab/grab2/build/btcpp_ros2_interfaces -- -j8 -l8
[1.778s] [  2%] [34m[1mGenerating C code for ROS interfaces[0m
[1.788s] [  4%] [34m[1mGenerating C++ code for ROS interfaces[0m
[1.800s] [  4%] Built target ament_cmake_python_symlink_btcpp_ros2_interfaces
[2.143s] running egg_info
[2.185s] creating btcpp_ros2_interfaces.egg-info
[2.185s] writing btcpp_ros2_interfaces.egg-info/PKG-INFO
[2.185s] writing dependency_links to btcpp_ros2_interfaces.egg-info/dependency_links.txt
[2.186s] writing top-level names to btcpp_ros2_interfaces.egg-info/top_level.txt
[2.186s] writing manifest file 'btcpp_ros2_interfaces.egg-info/SOURCES.txt'
[2.295s] reading manifest file 'btcpp_ros2_interfaces.egg-info/SOURCES.txt'
[2.295s] writing manifest file 'btcpp_ros2_interfaces.egg-info/SOURCES.txt'
[2.344s] [  4%] Built target ament_cmake_python_build_btcpp_ros2_interfaces_egg
[2.774s] [ 10%] [32mBuilding C object CMakeFiles/btcpp_ros2_interfaces__rosidl_generator_c.dir/rosidl_generator_c/btcpp_ros2_interfaces/action/detail/sleep__functions.c.o[0m
[2.774s] [ 10%] [32mBuilding C object CMakeFiles/btcpp_ros2_interfaces__rosidl_generator_c.dir/rosidl_generator_c/btcpp_ros2_interfaces/msg/detail/node_status__functions.c.o[0m
[2.776s] [ 10%] [32mBuilding C object CMakeFiles/btcpp_ros2_interfaces__rosidl_generator_c.dir/rosidl_generator_c/btcpp_ros2_interfaces/action/detail/execute_tree__functions.c.o[0m
[2.949s] [ 12%] [32m[1mLinking C shared library libbtcpp_ros2_interfaces__rosidl_generator_c.so[0m
[2.983s] [ 12%] Built target btcpp_ros2_interfaces__rosidl_generator_c
[2.996s] [ 14%] [34m[1mGenerating C type support for eProsima Fast-RTPS[0m
[2.997s] [ 19%] [34m[1mGenerating C introspection for ROS interfaces[0m
[2.997s] [ 19%] [34m[1mGenerating C type support dispatch for ROS interfaces[0m
[3.331s] [ 19%] Built target btcpp_ros2_interfaces__cpp
[3.347s] [ 21%] [34m[1mGenerating C++ type support for eProsima Fast-RTPS[0m
[3.361s] [ 23%] [34m[1mGenerating C++ introspection for ROS interfaces[0m
[3.367s] [ 25%] [34m[1mGenerating C++ type support dispatch for ROS interfaces[0m
[4.329s] [ 27%] [32mBuilding CXX object CMakeFiles/btcpp_ros2_interfaces__rosidl_typesupport_c.dir/rosidl_typesupport_c/btcpp_ros2_interfaces/action/execute_tree__type_support.cpp.o[0m
[4.330s] [ 29%] [32mBuilding CXX object CMakeFiles/btcpp_ros2_interfaces__rosidl_typesupport_c.dir/rosidl_typesupport_c/btcpp_ros2_interfaces/msg/node_status__type_support.cpp.o[0m
[4.334s] [ 31%] [32mBuilding CXX object CMakeFiles/btcpp_ros2_interfaces__rosidl_typesupport_c.dir/rosidl_typesupport_c/btcpp_ros2_interfaces/action/sleep__type_support.cpp.o[0m
[4.475s] [ 34%] [32m[1mLinking CXX shared library libbtcpp_ros2_interfaces__rosidl_typesupport_c.so[0m
[4.593s] [ 36%] [32mBuilding C object CMakeFiles/btcpp_ros2_interfaces__rosidl_typesupport_introspection_c.dir/rosidl_typesupport_introspection_c/btcpp_ros2_interfaces/msg/detail/node_status__type_support.c.o[0m
[4.600s] [ 36%] Built target btcpp_ros2_interfaces__rosidl_typesupport_c
[4.601s] [ 38%] [32mBuilding C object CMakeFiles/btcpp_ros2_interfaces__rosidl_typesupport_introspection_c.dir/rosidl_typesupport_introspection_c/btcpp_ros2_interfaces/action/detail/execute_tree__type_support.c.o[0m
[4.618s] [ 40%] [32mBuilding C object CMakeFiles/btcpp_ros2_interfaces__rosidl_typesupport_introspection_c.dir/rosidl_typesupport_introspection_c/btcpp_ros2_interfaces/action/detail/sleep__type_support.c.o[0m
[4.651s] [ 42%] [32mBuilding CXX object CMakeFiles/btcpp_ros2_interfaces__rosidl_typesupport_fastrtps_c.dir/rosidl_typesupport_fastrtps_c/btcpp_ros2_interfaces/msg/detail/node_status__type_support_c.cpp.o[0m
[4.657s] [ 44%] [32mBuilding CXX object CMakeFiles/btcpp_ros2_interfaces__rosidl_typesupport_fastrtps_c.dir/rosidl_typesupport_fastrtps_c/btcpp_ros2_interfaces/action/detail/execute_tree__type_support_c.cpp.o[0m
[4.685s] [ 46%] [32mBuilding CXX object CMakeFiles/btcpp_ros2_interfaces__rosidl_typesupport_fastrtps_c.dir/rosidl_typesupport_fastrtps_c/btcpp_ros2_interfaces/action/detail/sleep__type_support_c.cpp.o[0m
[4.744s] [ 48%] [32mBuilding CXX object CMakeFiles/btcpp_ros2_interfaces__rosidl_typesupport_cpp.dir/rosidl_typesupport_cpp/btcpp_ros2_interfaces/msg/node_status__type_support.cpp.o[0m
[4.754s] [ 51%] [32mBuilding CXX object CMakeFiles/btcpp_ros2_interfaces__rosidl_typesupport_cpp.dir/rosidl_typesupport_cpp/btcpp_ros2_interfaces/action/execute_tree__type_support.cpp.o[0m
[4.769s] [ 53%] [32m[1mLinking C shared library libbtcpp_ros2_interfaces__rosidl_typesupport_introspection_c.so[0m
[4.861s] [ 53%] Built target btcpp_ros2_interfaces__rosidl_typesupport_introspection_c
[4.885s] [ 55%] [32mBuilding CXX object CMakeFiles/btcpp_ros2_interfaces__rosidl_typesupport_cpp.dir/rosidl_typesupport_cpp/btcpp_ros2_interfaces/action/sleep__type_support.cpp.o[0m
[5.200s] [ 57%] [32mBuilding CXX object CMakeFiles/btcpp_ros2_interfaces__rosidl_typesupport_introspection_cpp.dir/rosidl_typesupport_introspection_cpp/btcpp_ros2_interfaces/msg/detail/node_status__type_support.cpp.o[0m
[5.347s] [ 59%] [32mBuilding CXX object CMakeFiles/btcpp_ros2_interfaces__rosidl_typesupport_introspection_cpp.dir/rosidl_typesupport_introspection_cpp/btcpp_ros2_interfaces/action/detail/execute_tree__type_support.cpp.o[0m
[5.451s] [ 61%] [32mBuilding CXX object CMakeFiles/btcpp_ros2_interfaces__rosidl_typesupport_fastrtps_cpp.dir/rosidl_typesupport_fastrtps_cpp/btcpp_ros2_interfaces/msg/detail/dds_fastrtps/node_status__type_support.cpp.o[0m
[5.461s] [ 63%] [32mBuilding CXX object CMakeFiles/btcpp_ros2_interfaces__rosidl_typesupport_introspection_cpp.dir/rosidl_typesupport_introspection_cpp/btcpp_ros2_interfaces/action/detail/sleep__type_support.cpp.o[0m
[5.479s] [ 65%] [32mBuilding CXX object CMakeFiles/btcpp_ros2_interfaces__rosidl_typesupport_fastrtps_cpp.dir/rosidl_typesupport_fastrtps_cpp/btcpp_ros2_interfaces/action/detail/dds_fastrtps/execute_tree__type_support.cpp.o[0m
[5.601s] [ 68%] [32mBuilding CXX object CMakeFiles/btcpp_ros2_interfaces__rosidl_typesupport_fastrtps_cpp.dir/rosidl_typesupport_fastrtps_cpp/btcpp_ros2_interfaces/action/detail/dds_fastrtps/sleep__type_support.cpp.o[0m
[5.659s] [ 70%] [32m[1mLinking CXX shared library libbtcpp_ros2_interfaces__rosidl_typesupport_fastrtps_c.so[0m
[5.825s] [ 70%] Built target btcpp_ros2_interfaces__rosidl_typesupport_fastrtps_c
[5.957s] [ 72%] [32m[1mLinking CXX shared library libbtcpp_ros2_interfaces__rosidl_typesupport_cpp.so[0m
[6.088s] [ 72%] Built target btcpp_ros2_interfaces__rosidl_typesupport_cpp
[6.577s] [ 74%] [32m[1mLinking CXX shared library libbtcpp_ros2_interfaces__rosidl_typesupport_fastrtps_cpp.so[0m
[6.647s] [ 76%] [32m[1mLinking CXX shared library libbtcpp_ros2_interfaces__rosidl_typesupport_introspection_cpp.so[0m
[6.745s] [ 76%] Built target btcpp_ros2_interfaces__rosidl_typesupport_fastrtps_cpp
[6.835s] [ 76%] Built target btcpp_ros2_interfaces__rosidl_typesupport_introspection_cpp
[6.861s] [ 76%] Built target btcpp_ros2_interfaces
[6.905s] [ 78%] [34m[1mGenerating Python code for ROS interfaces[0m
[10.035s] [ 78%] Built target btcpp_ros2_interfaces__py
[10.065s] [ 80%] [32mBuilding C object CMakeFiles/btcpp_ros2_interfaces__rosidl_generator_py.dir/rosidl_generator_py/btcpp_ros2_interfaces/action/_execute_tree_s.c.o[0m
[10.071s] [ 82%] [32mBuilding C object CMakeFiles/btcpp_ros2_interfaces__rosidl_generator_py.dir/rosidl_generator_py/btcpp_ros2_interfaces/msg/_node_status_s.c.o[0m
[10.083s] [ 85%] [32mBuilding C object CMakeFiles/btcpp_ros2_interfaces__rosidl_generator_py.dir/rosidl_generator_py/btcpp_ros2_interfaces/action/_sleep_s.c.o[0m
[10.331s] [ 87%] [32m[1mLinking C shared library rosidl_generator_py/btcpp_ros2_interfaces/libbtcpp_ros2_interfaces__rosidl_generator_py.so[0m
[10.371s] [ 87%] Built target btcpp_ros2_interfaces__rosidl_generator_py
[10.402s] [ 89%] [32mBuilding C object CMakeFiles/btcpp_ros2_interfaces__rosidl_typesupport_introspection_c__pyext.dir/rosidl_generator_py/btcpp_ros2_interfaces/_btcpp_ros2_interfaces_s.ep.rosidl_typesupport_introspection_c.c.o[0m
[10.402s] [ 93%] [32mBuilding C object CMakeFiles/btcpp_ros2_interfaces__rosidl_typesupport_fastrtps_c__pyext.dir/rosidl_generator_py/btcpp_ros2_interfaces/_btcpp_ros2_interfaces_s.ep.rosidl_typesupport_fastrtps_c.c.o[0m
[10.402s] [ 93%] [32mBuilding C object CMakeFiles/btcpp_ros2_interfaces__rosidl_typesupport_c__pyext.dir/rosidl_generator_py/btcpp_ros2_interfaces/_btcpp_ros2_interfaces_s.ep.rosidl_typesupport_c.c.o[0m
[10.591s] [ 95%] [32m[1mLinking C shared library rosidl_generator_py/btcpp_ros2_interfaces/btcpp_ros2_interfaces_s__rosidl_typesupport_introspection_c.cpython-310-x86_64-linux-gnu.so[0m
[10.595s] [ 97%] [32m[1mLinking C shared library rosidl_generator_py/btcpp_ros2_interfaces/btcpp_ros2_interfaces_s__rosidl_typesupport_fastrtps_c.cpython-310-x86_64-linux-gnu.so[0m
[10.628s] [100%] [32m[1mLinking C shared library rosidl_generator_py/btcpp_ros2_interfaces/btcpp_ros2_interfaces_s__rosidl_typesupport_c.cpython-310-x86_64-linux-gnu.so[0m
[10.649s] [100%] Built target btcpp_ros2_interfaces__rosidl_typesupport_fastrtps_c__pyext
[10.649s] [100%] Built target btcpp_ros2_interfaces__rosidl_typesupport_introspection_c__pyext
[10.672s] [100%] Built target btcpp_ros2_interfaces__rosidl_typesupport_c__pyext
[10.684s] Invoked command in '/home/zaynap/grab/grab2/build/btcpp_ros2_interfaces' returned '0': CMAKE_PREFIX_PATH=/opt/ros/humble /usr/bin/cmake --build /home/zaynap/grab/grab2/build/btcpp_ros2_interfaces -- -j8 -l8
[10.694s] Invoking command in '/home/zaynap/grab/grab2/build/btcpp_ros2_interfaces': CMAKE_PREFIX_PATH=/opt/ros/humble /usr/bin/cmake --install /home/zaynap/grab/grab2/build/btcpp_ros2_interfaces
[10.702s] -- Install configuration: ""
[10.703s] -- Execute custom install script
[10.703s] -- Symlinking: /home/zaynap/grab/grab2/install/btcpp_ros2_interfaces/share/ament_index/resource_index/rosidl_interfaces/btcpp_ros2_interfaces
[10.712s] -- Symlinking: /home/zaynap/grab/grab2/install/btcpp_ros2_interfaces/include/btcpp_ros2_interfaces/btcpp_ros2_interfaces/action/detail/execute_tree__functions.h
[10.720s] -- Symlinking: /home/zaynap/grab/grab2/install/btcpp_ros2_interfaces/include/btcpp_ros2_interfaces/btcpp_ros2_interfaces/action/detail/execute_tree__struct.h
[10.729s] -- Symlinking: /home/zaynap/grab/grab2/install/btcpp_ros2_interfaces/include/btcpp_ros2_interfaces/btcpp_ros2_interfaces/action/detail/execute_tree__type_support.h
[10.737s] -- Symlinking: /home/zaynap/grab/grab2/install/btcpp_ros2_interfaces/include/btcpp_ros2_interfaces/btcpp_ros2_interfaces/action/detail/sleep__functions.h
[10.745s] -- Symlinking: /home/zaynap/grab/grab2/install/btcpp_ros2_interfaces/include/btcpp_ros2_interfaces/btcpp_ros2_interfaces/action/detail/sleep__struct.h
[10.753s] -- Symlinking: /home/zaynap/grab/grab2/install/btcpp_ros2_interfaces/include/btcpp_ros2_interfaces/btcpp_ros2_interfaces/action/detail/sleep__type_support.h
[10.761s] -- Symlinking: /home/zaynap/grab/grab2/install/btcpp_ros2_interfaces/include/btcpp_ros2_interfaces/btcpp_ros2_interfaces/action/execute_tree.h
[10.769s] -- Symlinking: /home/zaynap/grab/grab2/install/btcpp_ros2_interfaces/include/btcpp_ros2_interfaces/btcpp_ros2_interfaces/action/sleep.h
[10.779s] -- Symlinking: /home/zaynap/grab/grab2/install/btcpp_ros2_interfaces/include/btcpp_ros2_interfaces/btcpp_ros2_interfaces/msg/detail/node_status__functions.h
[10.788s] -- Symlinking: /home/zaynap/grab/grab2/install/btcpp_ros2_interfaces/include/btcpp_ros2_interfaces/btcpp_ros2_interfaces/msg/detail/node_status__struct.h
[10.796s] -- Symlinking: /home/zaynap/grab/grab2/install/btcpp_ros2_interfaces/include/btcpp_ros2_interfaces/btcpp_ros2_interfaces/msg/detail/node_status__type_support.h
[10.805s] -- Symlinking: /home/zaynap/grab/grab2/install/btcpp_ros2_interfaces/include/btcpp_ros2_interfaces/btcpp_ros2_interfaces/msg/node_status.h
[10.814s] -- Symlinking: /home/zaynap/grab/grab2/install/btcpp_ros2_interfaces/include/btcpp_ros2_interfaces/btcpp_ros2_interfaces/msg/rosidl_generator_c__visibility_control.h
[10.822s] -- Symlinking: /home/zaynap/grab/grab2/install/btcpp_ros2_interfaces/share/btcpp_ros2_interfaces/environment/library_path.sh
[10.831s] -- Symlinking: /home/zaynap/grab/grab2/install/btcpp_ros2_interfaces/share/btcpp_ros2_interfaces/environment/library_path.dsv
[10.841s] -- Symlinking: /home/zaynap/grab/grab2/install/btcpp_ros2_interfaces/include/btcpp_ros2_interfaces/btcpp_ros2_interfaces/action/detail/execute_tree__rosidl_typesupport_fastrtps_c.h
[10.850s] -- Symlinking: /home/zaynap/grab/grab2/install/btcpp_ros2_interfaces/include/btcpp_ros2_interfaces/btcpp_ros2_interfaces/action/detail/sleep__rosidl_typesupport_fastrtps_c.h
[10.858s] -- Symlinking: /home/zaynap/grab/grab2/install/btcpp_ros2_interfaces/include/btcpp_ros2_interfaces/btcpp_ros2_interfaces/msg/detail/node_status__rosidl_typesupport_fastrtps_c.h
[10.867s] -- Symlinking: /home/zaynap/grab/grab2/install/btcpp_ros2_interfaces/include/btcpp_ros2_interfaces/btcpp_ros2_interfaces/msg/rosidl_typesupport_fastrtps_c__visibility_control.h
[10.876s] -- Symlinking: /home/zaynap/grab/grab2/install/btcpp_ros2_interfaces/include/btcpp_ros2_interfaces/btcpp_ros2_interfaces/action/detail/execute_tree__rosidl_typesupport_introspection_c.h
[10.885s] -- Symlinking: /home/zaynap/grab/grab2/install/btcpp_ros2_interfaces/include/btcpp_ros2_interfaces/btcpp_ros2_interfaces/action/detail/sleep__rosidl_typesupport_introspection_c.h
[10.895s] -- Symlinking: /home/zaynap/grab/grab2/install/btcpp_ros2_interfaces/include/btcpp_ros2_interfaces/btcpp_ros2_interfaces/msg/detail/node_status__rosidl_typesupport_introspection_c.h
[10.904s] -- Symlinking: /home/zaynap/grab/grab2/install/btcpp_ros2_interfaces/include/btcpp_ros2_interfaces/btcpp_ros2_interfaces/msg/rosidl_typesupport_introspection_c__visibility_control.h
[10.914s] -- Symlinking: /home/zaynap/grab/grab2/install/btcpp_ros2_interfaces/include/btcpp_ros2_interfaces/btcpp_ros2_interfaces/action/detail/execute_tree__builder.hpp
[10.922s] -- Symlinking: /home/zaynap/grab/grab2/install/btcpp_ros2_interfaces/include/btcpp_ros2_interfaces/btcpp_ros2_interfaces/action/detail/execute_tree__struct.hpp
[10.930s] -- Symlinking: /home/zaynap/grab/grab2/install/btcpp_ros2_interfaces/include/btcpp_ros2_interfaces/btcpp_ros2_interfaces/action/detail/execute_tree__traits.hpp
[10.938s] -- Symlinking: /home/zaynap/grab/grab2/install/btcpp_ros2_interfaces/include/btcpp_ros2_interfaces/btcpp_ros2_interfaces/action/detail/execute_tree__type_support.hpp
[10.946s] -- Symlinking: /home/zaynap/grab/grab2/install/btcpp_ros2_interfaces/include/btcpp_ros2_interfaces/btcpp_ros2_interfaces/action/detail/sleep__builder.hpp
[10.953s] -- Symlinking: /home/zaynap/grab/grab2/install/btcpp_ros2_interfaces/include/btcpp_ros2_interfaces/btcpp_ros2_interfaces/action/detail/sleep__struct.hpp
[10.961s] -- Symlinking: /home/zaynap/grab/grab2/install/btcpp_ros2_interfaces/include/btcpp_ros2_interfaces/btcpp_ros2_interfaces/action/detail/sleep__traits.hpp
[10.968s] -- Symlinking: /home/zaynap/grab/grab2/install/btcpp_ros2_interfaces/include/btcpp_ros2_interfaces/btcpp_ros2_interfaces/action/detail/sleep__type_support.hpp
[10.975s] -- Symlinking: /home/zaynap/grab/grab2/install/btcpp_ros2_interfaces/include/btcpp_ros2_interfaces/btcpp_ros2_interfaces/action/execute_tree.hpp
[10.983s] -- Symlinking: /home/zaynap/grab/grab2/install/btcpp_ros2_interfaces/include/btcpp_ros2_interfaces/btcpp_ros2_interfaces/action/sleep.hpp
[10.991s] -- Symlinking: /home/zaynap/grab/grab2/install/btcpp_ros2_interfaces/include/btcpp_ros2_interfaces/btcpp_ros2_interfaces/msg/detail/node_status__builder.hpp
[10.998s] -- Symlinking: /home/zaynap/grab/grab2/install/btcpp_ros2_interfaces/include/btcpp_ros2_interfaces/btcpp_ros2_interfaces/msg/detail/node_status__struct.hpp
[11.006s] -- Symlinking: /home/zaynap/grab/grab2/install/btcpp_ros2_interfaces/include/btcpp_ros2_interfaces/btcpp_ros2_interfaces/msg/detail/node_status__traits.hpp
[11.013s] -- Symlinking: /home/zaynap/grab/grab2/install/btcpp_ros2_interfaces/include/btcpp_ros2_interfaces/btcpp_ros2_interfaces/msg/detail/node_status__type_support.hpp
[11.021s] -- Symlinking: /home/zaynap/grab/grab2/install/btcpp_ros2_interfaces/include/btcpp_ros2_interfaces/btcpp_ros2_interfaces/msg/node_status.hpp
[11.028s] -- Symlinking: /home/zaynap/grab/grab2/install/btcpp_ros2_interfaces/include/btcpp_ros2_interfaces/btcpp_ros2_interfaces/msg/rosidl_generator_cpp__visibility_control.hpp
[11.037s] -- Symlinking: /home/zaynap/grab/grab2/install/btcpp_ros2_interfaces/include/btcpp_ros2_interfaces/btcpp_ros2_interfaces/action/detail/execute_tree__rosidl_typesupport_fastrtps_cpp.hpp
[11.044s] -- Symlinking: /home/zaynap/grab/grab2/install/btcpp_ros2_interfaces/include/btcpp_ros2_interfaces/btcpp_ros2_interfaces/action/detail/sleep__rosidl_typesupport_fastrtps_cpp.hpp
[11.052s] -- Symlinking: /home/zaynap/grab/grab2/install/btcpp_ros2_interfaces/include/btcpp_ros2_interfaces/btcpp_ros2_interfaces/msg/detail/node_status__rosidl_typesupport_fastrtps_cpp.hpp
[11.059s] -- Symlinking: /home/zaynap/grab/grab2/install/btcpp_ros2_interfaces/include/btcpp_ros2_interfaces/btcpp_ros2_interfaces/msg/rosidl_typesupport_fastrtps_cpp__visibility_control.h
[11.067s] -- Symlinking: /home/zaynap/grab/grab2/install/btcpp_ros2_interfaces/include/btcpp_ros2_interfaces/btcpp_ros2_interfaces/action/detail/execute_tree__rosidl_typesupport_introspection_cpp.hpp
[11.075s] -- Symlinking: /home/zaynap/grab/grab2/install/btcpp_ros2_interfaces/include/btcpp_ros2_interfaces/btcpp_ros2_interfaces/action/detail/sleep__rosidl_typesupport_introspection_cpp.hpp
[11.082s] -- Symlinking: /home/zaynap/grab/grab2/install/btcpp_ros2_interfaces/include/btcpp_ros2_interfaces/btcpp_ros2_interfaces/msg/detail/node_status__rosidl_typesupport_introspection_cpp.hpp
[11.090s] -- Symlinking: /home/zaynap/grab/grab2/install/btcpp_ros2_interfaces/share/btcpp_ros2_interfaces/environment/pythonpath.sh
[11.097s] -- Symlinking: /home/zaynap/grab/grab2/install/btcpp_ros2_interfaces/share/btcpp_ros2_interfaces/environment/pythonpath.dsv
[11.105s] -- Symlinking: /home/zaynap/grab/grab2/install/btcpp_ros2_interfaces/local/lib/python3.10/dist-packages/btcpp_ros2_interfaces-0.2.0-py3.10.egg-info/PKG-INFO
[11.112s] -- Symlinking: /home/zaynap/grab/grab2/install/btcpp_ros2_interfaces/local/lib/python3.10/dist-packages/btcpp_ros2_interfaces-0.2.0-py3.10.egg-info/SOURCES.txt
[11.119s] -- Symlinking: /home/zaynap/grab/grab2/install/btcpp_ros2_interfaces/local/lib/python3.10/dist-packages/btcpp_ros2_interfaces-0.2.0-py3.10.egg-info/dependency_links.txt
[11.127s] -- Symlinking: /home/zaynap/grab/grab2/install/btcpp_ros2_interfaces/local/lib/python3.10/dist-packages/btcpp_ros2_interfaces-0.2.0-py3.10.egg-info/top_level.txt
[11.134s] -- Symlinking: /home/zaynap/grab/grab2/install/btcpp_ros2_interfaces/local/lib/python3.10/dist-packages/btcpp_ros2_interfaces/__init__.py
[11.142s] -- Symlinking: /home/zaynap/grab/grab2/install/btcpp_ros2_interfaces/local/lib/python3.10/dist-packages/btcpp_ros2_interfaces/_btcpp_ros2_interfaces_s.ep.rosidl_typesupport_c.c
[11.149s] -- Symlinking: /home/zaynap/grab/grab2/install/btcpp_ros2_interfaces/local/lib/python3.10/dist-packages/btcpp_ros2_interfaces/_btcpp_ros2_interfaces_s.ep.rosidl_typesupport_fastrtps_c.c
[11.156s] -- Symlinking: /home/zaynap/grab/grab2/install/btcpp_ros2_interfaces/local/lib/python3.10/dist-packages/btcpp_ros2_interfaces/_btcpp_ros2_interfaces_s.ep.rosidl_typesupport_introspection_c.c
[11.163s] -- Symlinking: /home/zaynap/grab/grab2/install/btcpp_ros2_interfaces/local/lib/python3.10/dist-packages/btcpp_ros2_interfaces/action/__init__.py
[11.171s] -- Symlinking: /home/zaynap/grab/grab2/install/btcpp_ros2_interfaces/local/lib/python3.10/dist-packages/btcpp_ros2_interfaces/action/_execute_tree.py
[11.179s] -- Symlinking: /home/zaynap/grab/grab2/install/btcpp_ros2_interfaces/local/lib/python3.10/dist-packages/btcpp_ros2_interfaces/action/_execute_tree_s.c
[11.187s] -- Symlinking: /home/zaynap/grab/grab2/install/btcpp_ros2_interfaces/local/lib/python3.10/dist-packages/btcpp_ros2_interfaces/action/_sleep.py
[11.195s] -- Symlinking: /home/zaynap/grab/grab2/install/btcpp_ros2_interfaces/local/lib/python3.10/dist-packages/btcpp_ros2_interfaces/action/_sleep_s.c
[11.202s] -- Symlinking: /home/zaynap/grab/grab2/install/btcpp_ros2_interfaces/local/lib/python3.10/dist-packages/btcpp_ros2_interfaces/btcpp_ros2_interfaces_s__rosidl_typesupport_c.cpython-310-x86_64-linux-gnu.so
[11.210s] -- Symlinking: /home/zaynap/grab/grab2/install/btcpp_ros2_interfaces/local/lib/python3.10/dist-packages/btcpp_ros2_interfaces/btcpp_ros2_interfaces_s__rosidl_typesupport_fastrtps_c.cpython-310-x86_64-linux-gnu.so
[11.217s] -- Symlinking: /home/zaynap/grab/grab2/install/btcpp_ros2_interfaces/local/lib/python3.10/dist-packages/btcpp_ros2_interfaces/btcpp_ros2_interfaces_s__rosidl_typesupport_introspection_c.cpython-310-x86_64-linux-gnu.so
[11.225s] -- Symlinking: /home/zaynap/grab/grab2/install/btcpp_ros2_interfaces/local/lib/python3.10/dist-packages/btcpp_ros2_interfaces/libbtcpp_ros2_interfaces__rosidl_generator_py.so
[11.232s] -- Symlinking: /home/zaynap/grab/grab2/install/btcpp_ros2_interfaces/local/lib/python3.10/dist-packages/btcpp_ros2_interfaces/msg/__init__.py
[11.240s] -- Symlinking: /home/zaynap/grab/grab2/install/btcpp_ros2_interfaces/local/lib/python3.10/dist-packages/btcpp_ros2_interfaces/msg/_node_status.py
[11.247s] -- Symlinking: /home/zaynap/grab/grab2/install/btcpp_ros2_interfaces/local/lib/python3.10/dist-packages/btcpp_ros2_interfaces/msg/_node_status_s.c
[11.255s] -- Up-to-date symlink: /home/zaynap/grab/grab2/install/btcpp_ros2_interfaces/local/lib/python3.10/dist-packages/btcpp_ros2_interfaces/btcpp_ros2_interfaces_s__rosidl_typesupport_fastrtps_c.cpython-310-x86_64-linux-gnu.so
[11.255s] -- Up-to-date symlink: /home/zaynap/grab/grab2/install/btcpp_ros2_interfaces/local/lib/python3.10/dist-packages/btcpp_ros2_interfaces/btcpp_ros2_interfaces_s__rosidl_typesupport_introspection_c.cpython-310-x86_64-linux-gnu.so
[11.255s] -- Up-to-date symlink: /home/zaynap/grab/grab2/install/btcpp_ros2_interfaces/local/lib/python3.10/dist-packages/btcpp_ros2_interfaces/btcpp_ros2_interfaces_s__rosidl_typesupport_c.cpython-310-x86_64-linux-gnu.so
[11.256s] -- Symlinking: /home/zaynap/grab/grab2/install/btcpp_ros2_interfaces/share/btcpp_ros2_interfaces/msg/NodeStatus.idl
[11.263s] -- Symlinking: /home/zaynap/grab/grab2/install/btcpp_ros2_interfaces/share/btcpp_ros2_interfaces/action/ExecuteTree.idl
[11.271s] -- Symlinking: /home/zaynap/grab/grab2/install/btcpp_ros2_interfaces/share/btcpp_ros2_interfaces/action/Sleep.idl
[11.279s] -- Symlinking: /home/zaynap/grab/grab2/install/btcpp_ros2_interfaces/share/btcpp_ros2_interfaces/msg/NodeStatus.msg
[11.286s] -- Symlinking: /home/zaynap/grab/grab2/install/btcpp_ros2_interfaces/share/btcpp_ros2_interfaces/action/ExecuteTree.action
[11.294s] -- Symlinking: /home/zaynap/grab/grab2/install/btcpp_ros2_interfaces/share/btcpp_ros2_interfaces/action/Sleep.action
[11.302s] -- Symlinking: /home/zaynap/grab/grab2/install/btcpp_ros2_interfaces/share/ament_index/resource_index/package_run_dependencies/btcpp_ros2_interfaces
[11.310s] -- Symlinking: /home/zaynap/grab/grab2/install/btcpp_ros2_interfaces/share/ament_index/resource_index/parent_prefix_path/btcpp_ros2_interfaces
[11.318s] -- Symlinking: /home/zaynap/grab/grab2/install/btcpp_ros2_interfaces/share/btcpp_ros2_interfaces/environment/ament_prefix_path.sh
[11.325s] -- Symlinking: /home/zaynap/grab/grab2/install/btcpp_ros2_interfaces/share/btcpp_ros2_interfaces/environment/ament_prefix_path.dsv
[11.333s] -- Symlinking: /home/zaynap/grab/grab2/install/btcpp_ros2_interfaces/share/btcpp_ros2_interfaces/environment/path.sh
[11.340s] -- Symlinking: /home/zaynap/grab/grab2/install/btcpp_ros2_interfaces/share/btcpp_ros2_interfaces/environment/path.dsv
[11.348s] -- Symlinking: /home/zaynap/grab/grab2/install/btcpp_ros2_interfaces/share/btcpp_ros2_interfaces/local_setup.bash
[11.356s] -- Symlinking: /home/zaynap/grab/grab2/install/btcpp_ros2_interfaces/share/btcpp_ros2_interfaces/local_setup.sh
[11.363s] -- Symlinking: /home/zaynap/grab/grab2/install/btcpp_ros2_interfaces/share/btcpp_ros2_interfaces/local_setup.zsh
[11.371s] -- Symlinking: /home/zaynap/grab/grab2/install/btcpp_ros2_interfaces/share/btcpp_ros2_interfaces/local_setup.dsv
[11.379s] -- Symlinking: /home/zaynap/grab/grab2/install/btcpp_ros2_interfaces/share/btcpp_ros2_interfaces/package.dsv
[11.386s] -- Symlinking: /home/zaynap/grab/grab2/install/btcpp_ros2_interfaces/share/ament_index/resource_index/packages/btcpp_ros2_interfaces
[11.394s] -- Symlinking: /home/zaynap/grab/grab2/install/btcpp_ros2_interfaces/share/btcpp_ros2_interfaces/cmake/rosidl_cmake-extras.cmake
[11.401s] -- Symlinking: /home/zaynap/grab/grab2/install/btcpp_ros2_interfaces/share/btcpp_ros2_interfaces/cmake/ament_cmake_export_dependencies-extras.cmake
[11.409s] -- Symlinking: /home/zaynap/grab/grab2/install/btcpp_ros2_interfaces/share/btcpp_ros2_interfaces/cmake/ament_cmake_export_include_directories-extras.cmake
[11.416s] -- Symlinking: /home/zaynap/grab/grab2/install/btcpp_ros2_interfaces/share/btcpp_ros2_interfaces/cmake/ament_cmake_export_libraries-extras.cmake
[11.424s] -- Symlinking: /home/zaynap/grab/grab2/install/btcpp_ros2_interfaces/share/btcpp_ros2_interfaces/cmake/ament_cmake_export_targets-extras.cmake
[11.431s] -- Symlinking: /home/zaynap/grab/grab2/install/btcpp_ros2_interfaces/share/btcpp_ros2_interfaces/cmake/rosidl_cmake_export_typesupport_targets-extras.cmake
[11.438s] -- Symlinking: /home/zaynap/grab/grab2/install/btcpp_ros2_interfaces/share/btcpp_ros2_interfaces/cmake/rosidl_cmake_export_typesupport_libraries-extras.cmake
[11.445s] -- Symlinking: /home/zaynap/grab/grab2/install/btcpp_ros2_interfaces/share/btcpp_ros2_interfaces/cmake/btcpp_ros2_interfacesConfig.cmake
[11.453s] -- Symlinking: /home/zaynap/grab/grab2/install/btcpp_ros2_interfaces/share/btcpp_ros2_interfaces/cmake/btcpp_ros2_interfacesConfig-version.cmake
[11.460s] -- Symlinking: /home/zaynap/grab/grab2/install/btcpp_ros2_interfaces/share/btcpp_ros2_interfaces/package.xml
[11.467s] -- Installing: /home/zaynap/grab/grab2/install/btcpp_ros2_interfaces/lib/libbtcpp_ros2_interfaces__rosidl_generator_c.so
[11.467s] -- Set runtime path of "/home/zaynap/grab/grab2/install/btcpp_ros2_interfaces/lib/libbtcpp_ros2_interfaces__rosidl_generator_c.so" to ""
[11.468s] -- Installing: /home/zaynap/grab/grab2/install/btcpp_ros2_interfaces/lib/libbtcpp_ros2_interfaces__rosidl_typesupport_fastrtps_c.so
[11.468s] -- Set runtime path of "/home/zaynap/grab/grab2/install/btcpp_ros2_interfaces/lib/libbtcpp_ros2_interfaces__rosidl_typesupport_fastrtps_c.so" to ""
[11.468s] -- Installing: /home/zaynap/grab/grab2/install/btcpp_ros2_interfaces/lib/libbtcpp_ros2_interfaces__rosidl_typesupport_introspection_c.so
[11.468s] -- Set runtime path of "/home/zaynap/grab/grab2/install/btcpp_ros2_interfaces/lib/libbtcpp_ros2_interfaces__rosidl_typesupport_introspection_c.so" to ""
[11.468s] -- Installing: /home/zaynap/grab/grab2/install/btcpp_ros2_interfaces/lib/libbtcpp_ros2_interfaces__rosidl_typesupport_c.so
[11.468s] -- Set runtime path of "/home/zaynap/grab/grab2/install/btcpp_ros2_interfaces/lib/libbtcpp_ros2_interfaces__rosidl_typesupport_c.so" to ""
[11.469s] -- Installing: /home/zaynap/grab/grab2/install/btcpp_ros2_interfaces/lib/libbtcpp_ros2_interfaces__rosidl_typesupport_fastrtps_cpp.so
[11.469s] -- Set runtime path of "/home/zaynap/grab/grab2/install/btcpp_ros2_interfaces/lib/libbtcpp_ros2_interfaces__rosidl_typesupport_fastrtps_cpp.so" to ""
[11.469s] -- Installing: /home/zaynap/grab/grab2/install/btcpp_ros2_interfaces/lib/libbtcpp_ros2_interfaces__rosidl_typesupport_introspection_cpp.so
[11.469s] -- Set runtime path of "/home/zaynap/grab/grab2/install/btcpp_ros2_interfaces/lib/libbtcpp_ros2_interfaces__rosidl_typesupport_introspection_cpp.so" to ""
[11.469s] -- Installing: /home/zaynap/grab/grab2/install/btcpp_ros2_interfaces/lib/libbtcpp_ros2_interfaces__rosidl_typesupport_cpp.so
[11.470s] -- Set runtime path of "/home/zaynap/grab/grab2/install/btcpp_ros2_interfaces/lib/libbtcpp_ros2_interfaces__rosidl_typesupport_cpp.so" to ""
[11.515s] Listing '/home/zaynap/grab/grab2/install/btcpp_ros2_interfaces/local/lib/python3.10/dist-packages/btcpp_ros2_interfaces'...
[11.515s] Compiling '/home/zaynap/grab/grab2/install/btcpp_ros2_interfaces/local/lib/python3.10/dist-packages/btcpp_ros2_interfaces/__init__.py'...
[11.515s] Listing '/home/zaynap/grab/grab2/install/btcpp_ros2_interfaces/local/lib/python3.10/dist-packages/btcpp_ros2_interfaces/action'...
[11.515s] Compiling '/home/zaynap/grab/grab2/install/btcpp_ros2_interfaces/local/lib/python3.10/dist-packages/btcpp_ros2_interfaces/action/__init__.py'...
[11.515s] Compiling '/home/zaynap/grab/grab2/install/btcpp_ros2_interfaces/local/lib/python3.10/dist-packages/btcpp_ros2_interfaces/action/_execute_tree.py'...
[11.515s] Compiling '/home/zaynap/grab/grab2/install/btcpp_ros2_interfaces/local/lib/python3.10/dist-packages/btcpp_ros2_interfaces/action/_sleep.py'...
[11.515s] Listing '/home/zaynap/grab/grab2/install/btcpp_ros2_interfaces/local/lib/python3.10/dist-packages/btcpp_ros2_interfaces/msg'...
[11.515s] Compiling '/home/zaynap/grab/grab2/install/btcpp_ros2_interfaces/local/lib/python3.10/dist-packages/btcpp_ros2_interfaces/msg/__init__.py'...
[11.515s] Compiling '/home/zaynap/grab/grab2/install/btcpp_ros2_interfaces/local/lib/python3.10/dist-packages/btcpp_ros2_interfaces/msg/_node_status.py'...
[11.520s] -- Installing: /home/zaynap/grab/grab2/install/btcpp_ros2_interfaces/lib/libbtcpp_ros2_interfaces__rosidl_generator_py.so
[11.520s] -- Set runtime path of "/home/zaynap/grab/grab2/install/btcpp_ros2_interfaces/lib/libbtcpp_ros2_interfaces__rosidl_generator_py.so" to ""
[11.520s] -- Installing: /home/zaynap/grab/grab2/install/btcpp_ros2_interfaces/share/btcpp_ros2_interfaces/cmake/export_btcpp_ros2_interfaces__rosidl_generator_cExport.cmake
[11.520s] -- Installing: /home/zaynap/grab/grab2/install/btcpp_ros2_interfaces/share/btcpp_ros2_interfaces/cmake/export_btcpp_ros2_interfaces__rosidl_generator_cExport-noconfig.cmake
[11.521s] -- Installing: /home/zaynap/grab/grab2/install/btcpp_ros2_interfaces/share/btcpp_ros2_interfaces/cmake/export_btcpp_ros2_interfaces__rosidl_typesupport_fastrtps_cExport.cmake
[11.521s] -- Installing: /home/zaynap/grab/grab2/install/btcpp_ros2_interfaces/share/btcpp_ros2_interfaces/cmake/export_btcpp_ros2_interfaces__rosidl_typesupport_fastrtps_cExport-noconfig.cmake
[11.521s] -- Installing: /home/zaynap/grab/grab2/install/btcpp_ros2_interfaces/share/btcpp_ros2_interfaces/cmake/btcpp_ros2_interfaces__rosidl_typesupport_introspection_cExport.cmake
[11.521s] -- Installing: /home/zaynap/grab/grab2/install/btcpp_ros2_interfaces/share/btcpp_ros2_interfaces/cmake/btcpp_ros2_interfaces__rosidl_typesupport_introspection_cExport-noconfig.cmake
[11.521s] -- Installing: /home/zaynap/grab/grab2/install/btcpp_ros2_interfaces/share/btcpp_ros2_interfaces/cmake/btcpp_ros2_interfaces__rosidl_typesupport_cExport.cmake
[11.521s] -- Installing: /home/zaynap/grab/grab2/install/btcpp_ros2_interfaces/share/btcpp_ros2_interfaces/cmake/btcpp_ros2_interfaces__rosidl_typesupport_cExport-noconfig.cmake
[11.521s] -- Installing: /home/zaynap/grab/grab2/install/btcpp_ros2_interfaces/share/btcpp_ros2_interfaces/cmake/export_btcpp_ros2_interfaces__rosidl_generator_cppExport.cmake
[11.521s] -- Installing: /home/zaynap/grab/grab2/install/btcpp_ros2_interfaces/share/btcpp_ros2_interfaces/cmake/export_btcpp_ros2_interfaces__rosidl_typesupport_fastrtps_cppExport.cmake
[11.521s] -- Installing: /home/zaynap/grab/grab2/install/btcpp_ros2_interfaces/share/btcpp_ros2_interfaces/cmake/export_btcpp_ros2_interfaces__rosidl_typesupport_fastrtps_cppExport-noconfig.cmake
[11.522s] -- Installing: /home/zaynap/grab/grab2/install/btcpp_ros2_interfaces/share/btcpp_ros2_interfaces/cmake/btcpp_ros2_interfaces__rosidl_typesupport_introspection_cppExport.cmake
[11.522s] -- Installing: /home/zaynap/grab/grab2/install/btcpp_ros2_interfaces/share/btcpp_ros2_interfaces/cmake/btcpp_ros2_interfaces__rosidl_typesupport_introspection_cppExport-noconfig.cmake
[11.522s] -- Installing: /home/zaynap/grab/grab2/install/btcpp_ros2_interfaces/share/btcpp_ros2_interfaces/cmake/btcpp_ros2_interfaces__rosidl_typesupport_cppExport.cmake
[11.522s] -- Installing: /home/zaynap/grab/grab2/install/btcpp_ros2_interfaces/share/btcpp_ros2_interfaces/cmake/btcpp_ros2_interfaces__rosidl_typesupport_cppExport-noconfig.cmake
[11.522s] -- Installing: /home/zaynap/grab/grab2/install/btcpp_ros2_interfaces/share/btcpp_ros2_interfaces/cmake/export_btcpp_ros2_interfaces__rosidl_generator_pyExport.cmake
[11.522s] -- Installing: /home/zaynap/grab/grab2/install/btcpp_ros2_interfaces/share/btcpp_ros2_interfaces/cmake/export_btcpp_ros2_interfaces__rosidl_generator_pyExport-noconfig.cmake
[11.524s] Invoked command in '/home/zaynap/grab/grab2/build/btcpp_ros2_interfaces' returned '0': CMAKE_PREFIX_PATH=/opt/ros/humble /usr/bin/cmake --install /home/zaynap/grab/grab2/build/btcpp_ros2_interfaces
