[0.020s] Invoking command in '/home/zaynap/grab/grab2/build/grab2_msgs': CMAKE_PREFIX_PATH=${CMAKE_PREFIX_PATH}:/home/zaynap/grab/grab2/install/grab2_curobo_planner:/opt/ros/humble /usr/bin/cmake --build /home/zaynap/grab/grab2/build/grab2_msgs -- -j8 -l8
[0.094s] [35m[1mConsolidate compiler generated dependencies of target grab2_msgs__rosidl_generator_c[0m
[0.107s] [  2%] Built target grab2_msgs__cpp
[0.111s] [ 12%] Built target grab2_msgs__rosidl_generator_c
[0.126s] [ 12%] Built target ament_cmake_python_symlink_grab2_msgs
[0.144s] [35m[1mConsolidate compiler generated dependencies of target grab2_msgs__rosidl_typesupport_cpp[0m
[0.144s] [35m[1mConsolidate compiler generated dependencies of target grab2_msgs__rosidl_typesupport_introspection_c[0m
[0.146s] [35m[1mConsolidate compiler generated dependencies of target grab2_msgs__rosidl_typesupport_introspection_cpp[0m
[0.146s] [35m[1mConsolidate compiler generated dependencies of target grab2_msgs__rosidl_typesupport_fastrtps_c[0m
[0.147s] [35m[1mConsolidate compiler generated dependencies of target grab2_msgs__rosidl_typesupport_c[0m
[0.152s] [35m[1mConsolidate compiler generated dependencies of target grab2_msgs__rosidl_typesupport_fastrtps_cpp[0m
[0.178s] [ 23%] Built target grab2_msgs__rosidl_typesupport_introspection_c
[0.183s] [ 34%] Built target grab2_msgs__rosidl_typesupport_cpp
[0.187s] [ 44%] Built target grab2_msgs__rosidl_typesupport_introspection_cpp
[0.192s] [ 55%] Built target grab2_msgs__rosidl_typesupport_c
[0.192s] [ 65%] Built target grab2_msgs__rosidl_typesupport_fastrtps_c
[0.194s] [ 76%] Built target grab2_msgs__rosidl_typesupport_fastrtps_cpp
[0.217s] [ 76%] Built target grab2_msgs
[0.243s] [ 78%] Built target grab2_msgs__py
[0.257s] [35m[1mConsolidate compiler generated dependencies of target grab2_msgs__rosidl_generator_py[0m
[0.276s] [ 87%] Built target grab2_msgs__rosidl_generator_py
[0.295s] [35m[1mConsolidate compiler generated dependencies of target grab2_msgs__rosidl_typesupport_fastrtps_c__pyext[0m
[0.304s] [35m[1mConsolidate compiler generated dependencies of target grab2_msgs__rosidl_typesupport_c__pyext[0m
[0.304s] [35m[1mConsolidate compiler generated dependencies of target grab2_msgs__rosidl_typesupport_introspection_c__pyext[0m
[0.309s] [ 91%] Built target grab2_msgs__rosidl_typesupport_fastrtps_c__pyext
[0.321s] [ 95%] Built target grab2_msgs__rosidl_typesupport_c__pyext
[0.321s] [100%] Built target grab2_msgs__rosidl_typesupport_introspection_c__pyext
[0.479s] running egg_info
[0.503s] writing grab2_msgs.egg-info/PKG-INFO
[0.504s] writing dependency_links to grab2_msgs.egg-info/dependency_links.txt
[0.504s] writing top-level names to grab2_msgs.egg-info/top_level.txt
[0.578s] reading manifest file 'grab2_msgs.egg-info/SOURCES.txt'
[0.586s] writing manifest file 'grab2_msgs.egg-info/SOURCES.txt'
[0.611s] [100%] Built target ament_cmake_python_build_grab2_msgs_egg
[0.621s] Invoked command in '/home/zaynap/grab/grab2/build/grab2_msgs' returned '0': CMAKE_PREFIX_PATH=${CMAKE_PREFIX_PATH}:/home/zaynap/grab/grab2/install/grab2_curobo_planner:/opt/ros/humble /usr/bin/cmake --build /home/zaynap/grab/grab2/build/grab2_msgs -- -j8 -l8
[0.634s] Invoking command in '/home/zaynap/grab/grab2/build/grab2_msgs': CMAKE_PREFIX_PATH=${CMAKE_PREFIX_PATH}:/home/zaynap/grab/grab2/install/grab2_curobo_planner:/opt/ros/humble /usr/bin/cmake --install /home/zaynap/grab/grab2/build/grab2_msgs
[0.641s] -- Install configuration: ""
[0.642s] -- Execute custom install script
[0.642s] -- Up-to-date symlink: /home/zaynap/grab/grab2/install/grab2_msgs/share/ament_index/resource_index/rosidl_interfaces/grab2_msgs
[0.642s] -- Up-to-date symlink: /home/zaynap/grab/grab2/install/grab2_msgs/include/grab2_msgs/grab2_msgs/action/compute_plan_through_poses.h
[0.643s] -- Up-to-date symlink: /home/zaynap/grab/grab2/install/grab2_msgs/include/grab2_msgs/grab2_msgs/action/compute_plan_to_pose.h
[0.643s] -- Up-to-date symlink: /home/zaynap/grab/grab2/install/grab2_msgs/include/grab2_msgs/grab2_msgs/action/detail/compute_plan_through_poses__functions.h
[0.643s] -- Up-to-date symlink: /home/zaynap/grab/grab2/install/grab2_msgs/include/grab2_msgs/grab2_msgs/action/detail/compute_plan_through_poses__struct.h
[0.643s] -- Up-to-date symlink: /home/zaynap/grab/grab2/install/grab2_msgs/include/grab2_msgs/grab2_msgs/action/detail/compute_plan_through_poses__type_support.h
[0.643s] -- Up-to-date symlink: /home/zaynap/grab/grab2/install/grab2_msgs/include/grab2_msgs/grab2_msgs/action/detail/compute_plan_to_pose__functions.h
[0.643s] -- Up-to-date symlink: /home/zaynap/grab/grab2/install/grab2_msgs/include/grab2_msgs/grab2_msgs/action/detail/compute_plan_to_pose__struct.h
[0.643s] -- Up-to-date symlink: /home/zaynap/grab/grab2/install/grab2_msgs/include/grab2_msgs/grab2_msgs/action/detail/compute_plan_to_pose__type_support.h
[0.644s] -- Up-to-date symlink: /home/zaynap/grab/grab2/install/grab2_msgs/include/grab2_msgs/grab2_msgs/action/detail/get_isaac_grasp__functions.h
[0.644s] -- Up-to-date symlink: /home/zaynap/grab/grab2/install/grab2_msgs/include/grab2_msgs/grab2_msgs/action/detail/get_isaac_grasp__struct.h
[0.644s] -- Up-to-date symlink: /home/zaynap/grab/grab2/install/grab2_msgs/include/grab2_msgs/grab2_msgs/action/detail/get_isaac_grasp__type_support.h
[0.644s] -- Up-to-date symlink: /home/zaynap/grab/grab2/install/grab2_msgs/include/grab2_msgs/grab2_msgs/action/get_isaac_grasp.h
[0.644s] -- Up-to-date symlink: /home/zaynap/grab/grab2/install/grab2_msgs/include/grab2_msgs/grab2_msgs/msg/rosidl_generator_c__visibility_control.h
[0.644s] -- Up-to-date symlink: /home/zaynap/grab/grab2/install/grab2_msgs/share/grab2_msgs/environment/library_path.sh
[0.645s] -- Up-to-date symlink: /home/zaynap/grab/grab2/install/grab2_msgs/share/grab2_msgs/environment/library_path.dsv
[0.645s] -- Up-to-date symlink: /home/zaynap/grab/grab2/install/grab2_msgs/include/grab2_msgs/grab2_msgs/action/detail/compute_plan_through_poses__rosidl_typesupport_fastrtps_c.h
[0.645s] -- Up-to-date symlink: /home/zaynap/grab/grab2/install/grab2_msgs/include/grab2_msgs/grab2_msgs/action/detail/compute_plan_to_pose__rosidl_typesupport_fastrtps_c.h
[0.645s] -- Up-to-date symlink: /home/zaynap/grab/grab2/install/grab2_msgs/include/grab2_msgs/grab2_msgs/action/detail/get_isaac_grasp__rosidl_typesupport_fastrtps_c.h
[0.646s] -- Up-to-date symlink: /home/zaynap/grab/grab2/install/grab2_msgs/include/grab2_msgs/grab2_msgs/msg/rosidl_typesupport_fastrtps_c__visibility_control.h
[0.646s] -- Up-to-date symlink: /home/zaynap/grab/grab2/install/grab2_msgs/include/grab2_msgs/grab2_msgs/action/compute_plan_through_poses.hpp
[0.646s] -- Up-to-date symlink: /home/zaynap/grab/grab2/install/grab2_msgs/include/grab2_msgs/grab2_msgs/action/compute_plan_to_pose.hpp
[0.647s] -- Up-to-date symlink: /home/zaynap/grab/grab2/install/grab2_msgs/include/grab2_msgs/grab2_msgs/action/detail/compute_plan_through_poses__builder.hpp
[0.647s] -- Up-to-date symlink: /home/zaynap/grab/grab2/install/grab2_msgs/include/grab2_msgs/grab2_msgs/action/detail/compute_plan_through_poses__struct.hpp
[0.647s] -- Up-to-date symlink: /home/zaynap/grab/grab2/install/grab2_msgs/include/grab2_msgs/grab2_msgs/action/detail/compute_plan_through_poses__traits.hpp
[0.647s] -- Up-to-date symlink: /home/zaynap/grab/grab2/install/grab2_msgs/include/grab2_msgs/grab2_msgs/action/detail/compute_plan_through_poses__type_support.hpp
[0.647s] -- Up-to-date symlink: /home/zaynap/grab/grab2/install/grab2_msgs/include/grab2_msgs/grab2_msgs/action/detail/compute_plan_to_pose__builder.hpp
[0.647s] -- Up-to-date symlink: /home/zaynap/grab/grab2/install/grab2_msgs/include/grab2_msgs/grab2_msgs/action/detail/compute_plan_to_pose__struct.hpp
[0.647s] -- Up-to-date symlink: /home/zaynap/grab/grab2/install/grab2_msgs/include/grab2_msgs/grab2_msgs/action/detail/compute_plan_to_pose__traits.hpp
[0.648s] -- Up-to-date symlink: /home/zaynap/grab/grab2/install/grab2_msgs/include/grab2_msgs/grab2_msgs/action/detail/compute_plan_to_pose__type_support.hpp
[0.648s] -- Up-to-date symlink: /home/zaynap/grab/grab2/install/grab2_msgs/include/grab2_msgs/grab2_msgs/action/detail/get_isaac_grasp__builder.hpp
[0.648s] -- Up-to-date symlink: /home/zaynap/grab/grab2/install/grab2_msgs/include/grab2_msgs/grab2_msgs/action/detail/get_isaac_grasp__struct.hpp
[0.648s] -- Up-to-date symlink: /home/zaynap/grab/grab2/install/grab2_msgs/include/grab2_msgs/grab2_msgs/action/detail/get_isaac_grasp__traits.hpp
[0.648s] -- Up-to-date symlink: /home/zaynap/grab/grab2/install/grab2_msgs/include/grab2_msgs/grab2_msgs/action/detail/get_isaac_grasp__type_support.hpp
[0.648s] -- Up-to-date symlink: /home/zaynap/grab/grab2/install/grab2_msgs/include/grab2_msgs/grab2_msgs/action/get_isaac_grasp.hpp
[0.649s] -- Up-to-date symlink: /home/zaynap/grab/grab2/install/grab2_msgs/include/grab2_msgs/grab2_msgs/msg/rosidl_generator_cpp__visibility_control.hpp
[0.649s] -- Up-to-date symlink: /home/zaynap/grab/grab2/install/grab2_msgs/include/grab2_msgs/grab2_msgs/action/detail/compute_plan_through_poses__rosidl_typesupport_fastrtps_cpp.hpp
[0.649s] -- Up-to-date symlink: /home/zaynap/grab/grab2/install/grab2_msgs/include/grab2_msgs/grab2_msgs/action/detail/compute_plan_to_pose__rosidl_typesupport_fastrtps_cpp.hpp
[0.649s] -- Up-to-date symlink: /home/zaynap/grab/grab2/install/grab2_msgs/include/grab2_msgs/grab2_msgs/action/detail/get_isaac_grasp__rosidl_typesupport_fastrtps_cpp.hpp
[0.650s] -- Up-to-date symlink: /home/zaynap/grab/grab2/install/grab2_msgs/include/grab2_msgs/grab2_msgs/msg/rosidl_typesupport_fastrtps_cpp__visibility_control.h
[0.650s] -- Up-to-date symlink: /home/zaynap/grab/grab2/install/grab2_msgs/include/grab2_msgs/grab2_msgs/action/detail/compute_plan_through_poses__rosidl_typesupport_introspection_c.h
[0.650s] -- Up-to-date symlink: /home/zaynap/grab/grab2/install/grab2_msgs/include/grab2_msgs/grab2_msgs/action/detail/compute_plan_to_pose__rosidl_typesupport_introspection_c.h
[0.650s] -- Up-to-date symlink: /home/zaynap/grab/grab2/install/grab2_msgs/include/grab2_msgs/grab2_msgs/action/detail/get_isaac_grasp__rosidl_typesupport_introspection_c.h
[0.650s] -- Up-to-date symlink: /home/zaynap/grab/grab2/install/grab2_msgs/include/grab2_msgs/grab2_msgs/msg/rosidl_typesupport_introspection_c__visibility_control.h
[0.651s] -- Up-to-date symlink: /home/zaynap/grab/grab2/install/grab2_msgs/include/grab2_msgs/grab2_msgs/action/detail/compute_plan_through_poses__rosidl_typesupport_introspection_cpp.hpp
[0.651s] -- Up-to-date symlink: /home/zaynap/grab/grab2/install/grab2_msgs/include/grab2_msgs/grab2_msgs/action/detail/compute_plan_to_pose__rosidl_typesupport_introspection_cpp.hpp
[0.651s] -- Up-to-date symlink: /home/zaynap/grab/grab2/install/grab2_msgs/include/grab2_msgs/grab2_msgs/action/detail/get_isaac_grasp__rosidl_typesupport_introspection_cpp.hpp
[0.651s] -- Up-to-date symlink: /home/zaynap/grab/grab2/install/grab2_msgs/share/grab2_msgs/environment/pythonpath.sh
[0.652s] -- Up-to-date symlink: /home/zaynap/grab/grab2/install/grab2_msgs/share/grab2_msgs/environment/pythonpath.dsv
[0.652s] -- Up-to-date symlink: /home/zaynap/grab/grab2/install/grab2_msgs/local/lib/python3.10/dist-packages/grab2_msgs-0.0.0-py3.10.egg-info/PKG-INFO
[0.652s] -- Up-to-date symlink: /home/zaynap/grab/grab2/install/grab2_msgs/local/lib/python3.10/dist-packages/grab2_msgs-0.0.0-py3.10.egg-info/SOURCES.txt
[0.652s] -- Up-to-date symlink: /home/zaynap/grab/grab2/install/grab2_msgs/local/lib/python3.10/dist-packages/grab2_msgs-0.0.0-py3.10.egg-info/dependency_links.txt
[0.652s] -- Up-to-date symlink: /home/zaynap/grab/grab2/install/grab2_msgs/local/lib/python3.10/dist-packages/grab2_msgs-0.0.0-py3.10.egg-info/top_level.txt
[0.653s] -- Up-to-date symlink: /home/zaynap/grab/grab2/install/grab2_msgs/local/lib/python3.10/dist-packages/grab2_msgs/__init__.py
[0.653s] -- Up-to-date symlink: /home/zaynap/grab/grab2/install/grab2_msgs/local/lib/python3.10/dist-packages/grab2_msgs/_grab2_msgs_s.ep.rosidl_typesupport_c.c
[0.653s] -- Up-to-date symlink: /home/zaynap/grab/grab2/install/grab2_msgs/local/lib/python3.10/dist-packages/grab2_msgs/_grab2_msgs_s.ep.rosidl_typesupport_fastrtps_c.c
[0.654s] -- Up-to-date symlink: /home/zaynap/grab/grab2/install/grab2_msgs/local/lib/python3.10/dist-packages/grab2_msgs/_grab2_msgs_s.ep.rosidl_typesupport_introspection_c.c
[0.654s] -- Up-to-date symlink: /home/zaynap/grab/grab2/install/grab2_msgs/local/lib/python3.10/dist-packages/grab2_msgs/action/__init__.py
[0.654s] -- Up-to-date symlink: /home/zaynap/grab/grab2/install/grab2_msgs/local/lib/python3.10/dist-packages/grab2_msgs/action/_compute_plan_through_poses.py
[0.654s] -- Up-to-date symlink: /home/zaynap/grab/grab2/install/grab2_msgs/local/lib/python3.10/dist-packages/grab2_msgs/action/_compute_plan_through_poses_s.c
[0.654s] -- Up-to-date symlink: /home/zaynap/grab/grab2/install/grab2_msgs/local/lib/python3.10/dist-packages/grab2_msgs/action/_compute_plan_to_pose.py
[0.654s] -- Up-to-date symlink: /home/zaynap/grab/grab2/install/grab2_msgs/local/lib/python3.10/dist-packages/grab2_msgs/action/_compute_plan_to_pose_s.c
[0.655s] -- Up-to-date symlink: /home/zaynap/grab/grab2/install/grab2_msgs/local/lib/python3.10/dist-packages/grab2_msgs/action/_get_isaac_grasp.py
[0.655s] -- Up-to-date symlink: /home/zaynap/grab/grab2/install/grab2_msgs/local/lib/python3.10/dist-packages/grab2_msgs/action/_get_isaac_grasp_s.c
[0.655s] -- Up-to-date symlink: /home/zaynap/grab/grab2/install/grab2_msgs/local/lib/python3.10/dist-packages/grab2_msgs/grab2_msgs_s__rosidl_typesupport_c.cpython-310-x86_64-linux-gnu.so
[0.655s] -- Up-to-date symlink: /home/zaynap/grab/grab2/install/grab2_msgs/local/lib/python3.10/dist-packages/grab2_msgs/grab2_msgs_s__rosidl_typesupport_fastrtps_c.cpython-310-x86_64-linux-gnu.so
[0.655s] -- Up-to-date symlink: /home/zaynap/grab/grab2/install/grab2_msgs/local/lib/python3.10/dist-packages/grab2_msgs/grab2_msgs_s__rosidl_typesupport_introspection_c.cpython-310-x86_64-linux-gnu.so
[0.655s] -- Up-to-date symlink: /home/zaynap/grab/grab2/install/grab2_msgs/local/lib/python3.10/dist-packages/grab2_msgs/libgrab2_msgs__rosidl_generator_py.so
[0.656s] -- Up-to-date symlink: /home/zaynap/grab/grab2/install/grab2_msgs/local/lib/python3.10/dist-packages/grab2_msgs/grab2_msgs_s__rosidl_typesupport_fastrtps_c.cpython-310-x86_64-linux-gnu.so
[0.656s] -- Up-to-date symlink: /home/zaynap/grab/grab2/install/grab2_msgs/local/lib/python3.10/dist-packages/grab2_msgs/grab2_msgs_s__rosidl_typesupport_introspection_c.cpython-310-x86_64-linux-gnu.so
[0.656s] -- Up-to-date symlink: /home/zaynap/grab/grab2/install/grab2_msgs/local/lib/python3.10/dist-packages/grab2_msgs/grab2_msgs_s__rosidl_typesupport_c.cpython-310-x86_64-linux-gnu.so
[0.657s] -- Up-to-date symlink: /home/zaynap/grab/grab2/install/grab2_msgs/share/grab2_msgs/action/ComputePlanToPose.idl
[0.657s] -- Up-to-date symlink: /home/zaynap/grab/grab2/install/grab2_msgs/share/grab2_msgs/action/ComputePlanThroughPoses.idl
[0.657s] -- Up-to-date symlink: /home/zaynap/grab/grab2/install/grab2_msgs/share/grab2_msgs/action/GetIsaacGrasp.idl
[0.657s] -- Up-to-date symlink: /home/zaynap/grab/grab2/install/grab2_msgs/share/grab2_msgs/action/ComputePlanToPose.action
[0.657s] -- Up-to-date symlink: /home/zaynap/grab/grab2/install/grab2_msgs/share/grab2_msgs/action/ComputePlanThroughPoses.action
[0.658s] -- Up-to-date symlink: /home/zaynap/grab/grab2/install/grab2_msgs/share/grab2_msgs/action/GetIsaacGrasp.action
[0.658s] -- Up-to-date symlink: /home/zaynap/grab/grab2/install/grab2_msgs/share/ament_index/resource_index/package_run_dependencies/grab2_msgs
[0.658s] -- Up-to-date symlink: /home/zaynap/grab/grab2/install/grab2_msgs/share/ament_index/resource_index/parent_prefix_path/grab2_msgs
[0.658s] -- Up-to-date symlink: /home/zaynap/grab/grab2/install/grab2_msgs/share/grab2_msgs/environment/ament_prefix_path.sh
[0.658s] -- Up-to-date symlink: /home/zaynap/grab/grab2/install/grab2_msgs/share/grab2_msgs/environment/ament_prefix_path.dsv
[0.659s] -- Up-to-date symlink: /home/zaynap/grab/grab2/install/grab2_msgs/share/grab2_msgs/environment/path.sh
[0.659s] -- Up-to-date symlink: /home/zaynap/grab/grab2/install/grab2_msgs/share/grab2_msgs/environment/path.dsv
[0.659s] -- Up-to-date symlink: /home/zaynap/grab/grab2/install/grab2_msgs/share/grab2_msgs/local_setup.bash
[0.659s] -- Up-to-date symlink: /home/zaynap/grab/grab2/install/grab2_msgs/share/grab2_msgs/local_setup.sh
[0.659s] -- Up-to-date symlink: /home/zaynap/grab/grab2/install/grab2_msgs/share/grab2_msgs/local_setup.zsh
[0.659s] -- Up-to-date symlink: /home/zaynap/grab/grab2/install/grab2_msgs/share/grab2_msgs/local_setup.dsv
[0.660s] -- Symlinking: /home/zaynap/grab/grab2/install/grab2_msgs/share/grab2_msgs/package.dsv
[0.668s] -- Up-to-date symlink: /home/zaynap/grab/grab2/install/grab2_msgs/share/ament_index/resource_index/packages/grab2_msgs
[0.668s] -- Up-to-date symlink: /home/zaynap/grab/grab2/install/grab2_msgs/share/grab2_msgs/cmake/rosidl_cmake-extras.cmake
[0.668s] -- Up-to-date symlink: /home/zaynap/grab/grab2/install/grab2_msgs/share/grab2_msgs/cmake/ament_cmake_export_dependencies-extras.cmake
[0.668s] -- Up-to-date symlink: /home/zaynap/grab/grab2/install/grab2_msgs/share/grab2_msgs/cmake/ament_cmake_export_include_directories-extras.cmake
[0.668s] -- Up-to-date symlink: /home/zaynap/grab/grab2/install/grab2_msgs/share/grab2_msgs/cmake/ament_cmake_export_libraries-extras.cmake
[0.668s] -- Up-to-date symlink: /home/zaynap/grab/grab2/install/grab2_msgs/share/grab2_msgs/cmake/ament_cmake_export_targets-extras.cmake
[0.668s] -- Up-to-date symlink: /home/zaynap/grab/grab2/install/grab2_msgs/share/grab2_msgs/cmake/rosidl_cmake_export_typesupport_targets-extras.cmake
[0.668s] -- Up-to-date symlink: /home/zaynap/grab/grab2/install/grab2_msgs/share/grab2_msgs/cmake/rosidl_cmake_export_typesupport_libraries-extras.cmake
[0.669s] -- Up-to-date symlink: /home/zaynap/grab/grab2/install/grab2_msgs/share/grab2_msgs/cmake/grab2_msgsConfig.cmake
[0.669s] -- Up-to-date symlink: /home/zaynap/grab/grab2/install/grab2_msgs/share/grab2_msgs/cmake/grab2_msgsConfig-version.cmake
[0.669s] -- Up-to-date symlink: /home/zaynap/grab/grab2/install/grab2_msgs/share/grab2_msgs/package.xml
[0.669s] -- Up-to-date: /home/zaynap/grab/grab2/install/grab2_msgs/lib/libgrab2_msgs__rosidl_generator_c.so
[0.669s] -- Up-to-date: /home/zaynap/grab/grab2/install/grab2_msgs/lib/libgrab2_msgs__rosidl_typesupport_fastrtps_c.so
[0.669s] -- Up-to-date: /home/zaynap/grab/grab2/install/grab2_msgs/lib/libgrab2_msgs__rosidl_typesupport_fastrtps_cpp.so
[0.670s] -- Up-to-date: /home/zaynap/grab/grab2/install/grab2_msgs/lib/libgrab2_msgs__rosidl_typesupport_introspection_c.so
[0.670s] -- Up-to-date: /home/zaynap/grab/grab2/install/grab2_msgs/lib/libgrab2_msgs__rosidl_typesupport_c.so
[0.670s] -- Up-to-date: /home/zaynap/grab/grab2/install/grab2_msgs/lib/libgrab2_msgs__rosidl_typesupport_introspection_cpp.so
[0.670s] -- Up-to-date: /home/zaynap/grab/grab2/install/grab2_msgs/lib/libgrab2_msgs__rosidl_typesupport_cpp.so
[0.702s] Listing '/home/zaynap/grab/grab2/install/grab2_msgs/local/lib/python3.10/dist-packages/grab2_msgs'...
[0.703s] Listing '/home/zaynap/grab/grab2/install/grab2_msgs/local/lib/python3.10/dist-packages/grab2_msgs/action'...
[0.707s] -- Up-to-date: /home/zaynap/grab/grab2/install/grab2_msgs/lib/libgrab2_msgs__rosidl_generator_py.so
[0.707s] -- Up-to-date: /home/zaynap/grab/grab2/install/grab2_msgs/share/grab2_msgs/cmake/export_grab2_msgs__rosidl_generator_cExport.cmake
[0.707s] -- Up-to-date: /home/zaynap/grab/grab2/install/grab2_msgs/share/grab2_msgs/cmake/export_grab2_msgs__rosidl_generator_cExport-noconfig.cmake
[0.707s] -- Up-to-date: /home/zaynap/grab/grab2/install/grab2_msgs/share/grab2_msgs/cmake/export_grab2_msgs__rosidl_typesupport_fastrtps_cExport.cmake
[0.707s] -- Up-to-date: /home/zaynap/grab/grab2/install/grab2_msgs/share/grab2_msgs/cmake/export_grab2_msgs__rosidl_typesupport_fastrtps_cExport-noconfig.cmake
[0.708s] -- Up-to-date: /home/zaynap/grab/grab2/install/grab2_msgs/share/grab2_msgs/cmake/export_grab2_msgs__rosidl_generator_cppExport.cmake
[0.708s] -- Up-to-date: /home/zaynap/grab/grab2/install/grab2_msgs/share/grab2_msgs/cmake/export_grab2_msgs__rosidl_typesupport_fastrtps_cppExport.cmake
[0.708s] -- Up-to-date: /home/zaynap/grab/grab2/install/grab2_msgs/share/grab2_msgs/cmake/export_grab2_msgs__rosidl_typesupport_fastrtps_cppExport-noconfig.cmake
[0.708s] -- Up-to-date: /home/zaynap/grab/grab2/install/grab2_msgs/share/grab2_msgs/cmake/grab2_msgs__rosidl_typesupport_introspection_cExport.cmake
[0.708s] -- Up-to-date: /home/zaynap/grab/grab2/install/grab2_msgs/share/grab2_msgs/cmake/grab2_msgs__rosidl_typesupport_introspection_cExport-noconfig.cmake
[0.708s] -- Up-to-date: /home/zaynap/grab/grab2/install/grab2_msgs/share/grab2_msgs/cmake/grab2_msgs__rosidl_typesupport_cExport.cmake
[0.708s] -- Up-to-date: /home/zaynap/grab/grab2/install/grab2_msgs/share/grab2_msgs/cmake/grab2_msgs__rosidl_typesupport_cExport-noconfig.cmake
[0.708s] -- Up-to-date: /home/zaynap/grab/grab2/install/grab2_msgs/share/grab2_msgs/cmake/grab2_msgs__rosidl_typesupport_introspection_cppExport.cmake
[0.708s] -- Up-to-date: /home/zaynap/grab/grab2/install/grab2_msgs/share/grab2_msgs/cmake/grab2_msgs__rosidl_typesupport_introspection_cppExport-noconfig.cmake
[0.708s] -- Up-to-date: /home/zaynap/grab/grab2/install/grab2_msgs/share/grab2_msgs/cmake/grab2_msgs__rosidl_typesupport_cppExport.cmake
[0.709s] -- Up-to-date: /home/zaynap/grab/grab2/install/grab2_msgs/share/grab2_msgs/cmake/grab2_msgs__rosidl_typesupport_cppExport-noconfig.cmake
[0.709s] -- Up-to-date: /home/zaynap/grab/grab2/install/grab2_msgs/share/grab2_msgs/cmake/export_grab2_msgs__rosidl_generator_pyExport.cmake
[0.709s] -- Up-to-date: /home/zaynap/grab/grab2/install/grab2_msgs/share/grab2_msgs/cmake/export_grab2_msgs__rosidl_generator_pyExport-noconfig.cmake
[0.711s] Invoked command in '/home/zaynap/grab/grab2/build/grab2_msgs' returned '0': CMAKE_PREFIX_PATH=${CMAKE_PREFIX_PATH}:/home/zaynap/grab/grab2/install/grab2_curobo_planner:/opt/ros/humble /usr/bin/cmake --install /home/zaynap/grab/grab2/build/grab2_msgs
