/home/zaynap/.local/lib/python3.10/site-packages/setuptools/_distutils/dist.py:270: UserWarning: Unknown distribution option: 'tests_require'
  warnings.warn(msg)
running egg_info
writing ../build/grab2_curobo_planner/grab2_curobo_planner.egg-info/PKG-INFO
writing dependency_links to ../build/grab2_curobo_planner/grab2_curobo_planner.egg-info/dependency_links.txt
writing entry points to ../build/grab2_curobo_planner/grab2_curobo_planner.egg-info/entry_points.txt
writing requirements to ../build/grab2_curobo_planner/grab2_curobo_planner.egg-info/requires.txt
writing top-level names to ../build/grab2_curobo_planner/grab2_curobo_planner.egg-info/top_level.txt
reading manifest file '../build/grab2_curobo_planner/grab2_curobo_planner.egg-info/SOURCES.txt'
writing manifest file '../build/grab2_curobo_planner/grab2_curobo_planner.egg-info/SOURCES.txt'
running build
running build_py
copying grab2_curobo_planner/planning_server.py -> /home/zaynap/grab/grab2/build/grab2_curobo_planner/build/lib/grab2_curobo_planner
copying grab2_curobo_planner/__init__.py -> /home/zaynap/grab/grab2/build/grab2_curobo_planner/build/lib/grab2_curobo_planner
copying grab2_curobo_planner/curobo/motion_generation.py -> /home/zaynap/grab/grab2/build/grab2_curobo_planner/build/lib/grab2_curobo_planner/curobo
copying grab2_curobo_planner/curobo/__init__.py -> /home/zaynap/grab/grab2/build/grab2_curobo_planner/build/lib/grab2_curobo_planner/curobo
running install
running install_lib
running install_data
copying resource/grab2_curobo_planner -> /home/zaynap/grab/grab2/install/grab2_curobo_planner/share/ament_index/resource_index/packages
copying package.xml -> /home/zaynap/grab/grab2/install/grab2_curobo_planner/share/grab2_curobo_planner
copying launch/planning_server.launch.py -> /home/zaynap/grab/grab2/install/grab2_curobo_planner/share/grab2_curobo_planner/launch
copying config/table.yaml -> /home/zaynap/grab/grab2/install/grab2_curobo_planner/share/grab2_curobo_planner/config
copying config/toybox.yaml -> /home/zaynap/grab/grab2/install/grab2_curobo_planner/share/grab2_curobo_planner/config
running install_egg_info
removing '/home/zaynap/grab/grab2/install/grab2_curobo_planner/lib/python3.10/site-packages/grab2_curobo_planner-0.0.0-py3.10.egg-info' (and everything under it)
Copying ../build/grab2_curobo_planner/grab2_curobo_planner.egg-info to /home/zaynap/grab/grab2/install/grab2_curobo_planner/lib/python3.10/site-packages/grab2_curobo_planner-0.0.0-py3.10.egg-info
running install_scripts
Installing planning_server script to /home/zaynap/grab/grab2/install/grab2_curobo_planner/lib/grab2_curobo_planner
writing list of installed files to '/home/zaynap/grab/grab2/build/grab2_curobo_planner/install.log'
