[2.081s] Invoking command in '/home/zaynap/grab/grab2/grab2_curobo_planner': AMENT_PREFIX_PATH=/home/zaynap/grab/grab2/install/grab2_msgs:${AMENT_PREFIX_PATH} CMAKE_PREFIX_PATH=/home/zaynap/grab/grab2/install/grab2_msgs LD_LIBRARY_PATH=/home/zaynap/grab/grab2/install/grab2_msgs/lib:${LD_LIBRARY_PATH} PYTHONPATH=/home/zaynap/grab/grab2/build/grab2_curobo_planner/prefix_override:/usr/lib/python3/dist-packages/colcon_core/task/python/colcon_distutils_commands:/home/zaynap/grab/grab2/install/grab2_curobo_planner/lib/python3.10/site-packages:/home/zaynap/grab/grab2/install/grab2_msgs/local/lib/python3.10/dist-packages:${PYTHONPATH} /usr/bin/python3 -W ignore:setup.py install is deprecated -W ignore:easy_install command is deprecated setup.py egg_info --egg-base ../build/grab2_curobo_planner build --build-base /home/zaynap/grab/grab2/build/grab2_curobo_planner/build install --record /home/zaynap/grab/grab2/build/grab2_curobo_planner/install.log --single-version-externally-managed install_data
[2.543s] /home/zaynap/.local/lib/python3.10/site-packages/setuptools/_distutils/dist.py:270: UserWarning: Unknown distribution option: 'tests_require'
[2.544s]   warnings.warn(msg)
[3.034s] running egg_info
[3.141s] writing ../build/grab2_curobo_planner/grab2_curobo_planner.egg-info/PKG-INFO
[3.148s] writing dependency_links to ../build/grab2_curobo_planner/grab2_curobo_planner.egg-info/dependency_links.txt
[3.148s] writing entry points to ../build/grab2_curobo_planner/grab2_curobo_planner.egg-info/entry_points.txt
[3.148s] writing requirements to ../build/grab2_curobo_planner/grab2_curobo_planner.egg-info/requires.txt
[3.148s] writing top-level names to ../build/grab2_curobo_planner/grab2_curobo_planner.egg-info/top_level.txt
[3.355s] reading manifest file '../build/grab2_curobo_planner/grab2_curobo_planner.egg-info/SOURCES.txt'
[3.362s] writing manifest file '../build/grab2_curobo_planner/grab2_curobo_planner.egg-info/SOURCES.txt'
[3.370s] running build
[3.370s] running build_py
[3.370s] copying grab2_curobo_planner/planning_server.py -> /home/zaynap/grab/grab2/build/grab2_curobo_planner/build/lib/grab2_curobo_planner
[3.370s] copying grab2_curobo_planner/__init__.py -> /home/zaynap/grab/grab2/build/grab2_curobo_planner/build/lib/grab2_curobo_planner
[3.371s] copying grab2_curobo_planner/curobo/motion_generation.py -> /home/zaynap/grab/grab2/build/grab2_curobo_planner/build/lib/grab2_curobo_planner/curobo
[3.371s] copying grab2_curobo_planner/curobo/__init__.py -> /home/zaynap/grab/grab2/build/grab2_curobo_planner/build/lib/grab2_curobo_planner/curobo
[3.371s] running install
[3.389s] running install_lib
[3.498s] running install_data
[3.499s] copying resource/grab2_curobo_planner -> /home/zaynap/grab/grab2/install/grab2_curobo_planner/share/ament_index/resource_index/packages
[3.504s] copying package.xml -> /home/zaynap/grab/grab2/install/grab2_curobo_planner/share/grab2_curobo_planner
[3.504s] copying launch/planning_server.launch.py -> /home/zaynap/grab/grab2/install/grab2_curobo_planner/share/grab2_curobo_planner/launch
[3.504s] copying config/table.yaml -> /home/zaynap/grab/grab2/install/grab2_curobo_planner/share/grab2_curobo_planner/config
[3.504s] copying config/toybox.yaml -> /home/zaynap/grab/grab2/install/grab2_curobo_planner/share/grab2_curobo_planner/config
[3.505s] running install_egg_info
[3.617s] removing '/home/zaynap/grab/grab2/install/grab2_curobo_planner/lib/python3.10/site-packages/grab2_curobo_planner-0.0.0-py3.10.egg-info' (and everything under it)
[3.619s] Copying ../build/grab2_curobo_planner/grab2_curobo_planner.egg-info to /home/zaynap/grab/grab2/install/grab2_curobo_planner/lib/python3.10/site-packages/grab2_curobo_planner-0.0.0-py3.10.egg-info
[3.624s] running install_scripts
[4.397s] Installing planning_server script to /home/zaynap/grab/grab2/install/grab2_curobo_planner/lib/grab2_curobo_planner
[4.406s] writing list of installed files to '/home/zaynap/grab/grab2/build/grab2_curobo_planner/install.log'
[4.540s] Invoked command in '/home/zaynap/grab/grab2/grab2_curobo_planner' returned '0': AMENT_PREFIX_PATH=/home/zaynap/grab/grab2/install/grab2_msgs:${AMENT_PREFIX_PATH} CMAKE_PREFIX_PATH=/home/zaynap/grab/grab2/install/grab2_msgs LD_LIBRARY_PATH=/home/zaynap/grab/grab2/install/grab2_msgs/lib:${LD_LIBRARY_PATH} PYTHONPATH=/home/zaynap/grab/grab2/build/grab2_curobo_planner/prefix_override:/usr/lib/python3/dist-packages/colcon_core/task/python/colcon_distutils_commands:/home/zaynap/grab/grab2/install/grab2_curobo_planner/lib/python3.10/site-packages:/home/zaynap/grab/grab2/install/grab2_msgs/local/lib/python3.10/dist-packages:${PYTHONPATH} /usr/bin/python3 -W ignore:setup.py install is deprecated -W ignore:easy_install command is deprecated setup.py egg_info --egg-base ../build/grab2_curobo_planner build --build-base /home/zaynap/grab/grab2/build/grab2_curobo_planner/build install --record /home/zaynap/grab/grab2/build/grab2_curobo_planner/install.log --single-version-externally-managed install_data
