[0.007s] Invoking command in '/home/zaynap/grab/grab2/build/behaviortree_ros2': AMENT_PREFIX_PATH=/home/zaynap/grab/grab2/install/btcpp_ros2_interfaces:${AMENT_PREFIX_PATH} CMAKE_PREFIX_PATH=/home/zaynap/grab/grab2/install/btcpp_ros2_interfaces:/opt/ros/humble LD_LIBRARY_PATH=/home/zaynap/grab/grab2/install/btcpp_ros2_interfaces/lib:${LD_LIBRARY_PATH} PYTHONPATH=/home/zaynap/grab/grab2/install/btcpp_ros2_interfaces/local/lib/python3.10/dist-packages:${PYTHONPATH} /usr/bin/cmake /home/zaynap/grab/grab2/BehaviorTree.ROS2/behaviortree_ros2 -DAMENT_CMAKE_SYMLINK_INSTALL=1 -DCMAKE_INSTALL_PREFIX=/home/zaynap/grab/grab2/install/behaviortree_ros2
[0.054s] -- The C compiler identification is GNU 11.4.0
[0.102s] -- The CXX compiler identification is GNU 11.4.0
[0.109s] -- Detecting C compiler ABI info
[0.166s] -- Detecting C compiler ABI info - done
[0.177s] -- Check for working C compiler: /usr/bin/cc - skipped
[0.177s] -- Detecting C compile features
[0.178s] -- Detecting C compile features - done
[0.181s] -- Detecting CXX compiler ABI info
[0.252s] -- Detecting CXX compiler ABI info - done
[0.259s] -- Check for working CXX compiler: /usr/bin/c++ - skipped
[0.259s] -- Detecting CXX compile features
[0.260s] -- Detecting CXX compile features - done
[0.262s] -- Found ament_cmake: 1.3.12 (/opt/ros/humble/share/ament_cmake/cmake)
[0.615s] -- Found Python3: /usr/bin/python3 (found version "3.10.12") found components: Interpreter 
[0.687s] -- Override CMake install command with custom implementation using symlinks instead of copying resources
[0.714s] -- Found rclcpp: 16.0.15 (/opt/ros/humble/share/rclcpp/cmake)
[0.756s] -- Found rosidl_generator_c: 3.1.7 (/opt/ros/humble/share/rosidl_generator_c/cmake)
[0.761s] -- Found rosidl_adapter: 3.1.7 (/opt/ros/humble/share/rosidl_adapter/cmake)
[0.769s] -- Found rosidl_generator_cpp: 3.1.7 (/opt/ros/humble/share/rosidl_generator_cpp/cmake)
[0.781s] -- Using all available rosidl_typesupport_c: rosidl_typesupport_fastrtps_c;rosidl_typesupport_introspection_c
[0.797s] -- Using all available rosidl_typesupport_cpp: rosidl_typesupport_fastrtps_cpp;rosidl_typesupport_introspection_cpp
[0.842s] -- Found rmw_implementation_cmake: 6.1.2 (/opt/ros/humble/share/rmw_implementation_cmake/cmake)
[0.845s] -- Found rmw_fastrtps_cpp: 6.2.8 (/opt/ros/humble/share/rmw_fastrtps_cpp/cmake)
[0.921s] -- Found OpenSSL: /usr/lib/x86_64-linux-gnu/libcrypto.so (found version "3.0.2")  
[0.948s] -- Found FastRTPS: /opt/ros/humble/include  
[0.987s] -- Using RMW implementation 'rmw_fastrtps_cpp' as default
[0.995s] -- Looking for pthread.h
[1.055s] -- Looking for pthread.h - found
[1.056s] -- Performing Test CMAKE_HAVE_LIBC_PTHREAD
[1.119s] -- Performing Test CMAKE_HAVE_LIBC_PTHREAD - Success
[1.121s] -- Found Threads: TRUE  
[1.175s] -- Found rclcpp_action: 16.0.15 (/opt/ros/humble/share/rclcpp_action/cmake)
[1.211s] -- Found behaviortree_cpp: 4.7.1 (/opt/ros/humble/share/behaviortree_cpp/cmake)
[1.213s] -- Found btcpp_ros2_interfaces: 0.2.0 (/home/zaynap/grab/grab2/install/btcpp_ros2_interfaces/share/btcpp_ros2_interfaces/cmake)
[1.228s] -- Found generate_parameter_library: 0.5.0 (/opt/ros/humble/share/generate_parameter_library/cmake)
[1.230s] -- Found parameter_traits: 0.5.0 (/opt/ros/humble/share/parameter_traits/cmake)
[1.249s] -- Found rclcpp_lifecycle: 16.0.15 (/opt/ros/humble/share/rclcpp_lifecycle/cmake)
[1.362s] -- Configuring done
[1.379s] -- Generating done
[1.385s] -- Build files have been written to: /home/zaynap/grab/grab2/build/behaviortree_ros2
[1.396s] Invoked command in '/home/zaynap/grab/grab2/build/behaviortree_ros2' returned '0': AMENT_PREFIX_PATH=/home/zaynap/grab/grab2/install/btcpp_ros2_interfaces:${AMENT_PREFIX_PATH} CMAKE_PREFIX_PATH=/home/zaynap/grab/grab2/install/btcpp_ros2_interfaces:/opt/ros/humble LD_LIBRARY_PATH=/home/zaynap/grab/grab2/install/btcpp_ros2_interfaces/lib:${LD_LIBRARY_PATH} PYTHONPATH=/home/zaynap/grab/grab2/install/btcpp_ros2_interfaces/local/lib/python3.10/dist-packages:${PYTHONPATH} /usr/bin/cmake /home/zaynap/grab/grab2/BehaviorTree.ROS2/behaviortree_ros2 -DAMENT_CMAKE_SYMLINK_INSTALL=1 -DCMAKE_INSTALL_PREFIX=/home/zaynap/grab/grab2/install/behaviortree_ros2
[1.397s] Invoking command in '/home/zaynap/grab/grab2/build/behaviortree_ros2': AMENT_PREFIX_PATH=/home/zaynap/grab/grab2/install/btcpp_ros2_interfaces:${AMENT_PREFIX_PATH} CMAKE_PREFIX_PATH=/home/zaynap/grab/grab2/install/btcpp_ros2_interfaces:/opt/ros/humble LD_LIBRARY_PATH=/home/zaynap/grab/grab2/install/btcpp_ros2_interfaces/lib:${LD_LIBRARY_PATH} PYTHONPATH=/home/zaynap/grab/grab2/install/btcpp_ros2_interfaces/local/lib/python3.10/dist-packages:${PYTHONPATH} /usr/bin/cmake --build /home/zaynap/grab/grab2/build/behaviortree_ros2 -- -j8 -l8
[1.458s] [ 16%] [34m[1mRunning `/opt/ros/humble/bin/generate_parameter_library_cpp /home/zaynap/grab/grab2/build/behaviortree_ros2/include/behaviortree_ros2/bt_executor_parameters.hpp /home/zaynap/grab/grab2/BehaviorTree.ROS2/behaviortree_ros2/src/bt_executor_parameters.yaml `[0m
[1.933s] [ 33%] [34m[1mCreating deprecated header file /home/zaynap/grab/grab2/build/behaviortree_ros2/include/bt_executor_parameters.hpp[0m
[1.948s] [ 33%] Built target bt_executor_parameters
[1.965s] [ 50%] [32mBuilding CXX object CMakeFiles/behaviortree_ros2.dir/src/bt_utils.cpp.o[0m
[1.967s] [ 83%] [32mBuilding CXX object CMakeFiles/behaviortree_ros2.dir/src/bt_ros2.cpp.o[0m
[1.968s] [ 83%] [32mBuilding CXX object CMakeFiles/behaviortree_ros2.dir/src/tree_execution_server.cpp.o[0m
[12.519s] [100%] [32m[1mLinking CXX static library libbehaviortree_ros2.a[0m
[12.622s] [100%] Built target behaviortree_ros2
[12.637s] Invoked command in '/home/zaynap/grab/grab2/build/behaviortree_ros2' returned '0': AMENT_PREFIX_PATH=/home/zaynap/grab/grab2/install/btcpp_ros2_interfaces:${AMENT_PREFIX_PATH} CMAKE_PREFIX_PATH=/home/zaynap/grab/grab2/install/btcpp_ros2_interfaces:/opt/ros/humble LD_LIBRARY_PATH=/home/zaynap/grab/grab2/install/btcpp_ros2_interfaces/lib:${LD_LIBRARY_PATH} PYTHONPATH=/home/zaynap/grab/grab2/install/btcpp_ros2_interfaces/local/lib/python3.10/dist-packages:${PYTHONPATH} /usr/bin/cmake --build /home/zaynap/grab/grab2/build/behaviortree_ros2 -- -j8 -l8
[12.639s] Invoking command in '/home/zaynap/grab/grab2/build/behaviortree_ros2': AMENT_PREFIX_PATH=/home/zaynap/grab/grab2/install/btcpp_ros2_interfaces:${AMENT_PREFIX_PATH} CMAKE_PREFIX_PATH=/home/zaynap/grab/grab2/install/btcpp_ros2_interfaces:/opt/ros/humble LD_LIBRARY_PATH=/home/zaynap/grab/grab2/install/btcpp_ros2_interfaces/lib:${LD_LIBRARY_PATH} PYTHONPATH=/home/zaynap/grab/grab2/install/btcpp_ros2_interfaces/local/lib/python3.10/dist-packages:${PYTHONPATH} /usr/bin/cmake --install /home/zaynap/grab/grab2/build/behaviortree_ros2
[12.647s] -- Install configuration: ""
[12.647s] -- Execute custom install script
[12.648s] -- Symlinking: /home/zaynap/grab/grab2/install/behaviortree_ros2/include/behaviortree_ros2/bt_executor_parameters.hpp
[12.659s] -- Symlinking: /home/zaynap/grab/grab2/install/behaviortree_ros2/include//behaviortree_ros2/bt_action_node.hpp
[12.668s] -- Symlinking: /home/zaynap/grab/grab2/install/behaviortree_ros2/include//behaviortree_ros2/bt_service_node.hpp
[12.677s] -- Symlinking: /home/zaynap/grab/grab2/install/behaviortree_ros2/include//behaviortree_ros2/bt_topic_pub_node.hpp
[12.685s] -- Symlinking: /home/zaynap/grab/grab2/install/behaviortree_ros2/include//behaviortree_ros2/bt_topic_sub_node.hpp
[12.694s] -- Symlinking: /home/zaynap/grab/grab2/install/behaviortree_ros2/include//behaviortree_ros2/bt_utils.hpp
[12.703s] -- Symlinking: /home/zaynap/grab/grab2/install/behaviortree_ros2/include//behaviortree_ros2/plugins.hpp
[12.711s] -- Symlinking: /home/zaynap/grab/grab2/install/behaviortree_ros2/include//behaviortree_ros2/ros_node_params.hpp
[12.720s] -- Symlinking: /home/zaynap/grab/grab2/install/behaviortree_ros2/include//behaviortree_ros2/tree_execution_server.hpp
[12.729s] -- Symlinking: /home/zaynap/grab/grab2/install/behaviortree_ros2/share/behaviortree_ros2/environment/library_path.sh
[12.738s] -- Symlinking: /home/zaynap/grab/grab2/install/behaviortree_ros2/share/behaviortree_ros2/environment/library_path.dsv
[12.747s] -- Symlinking: /home/zaynap/grab/grab2/install/behaviortree_ros2/share/ament_index/resource_index/package_run_dependencies/behaviortree_ros2
[12.756s] -- Symlinking: /home/zaynap/grab/grab2/install/behaviortree_ros2/share/ament_index/resource_index/parent_prefix_path/behaviortree_ros2
[12.765s] -- Symlinking: /home/zaynap/grab/grab2/install/behaviortree_ros2/share/behaviortree_ros2/environment/ament_prefix_path.sh
[12.773s] -- Symlinking: /home/zaynap/grab/grab2/install/behaviortree_ros2/share/behaviortree_ros2/environment/ament_prefix_path.dsv
[12.785s] -- Symlinking: /home/zaynap/grab/grab2/install/behaviortree_ros2/share/behaviortree_ros2/environment/path.sh
[12.795s] -- Symlinking: /home/zaynap/grab/grab2/install/behaviortree_ros2/share/behaviortree_ros2/environment/path.dsv
[12.804s] -- Symlinking: /home/zaynap/grab/grab2/install/behaviortree_ros2/share/behaviortree_ros2/local_setup.bash
[12.813s] -- Symlinking: /home/zaynap/grab/grab2/install/behaviortree_ros2/share/behaviortree_ros2/local_setup.sh
[12.821s] -- Symlinking: /home/zaynap/grab/grab2/install/behaviortree_ros2/share/behaviortree_ros2/local_setup.zsh
[12.830s] -- Symlinking: /home/zaynap/grab/grab2/install/behaviortree_ros2/share/behaviortree_ros2/local_setup.dsv
[12.839s] -- Symlinking: /home/zaynap/grab/grab2/install/behaviortree_ros2/share/behaviortree_ros2/package.dsv
[12.848s] -- Symlinking: /home/zaynap/grab/grab2/install/behaviortree_ros2/share/ament_index/resource_index/packages/behaviortree_ros2
[12.857s] -- Symlinking: /home/zaynap/grab/grab2/install/behaviortree_ros2/share/behaviortree_ros2/cmake/ament_cmake_export_dependencies-extras.cmake
[12.865s] -- Symlinking: /home/zaynap/grab/grab2/install/behaviortree_ros2/share/behaviortree_ros2/cmake/ament_cmake_export_targets-extras.cmake
[12.874s] -- Symlinking: /home/zaynap/grab/grab2/install/behaviortree_ros2/share/behaviortree_ros2/cmake/ament_cmake_export_include_directories-extras.cmake
[12.883s] -- Symlinking: /home/zaynap/grab/grab2/install/behaviortree_ros2/share/behaviortree_ros2/cmake/ament_cmake_export_libraries-extras.cmake
[12.892s] -- Symlinking: /home/zaynap/grab/grab2/install/behaviortree_ros2/share/behaviortree_ros2/cmake/behaviortree_ros2Config.cmake
[12.900s] -- Symlinking: /home/zaynap/grab/grab2/install/behaviortree_ros2/share/behaviortree_ros2/cmake/behaviortree_ros2Config-version.cmake
[12.909s] -- Symlinking: /home/zaynap/grab/grab2/install/behaviortree_ros2/share/behaviortree_ros2/package.xml
[12.918s] -- Installing: /home/zaynap/grab/grab2/install/behaviortree_ros2/lib/libbehaviortree_ros2.a
[12.924s] -- Installing: /home/zaynap/grab/grab2/install/behaviortree_ros2/share/behaviortree_ros2/cmake/behaviortree_ros2TargetsExport.cmake
[12.924s] -- Installing: /home/zaynap/grab/grab2/install/behaviortree_ros2/share/behaviortree_ros2/cmake/behaviortree_ros2TargetsExport-noconfig.cmake
[12.926s] Invoked command in '/home/zaynap/grab/grab2/build/behaviortree_ros2' returned '0': AMENT_PREFIX_PATH=/home/zaynap/grab/grab2/install/btcpp_ros2_interfaces:${AMENT_PREFIX_PATH} CMAKE_PREFIX_PATH=/home/zaynap/grab/grab2/install/btcpp_ros2_interfaces:/opt/ros/humble LD_LIBRARY_PATH=/home/zaynap/grab/grab2/install/btcpp_ros2_interfaces/lib:${LD_LIBRARY_PATH} PYTHONPATH=/home/zaynap/grab/grab2/install/btcpp_ros2_interfaces/local/lib/python3.10/dist-packages:${PYTHONPATH} /usr/bin/cmake --install /home/zaynap/grab/grab2/build/behaviortree_ros2
