[0.018s] Invoking command in '/home/zaynap/grab/grab2/build/btcpp_ros2_interfaces': CMAKE_PREFIX_PATH=${CMAKE_PREFIX_PATH}:/home/zaynap/grab/grab2/install/grab2_curobo_planner:/opt/ros/humble /usr/bin/cmake --build /home/zaynap/grab/grab2/build/btcpp_ros2_interfaces -- -j8 -l8
[0.081s] [  2%] Built target btcpp_ros2_interfaces__cpp
[0.082s] [ 12%] Built target btcpp_ros2_interfaces__rosidl_generator_c
[0.092s] [ 12%] Built target ament_cmake_python_copy_btcpp_ros2_interfaces
[0.221s] [ 46%] Built target btcpp_ros2_interfaces__rosidl_typesupport_fastrtps_c
[0.221s] [ 57%] Built target btcpp_ros2_interfaces__rosidl_typesupport_c
[0.222s] [ 59%] Built target btcpp_ros2_interfaces__rosidl_typesupport_fastrtps_cpp
[0.224s] [ 65%] Built target btcpp_ros2_interfaces__rosidl_typesupport_cpp
[0.227s] [ 72%] Built target btcpp_ros2_interfaces__rosidl_typesupport_introspection_c
[0.227s] [ 76%] Built target btcpp_ros2_interfaces__rosidl_typesupport_introspection_cpp
[0.250s] [ 76%] Built target btcpp_ros2_interfaces
[0.278s] [ 78%] Built target btcpp_ros2_interfaces__py
[0.302s] [ 87%] Built target btcpp_ros2_interfaces__rosidl_generator_py
[0.339s] [ 95%] Built target btcpp_ros2_interfaces__rosidl_typesupport_c__pyext
[0.339s] [ 95%] Built target btcpp_ros2_interfaces__rosidl_typesupport_fastrtps_c__pyext
[0.339s] [100%] Built target btcpp_ros2_interfaces__rosidl_typesupport_introspection_c__pyext
[0.447s] running egg_info
[0.474s] writing btcpp_ros2_interfaces.egg-info/PKG-INFO
[0.475s] writing dependency_links to btcpp_ros2_interfaces.egg-info/dependency_links.txt
[0.475s] writing top-level names to btcpp_ros2_interfaces.egg-info/top_level.txt
[0.552s] reading manifest file 'btcpp_ros2_interfaces.egg-info/SOURCES.txt'
[0.553s] writing manifest file 'btcpp_ros2_interfaces.egg-info/SOURCES.txt'
[0.587s] [100%] Built target ament_cmake_python_build_btcpp_ros2_interfaces_egg
[0.599s] Invoked command in '/home/zaynap/grab/grab2/build/btcpp_ros2_interfaces' returned '0': CMAKE_PREFIX_PATH=${CMAKE_PREFIX_PATH}:/home/zaynap/grab/grab2/install/grab2_curobo_planner:/opt/ros/humble /usr/bin/cmake --build /home/zaynap/grab/grab2/build/btcpp_ros2_interfaces -- -j8 -l8
[0.601s] Invoking command in '/home/zaynap/grab/grab2/build/btcpp_ros2_interfaces': CMAKE_PREFIX_PATH=${CMAKE_PREFIX_PATH}:/home/zaynap/grab/grab2/install/grab2_curobo_planner:/opt/ros/humble /usr/bin/cmake --install /home/zaynap/grab/grab2/build/btcpp_ros2_interfaces
[0.614s] -- Install configuration: ""
[0.615s] -- Up-to-date: /home/zaynap/grab/grab2/install/btcpp_ros2_interfaces/share/ament_index/resource_index/rosidl_interfaces/btcpp_ros2_interfaces
[0.615s] -- Up-to-date: /home/zaynap/grab/grab2/install/btcpp_ros2_interfaces/include/btcpp_ros2_interfaces/btcpp_ros2_interfaces
[0.615s] -- Up-to-date: /home/zaynap/grab/grab2/install/btcpp_ros2_interfaces/include/btcpp_ros2_interfaces/btcpp_ros2_interfaces/action
[0.615s] -- Up-to-date: /home/zaynap/grab/grab2/install/btcpp_ros2_interfaces/include/btcpp_ros2_interfaces/btcpp_ros2_interfaces/action/execute_tree.h
[0.615s] -- Up-to-date: /home/zaynap/grab/grab2/install/btcpp_ros2_interfaces/include/btcpp_ros2_interfaces/btcpp_ros2_interfaces/action/sleep.h
[0.615s] -- Up-to-date: /home/zaynap/grab/grab2/install/btcpp_ros2_interfaces/include/btcpp_ros2_interfaces/btcpp_ros2_interfaces/action/detail
[0.615s] -- Up-to-date: /home/zaynap/grab/grab2/install/btcpp_ros2_interfaces/include/btcpp_ros2_interfaces/btcpp_ros2_interfaces/action/detail/execute_tree__functions.c
[0.615s] -- Up-to-date: /home/zaynap/grab/grab2/install/btcpp_ros2_interfaces/include/btcpp_ros2_interfaces/btcpp_ros2_interfaces/action/detail/sleep__functions.c
[0.615s] -- Up-to-date: /home/zaynap/grab/grab2/install/btcpp_ros2_interfaces/include/btcpp_ros2_interfaces/btcpp_ros2_interfaces/action/detail/sleep__struct.h
[0.615s] -- Up-to-date: /home/zaynap/grab/grab2/install/btcpp_ros2_interfaces/include/btcpp_ros2_interfaces/btcpp_ros2_interfaces/action/detail/execute_tree__type_support.h
[0.616s] -- Up-to-date: /home/zaynap/grab/grab2/install/btcpp_ros2_interfaces/include/btcpp_ros2_interfaces/btcpp_ros2_interfaces/action/detail/execute_tree__struct.h
[0.616s] -- Up-to-date: /home/zaynap/grab/grab2/install/btcpp_ros2_interfaces/include/btcpp_ros2_interfaces/btcpp_ros2_interfaces/action/detail/sleep__type_support.h
[0.616s] -- Up-to-date: /home/zaynap/grab/grab2/install/btcpp_ros2_interfaces/include/btcpp_ros2_interfaces/btcpp_ros2_interfaces/action/detail/execute_tree__functions.h
[0.616s] -- Up-to-date: /home/zaynap/grab/grab2/install/btcpp_ros2_interfaces/include/btcpp_ros2_interfaces/btcpp_ros2_interfaces/action/detail/sleep__functions.h
[0.616s] -- Up-to-date: /home/zaynap/grab/grab2/install/btcpp_ros2_interfaces/include/btcpp_ros2_interfaces/btcpp_ros2_interfaces/msg
[0.616s] -- Up-to-date: /home/zaynap/grab/grab2/install/btcpp_ros2_interfaces/include/btcpp_ros2_interfaces/btcpp_ros2_interfaces/msg/rosidl_generator_c__visibility_control.h
[0.616s] -- Up-to-date: /home/zaynap/grab/grab2/install/btcpp_ros2_interfaces/include/btcpp_ros2_interfaces/btcpp_ros2_interfaces/msg/node_status.h
[0.616s] -- Up-to-date: /home/zaynap/grab/grab2/install/btcpp_ros2_interfaces/include/btcpp_ros2_interfaces/btcpp_ros2_interfaces/msg/detail
[0.616s] -- Up-to-date: /home/zaynap/grab/grab2/install/btcpp_ros2_interfaces/include/btcpp_ros2_interfaces/btcpp_ros2_interfaces/msg/detail/node_status__struct.h
[0.616s] -- Up-to-date: /home/zaynap/grab/grab2/install/btcpp_ros2_interfaces/include/btcpp_ros2_interfaces/btcpp_ros2_interfaces/msg/detail/node_status__functions.h
[0.616s] -- Up-to-date: /home/zaynap/grab/grab2/install/btcpp_ros2_interfaces/include/btcpp_ros2_interfaces/btcpp_ros2_interfaces/msg/detail/node_status__type_support.h
[0.617s] -- Up-to-date: /home/zaynap/grab/grab2/install/btcpp_ros2_interfaces/include/btcpp_ros2_interfaces/btcpp_ros2_interfaces/msg/detail/node_status__functions.c
[0.617s] -- Up-to-date: /home/zaynap/grab/grab2/install/btcpp_ros2_interfaces/share/btcpp_ros2_interfaces/environment/library_path.sh
[0.617s] -- Up-to-date: /home/zaynap/grab/grab2/install/btcpp_ros2_interfaces/share/btcpp_ros2_interfaces/environment/library_path.dsv
[0.617s] -- Up-to-date: /home/zaynap/grab/grab2/install/btcpp_ros2_interfaces/lib/libbtcpp_ros2_interfaces__rosidl_generator_c.so
[0.617s] -- Up-to-date: /home/zaynap/grab/grab2/install/btcpp_ros2_interfaces/include/btcpp_ros2_interfaces/btcpp_ros2_interfaces
[0.617s] -- Up-to-date: /home/zaynap/grab/grab2/install/btcpp_ros2_interfaces/include/btcpp_ros2_interfaces/btcpp_ros2_interfaces/action
[0.617s] -- Up-to-date: /home/zaynap/grab/grab2/install/btcpp_ros2_interfaces/include/btcpp_ros2_interfaces/btcpp_ros2_interfaces/action/detail
[0.617s] -- Up-to-date: /home/zaynap/grab/grab2/install/btcpp_ros2_interfaces/include/btcpp_ros2_interfaces/btcpp_ros2_interfaces/action/detail/execute_tree__rosidl_typesupport_fastrtps_c.h
[0.617s] -- Up-to-date: /home/zaynap/grab/grab2/install/btcpp_ros2_interfaces/include/btcpp_ros2_interfaces/btcpp_ros2_interfaces/action/detail/sleep__rosidl_typesupport_fastrtps_c.h
[0.617s] -- Up-to-date: /home/zaynap/grab/grab2/install/btcpp_ros2_interfaces/include/btcpp_ros2_interfaces/btcpp_ros2_interfaces/msg
[0.617s] -- Up-to-date: /home/zaynap/grab/grab2/install/btcpp_ros2_interfaces/include/btcpp_ros2_interfaces/btcpp_ros2_interfaces/msg/detail
[0.619s] -- Up-to-date: /home/zaynap/grab/grab2/install/btcpp_ros2_interfaces/include/btcpp_ros2_interfaces/btcpp_ros2_interfaces/msg/detail/node_status__rosidl_typesupport_fastrtps_c.h
[0.619s] -- Up-to-date: /home/zaynap/grab/grab2/install/btcpp_ros2_interfaces/include/btcpp_ros2_interfaces/btcpp_ros2_interfaces/msg/rosidl_typesupport_fastrtps_c__visibility_control.h
[0.619s] -- Up-to-date: /home/zaynap/grab/grab2/install/btcpp_ros2_interfaces/lib/libbtcpp_ros2_interfaces__rosidl_typesupport_fastrtps_c.so
[0.620s] -- Up-to-date: /home/zaynap/grab/grab2/install/btcpp_ros2_interfaces/include/btcpp_ros2_interfaces/btcpp_ros2_interfaces
[0.620s] -- Up-to-date: /home/zaynap/grab/grab2/install/btcpp_ros2_interfaces/include/btcpp_ros2_interfaces/btcpp_ros2_interfaces/action
[0.620s] -- Up-to-date: /home/zaynap/grab/grab2/install/btcpp_ros2_interfaces/include/btcpp_ros2_interfaces/btcpp_ros2_interfaces/action/detail
[0.620s] -- Up-to-date: /home/zaynap/grab/grab2/install/btcpp_ros2_interfaces/include/btcpp_ros2_interfaces/btcpp_ros2_interfaces/action/detail/execute_tree__rosidl_typesupport_introspection_c.h
[0.620s] -- Up-to-date: /home/zaynap/grab/grab2/install/btcpp_ros2_interfaces/include/btcpp_ros2_interfaces/btcpp_ros2_interfaces/action/detail/sleep__type_support.c
[0.620s] -- Up-to-date: /home/zaynap/grab/grab2/install/btcpp_ros2_interfaces/include/btcpp_ros2_interfaces/btcpp_ros2_interfaces/action/detail/sleep__rosidl_typesupport_introspection_c.h
[0.620s] -- Up-to-date: /home/zaynap/grab/grab2/install/btcpp_ros2_interfaces/include/btcpp_ros2_interfaces/btcpp_ros2_interfaces/action/detail/execute_tree__type_support.c
[0.620s] -- Up-to-date: /home/zaynap/grab/grab2/install/btcpp_ros2_interfaces/include/btcpp_ros2_interfaces/btcpp_ros2_interfaces/msg
[0.621s] -- Up-to-date: /home/zaynap/grab/grab2/install/btcpp_ros2_interfaces/include/btcpp_ros2_interfaces/btcpp_ros2_interfaces/msg/rosidl_typesupport_introspection_c__visibility_control.h
[0.621s] -- Up-to-date: /home/zaynap/grab/grab2/install/btcpp_ros2_interfaces/include/btcpp_ros2_interfaces/btcpp_ros2_interfaces/msg/detail
[0.621s] -- Up-to-date: /home/zaynap/grab/grab2/install/btcpp_ros2_interfaces/include/btcpp_ros2_interfaces/btcpp_ros2_interfaces/msg/detail/node_status__type_support.c
[0.621s] -- Up-to-date: /home/zaynap/grab/grab2/install/btcpp_ros2_interfaces/include/btcpp_ros2_interfaces/btcpp_ros2_interfaces/msg/detail/node_status__rosidl_typesupport_introspection_c.h
[0.621s] -- Up-to-date: /home/zaynap/grab/grab2/install/btcpp_ros2_interfaces/lib/libbtcpp_ros2_interfaces__rosidl_typesupport_introspection_c.so
[0.621s] -- Up-to-date: /home/zaynap/grab/grab2/install/btcpp_ros2_interfaces/lib/libbtcpp_ros2_interfaces__rosidl_typesupport_c.so
[0.621s] -- Up-to-date: /home/zaynap/grab/grab2/install/btcpp_ros2_interfaces/include/btcpp_ros2_interfaces/btcpp_ros2_interfaces
[0.621s] -- Up-to-date: /home/zaynap/grab/grab2/install/btcpp_ros2_interfaces/include/btcpp_ros2_interfaces/btcpp_ros2_interfaces/action
[0.621s] -- Up-to-date: /home/zaynap/grab/grab2/install/btcpp_ros2_interfaces/include/btcpp_ros2_interfaces/btcpp_ros2_interfaces/action/sleep.hpp
[0.621s] -- Up-to-date: /home/zaynap/grab/grab2/install/btcpp_ros2_interfaces/include/btcpp_ros2_interfaces/btcpp_ros2_interfaces/action/execute_tree.hpp
[0.621s] -- Up-to-date: /home/zaynap/grab/grab2/install/btcpp_ros2_interfaces/include/btcpp_ros2_interfaces/btcpp_ros2_interfaces/action/detail
[0.621s] -- Up-to-date: /home/zaynap/grab/grab2/install/btcpp_ros2_interfaces/include/btcpp_ros2_interfaces/btcpp_ros2_interfaces/action/detail/execute_tree__traits.hpp
[0.621s] -- Up-to-date: /home/zaynap/grab/grab2/install/btcpp_ros2_interfaces/include/btcpp_ros2_interfaces/btcpp_ros2_interfaces/action/detail/execute_tree__struct.hpp
[0.621s] -- Up-to-date: /home/zaynap/grab/grab2/install/btcpp_ros2_interfaces/include/btcpp_ros2_interfaces/btcpp_ros2_interfaces/action/detail/sleep__builder.hpp
[0.621s] -- Up-to-date: /home/zaynap/grab/grab2/install/btcpp_ros2_interfaces/include/btcpp_ros2_interfaces/btcpp_ros2_interfaces/action/detail/sleep__traits.hpp
[0.622s] -- Up-to-date: /home/zaynap/grab/grab2/install/btcpp_ros2_interfaces/include/btcpp_ros2_interfaces/btcpp_ros2_interfaces/action/detail/sleep__struct.hpp
[0.622s] -- Up-to-date: /home/zaynap/grab/grab2/install/btcpp_ros2_interfaces/include/btcpp_ros2_interfaces/btcpp_ros2_interfaces/action/detail/execute_tree__type_support.hpp
[0.622s] -- Up-to-date: /home/zaynap/grab/grab2/install/btcpp_ros2_interfaces/include/btcpp_ros2_interfaces/btcpp_ros2_interfaces/action/detail/sleep__type_support.hpp
[0.622s] -- Up-to-date: /home/zaynap/grab/grab2/install/btcpp_ros2_interfaces/include/btcpp_ros2_interfaces/btcpp_ros2_interfaces/action/detail/execute_tree__builder.hpp
[0.622s] -- Up-to-date: /home/zaynap/grab/grab2/install/btcpp_ros2_interfaces/include/btcpp_ros2_interfaces/btcpp_ros2_interfaces/msg
[0.622s] -- Up-to-date: /home/zaynap/grab/grab2/install/btcpp_ros2_interfaces/include/btcpp_ros2_interfaces/btcpp_ros2_interfaces/msg/node_status.hpp
[0.622s] -- Up-to-date: /home/zaynap/grab/grab2/install/btcpp_ros2_interfaces/include/btcpp_ros2_interfaces/btcpp_ros2_interfaces/msg/detail
[0.622s] -- Up-to-date: /home/zaynap/grab/grab2/install/btcpp_ros2_interfaces/include/btcpp_ros2_interfaces/btcpp_ros2_interfaces/msg/detail/node_status__builder.hpp
[0.622s] -- Up-to-date: /home/zaynap/grab/grab2/install/btcpp_ros2_interfaces/include/btcpp_ros2_interfaces/btcpp_ros2_interfaces/msg/detail/node_status__type_support.hpp
[0.622s] -- Up-to-date: /home/zaynap/grab/grab2/install/btcpp_ros2_interfaces/include/btcpp_ros2_interfaces/btcpp_ros2_interfaces/msg/detail/node_status__traits.hpp
[0.622s] -- Up-to-date: /home/zaynap/grab/grab2/install/btcpp_ros2_interfaces/include/btcpp_ros2_interfaces/btcpp_ros2_interfaces/msg/detail/node_status__struct.hpp
[0.623s] -- Up-to-date: /home/zaynap/grab/grab2/install/btcpp_ros2_interfaces/include/btcpp_ros2_interfaces/btcpp_ros2_interfaces/msg/rosidl_generator_cpp__visibility_control.hpp
[0.623s] -- Up-to-date: /home/zaynap/grab/grab2/install/btcpp_ros2_interfaces/include/btcpp_ros2_interfaces/btcpp_ros2_interfaces
[0.623s] -- Up-to-date: /home/zaynap/grab/grab2/install/btcpp_ros2_interfaces/include/btcpp_ros2_interfaces/btcpp_ros2_interfaces/action
[0.623s] -- Up-to-date: /home/zaynap/grab/grab2/install/btcpp_ros2_interfaces/include/btcpp_ros2_interfaces/btcpp_ros2_interfaces/action/detail
[0.623s] -- Up-to-date: /home/zaynap/grab/grab2/install/btcpp_ros2_interfaces/include/btcpp_ros2_interfaces/btcpp_ros2_interfaces/action/detail/execute_tree__rosidl_typesupport_fastrtps_cpp.hpp
[0.623s] -- Up-to-date: /home/zaynap/grab/grab2/install/btcpp_ros2_interfaces/include/btcpp_ros2_interfaces/btcpp_ros2_interfaces/action/detail/dds_fastrtps
[0.623s] -- Up-to-date: /home/zaynap/grab/grab2/install/btcpp_ros2_interfaces/include/btcpp_ros2_interfaces/btcpp_ros2_interfaces/action/detail/sleep__rosidl_typesupport_fastrtps_cpp.hpp
[0.623s] -- Up-to-date: /home/zaynap/grab/grab2/install/btcpp_ros2_interfaces/include/btcpp_ros2_interfaces/btcpp_ros2_interfaces/msg
[0.623s] -- Up-to-date: /home/zaynap/grab/grab2/install/btcpp_ros2_interfaces/include/btcpp_ros2_interfaces/btcpp_ros2_interfaces/msg/detail
[0.623s] -- Up-to-date: /home/zaynap/grab/grab2/install/btcpp_ros2_interfaces/include/btcpp_ros2_interfaces/btcpp_ros2_interfaces/msg/detail/node_status__rosidl_typesupport_fastrtps_cpp.hpp
[0.623s] -- Up-to-date: /home/zaynap/grab/grab2/install/btcpp_ros2_interfaces/include/btcpp_ros2_interfaces/btcpp_ros2_interfaces/msg/detail/dds_fastrtps
[0.623s] -- Up-to-date: /home/zaynap/grab/grab2/install/btcpp_ros2_interfaces/include/btcpp_ros2_interfaces/btcpp_ros2_interfaces/msg/rosidl_typesupport_fastrtps_cpp__visibility_control.h
[0.624s] -- Up-to-date: /home/zaynap/grab/grab2/install/btcpp_ros2_interfaces/lib/libbtcpp_ros2_interfaces__rosidl_typesupport_fastrtps_cpp.so
[0.624s] -- Up-to-date: /home/zaynap/grab/grab2/install/btcpp_ros2_interfaces/include/btcpp_ros2_interfaces/btcpp_ros2_interfaces
[0.624s] -- Up-to-date: /home/zaynap/grab/grab2/install/btcpp_ros2_interfaces/include/btcpp_ros2_interfaces/btcpp_ros2_interfaces/action
[0.624s] -- Up-to-date: /home/zaynap/grab/grab2/install/btcpp_ros2_interfaces/include/btcpp_ros2_interfaces/btcpp_ros2_interfaces/action/detail
[0.624s] -- Up-to-date: /home/zaynap/grab/grab2/install/btcpp_ros2_interfaces/include/btcpp_ros2_interfaces/btcpp_ros2_interfaces/action/detail/execute_tree__rosidl_typesupport_introspection_cpp.hpp
[0.624s] -- Up-to-date: /home/zaynap/grab/grab2/install/btcpp_ros2_interfaces/include/btcpp_ros2_interfaces/btcpp_ros2_interfaces/action/detail/sleep__rosidl_typesupport_introspection_cpp.hpp
[0.624s] -- Up-to-date: /home/zaynap/grab/grab2/install/btcpp_ros2_interfaces/include/btcpp_ros2_interfaces/btcpp_ros2_interfaces/action/detail/sleep__type_support.cpp
[0.624s] -- Up-to-date: /home/zaynap/grab/grab2/install/btcpp_ros2_interfaces/include/btcpp_ros2_interfaces/btcpp_ros2_interfaces/action/detail/execute_tree__type_support.cpp
[0.624s] -- Up-to-date: /home/zaynap/grab/grab2/install/btcpp_ros2_interfaces/include/btcpp_ros2_interfaces/btcpp_ros2_interfaces/msg
[0.624s] -- Up-to-date: /home/zaynap/grab/grab2/install/btcpp_ros2_interfaces/include/btcpp_ros2_interfaces/btcpp_ros2_interfaces/msg/detail
[0.624s] -- Up-to-date: /home/zaynap/grab/grab2/install/btcpp_ros2_interfaces/include/btcpp_ros2_interfaces/btcpp_ros2_interfaces/msg/detail/node_status__type_support.cpp
[0.624s] -- Up-to-date: /home/zaynap/grab/grab2/install/btcpp_ros2_interfaces/include/btcpp_ros2_interfaces/btcpp_ros2_interfaces/msg/detail/node_status__rosidl_typesupport_introspection_cpp.hpp
[0.625s] -- Up-to-date: /home/zaynap/grab/grab2/install/btcpp_ros2_interfaces/lib/libbtcpp_ros2_interfaces__rosidl_typesupport_introspection_cpp.so
[0.625s] -- Up-to-date: /home/zaynap/grab/grab2/install/btcpp_ros2_interfaces/lib/libbtcpp_ros2_interfaces__rosidl_typesupport_cpp.so
[0.625s] -- Up-to-date: /home/zaynap/grab/grab2/install/btcpp_ros2_interfaces/share/btcpp_ros2_interfaces/environment/pythonpath.sh
[0.625s] -- Up-to-date: /home/zaynap/grab/grab2/install/btcpp_ros2_interfaces/share/btcpp_ros2_interfaces/environment/pythonpath.dsv
[0.625s] -- Up-to-date: /home/zaynap/grab/grab2/install/btcpp_ros2_interfaces/local/lib/python3.10/dist-packages/btcpp_ros2_interfaces-0.2.0-py3.10.egg-info
[0.625s] -- Installing: /home/zaynap/grab/grab2/install/btcpp_ros2_interfaces/local/lib/python3.10/dist-packages/btcpp_ros2_interfaces-0.2.0-py3.10.egg-info/top_level.txt
[0.625s] -- Installing: /home/zaynap/grab/grab2/install/btcpp_ros2_interfaces/local/lib/python3.10/dist-packages/btcpp_ros2_interfaces-0.2.0-py3.10.egg-info/PKG-INFO
[0.625s] -- Installing: /home/zaynap/grab/grab2/install/btcpp_ros2_interfaces/local/lib/python3.10/dist-packages/btcpp_ros2_interfaces-0.2.0-py3.10.egg-info/SOURCES.txt
[0.625s] -- Installing: /home/zaynap/grab/grab2/install/btcpp_ros2_interfaces/local/lib/python3.10/dist-packages/btcpp_ros2_interfaces-0.2.0-py3.10.egg-info/dependency_links.txt
[0.625s] -- Up-to-date: /home/zaynap/grab/grab2/install/btcpp_ros2_interfaces/local/lib/python3.10/dist-packages/btcpp_ros2_interfaces
[0.626s] -- Up-to-date: /home/zaynap/grab/grab2/install/btcpp_ros2_interfaces/local/lib/python3.10/dist-packages/btcpp_ros2_interfaces/_btcpp_ros2_interfaces_s.ep.rosidl_typesupport_introspection_c.c
[0.626s] -- Up-to-date: /home/zaynap/grab/grab2/install/btcpp_ros2_interfaces/local/lib/python3.10/dist-packages/btcpp_ros2_interfaces/_btcpp_ros2_interfaces_s.ep.rosidl_typesupport_c.c
[0.626s] -- Up-to-date: /home/zaynap/grab/grab2/install/btcpp_ros2_interfaces/local/lib/python3.10/dist-packages/btcpp_ros2_interfaces/_btcpp_ros2_interfaces_s.ep.rosidl_typesupport_fastrtps_c.c
[0.626s] -- Up-to-date: /home/zaynap/grab/grab2/install/btcpp_ros2_interfaces/local/lib/python3.10/dist-packages/btcpp_ros2_interfaces/btcpp_ros2_interfaces_s__rosidl_typesupport_fastrtps_c.cpython-310-x86_64-linux-gnu.so
[0.626s] -- Up-to-date: /home/zaynap/grab/grab2/install/btcpp_ros2_interfaces/local/lib/python3.10/dist-packages/btcpp_ros2_interfaces/__init__.py
[0.626s] -- Up-to-date: /home/zaynap/grab/grab2/install/btcpp_ros2_interfaces/local/lib/python3.10/dist-packages/btcpp_ros2_interfaces/libbtcpp_ros2_interfaces__rosidl_generator_py.so
[0.626s] -- Up-to-date: /home/zaynap/grab/grab2/install/btcpp_ros2_interfaces/local/lib/python3.10/dist-packages/btcpp_ros2_interfaces/btcpp_ros2_interfaces_s__rosidl_typesupport_c.cpython-310-x86_64-linux-gnu.so
[0.626s] -- Up-to-date: /home/zaynap/grab/grab2/install/btcpp_ros2_interfaces/local/lib/python3.10/dist-packages/btcpp_ros2_interfaces/btcpp_ros2_interfaces_s__rosidl_typesupport_introspection_c.cpython-310-x86_64-linux-gnu.so
[0.626s] -- Up-to-date: /home/zaynap/grab/grab2/install/btcpp_ros2_interfaces/local/lib/python3.10/dist-packages/btcpp_ros2_interfaces/action
[0.626s] -- Up-to-date: /home/zaynap/grab/grab2/install/btcpp_ros2_interfaces/local/lib/python3.10/dist-packages/btcpp_ros2_interfaces/action/__init__.py
[0.626s] -- Up-to-date: /home/zaynap/grab/grab2/install/btcpp_ros2_interfaces/local/lib/python3.10/dist-packages/btcpp_ros2_interfaces/action/_execute_tree.py
[0.626s] -- Up-to-date: /home/zaynap/grab/grab2/install/btcpp_ros2_interfaces/local/lib/python3.10/dist-packages/btcpp_ros2_interfaces/action/_sleep_s.c
[0.626s] -- Up-to-date: /home/zaynap/grab/grab2/install/btcpp_ros2_interfaces/local/lib/python3.10/dist-packages/btcpp_ros2_interfaces/action/_execute_tree_s.c
[0.626s] -- Up-to-date: /home/zaynap/grab/grab2/install/btcpp_ros2_interfaces/local/lib/python3.10/dist-packages/btcpp_ros2_interfaces/action/_sleep.py
[0.626s] -- Up-to-date: /home/zaynap/grab/grab2/install/btcpp_ros2_interfaces/local/lib/python3.10/dist-packages/btcpp_ros2_interfaces/msg
[0.626s] -- Up-to-date: /home/zaynap/grab/grab2/install/btcpp_ros2_interfaces/local/lib/python3.10/dist-packages/btcpp_ros2_interfaces/msg/_node_status.py
[0.626s] -- Up-to-date: /home/zaynap/grab/grab2/install/btcpp_ros2_interfaces/local/lib/python3.10/dist-packages/btcpp_ros2_interfaces/msg/__init__.py
[0.626s] -- Up-to-date: /home/zaynap/grab/grab2/install/btcpp_ros2_interfaces/local/lib/python3.10/dist-packages/btcpp_ros2_interfaces/msg/_node_status_s.c
[0.647s] Listing '/home/zaynap/grab/grab2/install/btcpp_ros2_interfaces/local/lib/python3.10/dist-packages/btcpp_ros2_interfaces'...
[0.647s] Listing '/home/zaynap/grab/grab2/install/btcpp_ros2_interfaces/local/lib/python3.10/dist-packages/btcpp_ros2_interfaces/action'...
[0.647s] Listing '/home/zaynap/grab/grab2/install/btcpp_ros2_interfaces/local/lib/python3.10/dist-packages/btcpp_ros2_interfaces/msg'...
[0.652s] -- Up-to-date: /home/zaynap/grab/grab2/install/btcpp_ros2_interfaces/local/lib/python3.10/dist-packages/btcpp_ros2_interfaces/btcpp_ros2_interfaces_s__rosidl_typesupport_fastrtps_c.cpython-310-x86_64-linux-gnu.so
[0.652s] -- Up-to-date: /home/zaynap/grab/grab2/install/btcpp_ros2_interfaces/local/lib/python3.10/dist-packages/btcpp_ros2_interfaces/btcpp_ros2_interfaces_s__rosidl_typesupport_introspection_c.cpython-310-x86_64-linux-gnu.so
[0.652s] -- Up-to-date: /home/zaynap/grab/grab2/install/btcpp_ros2_interfaces/local/lib/python3.10/dist-packages/btcpp_ros2_interfaces/btcpp_ros2_interfaces_s__rosidl_typesupport_c.cpython-310-x86_64-linux-gnu.so
[0.653s] -- Up-to-date: /home/zaynap/grab/grab2/install/btcpp_ros2_interfaces/lib/libbtcpp_ros2_interfaces__rosidl_generator_py.so
[0.653s] -- Up-to-date: /home/zaynap/grab/grab2/install/btcpp_ros2_interfaces/share/btcpp_ros2_interfaces/msg/NodeStatus.idl
[0.653s] -- Up-to-date: /home/zaynap/grab/grab2/install/btcpp_ros2_interfaces/share/btcpp_ros2_interfaces/action/ExecuteTree.idl
[0.653s] -- Up-to-date: /home/zaynap/grab/grab2/install/btcpp_ros2_interfaces/share/btcpp_ros2_interfaces/action/Sleep.idl
[0.654s] -- Up-to-date: /home/zaynap/grab/grab2/install/btcpp_ros2_interfaces/share/btcpp_ros2_interfaces/msg/NodeStatus.msg
[0.654s] -- Up-to-date: /home/zaynap/grab/grab2/install/btcpp_ros2_interfaces/share/btcpp_ros2_interfaces/action/ExecuteTree.action
[0.654s] -- Up-to-date: /home/zaynap/grab/grab2/install/btcpp_ros2_interfaces/share/btcpp_ros2_interfaces/action/Sleep.action
[0.654s] -- Up-to-date: /home/zaynap/grab/grab2/install/btcpp_ros2_interfaces/share/ament_index/resource_index/package_run_dependencies/btcpp_ros2_interfaces
[0.655s] -- Up-to-date: /home/zaynap/grab/grab2/install/btcpp_ros2_interfaces/share/ament_index/resource_index/parent_prefix_path/btcpp_ros2_interfaces
[0.655s] -- Up-to-date: /home/zaynap/grab/grab2/install/btcpp_ros2_interfaces/share/btcpp_ros2_interfaces/environment/ament_prefix_path.sh
[0.656s] -- Up-to-date: /home/zaynap/grab/grab2/install/btcpp_ros2_interfaces/share/btcpp_ros2_interfaces/environment/ament_prefix_path.dsv
[0.656s] -- Up-to-date: /home/zaynap/grab/grab2/install/btcpp_ros2_interfaces/share/btcpp_ros2_interfaces/environment/path.sh
[0.656s] -- Up-to-date: /home/zaynap/grab/grab2/install/btcpp_ros2_interfaces/share/btcpp_ros2_interfaces/environment/path.dsv
[0.656s] -- Up-to-date: /home/zaynap/grab/grab2/install/btcpp_ros2_interfaces/share/btcpp_ros2_interfaces/local_setup.bash
[0.656s] -- Up-to-date: /home/zaynap/grab/grab2/install/btcpp_ros2_interfaces/share/btcpp_ros2_interfaces/local_setup.sh
[0.656s] -- Up-to-date: /home/zaynap/grab/grab2/install/btcpp_ros2_interfaces/share/btcpp_ros2_interfaces/local_setup.zsh
[0.657s] -- Up-to-date: /home/zaynap/grab/grab2/install/btcpp_ros2_interfaces/share/btcpp_ros2_interfaces/local_setup.dsv
[0.657s] -- Installing: /home/zaynap/grab/grab2/install/btcpp_ros2_interfaces/share/btcpp_ros2_interfaces/package.dsv
[0.658s] -- Up-to-date: /home/zaynap/grab/grab2/install/btcpp_ros2_interfaces/share/ament_index/resource_index/packages/btcpp_ros2_interfaces
[0.658s] -- Up-to-date: /home/zaynap/grab/grab2/install/btcpp_ros2_interfaces/share/btcpp_ros2_interfaces/cmake/export_btcpp_ros2_interfaces__rosidl_generator_cExport.cmake
[0.659s] -- Up-to-date: /home/zaynap/grab/grab2/install/btcpp_ros2_interfaces/share/btcpp_ros2_interfaces/cmake/export_btcpp_ros2_interfaces__rosidl_generator_cExport-noconfig.cmake
[0.659s] -- Up-to-date: /home/zaynap/grab/grab2/install/btcpp_ros2_interfaces/share/btcpp_ros2_interfaces/cmake/export_btcpp_ros2_interfaces__rosidl_typesupport_fastrtps_cExport.cmake
[0.659s] -- Up-to-date: /home/zaynap/grab/grab2/install/btcpp_ros2_interfaces/share/btcpp_ros2_interfaces/cmake/export_btcpp_ros2_interfaces__rosidl_typesupport_fastrtps_cExport-noconfig.cmake
[0.659s] -- Up-to-date: /home/zaynap/grab/grab2/install/btcpp_ros2_interfaces/share/btcpp_ros2_interfaces/cmake/btcpp_ros2_interfaces__rosidl_typesupport_introspection_cExport.cmake
[0.659s] -- Up-to-date: /home/zaynap/grab/grab2/install/btcpp_ros2_interfaces/share/btcpp_ros2_interfaces/cmake/btcpp_ros2_interfaces__rosidl_typesupport_introspection_cExport-noconfig.cmake
[0.659s] -- Up-to-date: /home/zaynap/grab/grab2/install/btcpp_ros2_interfaces/share/btcpp_ros2_interfaces/cmake/btcpp_ros2_interfaces__rosidl_typesupport_cExport.cmake
[0.660s] -- Up-to-date: /home/zaynap/grab/grab2/install/btcpp_ros2_interfaces/share/btcpp_ros2_interfaces/cmake/btcpp_ros2_interfaces__rosidl_typesupport_cExport-noconfig.cmake
[0.660s] -- Up-to-date: /home/zaynap/grab/grab2/install/btcpp_ros2_interfaces/share/btcpp_ros2_interfaces/cmake/export_btcpp_ros2_interfaces__rosidl_generator_cppExport.cmake
[0.660s] -- Up-to-date: /home/zaynap/grab/grab2/install/btcpp_ros2_interfaces/share/btcpp_ros2_interfaces/cmake/export_btcpp_ros2_interfaces__rosidl_typesupport_fastrtps_cppExport.cmake
[0.660s] -- Up-to-date: /home/zaynap/grab/grab2/install/btcpp_ros2_interfaces/share/btcpp_ros2_interfaces/cmake/export_btcpp_ros2_interfaces__rosidl_typesupport_fastrtps_cppExport-noconfig.cmake
[0.660s] -- Up-to-date: /home/zaynap/grab/grab2/install/btcpp_ros2_interfaces/share/btcpp_ros2_interfaces/cmake/btcpp_ros2_interfaces__rosidl_typesupport_introspection_cppExport.cmake
[0.660s] -- Up-to-date: /home/zaynap/grab/grab2/install/btcpp_ros2_interfaces/share/btcpp_ros2_interfaces/cmake/btcpp_ros2_interfaces__rosidl_typesupport_introspection_cppExport-noconfig.cmake
[0.660s] -- Up-to-date: /home/zaynap/grab/grab2/install/btcpp_ros2_interfaces/share/btcpp_ros2_interfaces/cmake/btcpp_ros2_interfaces__rosidl_typesupport_cppExport.cmake
[0.660s] -- Up-to-date: /home/zaynap/grab/grab2/install/btcpp_ros2_interfaces/share/btcpp_ros2_interfaces/cmake/btcpp_ros2_interfaces__rosidl_typesupport_cppExport-noconfig.cmake
[0.660s] -- Up-to-date: /home/zaynap/grab/grab2/install/btcpp_ros2_interfaces/share/btcpp_ros2_interfaces/cmake/export_btcpp_ros2_interfaces__rosidl_generator_pyExport.cmake
[0.660s] -- Up-to-date: /home/zaynap/grab/grab2/install/btcpp_ros2_interfaces/share/btcpp_ros2_interfaces/cmake/export_btcpp_ros2_interfaces__rosidl_generator_pyExport-noconfig.cmake
[0.661s] -- Up-to-date: /home/zaynap/grab/grab2/install/btcpp_ros2_interfaces/share/btcpp_ros2_interfaces/cmake/rosidl_cmake-extras.cmake
[0.661s] -- Up-to-date: /home/zaynap/grab/grab2/install/btcpp_ros2_interfaces/share/btcpp_ros2_interfaces/cmake/ament_cmake_export_dependencies-extras.cmake
[0.661s] -- Up-to-date: /home/zaynap/grab/grab2/install/btcpp_ros2_interfaces/share/btcpp_ros2_interfaces/cmake/ament_cmake_export_include_directories-extras.cmake
[0.661s] -- Up-to-date: /home/zaynap/grab/grab2/install/btcpp_ros2_interfaces/share/btcpp_ros2_interfaces/cmake/ament_cmake_export_libraries-extras.cmake
[0.661s] -- Up-to-date: /home/zaynap/grab/grab2/install/btcpp_ros2_interfaces/share/btcpp_ros2_interfaces/cmake/ament_cmake_export_targets-extras.cmake
[0.661s] -- Up-to-date: /home/zaynap/grab/grab2/install/btcpp_ros2_interfaces/share/btcpp_ros2_interfaces/cmake/rosidl_cmake_export_typesupport_targets-extras.cmake
[0.661s] -- Up-to-date: /home/zaynap/grab/grab2/install/btcpp_ros2_interfaces/share/btcpp_ros2_interfaces/cmake/rosidl_cmake_export_typesupport_libraries-extras.cmake
[0.661s] -- Up-to-date: /home/zaynap/grab/grab2/install/btcpp_ros2_interfaces/share/btcpp_ros2_interfaces/cmake/btcpp_ros2_interfacesConfig.cmake
[0.662s] -- Up-to-date: /home/zaynap/grab/grab2/install/btcpp_ros2_interfaces/share/btcpp_ros2_interfaces/cmake/btcpp_ros2_interfacesConfig-version.cmake
[0.662s] -- Up-to-date: /home/zaynap/grab/grab2/install/btcpp_ros2_interfaces/share/btcpp_ros2_interfaces/package.xml
[0.663s] Invoked command in '/home/zaynap/grab/grab2/build/btcpp_ros2_interfaces' returned '0': CMAKE_PREFIX_PATH=${CMAKE_PREFIX_PATH}:/home/zaynap/grab/grab2/install/grab2_curobo_planner:/opt/ros/humble /usr/bin/cmake --install /home/zaynap/grab/grab2/build/btcpp_ros2_interfaces
