[0.047s] Invoking command in '/home/zaynap/grab/grab2/build/grab2_planner': AMENT_PREFIX_PATH=/home/zaynap/grab/grab2/install/grab2_ros_common:/home/zaynap/grab/grab2/install/grab2_msgs:${AMENT_PREFIX_PATH} CMAKE_PREFIX_PATH=/home/zaynap/grab/grab2/install/grab2_ros_common:/home/zaynap/grab/grab2/install/grab2_msgs:/opt/ros/humble LD_LIBRARY_PATH=/home/zaynap/grab/grab2/install/grab2_msgs/lib:${LD_LIBRARY_PATH} PYTHONPATH=/home/zaynap/grab/grab2/install/grab2_msgs/local/lib/python3.10/dist-packages:${PYTHONPATH} /usr/bin/cmake --build /home/zaynap/grab/grab2/build/grab2_planner -- -j8 -l8
[0.155s] [35m[1mConsolidate compiler generated dependencies of target planner_server_core[0m
[0.240s] [ 25%] [32mBuilding CXX object CMakeFiles/planner_server_core.dir/src/planner_server.cpp.o[0m
[15.879s] [ 50%] [32m[1mLinking CXX shared library libplanner_server_core.so[0m
[17.588s] [ 50%] Built target planner_server_core
[17.606s] [ 75%] [32mBuilding CXX object CMakeFiles/planner_server.dir/src/main.cpp.o[0m
[24.934s] [100%] [32m[1mLinking CXX executable planner_server[0m
[25.681s] [100%] Built target planner_server
[25.693s] Invoked command in '/home/zaynap/grab/grab2/build/grab2_planner' returned '0': AMENT_PREFIX_PATH=/home/zaynap/grab/grab2/install/grab2_ros_common:/home/zaynap/grab/grab2/install/grab2_msgs:${AMENT_PREFIX_PATH} CMAKE_PREFIX_PATH=/home/zaynap/grab/grab2/install/grab2_ros_common:/home/zaynap/grab/grab2/install/grab2_msgs:/opt/ros/humble LD_LIBRARY_PATH=/home/zaynap/grab/grab2/install/grab2_msgs/lib:${LD_LIBRARY_PATH} PYTHONPATH=/home/zaynap/grab/grab2/install/grab2_msgs/local/lib/python3.10/dist-packages:${PYTHONPATH} /usr/bin/cmake --build /home/zaynap/grab/grab2/build/grab2_planner -- -j8 -l8
[25.694s] Invoking command in '/home/zaynap/grab/grab2/build/grab2_planner': AMENT_PREFIX_PATH=/home/zaynap/grab/grab2/install/grab2_ros_common:/home/zaynap/grab/grab2/install/grab2_msgs:${AMENT_PREFIX_PATH} CMAKE_PREFIX_PATH=/home/zaynap/grab/grab2/install/grab2_ros_common:/home/zaynap/grab/grab2/install/grab2_msgs:/opt/ros/humble LD_LIBRARY_PATH=/home/zaynap/grab/grab2/install/grab2_msgs/lib:${LD_LIBRARY_PATH} PYTHONPATH=/home/zaynap/grab/grab2/install/grab2_msgs/local/lib/python3.10/dist-packages:${PYTHONPATH} /usr/bin/cmake --install /home/zaynap/grab/grab2/build/grab2_planner
[25.702s] -- Install configuration: ""
[25.702s] -- Installing: /home/zaynap/grab/grab2/install/grab2_planner/lib/libplanner_server_core.so
[25.705s] -- Set runtime path of "/home/zaynap/grab/grab2/install/grab2_planner/lib/libplanner_server_core.so" to ""
[25.705s] -- Installing: /home/zaynap/grab/grab2/install/grab2_planner/lib/grab2_planner/planner_server
[25.705s] -- Set runtime path of "/home/zaynap/grab/grab2/install/grab2_planner/lib/grab2_planner/planner_server" to ""
[25.705s] -- Installing: /home/zaynap/grab/grab2/install/grab2_planner/include/grab2_planner
[25.705s] -- Installing: /home/zaynap/grab/grab2/install/grab2_planner/include/grab2_planner/grab2_planner
[25.706s] -- Installing: /home/zaynap/grab/grab2/install/grab2_planner/include/grab2_planner/grab2_planner/planner_server.hpp
[25.706s] -- Installing: /home/zaynap/grab/grab2/install/grab2_planner/share/grab2_planner/launch
[25.706s] -- Installing: /home/zaynap/grab/grab2/install/grab2_planner/share/grab2_planner/launch/planning_server.launch.py
[25.706s] -- Installing: /home/zaynap/grab/grab2/install/grab2_planner/share/grab2_planner/config
[25.706s] -- Installing: /home/zaynap/grab/grab2/install/grab2_planner/share/grab2_planner/config/panda_move_group.rviz
[25.723s] -- Installing: /home/zaynap/grab/grab2/install/grab2_planner/share/grab2_planner/environment/library_path.sh
[25.723s] -- Installing: /home/zaynap/grab/grab2/install/grab2_planner/share/grab2_planner/environment/library_path.dsv
[25.724s] -- Installing: /home/zaynap/grab/grab2/install/grab2_planner/share/ament_index/resource_index/package_run_dependencies/grab2_planner
[25.725s] -- Installing: /home/zaynap/grab/grab2/install/grab2_planner/share/ament_index/resource_index/parent_prefix_path/grab2_planner
[25.725s] -- Installing: /home/zaynap/grab/grab2/install/grab2_planner/share/grab2_planner/environment/ament_prefix_path.sh
[25.725s] -- Installing: /home/zaynap/grab/grab2/install/grab2_planner/share/grab2_planner/environment/ament_prefix_path.dsv
[25.726s] -- Installing: /home/zaynap/grab/grab2/install/grab2_planner/share/grab2_planner/environment/path.sh
[25.726s] -- Installing: /home/zaynap/grab/grab2/install/grab2_planner/share/grab2_planner/environment/path.dsv
[25.727s] -- Installing: /home/zaynap/grab/grab2/install/grab2_planner/share/grab2_planner/local_setup.bash
[25.727s] -- Installing: /home/zaynap/grab/grab2/install/grab2_planner/share/grab2_planner/local_setup.sh
[25.727s] -- Installing: /home/zaynap/grab/grab2/install/grab2_planner/share/grab2_planner/local_setup.zsh
[25.728s] -- Installing: /home/zaynap/grab/grab2/install/grab2_planner/share/grab2_planner/local_setup.dsv
[25.728s] -- Installing: /home/zaynap/grab/grab2/install/grab2_planner/share/grab2_planner/package.dsv
[25.728s] -- Installing: /home/zaynap/grab/grab2/install/grab2_planner/share/ament_index/resource_index/packages/grab2_planner
[25.729s] -- Installing: /home/zaynap/grab/grab2/install/grab2_planner/share/grab2_planner/cmake/planner_server_coreExport.cmake
[25.729s] -- Installing: /home/zaynap/grab/grab2/install/grab2_planner/share/grab2_planner/cmake/planner_server_coreExport-noconfig.cmake
[25.730s] -- Installing: /home/zaynap/grab/grab2/install/grab2_planner/share/grab2_planner/cmake/ament_cmake_export_include_directories-extras.cmake
[25.730s] -- Installing: /home/zaynap/grab/grab2/install/grab2_planner/share/grab2_planner/cmake/ament_cmake_export_libraries-extras.cmake
[25.731s] -- Installing: /home/zaynap/grab/grab2/install/grab2_planner/share/grab2_planner/cmake/ament_cmake_export_dependencies-extras.cmake
[25.731s] -- Installing: /home/zaynap/grab/grab2/install/grab2_planner/share/grab2_planner/cmake/ament_cmake_export_targets-extras.cmake
[25.732s] -- Installing: /home/zaynap/grab/grab2/install/grab2_planner/share/grab2_planner/cmake/grab2_plannerConfig.cmake
[25.732s] -- Installing: /home/zaynap/grab/grab2/install/grab2_planner/share/grab2_planner/cmake/grab2_plannerConfig-version.cmake
[25.733s] -- Installing: /home/zaynap/grab/grab2/install/grab2_planner/share/grab2_planner/package.xml
[25.739s] Invoked command in '/home/zaynap/grab/grab2/build/grab2_planner' returned '0': AMENT_PREFIX_PATH=/home/zaynap/grab/grab2/install/grab2_ros_common:/home/zaynap/grab/grab2/install/grab2_msgs:${AMENT_PREFIX_PATH} CMAKE_PREFIX_PATH=/home/zaynap/grab/grab2/install/grab2_ros_common:/home/zaynap/grab/grab2/install/grab2_msgs:/opt/ros/humble LD_LIBRARY_PATH=/home/zaynap/grab/grab2/install/grab2_msgs/lib:${LD_LIBRARY_PATH} PYTHONPATH=/home/zaynap/grab/grab2/install/grab2_msgs/local/lib/python3.10/dist-packages:${PYTHONPATH} /usr/bin/cmake --install /home/zaynap/grab/grab2/build/grab2_planner
