[0.256s] Invoking command in '/home/zaynap/grab/grab2/build/behaviortree_ros2': CMAKE_PREFIX_PATH=/home/zaynap/grab/grab2/install/btcpp_ros2_interfaces:/home/zaynap/grab/grab2/install/grab2_controller:/home/zaynap/grab/grab2/install/topic_based_ros2_control:/home/zaynap/grab/grab2/install/grab2_planner:/home/zaynap/grab/grab2/install/grab2_grasp_generator:/home/zaynap/grab/grab2/install/grab2_ros_common:/home/zaynap/grab/grab2/install/grab2_behavior_tree:/home/zaynap/grab/grab2/install/grab2_msgs:/home/zaynap/grab/grab2/install/btcpp_ros2_samples:/home/zaynap/grab/grab2/install/behaviortree_ros2:/home/zaynap/grab/grab2/install/grab2_curobo_planner:/opt/ros/humble LD_LIBRARY_PATH=/home/zaynap/grab/grab2/install/btcpp_ros2_interfaces/lib:/home/zaynap/grab/grab2/install/topic_based_ros2_control/lib:/home/zaynap/grab/grab2/install/grab2_planner/lib:/home/zaynap/grab/grab2/install/grab2_grasp_generator/lib:/home/zaynap/grab/grab2/install/grab2_behavior_tree/lib:/home/zaynap/grab/grab2/install/grab2_msgs/lib:/home/zaynap/grab/grab2/install/behaviortree_ros2/lib:/usr/lib/x86_64-linux-gnu/gazebo-11/plugins:/opt/ros/humble/opt/rviz_ogre_vendor/lib:/opt/ros/humble/lib/x86_64-linux-gnu:/opt/ros/humble/lib /usr/bin/cmake --build /home/zaynap/grab/grab2/build/behaviortree_ros2 -- -j8 -l8
[0.299s] [ 33%] Built target bt_executor_parameters
[0.311s] [35m[1mConsolidate compiler generated dependencies of target behaviortree_ros2[0m
[0.347s] [100%] Built target behaviortree_ros2
[0.362s] Invoked command in '/home/zaynap/grab/grab2/build/behaviortree_ros2' returned '0': CMAKE_PREFIX_PATH=/home/zaynap/grab/grab2/install/btcpp_ros2_interfaces:/home/zaynap/grab/grab2/install/grab2_controller:/home/zaynap/grab/grab2/install/topic_based_ros2_control:/home/zaynap/grab/grab2/install/grab2_planner:/home/zaynap/grab/grab2/install/grab2_grasp_generator:/home/zaynap/grab/grab2/install/grab2_ros_common:/home/zaynap/grab/grab2/install/grab2_behavior_tree:/home/zaynap/grab/grab2/install/grab2_msgs:/home/zaynap/grab/grab2/install/btcpp_ros2_samples:/home/zaynap/grab/grab2/install/behaviortree_ros2:/home/zaynap/grab/grab2/install/grab2_curobo_planner:/opt/ros/humble LD_LIBRARY_PATH=/home/zaynap/grab/grab2/install/btcpp_ros2_interfaces/lib:/home/zaynap/grab/grab2/install/topic_based_ros2_control/lib:/home/zaynap/grab/grab2/install/grab2_planner/lib:/home/zaynap/grab/grab2/install/grab2_grasp_generator/lib:/home/zaynap/grab/grab2/install/grab2_behavior_tree/lib:/home/zaynap/grab/grab2/install/grab2_msgs/lib:/home/zaynap/grab/grab2/install/behaviortree_ros2/lib:/usr/lib/x86_64-linux-gnu/gazebo-11/plugins:/opt/ros/humble/opt/rviz_ogre_vendor/lib:/opt/ros/humble/lib/x86_64-linux-gnu:/opt/ros/humble/lib /usr/bin/cmake --build /home/zaynap/grab/grab2/build/behaviortree_ros2 -- -j8 -l8
[0.369s] Invoking command in '/home/zaynap/grab/grab2/build/behaviortree_ros2': CMAKE_PREFIX_PATH=/home/zaynap/grab/grab2/install/btcpp_ros2_interfaces:/home/zaynap/grab/grab2/install/grab2_controller:/home/zaynap/grab/grab2/install/topic_based_ros2_control:/home/zaynap/grab/grab2/install/grab2_planner:/home/zaynap/grab/grab2/install/grab2_grasp_generator:/home/zaynap/grab/grab2/install/grab2_ros_common:/home/zaynap/grab/grab2/install/grab2_behavior_tree:/home/zaynap/grab/grab2/install/grab2_msgs:/home/zaynap/grab/grab2/install/btcpp_ros2_samples:/home/zaynap/grab/grab2/install/behaviortree_ros2:/home/zaynap/grab/grab2/install/grab2_curobo_planner:/opt/ros/humble LD_LIBRARY_PATH=/home/zaynap/grab/grab2/install/btcpp_ros2_interfaces/lib:/home/zaynap/grab/grab2/install/topic_based_ros2_control/lib:/home/zaynap/grab/grab2/install/grab2_planner/lib:/home/zaynap/grab/grab2/install/grab2_grasp_generator/lib:/home/zaynap/grab/grab2/install/grab2_behavior_tree/lib:/home/zaynap/grab/grab2/install/grab2_msgs/lib:/home/zaynap/grab/grab2/install/behaviortree_ros2/lib:/usr/lib/x86_64-linux-gnu/gazebo-11/plugins:/opt/ros/humble/opt/rviz_ogre_vendor/lib:/opt/ros/humble/lib/x86_64-linux-gnu:/opt/ros/humble/lib /usr/bin/cmake --install /home/zaynap/grab/grab2/build/behaviortree_ros2
[0.376s] -- Install configuration: ""
[0.376s] -- Execute custom install script
[0.376s] -- Up-to-date symlink: /home/zaynap/grab/grab2/install/behaviortree_ros2/include/behaviortree_ros2/bt_executor_parameters.hpp
[0.379s] -- Up-to-date symlink: /home/zaynap/grab/grab2/install/behaviortree_ros2/include//behaviortree_ros2/bt_action_node.hpp
[0.379s] -- Up-to-date symlink: /home/zaynap/grab/grab2/install/behaviortree_ros2/include//behaviortree_ros2/bt_service_node.hpp
[0.379s] -- Up-to-date symlink: /home/zaynap/grab/grab2/install/behaviortree_ros2/include//behaviortree_ros2/bt_topic_pub_node.hpp
[0.379s] -- Up-to-date symlink: /home/zaynap/grab/grab2/install/behaviortree_ros2/include//behaviortree_ros2/bt_topic_sub_node.hpp
[0.379s] -- Up-to-date symlink: /home/zaynap/grab/grab2/install/behaviortree_ros2/include//behaviortree_ros2/bt_utils.hpp
[0.379s] -- Up-to-date symlink: /home/zaynap/grab/grab2/install/behaviortree_ros2/include//behaviortree_ros2/plugins.hpp
[0.379s] -- Up-to-date symlink: /home/zaynap/grab/grab2/install/behaviortree_ros2/include//behaviortree_ros2/ros_node_params.hpp
[0.380s] -- Up-to-date symlink: /home/zaynap/grab/grab2/install/behaviortree_ros2/include//behaviortree_ros2/tree_execution_server.hpp
[0.380s] -- Up-to-date symlink: /home/zaynap/grab/grab2/install/behaviortree_ros2/share/behaviortree_ros2/environment/library_path.sh
[0.380s] -- Up-to-date symlink: /home/zaynap/grab/grab2/install/behaviortree_ros2/share/behaviortree_ros2/environment/library_path.dsv
[0.380s] -- Up-to-date symlink: /home/zaynap/grab/grab2/install/behaviortree_ros2/share/ament_index/resource_index/package_run_dependencies/behaviortree_ros2
[0.380s] -- Up-to-date symlink: /home/zaynap/grab/grab2/install/behaviortree_ros2/share/ament_index/resource_index/parent_prefix_path/behaviortree_ros2
[0.380s] -- Up-to-date symlink: /home/zaynap/grab/grab2/install/behaviortree_ros2/share/behaviortree_ros2/environment/ament_prefix_path.sh
[0.380s] -- Up-to-date symlink: /home/zaynap/grab/grab2/install/behaviortree_ros2/share/behaviortree_ros2/environment/ament_prefix_path.dsv
[0.380s] -- Up-to-date symlink: /home/zaynap/grab/grab2/install/behaviortree_ros2/share/behaviortree_ros2/environment/path.sh
[0.380s] -- Up-to-date symlink: /home/zaynap/grab/grab2/install/behaviortree_ros2/share/behaviortree_ros2/environment/path.dsv
[0.381s] -- Up-to-date symlink: /home/zaynap/grab/grab2/install/behaviortree_ros2/share/behaviortree_ros2/local_setup.bash
[0.381s] -- Up-to-date symlink: /home/zaynap/grab/grab2/install/behaviortree_ros2/share/behaviortree_ros2/local_setup.sh
[0.381s] -- Up-to-date symlink: /home/zaynap/grab/grab2/install/behaviortree_ros2/share/behaviortree_ros2/local_setup.zsh
[0.381s] -- Up-to-date symlink: /home/zaynap/grab/grab2/install/behaviortree_ros2/share/behaviortree_ros2/local_setup.dsv
[0.381s] -- Symlinking: /home/zaynap/grab/grab2/install/behaviortree_ros2/share/behaviortree_ros2/package.dsv
[0.393s] -- Up-to-date symlink: /home/zaynap/grab/grab2/install/behaviortree_ros2/share/ament_index/resource_index/packages/behaviortree_ros2
[0.395s] -- Up-to-date symlink: /home/zaynap/grab/grab2/install/behaviortree_ros2/share/behaviortree_ros2/cmake/ament_cmake_export_dependencies-extras.cmake
[0.395s] -- Up-to-date symlink: /home/zaynap/grab/grab2/install/behaviortree_ros2/share/behaviortree_ros2/cmake/ament_cmake_export_targets-extras.cmake
[0.395s] -- Up-to-date symlink: /home/zaynap/grab/grab2/install/behaviortree_ros2/share/behaviortree_ros2/cmake/ament_cmake_export_include_directories-extras.cmake
[0.395s] -- Up-to-date symlink: /home/zaynap/grab/grab2/install/behaviortree_ros2/share/behaviortree_ros2/cmake/ament_cmake_export_libraries-extras.cmake
[0.395s] -- Up-to-date symlink: /home/zaynap/grab/grab2/install/behaviortree_ros2/share/behaviortree_ros2/cmake/behaviortree_ros2Config.cmake
[0.395s] -- Up-to-date symlink: /home/zaynap/grab/grab2/install/behaviortree_ros2/share/behaviortree_ros2/cmake/behaviortree_ros2Config-version.cmake
[0.395s] -- Up-to-date symlink: /home/zaynap/grab/grab2/install/behaviortree_ros2/share/behaviortree_ros2/package.xml
[0.395s] -- Up-to-date: /home/zaynap/grab/grab2/install/behaviortree_ros2/lib/libbehaviortree_ros2.a
[0.396s] -- Up-to-date: /home/zaynap/grab/grab2/install/behaviortree_ros2/share/behaviortree_ros2/cmake/behaviortree_ros2TargetsExport.cmake
[0.396s] -- Up-to-date: /home/zaynap/grab/grab2/install/behaviortree_ros2/share/behaviortree_ros2/cmake/behaviortree_ros2TargetsExport-noconfig.cmake
[0.398s] Invoked command in '/home/zaynap/grab/grab2/build/behaviortree_ros2' returned '0': CMAKE_PREFIX_PATH=/home/zaynap/grab/grab2/install/btcpp_ros2_interfaces:/home/zaynap/grab/grab2/install/grab2_controller:/home/zaynap/grab/grab2/install/topic_based_ros2_control:/home/zaynap/grab/grab2/install/grab2_planner:/home/zaynap/grab/grab2/install/grab2_grasp_generator:/home/zaynap/grab/grab2/install/grab2_ros_common:/home/zaynap/grab/grab2/install/grab2_behavior_tree:/home/zaynap/grab/grab2/install/grab2_msgs:/home/zaynap/grab/grab2/install/btcpp_ros2_samples:/home/zaynap/grab/grab2/install/behaviortree_ros2:/home/zaynap/grab/grab2/install/grab2_curobo_planner:/opt/ros/humble LD_LIBRARY_PATH=/home/zaynap/grab/grab2/install/btcpp_ros2_interfaces/lib:/home/zaynap/grab/grab2/install/topic_based_ros2_control/lib:/home/zaynap/grab/grab2/install/grab2_planner/lib:/home/zaynap/grab/grab2/install/grab2_grasp_generator/lib:/home/zaynap/grab/grab2/install/grab2_behavior_tree/lib:/home/zaynap/grab/grab2/install/grab2_msgs/lib:/home/zaynap/grab/grab2/install/behaviortree_ros2/lib:/usr/lib/x86_64-linux-gnu/gazebo-11/plugins:/opt/ros/humble/opt/rviz_ogre_vendor/lib:/opt/ros/humble/lib/x86_64-linux-gnu:/opt/ros/humble/lib /usr/bin/cmake --install /home/zaynap/grab/grab2/build/behaviortree_ros2
