[ 20%] Built target gtest_main
[ 40%] Built target gtest
[ 60%] Built target grasp_generator_core
[100%] Built target grasp_generator
[100%] Built target test_grasp_generator
-- Install configuration: ""
-- Execute custom install script
-- Up-to-date symlink: /home/zaynap/grab/grab2/install/grab2_grasp_generator/include/grab2_grasp_generator/grab2_grasp_generator/grasp_generator.hpp
-- Up-to-date symlink: /home/zaynap/grab/grab2/install/grab2_grasp_generator/include/grab2_grasp_generator/grab2_grasp_generator/visibility_control.h
-- Up-to-date symlink: /home/zaynap/grab/grab2/install/grab2_grasp_generator/lib/grab2_grasp_generator/grasp_generator
-- Up-to-date symlink: /home/zaynap/grab/grab2/install/grab2_grasp_generator/share/grab2_grasp_generator/config/isaac_grasp.yaml
-- Up-to-date symlink: /home/zaynap/grab/grab2/install/grab2_grasp_generator/share/grab2_grasp_generator/environment/library_path.sh
-- Up-to-date symlink: /home/zaynap/grab/grab2/install/grab2_grasp_generator/share/grab2_grasp_generator/environment/library_path.dsv
-- Up-to-date symlink: /home/zaynap/grab/grab2/install/grab2_grasp_generator/share/ament_index/resource_index/package_run_dependencies/grab2_grasp_generator
-- Up-to-date symlink: /home/zaynap/grab/grab2/install/grab2_grasp_generator/share/ament_index/resource_index/parent_prefix_path/grab2_grasp_generator
-- Up-to-date symlink: /home/zaynap/grab/grab2/install/grab2_grasp_generator/share/grab2_grasp_generator/environment/ament_prefix_path.sh
-- Up-to-date symlink: /home/zaynap/grab/grab2/install/grab2_grasp_generator/share/grab2_grasp_generator/environment/ament_prefix_path.dsv
-- Up-to-date symlink: /home/zaynap/grab/grab2/install/grab2_grasp_generator/share/grab2_grasp_generator/environment/path.sh
-- Up-to-date symlink: /home/zaynap/grab/grab2/install/grab2_grasp_generator/share/grab2_grasp_generator/environment/path.dsv
-- Up-to-date symlink: /home/zaynap/grab/grab2/install/grab2_grasp_generator/share/grab2_grasp_generator/local_setup.bash
-- Up-to-date symlink: /home/zaynap/grab/grab2/install/grab2_grasp_generator/share/grab2_grasp_generator/local_setup.sh
-- Up-to-date symlink: /home/zaynap/grab/grab2/install/grab2_grasp_generator/share/grab2_grasp_generator/local_setup.zsh
-- Up-to-date symlink: /home/zaynap/grab/grab2/install/grab2_grasp_generator/share/grab2_grasp_generator/local_setup.dsv
-- Symlinking: /home/zaynap/grab/grab2/install/grab2_grasp_generator/share/grab2_grasp_generator/package.dsv
-- Up-to-date symlink: /home/zaynap/grab/grab2/install/grab2_grasp_generator/share/ament_index/resource_index/packages/grab2_grasp_generator
-- Up-to-date symlink: /home/zaynap/grab/grab2/install/grab2_grasp_generator/share/grab2_grasp_generator/cmake/ament_cmake_export_include_directories-extras.cmake
-- Up-to-date symlink: /home/zaynap/grab/grab2/install/grab2_grasp_generator/share/grab2_grasp_generator/cmake/ament_cmake_export_libraries-extras.cmake
-- Up-to-date symlink: /home/zaynap/grab/grab2/install/grab2_grasp_generator/share/grab2_grasp_generator/cmake/ament_cmake_export_targets-extras.cmake
-- Up-to-date symlink: /home/zaynap/grab/grab2/install/grab2_grasp_generator/share/grab2_grasp_generator/cmake/grab2_grasp_generatorConfig.cmake
-- Up-to-date symlink: /home/zaynap/grab/grab2/install/grab2_grasp_generator/share/grab2_grasp_generator/cmake/grab2_grasp_generatorConfig-version.cmake
-- Up-to-date symlink: /home/zaynap/grab/grab2/install/grab2_grasp_generator/share/grab2_grasp_generator/package.xml
-- Up-to-date: /home/zaynap/grab/grab2/install/grab2_grasp_generator/lib/libgrasp_generator_core.so
-- Up-to-date: /home/zaynap/grab/grab2/install/grab2_grasp_generator/share/grab2_grasp_generator/cmake/export_grab2_grasp_generatorExport.cmake
-- Up-to-date: /home/zaynap/grab/grab2/install/grab2_grasp_generator/share/grab2_grasp_generator/cmake/export_grab2_grasp_generatorExport-noconfig.cmake
