[0.012s] Invoking command in '/home/zaynap/grab/grab2/build/topic_based_ros2_control': CMAKE_PREFIX_PATH=/opt/ros/humble /usr/bin/cmake /home/zaynap/grab/grab2/topic_based_ros2_control -DAMENT_CMAKE_SYMLINK_INSTALL=1 -DCMAKE_INSTALL_PREFIX=/home/zaynap/grab/grab2/install/topic_based_ros2_control
[0.068s] -- The CXX compiler identification is GNU 11.4.0
[0.078s] -- Detecting CXX compiler ABI info
[0.148s] -- Detecting CXX compiler ABI info - done
[0.156s] -- Check for working CXX compiler: /usr/bin/c++ - skipped
[0.156s] -- Detecting CXX compile features
[0.156s] -- Detecting CXX compile features - done
[0.159s] -- Found ament_cmake: 1.3.12 (/opt/ros/humble/share/ament_cmake/cmake)
[0.528s] -- Found Python3: /usr/bin/python3 (found version "3.10.12") found components: Interpreter 
[0.590s] -- Override CMake install command with custom implementation using symlinks instead of copying resources
[0.618s] -- Found angles: 1.15.0 (/opt/ros/humble/share/angles/cmake)
[0.621s] -- Found rclcpp: 16.0.15 (/opt/ros/humble/share/rclcpp/cmake)
[0.664s] -- Found rosidl_generator_c: 3.1.7 (/opt/ros/humble/share/rosidl_generator_c/cmake)
[0.669s] -- Found rosidl_adapter: 3.1.7 (/opt/ros/humble/share/rosidl_adapter/cmake)
[0.677s] -- Found rosidl_generator_cpp: 3.1.7 (/opt/ros/humble/share/rosidl_generator_cpp/cmake)
[0.696s] -- Using all available rosidl_typesupport_c: rosidl_typesupport_fastrtps_c;rosidl_typesupport_introspection_c
[0.718s] -- Using all available rosidl_typesupport_cpp: rosidl_typesupport_fastrtps_cpp;rosidl_typesupport_introspection_cpp
[0.761s] -- Found rmw_implementation_cmake: 6.1.2 (/opt/ros/humble/share/rmw_implementation_cmake/cmake)
[0.764s] -- Found rmw_fastrtps_cpp: 6.2.8 (/opt/ros/humble/share/rmw_fastrtps_cpp/cmake)
[0.837s] -- Found OpenSSL: /usr/lib/x86_64-linux-gnu/libcrypto.so (found version "3.0.2")  
[0.865s] -- Found FastRTPS: /opt/ros/humble/include  
[0.904s] -- Using RMW implementation 'rmw_fastrtps_cpp' as default
[0.912s] -- Looking for C++ include pthread.h
[0.989s] -- Looking for C++ include pthread.h - found
[0.989s] -- Performing Test CMAKE_HAVE_LIBC_PTHREAD
[1.065s] -- Performing Test CMAKE_HAVE_LIBC_PTHREAD - Success
[1.067s] -- Found Threads: TRUE  
[1.119s] -- Found hardware_interface: 2.52.0 (/opt/ros/humble/share/hardware_interface/cmake)
[1.283s] -- Found ament_cmake_gtest: 1.3.12 (/opt/ros/humble/share/ament_cmake_gtest/cmake)
[1.284s] -- Found ament_lint_auto: 0.12.14 (/opt/ros/humble/share/ament_lint_auto/cmake)
[1.286s] -- Found ament_cmake_pytest: 1.3.12 (/opt/ros/humble/share/ament_cmake_pytest/cmake)
[1.288s] -- Found ros2_control_test_assets: 2.52.0 (/opt/ros/humble/share/ros2_control_test_assets/cmake)
[1.290s] -- Found ros_testing: 0.4.0 (/opt/ros/humble/share/ros_testing/cmake)
[1.292s] -- Found launch_testing_ament_cmake: 1.0.10 (/opt/ros/humble/share/launch_testing_ament_cmake/cmake)
[1.294s] -- Found python_cmake_module: 0.10.0 (/opt/ros/humble/share/python_cmake_module/cmake)
[1.314s] -- Found PythonInterp: /usr/bin/python3 (found suitable version "3.10.12", minimum required is "3.6") 
[1.323s] -- Found PythonLibs: /usr/lib/x86_64-linux-gnu/libpython3.10.so (found suitable version "3.10.12", minimum required is "3.5") 
[1.323s] -- Using PYTHON_EXECUTABLE: /usr/bin/python3
[1.323s] -- Using PYTHON_INCLUDE_DIRS: /usr/include/python3.10
[1.323s] -- Using PYTHON_LIBRARIES: /usr/lib/x86_64-linux-gnu/libpython3.10.so
[1.344s] -- Found PythonExtra: .so  
[1.596s] -- Found eigen3_cmake_module: 0.1.1 (/opt/ros/humble/share/eigen3_cmake_module/cmake)
[1.598s] -- Found Eigen3: TRUE (found version "3.4.0") 
[1.598s] -- Ensuring Eigen3 include directory is part of orocos-kdl CMake target
[1.674s] -- Found gtest sources under '/opt/ros/humble/src/gtest_vendor': C++ tests using 'Google Test' will be built
[1.708s] -- The C compiler identification is GNU 11.4.0
[1.714s] -- Detecting C compiler ABI info
[1.773s] -- Detecting C compiler ABI info - done
[1.782s] -- Check for working C compiler: /usr/bin/cc - skipped
[1.783s] -- Detecting C compile features
[1.783s] -- Detecting C compile features - done
[1.794s] -- Added test 'copyright' to check source files copyright and LICENSE
[1.797s] -- Added test 'cppcheck' to perform static code analysis on C / C++ code
[1.797s] -- Configured cppcheck include dirs: $<BUILD_INTERFACE:/home/zaynap/grab/grab2/topic_based_ros2_control/include>
[1.797s] -- Configured cppcheck exclude dirs and/or files: 
[1.798s] -- Added test 'lint_cmake' to check CMake code style
[1.799s] -- Added test 'xmllint' to check XML markup files
[1.802s] -- Configuring done
[1.827s] -- Generating done
[1.839s] -- Build files have been written to: /home/zaynap/grab/grab2/build/topic_based_ros2_control
[1.861s] Invoked command in '/home/zaynap/grab/grab2/build/topic_based_ros2_control' returned '0': CMAKE_PREFIX_PATH=/opt/ros/humble /usr/bin/cmake /home/zaynap/grab/grab2/topic_based_ros2_control -DAMENT_CMAKE_SYMLINK_INSTALL=1 -DCMAKE_INSTALL_PREFIX=/home/zaynap/grab/grab2/install/topic_based_ros2_control
[1.864s] Invoking command in '/home/zaynap/grab/grab2/build/topic_based_ros2_control': CMAKE_PREFIX_PATH=/opt/ros/humble /usr/bin/cmake --build /home/zaynap/grab/grab2/build/topic_based_ros2_control -- -j8 -l8
[1.928s] [ 12%] [32mBuilding CXX object gtest/CMakeFiles/gtest.dir/src/gtest-all.cc.o[0m
[1.928s] [ 25%] [32mBuilding CXX object CMakeFiles/topic_based_ros2_control.dir/src/topic_based_system.cpp.o[0m
[1.930s] [ 37%] [32mBuilding CXX object gtest/CMakeFiles/gtest_main.dir/src/gtest_main.cc.o[0m
[3.437s] [ 50%] [32m[1mLinking CXX static library libgtest_main.a[0m
[3.605s] [ 50%] Built target gtest_main
[8.177s] [ 62%] [32m[1mLinking CXX static library libgtest.a[0m
[8.406s] [ 62%] Built target gtest
[14.974s] [ 75%] [32m[1mLinking CXX shared library libtopic_based_ros2_control.so[0m
[16.182s] [ 75%] Built target topic_based_ros2_control
[16.200s] [ 87%] [32mBuilding CXX object CMakeFiles/topic_based_system_test.dir/test/topic_based_system_test.cpp.o[0m
[20.540s] [100%] [32m[1mLinking CXX executable topic_based_system_test[0m
[20.948s] [100%] Built target topic_based_system_test
[20.970s] Invoked command in '/home/zaynap/grab/grab2/build/topic_based_ros2_control' returned '0': CMAKE_PREFIX_PATH=/opt/ros/humble /usr/bin/cmake --build /home/zaynap/grab/grab2/build/topic_based_ros2_control -- -j8 -l8
[20.970s] Invoking command in '/home/zaynap/grab/grab2/build/topic_based_ros2_control': CMAKE_PREFIX_PATH=/opt/ros/humble /usr/bin/cmake --install /home/zaynap/grab/grab2/build/topic_based_ros2_control
[20.979s] -- Install configuration: ""
[20.980s] -- Execute custom install script
[20.981s] -- Symlinking: /home/zaynap/grab/grab2/install/topic_based_ros2_control/share/topic_based_ros2_control//topic_based_ros2_control_plugin_description.xml
[20.995s] -- Symlinking: /home/zaynap/grab/grab2/install/topic_based_ros2_control/share/topic_based_ros2_control/environment/library_path.sh
[21.010s] -- Symlinking: /home/zaynap/grab/grab2/install/topic_based_ros2_control/share/topic_based_ros2_control/environment/library_path.dsv
[21.024s] -- Symlinking: /home/zaynap/grab/grab2/install/topic_based_ros2_control/share/ament_index/resource_index/package_run_dependencies/topic_based_ros2_control
[21.040s] -- Symlinking: /home/zaynap/grab/grab2/install/topic_based_ros2_control/share/ament_index/resource_index/parent_prefix_path/topic_based_ros2_control
[21.052s] -- Symlinking: /home/zaynap/grab/grab2/install/topic_based_ros2_control/share/topic_based_ros2_control/environment/ament_prefix_path.sh
[21.065s] -- Symlinking: /home/zaynap/grab/grab2/install/topic_based_ros2_control/share/topic_based_ros2_control/environment/ament_prefix_path.dsv
[21.079s] -- Symlinking: /home/zaynap/grab/grab2/install/topic_based_ros2_control/share/topic_based_ros2_control/environment/path.sh
[21.093s] -- Symlinking: /home/zaynap/grab/grab2/install/topic_based_ros2_control/share/topic_based_ros2_control/environment/path.dsv
[21.108s] -- Symlinking: /home/zaynap/grab/grab2/install/topic_based_ros2_control/share/topic_based_ros2_control/local_setup.bash
[21.123s] -- Symlinking: /home/zaynap/grab/grab2/install/topic_based_ros2_control/share/topic_based_ros2_control/local_setup.sh
[21.137s] -- Symlinking: /home/zaynap/grab/grab2/install/topic_based_ros2_control/share/topic_based_ros2_control/local_setup.zsh
[21.151s] -- Symlinking: /home/zaynap/grab/grab2/install/topic_based_ros2_control/share/topic_based_ros2_control/local_setup.dsv
[21.164s] -- Symlinking: /home/zaynap/grab/grab2/install/topic_based_ros2_control/share/topic_based_ros2_control/package.dsv
[21.179s] -- Symlinking: /home/zaynap/grab/grab2/install/topic_based_ros2_control/share/ament_index/resource_index/packages/topic_based_ros2_control
[21.193s] -- Symlinking: /home/zaynap/grab/grab2/install/topic_based_ros2_control/share/ament_index/resource_index/hardware_interface__pluginlib__plugin/topic_based_ros2_control
[21.207s] -- Symlinking: /home/zaynap/grab/grab2/install/topic_based_ros2_control/share/topic_based_ros2_control/cmake/ament_cmake_export_targets-extras.cmake
[21.223s] -- Symlinking: /home/zaynap/grab/grab2/install/topic_based_ros2_control/share/topic_based_ros2_control/cmake/ament_cmake_export_dependencies-extras.cmake
[21.239s] -- Symlinking: /home/zaynap/grab/grab2/install/topic_based_ros2_control/share/topic_based_ros2_control/cmake/topic_based_ros2_controlConfig.cmake
[21.257s] -- Symlinking: /home/zaynap/grab/grab2/install/topic_based_ros2_control/share/topic_based_ros2_control/cmake/topic_based_ros2_controlConfig-version.cmake
[21.267s] -- Symlinking: /home/zaynap/grab/grab2/install/topic_based_ros2_control/share/topic_based_ros2_control/package.xml
[21.285s] -- Installing: /home/zaynap/grab/grab2/install/topic_based_ros2_control/lib/libtopic_based_ros2_control.so
[21.289s] -- Set runtime path of "/home/zaynap/grab/grab2/install/topic_based_ros2_control/lib/libtopic_based_ros2_control.so" to ""
[21.289s] -- Installing: /home/zaynap/grab/grab2/install/topic_based_ros2_control/share/topic_based_ros2_control/cmake/topic_based_ros2_controlTargetsExport.cmake
[21.289s] -- Installing: /home/zaynap/grab/grab2/install/topic_based_ros2_control/share/topic_based_ros2_control/cmake/topic_based_ros2_controlTargetsExport-noconfig.cmake
[21.293s] Invoked command in '/home/zaynap/grab/grab2/build/topic_based_ros2_control' returned '0': CMAKE_PREFIX_PATH=/opt/ros/humble /usr/bin/cmake --install /home/zaynap/grab/grab2/build/topic_based_ros2_control
