[0.017s] Invoking command in '/home/zaynap/grab/grab2/build/grab2_ros_common': CMAKE_PREFIX_PATH=/home/zaynap/grab/grab2/install/grab2_msgs:/home/zaynap/grab/grab2/install/grab2_controller:/home/zaynap/grab/grab2/install/topic_based_ros2_control:/home/zaynap/grab/grab2/install/grab2_planner:/home/zaynap/grab/grab2/install/grab2_grasp_generator:/home/zaynap/grab/grab2/install/grab2_ros_common:/home/zaynap/grab/grab2/install/grab2_behavior_tree:/home/zaynap/grab/grab2/install/btcpp_ros2_samples:/home/zaynap/grab/grab2/install/behaviortree_ros2:/home/zaynap/grab/grab2/install/btcpp_ros2_interfaces:/home/zaynap/grab/grab2/install/grab2_curobo_planner:/opt/ros/humble LD_LIBRARY_PATH=/home/zaynap/grab/grab2/install/grab2_msgs/lib:/home/zaynap/grab/grab2/install/topic_based_ros2_control/lib:/home/zaynap/grab/grab2/install/grab2_planner/lib:/home/zaynap/grab/grab2/install/grab2_grasp_generator/lib:/home/zaynap/grab/grab2/install/grab2_behavior_tree/lib:/home/zaynap/grab/grab2/install/behaviortree_ros2/lib:/home/zaynap/grab/grab2/install/btcpp_ros2_interfaces/lib:/usr/lib/x86_64-linux-gnu/gazebo-11/plugins:/opt/ros/humble/opt/rviz_ogre_vendor/lib:/opt/ros/humble/lib/x86_64-linux-gnu:/opt/ros/humble/lib /usr/bin/cmake --build /home/zaynap/grab/grab2/build/grab2_ros_common -- -j8 -l8
[0.274s] Invoked command in '/home/zaynap/grab/grab2/build/grab2_ros_common' returned '0': CMAKE_PREFIX_PATH=/home/zaynap/grab/grab2/install/grab2_msgs:/home/zaynap/grab/grab2/install/grab2_controller:/home/zaynap/grab/grab2/install/topic_based_ros2_control:/home/zaynap/grab/grab2/install/grab2_planner:/home/zaynap/grab/grab2/install/grab2_grasp_generator:/home/zaynap/grab/grab2/install/grab2_ros_common:/home/zaynap/grab/grab2/install/grab2_behavior_tree:/home/zaynap/grab/grab2/install/btcpp_ros2_samples:/home/zaynap/grab/grab2/install/behaviortree_ros2:/home/zaynap/grab/grab2/install/btcpp_ros2_interfaces:/home/zaynap/grab/grab2/install/grab2_curobo_planner:/opt/ros/humble LD_LIBRARY_PATH=/home/zaynap/grab/grab2/install/grab2_msgs/lib:/home/zaynap/grab/grab2/install/topic_based_ros2_control/lib:/home/zaynap/grab/grab2/install/grab2_planner/lib:/home/zaynap/grab/grab2/install/grab2_grasp_generator/lib:/home/zaynap/grab/grab2/install/grab2_behavior_tree/lib:/home/zaynap/grab/grab2/install/behaviortree_ros2/lib:/home/zaynap/grab/grab2/install/btcpp_ros2_interfaces/lib:/usr/lib/x86_64-linux-gnu/gazebo-11/plugins:/opt/ros/humble/opt/rviz_ogre_vendor/lib:/opt/ros/humble/lib/x86_64-linux-gnu:/opt/ros/humble/lib /usr/bin/cmake --build /home/zaynap/grab/grab2/build/grab2_ros_common -- -j8 -l8
[0.276s] Invoking command in '/home/zaynap/grab/grab2/build/grab2_ros_common': CMAKE_PREFIX_PATH=/home/zaynap/grab/grab2/install/grab2_msgs:/home/zaynap/grab/grab2/install/grab2_controller:/home/zaynap/grab/grab2/install/topic_based_ros2_control:/home/zaynap/grab/grab2/install/grab2_planner:/home/zaynap/grab/grab2/install/grab2_grasp_generator:/home/zaynap/grab/grab2/install/grab2_ros_common:/home/zaynap/grab/grab2/install/grab2_behavior_tree:/home/zaynap/grab/grab2/install/btcpp_ros2_samples:/home/zaynap/grab/grab2/install/behaviortree_ros2:/home/zaynap/grab/grab2/install/btcpp_ros2_interfaces:/home/zaynap/grab/grab2/install/grab2_curobo_planner:/opt/ros/humble LD_LIBRARY_PATH=/home/zaynap/grab/grab2/install/grab2_msgs/lib:/home/zaynap/grab/grab2/install/topic_based_ros2_control/lib:/home/zaynap/grab/grab2/install/grab2_planner/lib:/home/zaynap/grab/grab2/install/grab2_grasp_generator/lib:/home/zaynap/grab/grab2/install/grab2_behavior_tree/lib:/home/zaynap/grab/grab2/install/behaviortree_ros2/lib:/home/zaynap/grab/grab2/install/btcpp_ros2_interfaces/lib:/usr/lib/x86_64-linux-gnu/gazebo-11/plugins:/opt/ros/humble/opt/rviz_ogre_vendor/lib:/opt/ros/humble/lib/x86_64-linux-gnu:/opt/ros/humble/lib /usr/bin/cmake --install /home/zaynap/grab/grab2/build/grab2_ros_common
[0.283s] -- Install configuration: ""
[0.284s] -- Up-to-date: /home/zaynap/grab/grab2/install/grab2_ros_common/include/grab2_ros_common
[0.284s] -- Up-to-date: /home/zaynap/grab/grab2/install/grab2_ros_common/include/grab2_ros_common/grab2_ros_common
[0.284s] -- Up-to-date: /home/zaynap/grab/grab2/install/grab2_ros_common/include/grab2_ros_common/grab2_ros_common/node.hpp
[0.284s] -- Up-to-date: /home/zaynap/grab/grab2/install/grab2_ros_common/share/ament_index/resource_index/package_run_dependencies/grab2_ros_common
[0.284s] -- Up-to-date: /home/zaynap/grab/grab2/install/grab2_ros_common/share/ament_index/resource_index/parent_prefix_path/grab2_ros_common
[0.284s] -- Up-to-date: /home/zaynap/grab/grab2/install/grab2_ros_common/share/grab2_ros_common/environment/ament_prefix_path.sh
[0.284s] -- Up-to-date: /home/zaynap/grab/grab2/install/grab2_ros_common/share/grab2_ros_common/environment/ament_prefix_path.dsv
[0.285s] -- Up-to-date: /home/zaynap/grab/grab2/install/grab2_ros_common/share/grab2_ros_common/environment/path.sh
[0.285s] -- Up-to-date: /home/zaynap/grab/grab2/install/grab2_ros_common/share/grab2_ros_common/environment/path.dsv
[0.285s] -- Up-to-date: /home/zaynap/grab/grab2/install/grab2_ros_common/share/grab2_ros_common/local_setup.bash
[0.285s] -- Up-to-date: /home/zaynap/grab/grab2/install/grab2_ros_common/share/grab2_ros_common/local_setup.sh
[0.285s] -- Up-to-date: /home/zaynap/grab/grab2/install/grab2_ros_common/share/grab2_ros_common/local_setup.zsh
[0.285s] -- Up-to-date: /home/zaynap/grab/grab2/install/grab2_ros_common/share/grab2_ros_common/local_setup.dsv
[0.286s] -- Installing: /home/zaynap/grab/grab2/install/grab2_ros_common/share/grab2_ros_common/package.dsv
[0.286s] -- Up-to-date: /home/zaynap/grab/grab2/install/grab2_ros_common/share/ament_index/resource_index/packages/grab2_ros_common
[0.286s] -- Up-to-date: /home/zaynap/grab/grab2/install/grab2_ros_common/share/grab2_ros_common/cmake/grab2_ros_commonExport.cmake
[0.286s] -- Up-to-date: /home/zaynap/grab/grab2/install/grab2_ros_common/share/grab2_ros_common/cmake/ament_cmake_export_include_directories-extras.cmake
[0.286s] -- Up-to-date: /home/zaynap/grab/grab2/install/grab2_ros_common/share/grab2_ros_common/cmake/ament_cmake_export_dependencies-extras.cmake
[0.286s] -- Up-to-date: /home/zaynap/grab/grab2/install/grab2_ros_common/share/grab2_ros_common/cmake/ament_cmake_export_targets-extras.cmake
[0.286s] -- Up-to-date: /home/zaynap/grab/grab2/install/grab2_ros_common/share/grab2_ros_common/cmake/grab2_ros_commonConfig.cmake
[0.287s] -- Up-to-date: /home/zaynap/grab/grab2/install/grab2_ros_common/share/grab2_ros_common/cmake/grab2_ros_commonConfig-version.cmake
[0.287s] -- Up-to-date: /home/zaynap/grab/grab2/install/grab2_ros_common/share/grab2_ros_common/package.xml
[0.291s] Invoked command in '/home/zaynap/grab/grab2/build/grab2_ros_common' returned '0': CMAKE_PREFIX_PATH=/home/zaynap/grab/grab2/install/grab2_msgs:/home/zaynap/grab/grab2/install/grab2_controller:/home/zaynap/grab/grab2/install/topic_based_ros2_control:/home/zaynap/grab/grab2/install/grab2_planner:/home/zaynap/grab/grab2/install/grab2_grasp_generator:/home/zaynap/grab/grab2/install/grab2_ros_common:/home/zaynap/grab/grab2/install/grab2_behavior_tree:/home/zaynap/grab/grab2/install/btcpp_ros2_samples:/home/zaynap/grab/grab2/install/behaviortree_ros2:/home/zaynap/grab/grab2/install/btcpp_ros2_interfaces:/home/zaynap/grab/grab2/install/grab2_curobo_planner:/opt/ros/humble LD_LIBRARY_PATH=/home/zaynap/grab/grab2/install/grab2_msgs/lib:/home/zaynap/grab/grab2/install/topic_based_ros2_control/lib:/home/zaynap/grab/grab2/install/grab2_planner/lib:/home/zaynap/grab/grab2/install/grab2_grasp_generator/lib:/home/zaynap/grab/grab2/install/grab2_behavior_tree/lib:/home/zaynap/grab/grab2/install/behaviortree_ros2/lib:/home/zaynap/grab/grab2/install/btcpp_ros2_interfaces/lib:/usr/lib/x86_64-linux-gnu/gazebo-11/plugins:/opt/ros/humble/opt/rviz_ogre_vendor/lib:/opt/ros/humble/lib/x86_64-linux-gnu:/opt/ros/humble/lib /usr/bin/cmake --install /home/zaynap/grab/grab2/build/grab2_ros_common
