[0.009s] Invoking command in '/home/zaynap/grab/grab2/build/grab2_controller': AMENT_PREFIX_PATH=/home/zaynap/grab/grab2/install/topic_based_ros2_control:${AMENT_PREFIX_PATH} CMAKE_PREFIX_PATH=/home/zaynap/grab/grab2/install/topic_based_ros2_control:/opt/ros/humble LD_LIBRARY_PATH=/home/zaynap/grab/grab2/install/topic_based_ros2_control/lib:${LD_LIBRARY_PATH} /usr/bin/cmake /home/zaynap/grab/grab2/grab2_controller -DCMAKE_INSTALL_PREFIX=/home/zaynap/grab/grab2/install/grab2_controller
[0.087s] -- The C compiler identification is GNU 11.4.0
[0.141s] -- The CXX compiler identification is GNU 11.4.0
[0.148s] -- Detecting C compiler ABI info
[0.210s] -- Detecting C compiler ABI info - done
[0.222s] -- Check for working C compiler: /usr/bin/cc - skipped
[0.223s] -- Detecting C compile features
[0.223s] -- Detecting C compile features - done
[0.227s] -- Detecting CXX compiler ABI info
[0.323s] -- Detecting CXX compiler ABI info - done
[0.332s] -- Check for working CXX compiler: /usr/bin/c++ - skipped
[0.332s] -- Detecting CXX compile features
[0.333s] -- Detecting CXX compile features - done
[0.335s] -- Found ament_cmake: 1.3.12 (/opt/ros/humble/share/ament_cmake/cmake)
[0.779s] -- Found Python3: /usr/bin/python3 (found version "3.10.12") found components: Interpreter 
[0.869s] -- Found ament_lint_auto: 0.12.14 (/opt/ros/humble/share/ament_lint_auto/cmake)
[0.978s] -- Added test 'flake8' to check Python code syntax and style conventions
[0.979s] -- Added test 'lint_cmake' to check CMake code style
[0.980s] -- Added test 'pep257' to check Python code against some of the docstring style conventions in PEP 257
[0.982s] -- Added test 'xmllint' to check XML markup files
[0.983s] -- Configuring done
[0.987s] -- Generating done
[0.990s] -- Build files have been written to: /home/zaynap/grab/grab2/build/grab2_controller
[0.995s] Invoked command in '/home/zaynap/grab/grab2/build/grab2_controller' returned '0': AMENT_PREFIX_PATH=/home/zaynap/grab/grab2/install/topic_based_ros2_control:${AMENT_PREFIX_PATH} CMAKE_PREFIX_PATH=/home/zaynap/grab/grab2/install/topic_based_ros2_control:/opt/ros/humble LD_LIBRARY_PATH=/home/zaynap/grab/grab2/install/topic_based_ros2_control/lib:${LD_LIBRARY_PATH} /usr/bin/cmake /home/zaynap/grab/grab2/grab2_controller -DCMAKE_INSTALL_PREFIX=/home/zaynap/grab/grab2/install/grab2_controller
[0.996s] Invoking command in '/home/zaynap/grab/grab2/build/grab2_controller': AMENT_PREFIX_PATH=/home/zaynap/grab/grab2/install/topic_based_ros2_control:${AMENT_PREFIX_PATH} CMAKE_PREFIX_PATH=/home/zaynap/grab/grab2/install/topic_based_ros2_control:/opt/ros/humble LD_LIBRARY_PATH=/home/zaynap/grab/grab2/install/topic_based_ros2_control/lib:${LD_LIBRARY_PATH} /usr/bin/cmake --build /home/zaynap/grab/grab2/build/grab2_controller -- -j8 -l8
[1.031s] Invoked command in '/home/zaynap/grab/grab2/build/grab2_controller' returned '0': AMENT_PREFIX_PATH=/home/zaynap/grab/grab2/install/topic_based_ros2_control:${AMENT_PREFIX_PATH} CMAKE_PREFIX_PATH=/home/zaynap/grab/grab2/install/topic_based_ros2_control:/opt/ros/humble LD_LIBRARY_PATH=/home/zaynap/grab/grab2/install/topic_based_ros2_control/lib:${LD_LIBRARY_PATH} /usr/bin/cmake --build /home/zaynap/grab/grab2/build/grab2_controller -- -j8 -l8
[1.032s] Invoking command in '/home/zaynap/grab/grab2/build/grab2_controller': AMENT_PREFIX_PATH=/home/zaynap/grab/grab2/install/topic_based_ros2_control:${AMENT_PREFIX_PATH} CMAKE_PREFIX_PATH=/home/zaynap/grab/grab2/install/topic_based_ros2_control:/opt/ros/humble LD_LIBRARY_PATH=/home/zaynap/grab/grab2/install/topic_based_ros2_control/lib:${LD_LIBRARY_PATH} /usr/bin/cmake --install /home/zaynap/grab/grab2/build/grab2_controller
[1.040s] -- Install configuration: ""
[1.040s] -- Installing: /home/zaynap/grab/grab2/install/grab2_controller/share/grab2_controller/launch
[1.040s] -- Installing: /home/zaynap/grab/grab2/install/grab2_controller/share/grab2_controller/launch/ur5e_robotiq_2f_140_controllers.launch.py
[1.040s] -- Installing: /home/zaynap/grab/grab2/install/grab2_controller/share/grab2_controller/launch/ur10e_suction_gripper_controllers.launch.py
[1.041s] -- Installing: /home/zaynap/grab/grab2/install/grab2_controller/share/grab2_controller/launch/franka_controllers.launch.py
[1.041s] -- Installing: /home/zaynap/grab/grab2/install/grab2_controller/share/grab2_controller/description
[1.041s] -- Installing: /home/zaynap/grab/grab2/install/grab2_controller/share/grab2_controller/description/robotiq_2f_140
[1.041s] -- Installing: /home/zaynap/grab/grab2/install/grab2_controller/share/grab2_controller/description/robotiq_2f_140/robotiq_2f_140.xacro
[1.121s] -- Installing: /home/zaynap/grab/grab2/install/grab2_controller/share/grab2_controller/description/robotiq_2f_140/meshes
[1.122s] -- Installing: /home/zaynap/grab/grab2/install/grab2_controller/share/grab2_controller/description/robotiq_2f_140/meshes/visual
[1.122s] -- Installing: /home/zaynap/grab/grab2/install/grab2_controller/share/grab2_controller/description/robotiq_2f_140/meshes/visual/robotiq_arg2f_140_inner_knuckle.stl
[1.193s] -- Installing: /home/zaynap/grab/grab2/install/grab2_controller/share/grab2_controller/description/robotiq_2f_140/meshes/visual/robotiq_arg2f_base_link.stl
[1.299s] -- Installing: /home/zaynap/grab/grab2/install/grab2_controller/share/grab2_controller/description/robotiq_2f_140/meshes/visual/robotiq_arg2f_coupling.stl
[1.360s] -- Installing: /home/zaynap/grab/grab2/install/grab2_controller/share/grab2_controller/description/robotiq_2f_140/meshes/visual/robotiq_arg2f_140_inner_finger.stl
[1.382s] -- Installing: /home/zaynap/grab/grab2/install/grab2_controller/share/grab2_controller/description/robotiq_2f_140/meshes/visual/robotiq_arg2f_140_outer_knuckle.stl
[1.403s] -- Installing: /home/zaynap/grab/grab2/install/grab2_controller/share/grab2_controller/description/robotiq_2f_140/meshes/visual/robotiq_arg2f_140_outer_finger.stl
[1.455s] -- Installing: /home/zaynap/grab/grab2/install/grab2_controller/share/grab2_controller/description/robotiq_2f_140/meshes/collision
[1.455s] -- Installing: /home/zaynap/grab/grab2/install/grab2_controller/share/grab2_controller/description/robotiq_2f_140/meshes/collision/robotiq_arg2f_140_inner_knuckle.stl
[1.470s] -- Installing: /home/zaynap/grab/grab2/install/grab2_controller/share/grab2_controller/description/robotiq_2f_140/meshes/collision/robotiq_arg2f_base_link.stl
[1.503s] -- Installing: /home/zaynap/grab/grab2/install/grab2_controller/share/grab2_controller/description/robotiq_2f_140/meshes/collision/robotiq_arg2f_coupling.stl
[1.503s] -- Installing: /home/zaynap/grab/grab2/install/grab2_controller/share/grab2_controller/description/robotiq_2f_140/meshes/collision/robotiq_arg2f_140_inner_finger.stl
[1.504s] -- Installing: /home/zaynap/grab/grab2/install/grab2_controller/share/grab2_controller/description/robotiq_2f_140/meshes/collision/robotiq_arg2f_140_outer_knuckle.stl
[1.522s] -- Installing: /home/zaynap/grab/grab2/install/grab2_controller/share/grab2_controller/description/robotiq_2f_140/meshes/collision/robotiq_arg2f_140_outer_finger.stl
[1.530s] -- Installing: /home/zaynap/grab/grab2/install/grab2_controller/share/grab2_controller/description/robotiq_2f_140/README.md
[1.538s] -- Installing: /home/zaynap/grab/grab2/install/grab2_controller/share/grab2_controller/description/ur
[1.538s] -- Installing: /home/zaynap/grab/grab2/install/grab2_controller/share/grab2_controller/description/ur/ur.urdf.xacro
[1.549s] -- Installing: /home/zaynap/grab/grab2/install/grab2_controller/share/grab2_controller/description/ur/ur.ros2_control.xacro
[1.549s] -- Installing: /home/zaynap/grab/grab2/install/grab2_controller/share/grab2_controller/description/panda
[1.549s] -- Installing: /home/zaynap/grab/grab2/install/grab2_controller/share/grab2_controller/description/panda/panda.ros2_control.xacro
[1.549s] -- Installing: /home/zaynap/grab/grab2/install/grab2_controller/share/grab2_controller/description/panda/panda.urdf.xacro
[1.549s] -- Installing: /home/zaynap/grab/grab2/install/grab2_controller/share/grab2_controller/config
[1.549s] -- Installing: /home/zaynap/grab/grab2/install/grab2_controller/share/grab2_controller/config/ur
[1.550s] -- Installing: /home/zaynap/grab/grab2/install/grab2_controller/share/grab2_controller/config/ur/ros2_controllers.yaml
[1.550s] -- Installing: /home/zaynap/grab/grab2/install/grab2_controller/share/grab2_controller/config/ur/initial_positions.yaml
[1.550s] -- Installing: /home/zaynap/grab/grab2/install/grab2_controller/share/grab2_controller/config/rviz2
[1.550s] -- Installing: /home/zaynap/grab/grab2/install/grab2_controller/share/grab2_controller/config/rviz2/3d_detection_cfg.yaml
[1.550s] -- Installing: /home/zaynap/grab/grab2/install/grab2_controller/share/grab2_controller/config/rviz2/rviz2_config.rviz
[1.550s] -- Installing: /home/zaynap/grab/grab2/install/grab2_controller/share/grab2_controller/config/panda
[1.550s] -- Installing: /home/zaynap/grab/grab2/install/grab2_controller/share/grab2_controller/config/panda/ros2_controllers.yaml
[1.567s] -- Installing: /home/zaynap/grab/grab2/install/grab2_controller/share/grab2_controller/config/panda/initial_positions.yaml
[1.568s] -- Installing: /home/zaynap/grab/grab2/install/grab2_controller/share/ament_index/resource_index/package_run_dependencies/grab2_controller
[1.568s] -- Installing: /home/zaynap/grab/grab2/install/grab2_controller/share/ament_index/resource_index/parent_prefix_path/grab2_controller
[1.568s] -- Installing: /home/zaynap/grab/grab2/install/grab2_controller/share/grab2_controller/environment/ament_prefix_path.sh
[1.568s] -- Installing: /home/zaynap/grab/grab2/install/grab2_controller/share/grab2_controller/environment/ament_prefix_path.dsv
[1.568s] -- Installing: /home/zaynap/grab/grab2/install/grab2_controller/share/grab2_controller/environment/path.sh
[1.568s] -- Installing: /home/zaynap/grab/grab2/install/grab2_controller/share/grab2_controller/environment/path.dsv
[1.568s] -- Installing: /home/zaynap/grab/grab2/install/grab2_controller/share/grab2_controller/local_setup.bash
[1.568s] -- Installing: /home/zaynap/grab/grab2/install/grab2_controller/share/grab2_controller/local_setup.sh
[1.569s] -- Installing: /home/zaynap/grab/grab2/install/grab2_controller/share/grab2_controller/local_setup.zsh
[1.569s] -- Installing: /home/zaynap/grab/grab2/install/grab2_controller/share/grab2_controller/local_setup.dsv
[1.569s] -- Installing: /home/zaynap/grab/grab2/install/grab2_controller/share/grab2_controller/package.dsv
[1.569s] -- Installing: /home/zaynap/grab/grab2/install/grab2_controller/share/ament_index/resource_index/packages/grab2_controller
[1.569s] -- Installing: /home/zaynap/grab/grab2/install/grab2_controller/share/grab2_controller/cmake/grab2_controllerConfig.cmake
[1.569s] -- Installing: /home/zaynap/grab/grab2/install/grab2_controller/share/grab2_controller/cmake/grab2_controllerConfig-version.cmake
[1.569s] -- Installing: /home/zaynap/grab/grab2/install/grab2_controller/share/grab2_controller/package.xml
[1.572s] Invoked command in '/home/zaynap/grab/grab2/build/grab2_controller' returned '0': AMENT_PREFIX_PATH=/home/zaynap/grab/grab2/install/topic_based_ros2_control:${AMENT_PREFIX_PATH} CMAKE_PREFIX_PATH=/home/zaynap/grab/grab2/install/topic_based_ros2_control:/opt/ros/humble LD_LIBRARY_PATH=/home/zaynap/grab/grab2/install/topic_based_ros2_control/lib:${LD_LIBRARY_PATH} /usr/bin/cmake --install /home/zaynap/grab/grab2/build/grab2_controller
