[0.019s] Invoking command in '/home/zaynap/grab/grab2/build/btcpp_ros2_samples': CMAKE_PREFIX_PATH=/home/zaynap/grab/grab2/install/behaviortree_ros2:/home/zaynap/grab/grab2/install/btcpp_ros2_interfaces:/home/zaynap/grab/grab2/install/grab2_controller:/home/zaynap/grab/grab2/install/topic_based_ros2_control:/home/zaynap/grab/grab2/install/grab2_planner:/home/zaynap/grab/grab2/install/grab2_grasp_generator:/home/zaynap/grab/grab2/install/grab2_ros_common:/home/zaynap/grab/grab2/install/grab2_behavior_tree:/home/zaynap/grab/grab2/install/grab2_msgs:/home/zaynap/grab/grab2/install/btcpp_ros2_samples:/home/zaynap/grab/grab2/install/grab2_curobo_planner:/opt/ros/humble LD_LIBRARY_PATH=/home/zaynap/grab/grab2/install/btcpp_ros2_interfaces/lib:/home/zaynap/grab/grab2/install/topic_based_ros2_control/lib:/home/zaynap/grab/grab2/install/grab2_planner/lib:/home/zaynap/grab/grab2/install/grab2_grasp_generator/lib:/home/zaynap/grab/grab2/install/grab2_behavior_tree/lib:/home/zaynap/grab/grab2/install/grab2_msgs/lib:/home/zaynap/grab/grab2/install/behaviortree_ros2/lib:/usr/lib/x86_64-linux-gnu/gazebo-11/plugins:/opt/ros/humble/opt/rviz_ogre_vendor/lib:/opt/ros/humble/lib/x86_64-linux-gnu:/opt/ros/humble/lib /usr/bin/cmake /home/zaynap/grab/grab2/BehaviorTree.ROS2/btcpp_ros2_samples -DCMAKE_INSTALL_PREFIX=/home/zaynap/grab/grab2/install/btcpp_ros2_samples
[0.102s] -- The C compiler identification is GNU 11.4.0
[0.179s] -- The CXX compiler identification is GNU 11.4.0
[0.190s] -- Detecting C compiler ABI info
[0.292s] -- Detecting C compiler ABI info - done
[0.307s] -- Check for working C compiler: /usr/bin/cc - skipped
[0.307s] -- Detecting C compile features
[0.309s] -- Detecting C compile features - done
[0.312s] -- Detecting CXX compiler ABI info
[0.430s] -- Detecting CXX compiler ABI info - done
[0.439s] -- Check for working CXX compiler: /usr/bin/c++ - skipped
[0.439s] -- Detecting CXX compile features
[0.440s] -- Detecting CXX compile features - done
[0.446s] -- Found ament_cmake: 1.3.12 (/opt/ros/humble/share/ament_cmake/cmake)
[0.934s] -- Found Python3: /usr/bin/python3 (found version "3.10.12") found components: Interpreter 
[1.049s] -- Found behaviortree_ros2: 0.2.0 (/home/zaynap/grab/grab2/install/behaviortree_ros2/share/behaviortree_ros2/cmake)
[1.126s] -- Found rosidl_generator_c: 3.1.7 (/opt/ros/humble/share/rosidl_generator_c/cmake)
[1.137s] -- Found rosidl_adapter: 3.1.7 (/opt/ros/humble/share/rosidl_adapter/cmake)
[1.155s] -- Found rosidl_generator_cpp: 3.1.7 (/opt/ros/humble/share/rosidl_generator_cpp/cmake)
[1.180s] -- Using all available rosidl_typesupport_c: rosidl_typesupport_fastrtps_c;rosidl_typesupport_introspection_c
[1.212s] -- Using all available rosidl_typesupport_cpp: rosidl_typesupport_fastrtps_cpp;rosidl_typesupport_introspection_cpp
[1.265s] -- Found rmw_implementation_cmake: 6.1.2 (/opt/ros/humble/share/rmw_implementation_cmake/cmake)
[1.268s] -- Found rmw_fastrtps_cpp: 6.2.8 (/opt/ros/humble/share/rmw_fastrtps_cpp/cmake)
[1.360s] -- Found OpenSSL: /usr/lib/x86_64-linux-gnu/libcrypto.so (found version "3.0.2")  
[1.391s] -- Found FastRTPS: /opt/ros/humble/include  
[1.437s] -- Using RMW implementation 'rmw_fastrtps_cpp' as default
[1.448s] -- Looking for pthread.h
[1.527s] -- Looking for pthread.h - found
[1.527s] -- Performing Test CMAKE_HAVE_LIBC_PTHREAD
[1.624s] -- Performing Test CMAKE_HAVE_LIBC_PTHREAD - Success
[1.625s] -- Found Threads: TRUE  
[1.804s] -- Found std_srvs: 4.9.0 (/opt/ros/humble/share/std_srvs/cmake)
[1.907s] -- Configuring done
[1.946s] -- Generating done
[1.964s] -- Build files have been written to: /home/zaynap/grab/grab2/build/btcpp_ros2_samples
[1.976s] Invoked command in '/home/zaynap/grab/grab2/build/btcpp_ros2_samples' returned '0': CMAKE_PREFIX_PATH=/home/zaynap/grab/grab2/install/behaviortree_ros2:/home/zaynap/grab/grab2/install/btcpp_ros2_interfaces:/home/zaynap/grab/grab2/install/grab2_controller:/home/zaynap/grab/grab2/install/topic_based_ros2_control:/home/zaynap/grab/grab2/install/grab2_planner:/home/zaynap/grab/grab2/install/grab2_grasp_generator:/home/zaynap/grab/grab2/install/grab2_ros_common:/home/zaynap/grab/grab2/install/grab2_behavior_tree:/home/zaynap/grab/grab2/install/grab2_msgs:/home/zaynap/grab/grab2/install/btcpp_ros2_samples:/home/zaynap/grab/grab2/install/grab2_curobo_planner:/opt/ros/humble LD_LIBRARY_PATH=/home/zaynap/grab/grab2/install/btcpp_ros2_interfaces/lib:/home/zaynap/grab/grab2/install/topic_based_ros2_control/lib:/home/zaynap/grab/grab2/install/grab2_planner/lib:/home/zaynap/grab/grab2/install/grab2_grasp_generator/lib:/home/zaynap/grab/grab2/install/grab2_behavior_tree/lib:/home/zaynap/grab/grab2/install/grab2_msgs/lib:/home/zaynap/grab/grab2/install/behaviortree_ros2/lib:/usr/lib/x86_64-linux-gnu/gazebo-11/plugins:/opt/ros/humble/opt/rviz_ogre_vendor/lib:/opt/ros/humble/lib/x86_64-linux-gnu:/opt/ros/humble/lib /usr/bin/cmake /home/zaynap/grab/grab2/BehaviorTree.ROS2/btcpp_ros2_samples -DCMAKE_INSTALL_PREFIX=/home/zaynap/grab/grab2/install/btcpp_ros2_samples
[1.979s] Invoking command in '/home/zaynap/grab/grab2/build/btcpp_ros2_samples': CMAKE_PREFIX_PATH=/home/zaynap/grab/grab2/install/behaviortree_ros2:/home/zaynap/grab/grab2/install/btcpp_ros2_interfaces:/home/zaynap/grab/grab2/install/grab2_controller:/home/zaynap/grab/grab2/install/topic_based_ros2_control:/home/zaynap/grab/grab2/install/grab2_planner:/home/zaynap/grab/grab2/install/grab2_grasp_generator:/home/zaynap/grab/grab2/install/grab2_ros_common:/home/zaynap/grab/grab2/install/grab2_behavior_tree:/home/zaynap/grab/grab2/install/grab2_msgs:/home/zaynap/grab/grab2/install/btcpp_ros2_samples:/home/zaynap/grab/grab2/install/grab2_curobo_planner:/opt/ros/humble LD_LIBRARY_PATH=/home/zaynap/grab/grab2/install/btcpp_ros2_interfaces/lib:/home/zaynap/grab/grab2/install/topic_based_ros2_control/lib:/home/zaynap/grab/grab2/install/grab2_planner/lib:/home/zaynap/grab/grab2/install/grab2_grasp_generator/lib:/home/zaynap/grab/grab2/install/grab2_behavior_tree/lib:/home/zaynap/grab/grab2/install/grab2_msgs/lib:/home/zaynap/grab/grab2/install/behaviortree_ros2/lib:/usr/lib/x86_64-linux-gnu/gazebo-11/plugins:/opt/ros/humble/opt/rviz_ogre_vendor/lib:/opt/ros/humble/lib/x86_64-linux-gnu:/opt/ros/humble/lib /usr/bin/cmake --build /home/zaynap/grab/grab2/build/btcpp_ros2_samples -- -j8 -l8
[2.041s] [  5%] [32mBuilding CXX object CMakeFiles/sleep_client.dir/src/sleep_action.cpp.o[0m
[2.043s] [ 11%] [32mBuilding CXX object CMakeFiles/sample_bt_executor.dir/src/sample_bt_executor.cpp.o[0m
[2.044s] [ 16%] [32mBuilding CXX object CMakeFiles/sleep_plugin.dir/src/sleep_action.cpp.o[0m
[2.045s] [ 22%] [32mBuilding CXX object CMakeFiles/sleep_client.dir/src/sleep_client.cpp.o[0m
[2.045s] [ 27%] [32mBuilding CXX object CMakeFiles/subscriber_test.dir/src/subscriber_test.cpp.o[0m
[2.063s] [ 33%] [32mBuilding CXX object CMakeFiles/bool_server.dir/src/bool_server.cpp.o[0m
[2.063s] [ 38%] [32mBuilding CXX object CMakeFiles/bool_client.dir/src/bool_client.cpp.o[0m
[2.070s] [ 44%] [32mBuilding CXX object CMakeFiles/sleep_server.dir/src/sleep_server.cpp.o[0m
[14.961s] [ 50%] [32m[1mLinking CXX executable sleep_server[0m
[15.440s] [ 50%] Built target sleep_server
[15.457s] [ 55%] [32mBuilding CXX object CMakeFiles/bool_client.dir/src/set_bool_node.cpp.o[0m
[15.678s] [ 61%] [32m[1mLinking CXX executable bool_server[0m
[16.341s] [ 61%] Built target bool_server
[21.226s] [ 66%] [32m[1mLinking CXX shared library libsleep_plugin.so[0m
[21.864s] [ 66%] Built target sleep_plugin
[28.332s] [ 72%] [32m[1mLinking CXX executable sleep_client[0m
[29.334s] [ 72%] Built target sleep_client
[32.907s] [ 77%] [32m[1mLinking CXX executable bool_client[0m
[33.329s] [ 77%] Built target bool_client
[34.193s] [ 83%] [32m[1mLinking CXX executable sample_bt_executor[0m
[34.964s] [ 83%] Built target sample_bt_executor
[37.223s] [ 88%] [32m[1mLinking CXX executable subscriber_test[0m
[37.840s] [ 88%] Built target subscriber_test
[37.863s] [ 94%] [32mBuilding CXX object CMakeFiles/sleep_client_dyn.dir/src/sleep_client.cpp.o[0m
[43.057s] [100%] [32m[1mLinking CXX executable sleep_client_dyn[0m
[43.224s] [100%] Built target sleep_client_dyn
[43.237s] Invoked command in '/home/zaynap/grab/grab2/build/btcpp_ros2_samples' returned '0': CMAKE_PREFIX_PATH=/home/zaynap/grab/grab2/install/behaviortree_ros2:/home/zaynap/grab/grab2/install/btcpp_ros2_interfaces:/home/zaynap/grab/grab2/install/grab2_controller:/home/zaynap/grab/grab2/install/topic_based_ros2_control:/home/zaynap/grab/grab2/install/grab2_planner:/home/zaynap/grab/grab2/install/grab2_grasp_generator:/home/zaynap/grab/grab2/install/grab2_ros_common:/home/zaynap/grab/grab2/install/grab2_behavior_tree:/home/zaynap/grab/grab2/install/grab2_msgs:/home/zaynap/grab/grab2/install/btcpp_ros2_samples:/home/zaynap/grab/grab2/install/grab2_curobo_planner:/opt/ros/humble LD_LIBRARY_PATH=/home/zaynap/grab/grab2/install/btcpp_ros2_interfaces/lib:/home/zaynap/grab/grab2/install/topic_based_ros2_control/lib:/home/zaynap/grab/grab2/install/grab2_planner/lib:/home/zaynap/grab/grab2/install/grab2_grasp_generator/lib:/home/zaynap/grab/grab2/install/grab2_behavior_tree/lib:/home/zaynap/grab/grab2/install/grab2_msgs/lib:/home/zaynap/grab/grab2/install/behaviortree_ros2/lib:/usr/lib/x86_64-linux-gnu/gazebo-11/plugins:/opt/ros/humble/opt/rviz_ogre_vendor/lib:/opt/ros/humble/lib/x86_64-linux-gnu:/opt/ros/humble/lib /usr/bin/cmake --build /home/zaynap/grab/grab2/build/btcpp_ros2_samples -- -j8 -l8
[43.238s] Invoking command in '/home/zaynap/grab/grab2/build/btcpp_ros2_samples': CMAKE_PREFIX_PATH=/home/zaynap/grab/grab2/install/behaviortree_ros2:/home/zaynap/grab/grab2/install/btcpp_ros2_interfaces:/home/zaynap/grab/grab2/install/grab2_controller:/home/zaynap/grab/grab2/install/topic_based_ros2_control:/home/zaynap/grab/grab2/install/grab2_planner:/home/zaynap/grab/grab2/install/grab2_grasp_generator:/home/zaynap/grab/grab2/install/grab2_ros_common:/home/zaynap/grab/grab2/install/grab2_behavior_tree:/home/zaynap/grab/grab2/install/grab2_msgs:/home/zaynap/grab/grab2/install/btcpp_ros2_samples:/home/zaynap/grab/grab2/install/grab2_curobo_planner:/opt/ros/humble LD_LIBRARY_PATH=/home/zaynap/grab/grab2/install/btcpp_ros2_interfaces/lib:/home/zaynap/grab/grab2/install/topic_based_ros2_control/lib:/home/zaynap/grab/grab2/install/grab2_planner/lib:/home/zaynap/grab/grab2/install/grab2_grasp_generator/lib:/home/zaynap/grab/grab2/install/grab2_behavior_tree/lib:/home/zaynap/grab/grab2/install/grab2_msgs/lib:/home/zaynap/grab/grab2/install/behaviortree_ros2/lib:/usr/lib/x86_64-linux-gnu/gazebo-11/plugins:/opt/ros/humble/opt/rviz_ogre_vendor/lib:/opt/ros/humble/lib/x86_64-linux-gnu:/opt/ros/humble/lib /usr/bin/cmake --install /home/zaynap/grab/grab2/build/btcpp_ros2_samples
[43.246s] -- Install configuration: ""
[43.246s] -- Installing: /home/zaynap/grab/grab2/install/btcpp_ros2_samples/lib/btcpp_ros2_samples/sleep_client
[43.248s] -- Set runtime path of "/home/zaynap/grab/grab2/install/btcpp_ros2_samples/lib/btcpp_ros2_samples/sleep_client" to ""
[43.248s] -- Installing: /home/zaynap/grab/grab2/install/btcpp_ros2_samples/lib/btcpp_ros2_samples/sleep_client_dyn
[43.248s] -- Set runtime path of "/home/zaynap/grab/grab2/install/btcpp_ros2_samples/lib/btcpp_ros2_samples/sleep_client_dyn" to ""
[43.248s] -- Installing: /home/zaynap/grab/grab2/install/btcpp_ros2_samples/lib/btcpp_ros2_samples/sleep_server
[43.249s] -- Set runtime path of "/home/zaynap/grab/grab2/install/btcpp_ros2_samples/lib/btcpp_ros2_samples/sleep_server" to ""
[43.249s] -- Installing: /home/zaynap/grab/grab2/install/btcpp_ros2_samples/lib/btcpp_ros2_samples/libsleep_plugin.so
[43.251s] -- Set runtime path of "/home/zaynap/grab/grab2/install/btcpp_ros2_samples/lib/btcpp_ros2_samples/libsleep_plugin.so" to ""
[43.251s] -- Installing: /home/zaynap/grab/grab2/install/btcpp_ros2_samples/lib/btcpp_ros2_samples/subscriber_test
[43.254s] -- Set runtime path of "/home/zaynap/grab/grab2/install/btcpp_ros2_samples/lib/btcpp_ros2_samples/subscriber_test" to ""
[43.255s] -- Installing: /home/zaynap/grab/grab2/install/btcpp_ros2_samples/lib/btcpp_ros2_samples/sample_bt_executor
[43.258s] -- Set runtime path of "/home/zaynap/grab/grab2/install/btcpp_ros2_samples/lib/btcpp_ros2_samples/sample_bt_executor" to ""
[43.258s] -- Installing: /home/zaynap/grab/grab2/install/btcpp_ros2_samples/lib/btcpp_ros2_samples/bool_client
[43.259s] -- Set runtime path of "/home/zaynap/grab/grab2/install/btcpp_ros2_samples/lib/btcpp_ros2_samples/bool_client" to ""
[43.259s] -- Installing: /home/zaynap/grab/grab2/install/btcpp_ros2_samples/lib/btcpp_ros2_samples/bool_server
[43.260s] -- Set runtime path of "/home/zaynap/grab/grab2/install/btcpp_ros2_samples/lib/btcpp_ros2_samples/bool_server" to ""
[43.260s] -- Installing: /home/zaynap/grab/grab2/install/btcpp_ros2_samples/share/btcpp_ros2_samples/bt_plugins/libsleep_plugin.so
[43.261s] -- Set runtime path of "/home/zaynap/grab/grab2/install/btcpp_ros2_samples/share/btcpp_ros2_samples/bt_plugins/libsleep_plugin.so" to ""
[43.262s] -- Installing: /home/zaynap/grab/grab2/install/btcpp_ros2_samples/share/btcpp_ros2_samples//behavior_trees
[43.262s] -- Installing: /home/zaynap/grab/grab2/install/btcpp_ros2_samples/share/btcpp_ros2_samples//behavior_trees/sleep_action.xml
[43.262s] -- Installing: /home/zaynap/grab/grab2/install/btcpp_ros2_samples/share/btcpp_ros2_samples//behavior_trees/cross_door.xml
[43.262s] -- Installing: /home/zaynap/grab/grab2/install/btcpp_ros2_samples/share/btcpp_ros2_samples//behavior_trees/door_closed.xml
[43.262s] -- Installing: /home/zaynap/grab/grab2/install/btcpp_ros2_samples/share/btcpp_ros2_samples//config
[43.262s] -- Installing: /home/zaynap/grab/grab2/install/btcpp_ros2_samples/share/btcpp_ros2_samples//config/sample_bt_executor.yaml
[43.262s] -- Installing: /home/zaynap/grab/grab2/install/btcpp_ros2_samples/share/btcpp_ros2_samples//launch
[43.262s] -- Installing: /home/zaynap/grab/grab2/install/btcpp_ros2_samples/share/btcpp_ros2_samples//launch/sample_bt_executor.launch.xml
[43.263s] -- Installing: /home/zaynap/grab/grab2/install/btcpp_ros2_samples/share/ament_index/resource_index/package_run_dependencies/btcpp_ros2_samples
[43.263s] -- Installing: /home/zaynap/grab/grab2/install/btcpp_ros2_samples/share/ament_index/resource_index/parent_prefix_path/btcpp_ros2_samples
[43.263s] -- Installing: /home/zaynap/grab/grab2/install/btcpp_ros2_samples/share/btcpp_ros2_samples/environment/ament_prefix_path.sh
[43.263s] -- Installing: /home/zaynap/grab/grab2/install/btcpp_ros2_samples/share/btcpp_ros2_samples/environment/ament_prefix_path.dsv
[43.263s] -- Installing: /home/zaynap/grab/grab2/install/btcpp_ros2_samples/share/btcpp_ros2_samples/environment/path.sh
[43.263s] -- Installing: /home/zaynap/grab/grab2/install/btcpp_ros2_samples/share/btcpp_ros2_samples/environment/path.dsv
[43.263s] -- Installing: /home/zaynap/grab/grab2/install/btcpp_ros2_samples/share/btcpp_ros2_samples/local_setup.bash
[43.263s] -- Installing: /home/zaynap/grab/grab2/install/btcpp_ros2_samples/share/btcpp_ros2_samples/local_setup.sh
[43.263s] -- Installing: /home/zaynap/grab/grab2/install/btcpp_ros2_samples/share/btcpp_ros2_samples/local_setup.zsh
[43.263s] -- Installing: /home/zaynap/grab/grab2/install/btcpp_ros2_samples/share/btcpp_ros2_samples/local_setup.dsv
[43.264s] -- Installing: /home/zaynap/grab/grab2/install/btcpp_ros2_samples/share/btcpp_ros2_samples/package.dsv
[43.264s] -- Installing: /home/zaynap/grab/grab2/install/btcpp_ros2_samples/share/ament_index/resource_index/packages/btcpp_ros2_samples
[43.264s] -- Installing: /home/zaynap/grab/grab2/install/btcpp_ros2_samples/share/btcpp_ros2_samples/cmake/ament_cmake_export_dependencies-extras.cmake
[43.264s] -- Installing: /home/zaynap/grab/grab2/install/btcpp_ros2_samples/share/btcpp_ros2_samples/cmake/btcpp_ros2_samplesConfig.cmake
[43.264s] -- Installing: /home/zaynap/grab/grab2/install/btcpp_ros2_samples/share/btcpp_ros2_samples/cmake/btcpp_ros2_samplesConfig-version.cmake
[43.264s] -- Installing: /home/zaynap/grab/grab2/install/btcpp_ros2_samples/share/btcpp_ros2_samples/package.xml
[43.266s] Invoked command in '/home/zaynap/grab/grab2/build/btcpp_ros2_samples' returned '0': CMAKE_PREFIX_PATH=/home/zaynap/grab/grab2/install/behaviortree_ros2:/home/zaynap/grab/grab2/install/btcpp_ros2_interfaces:/home/zaynap/grab/grab2/install/grab2_controller:/home/zaynap/grab/grab2/install/topic_based_ros2_control:/home/zaynap/grab/grab2/install/grab2_planner:/home/zaynap/grab/grab2/install/grab2_grasp_generator:/home/zaynap/grab/grab2/install/grab2_ros_common:/home/zaynap/grab/grab2/install/grab2_behavior_tree:/home/zaynap/grab/grab2/install/grab2_msgs:/home/zaynap/grab/grab2/install/btcpp_ros2_samples:/home/zaynap/grab/grab2/install/grab2_curobo_planner:/opt/ros/humble LD_LIBRARY_PATH=/home/zaynap/grab/grab2/install/btcpp_ros2_interfaces/lib:/home/zaynap/grab/grab2/install/topic_based_ros2_control/lib:/home/zaynap/grab/grab2/install/grab2_planner/lib:/home/zaynap/grab/grab2/install/grab2_grasp_generator/lib:/home/zaynap/grab/grab2/install/grab2_behavior_tree/lib:/home/zaynap/grab/grab2/install/grab2_msgs/lib:/home/zaynap/grab/grab2/install/behaviortree_ros2/lib:/usr/lib/x86_64-linux-gnu/gazebo-11/plugins:/opt/ros/humble/opt/rviz_ogre_vendor/lib:/opt/ros/humble/lib/x86_64-linux-gnu:/opt/ros/humble/lib /usr/bin/cmake --install /home/zaynap/grab/grab2/build/btcpp_ros2_samples
