[0.014s] Invoking command in '/home/zaynap/grab/grab2/build/grab2_planner': AMENT_PREFIX_PATH=/home/zaynap/grab/grab2/install/grab2_ros_common:/home/zaynap/grab/grab2/install/grab2_msgs:${AMENT_PREFIX_PATH} CMAKE_PREFIX_PATH=/home/zaynap/grab/grab2/install/grab2_ros_common:/home/zaynap/grab/grab2/install/grab2_msgs:/opt/ros/humble LD_LIBRARY_PATH=/home/zaynap/grab/grab2/install/grab2_msgs/lib:${LD_LIBRARY_PATH} PYTHONPATH=/home/zaynap/grab/grab2/install/grab2_msgs/local/lib/python3.10/dist-packages:${PYTHONPATH} /usr/bin/cmake /home/zaynap/grab/grab2/grab2_planner -DAMENT_CMAKE_SYMLINK_INSTALL=1 -DCMAKE_INSTALL_PREFIX=/home/zaynap/grab/grab2/install/grab2_planner
[0.072s] -- The C compiler identification is GNU 11.4.0
[0.131s] -- The CXX compiler identification is GNU 11.4.0
[0.138s] -- Detecting C compiler ABI info
[0.214s] -- Detecting C compiler ABI info - done
[0.226s] -- Check for working C compiler: /usr/bin/cc - skipped
[0.226s] -- Detecting C compile features
[0.226s] -- Detecting C compile features - done
[0.232s] -- Detecting CXX compiler ABI info
[0.351s] -- Detecting CXX compiler ABI info - done
[0.364s] -- Check for working CXX compiler: /usr/bin/c++ - skipped
[0.364s] -- Detecting CXX compile features
[0.365s] -- Detecting CXX compile features - done
[0.369s] -- Found ament_cmake: 1.3.12 (/opt/ros/humble/share/ament_cmake/cmake)
[1.008s] -- Found Python3: /usr/bin/python3 (found version "3.10.12") found components: Interpreter 
[1.088s] -- Override CMake install command with custom implementation using symlinks instead of copying resources
[1.122s] -- Found ament_cmake_ros: 0.10.0 (/opt/ros/humble/share/ament_cmake_ros/cmake)
[1.131s] -- Found rclcpp: 16.0.15 (/opt/ros/humble/share/rclcpp/cmake)
[1.178s] -- Found rosidl_generator_c: 3.1.7 (/opt/ros/humble/share/rosidl_generator_c/cmake)
[1.184s] -- Found rosidl_adapter: 3.1.7 (/opt/ros/humble/share/rosidl_adapter/cmake)
[1.194s] -- Found rosidl_generator_cpp: 3.1.7 (/opt/ros/humble/share/rosidl_generator_cpp/cmake)
[1.206s] -- Using all available rosidl_typesupport_c: rosidl_typesupport_fastrtps_c;rosidl_typesupport_introspection_c
[1.224s] -- Using all available rosidl_typesupport_cpp: rosidl_typesupport_fastrtps_cpp;rosidl_typesupport_introspection_cpp
[1.273s] -- Found rmw_implementation_cmake: 6.1.2 (/opt/ros/humble/share/rmw_implementation_cmake/cmake)
[1.276s] -- Found rmw_fastrtps_cpp: 6.2.8 (/opt/ros/humble/share/rmw_fastrtps_cpp/cmake)
[1.383s] -- Found OpenSSL: /usr/lib/x86_64-linux-gnu/libcrypto.so (found version "3.0.2")  
[1.414s] -- Found FastRTPS: /opt/ros/humble/include  
[1.459s] -- Using RMW implementation 'rmw_fastrtps_cpp' as default
[1.471s] -- Looking for pthread.h
[1.552s] -- Looking for pthread.h - found
[1.552s] -- Performing Test CMAKE_HAVE_LIBC_PTHREAD
[1.651s] -- Performing Test CMAKE_HAVE_LIBC_PTHREAD - Success
[1.652s] -- Found Threads: TRUE  
[1.737s] -- Found rclcpp_action: 16.0.15 (/opt/ros/humble/share/rclcpp_action/cmake)
[1.779s] -- Found rclcpp_components: 16.0.15 (/opt/ros/humble/share/rclcpp_components/cmake)
[1.810s] -- Found rclcpp_lifecycle: 16.0.15 (/opt/ros/humble/share/rclcpp_lifecycle/cmake)
[1.833s] -- Found pluginlib: 5.1.0 (/opt/ros/humble/share/pluginlib/cmake)
[1.850s] -- Found grab2_msgs: 0.0.0 (/home/zaynap/grab/grab2/install/grab2_msgs/share/grab2_msgs/cmake)
[2.073s] -- Found grab2_ros_common: 0.0.0 (/home/zaynap/grab/grab2/install/grab2_ros_common/share/grab2_ros_common/cmake)
[2.102s] -- Found eigen3_cmake_module: 0.1.1 (/opt/ros/humble/share/eigen3_cmake_module/cmake)
[2.103s] -- Found Eigen3: TRUE (found version "3.4.0") 
[2.103s] -- Ensuring Eigen3 include directory is part of orocos-kdl CMake target
[2.151s] -- Found visualization_msgs: 4.9.0 (/opt/ros/humble/share/visualization_msgs/cmake)
[2.175s] -- Found moveit_ros_planning: 2.5.9 (/opt/ros/humble/share/moveit_ros_planning/cmake)
[2.205s] -- Found Boost: /usr/lib/x86_64-linux-gnu/cmake/Boost-1.74.0/BoostConfig.cmake (found version "1.74.0") found components: system filesystem date_time program_options thread chrono 
[2.243s] -- Found Boost: /usr/lib/x86_64-linux-gnu/cmake/Boost-1.74.0/BoostConfig.cmake (found version "1.74.0") found components: chrono date_time filesystem iostreams program_options regex serialization system thread 
[2.285s] -- Found parameter_traits: 0.5.0 (/opt/ros/humble/share/parameter_traits/cmake)
[2.306s] -- Found Boost: /usr/lib/x86_64-linux-gnu/cmake/Boost-1.74.0/BoostConfig.cmake (found version "1.74.0") found components: filesystem 
[2.399s] -- library: /usr/lib/x86_64-linux-gnu/libcurl.so
[2.480s] -- Found moveit_ros_planning_interface: 2.5.9 (/opt/ros/humble/share/moveit_ros_planning_interface/cmake)
[2.489s] -- Found Boost: /usr/lib/x86_64-linux-gnu/cmake/Boost-1.74.0/BoostConfig.cmake (found version "1.74.0") found components: date_time filesystem program_options system thread 
[2.516s] -- Found Boost: /usr/lib/x86_64-linux-gnu/cmake/Boost-1.74.0/BoostConfig.cmake (found version "1.74.0") found components: thread system filesystem regex date_time program_options 
[2.557s] -- Found Boost: /usr/lib/x86_64-linux-gnu/cmake/Boost-1.74.0/BoostConfig.cmake (found version "1.74.0") found components: system filesystem date_time program_options thread 
[2.593s] -- Found ament_lint_auto: 0.12.14 (/opt/ros/humble/share/ament_lint_auto/cmake)
[2.741s] -- Added test 'cppcheck' to perform static code analysis on C / C++ code
[2.741s] -- Configured cppcheck include dirs: $<BUILD_INTERFACE:/home/zaynap/grab/grab2/grab2_planner/include>
[2.741s] -- Configured cppcheck exclude dirs and/or files: 
[2.743s] -- Added test 'cpplint' to check C / C++ code against the Google style
[2.743s] -- Configured cpplint exclude dirs and/or files: 
[2.744s] -- Added test 'flake8' to check Python code syntax and style conventions
[2.745s] -- Added test 'lint_cmake' to check CMake code style
[2.745s] -- Added test 'pep257' to check Python code against some of the docstring style conventions in PEP 257
[2.747s] -- Added test 'uncrustify' to check C / C++ code style
[2.747s] -- Configured uncrustify additional arguments: 
[2.748s] -- Added test 'xmllint' to check XML markup files
[2.756s] -- Configuring done
[2.812s] -- Generating done
[2.836s] -- Build files have been written to: /home/zaynap/grab/grab2/build/grab2_planner
[2.866s] Invoked command in '/home/zaynap/grab/grab2/build/grab2_planner' returned '0': AMENT_PREFIX_PATH=/home/zaynap/grab/grab2/install/grab2_ros_common:/home/zaynap/grab/grab2/install/grab2_msgs:${AMENT_PREFIX_PATH} CMAKE_PREFIX_PATH=/home/zaynap/grab/grab2/install/grab2_ros_common:/home/zaynap/grab/grab2/install/grab2_msgs:/opt/ros/humble LD_LIBRARY_PATH=/home/zaynap/grab/grab2/install/grab2_msgs/lib:${LD_LIBRARY_PATH} PYTHONPATH=/home/zaynap/grab/grab2/install/grab2_msgs/local/lib/python3.10/dist-packages:${PYTHONPATH} /usr/bin/cmake /home/zaynap/grab/grab2/grab2_planner -DAMENT_CMAKE_SYMLINK_INSTALL=1 -DCMAKE_INSTALL_PREFIX=/home/zaynap/grab/grab2/install/grab2_planner
[2.868s] Invoking command in '/home/zaynap/grab/grab2/build/grab2_planner': AMENT_PREFIX_PATH=/home/zaynap/grab/grab2/install/grab2_ros_common:/home/zaynap/grab/grab2/install/grab2_msgs:${AMENT_PREFIX_PATH} CMAKE_PREFIX_PATH=/home/zaynap/grab/grab2/install/grab2_ros_common:/home/zaynap/grab/grab2/install/grab2_msgs:/opt/ros/humble LD_LIBRARY_PATH=/home/zaynap/grab/grab2/install/grab2_msgs/lib:${LD_LIBRARY_PATH} PYTHONPATH=/home/zaynap/grab/grab2/install/grab2_msgs/local/lib/python3.10/dist-packages:${PYTHONPATH} /usr/bin/cmake --build /home/zaynap/grab/grab2/build/grab2_planner -- -j8 -l8
[2.949s] [ 25%] [32mBuilding CXX object CMakeFiles/planner_server_core.dir/src/planner_server.cpp.o[0m
[31.899s] [ 50%] [32m[1mLinking CXX shared library libplanner_server_core.so[0m
[34.588s] [ 50%] Built target planner_server_core
[34.689s] [ 75%] [32mBuilding CXX object CMakeFiles/planner_server.dir/src/main.cpp.o[0m
[45.767s] [100%] [32m[1mLinking CXX executable planner_server[0m
[46.511s] [100%] Built target planner_server
[46.523s] Invoked command in '/home/zaynap/grab/grab2/build/grab2_planner' returned '0': AMENT_PREFIX_PATH=/home/zaynap/grab/grab2/install/grab2_ros_common:/home/zaynap/grab/grab2/install/grab2_msgs:${AMENT_PREFIX_PATH} CMAKE_PREFIX_PATH=/home/zaynap/grab/grab2/install/grab2_ros_common:/home/zaynap/grab/grab2/install/grab2_msgs:/opt/ros/humble LD_LIBRARY_PATH=/home/zaynap/grab/grab2/install/grab2_msgs/lib:${LD_LIBRARY_PATH} PYTHONPATH=/home/zaynap/grab/grab2/install/grab2_msgs/local/lib/python3.10/dist-packages:${PYTHONPATH} /usr/bin/cmake --build /home/zaynap/grab/grab2/build/grab2_planner -- -j8 -l8
[46.524s] Invoking command in '/home/zaynap/grab/grab2/build/grab2_planner': AMENT_PREFIX_PATH=/home/zaynap/grab/grab2/install/grab2_ros_common:/home/zaynap/grab/grab2/install/grab2_msgs:${AMENT_PREFIX_PATH} CMAKE_PREFIX_PATH=/home/zaynap/grab/grab2/install/grab2_ros_common:/home/zaynap/grab/grab2/install/grab2_msgs:/opt/ros/humble LD_LIBRARY_PATH=/home/zaynap/grab/grab2/install/grab2_msgs/lib:${LD_LIBRARY_PATH} PYTHONPATH=/home/zaynap/grab/grab2/install/grab2_msgs/local/lib/python3.10/dist-packages:${PYTHONPATH} /usr/bin/cmake --install /home/zaynap/grab/grab2/build/grab2_planner
[46.532s] -- Install configuration: ""
[46.532s] -- Execute custom install script
[46.532s] -- Symlinking: /home/zaynap/grab/grab2/install/grab2_planner/lib/grab2_planner/planner_server
[46.542s] -- Symlinking: /home/zaynap/grab/grab2/install/grab2_planner/include/grab2_planner/grab2_planner/planner_server.hpp
[46.550s] -- Symlinking: /home/zaynap/grab/grab2/install/grab2_planner/share/grab2_planner/launch/planning_server.launch.py
[46.558s] -- Symlinking: /home/zaynap/grab/grab2/install/grab2_planner/share/grab2_planner/config/panda_move_group.rviz
[46.565s] -- Symlinking: /home/zaynap/grab/grab2/install/grab2_planner/share/grab2_planner/environment/library_path.sh
[46.573s] -- Symlinking: /home/zaynap/grab/grab2/install/grab2_planner/share/grab2_planner/environment/library_path.dsv
[46.581s] -- Symlinking: /home/zaynap/grab/grab2/install/grab2_planner/share/ament_index/resource_index/package_run_dependencies/grab2_planner
[46.589s] -- Symlinking: /home/zaynap/grab/grab2/install/grab2_planner/share/ament_index/resource_index/parent_prefix_path/grab2_planner
[46.597s] -- Symlinking: /home/zaynap/grab/grab2/install/grab2_planner/share/grab2_planner/environment/ament_prefix_path.sh
[46.605s] -- Symlinking: /home/zaynap/grab/grab2/install/grab2_planner/share/grab2_planner/environment/ament_prefix_path.dsv
[46.614s] -- Symlinking: /home/zaynap/grab/grab2/install/grab2_planner/share/grab2_planner/environment/path.sh
[46.622s] -- Symlinking: /home/zaynap/grab/grab2/install/grab2_planner/share/grab2_planner/environment/path.dsv
[46.629s] -- Symlinking: /home/zaynap/grab/grab2/install/grab2_planner/share/grab2_planner/local_setup.bash
[46.637s] -- Symlinking: /home/zaynap/grab/grab2/install/grab2_planner/share/grab2_planner/local_setup.sh
[46.645s] -- Symlinking: /home/zaynap/grab/grab2/install/grab2_planner/share/grab2_planner/local_setup.zsh
[46.653s] -- Symlinking: /home/zaynap/grab/grab2/install/grab2_planner/share/grab2_planner/local_setup.dsv
[46.660s] -- Symlinking: /home/zaynap/grab/grab2/install/grab2_planner/share/grab2_planner/package.dsv
[46.667s] -- Symlinking: /home/zaynap/grab/grab2/install/grab2_planner/share/ament_index/resource_index/packages/grab2_planner
[46.675s] -- Symlinking: /home/zaynap/grab/grab2/install/grab2_planner/share/grab2_planner/cmake/ament_cmake_export_include_directories-extras.cmake
[46.683s] -- Symlinking: /home/zaynap/grab/grab2/install/grab2_planner/share/grab2_planner/cmake/ament_cmake_export_libraries-extras.cmake
[46.691s] -- Symlinking: /home/zaynap/grab/grab2/install/grab2_planner/share/grab2_planner/cmake/ament_cmake_export_dependencies-extras.cmake
[46.699s] -- Symlinking: /home/zaynap/grab/grab2/install/grab2_planner/share/grab2_planner/cmake/ament_cmake_export_targets-extras.cmake
[46.707s] -- Symlinking: /home/zaynap/grab/grab2/install/grab2_planner/share/grab2_planner/cmake/grab2_plannerConfig.cmake
[46.714s] -- Symlinking: /home/zaynap/grab/grab2/install/grab2_planner/share/grab2_planner/cmake/grab2_plannerConfig-version.cmake
[46.722s] -- Symlinking: /home/zaynap/grab/grab2/install/grab2_planner/share/grab2_planner/package.xml
[46.730s] -- Installing: /home/zaynap/grab/grab2/install/grab2_planner/lib/libplanner_server_core.so
[46.732s] -- Set runtime path of "/home/zaynap/grab/grab2/install/grab2_planner/lib/libplanner_server_core.so" to ""
[46.732s] -- Installing: /home/zaynap/grab/grab2/install/grab2_planner/share/grab2_planner/cmake/planner_server_coreExport.cmake
[46.732s] -- Installing: /home/zaynap/grab/grab2/install/grab2_planner/share/grab2_planner/cmake/planner_server_coreExport-noconfig.cmake
[46.734s] Invoked command in '/home/zaynap/grab/grab2/build/grab2_planner' returned '0': AMENT_PREFIX_PATH=/home/zaynap/grab/grab2/install/grab2_ros_common:/home/zaynap/grab/grab2/install/grab2_msgs:${AMENT_PREFIX_PATH} CMAKE_PREFIX_PATH=/home/zaynap/grab/grab2/install/grab2_ros_common:/home/zaynap/grab/grab2/install/grab2_msgs:/opt/ros/humble LD_LIBRARY_PATH=/home/zaynap/grab/grab2/install/grab2_msgs/lib:${LD_LIBRARY_PATH} PYTHONPATH=/home/zaynap/grab/grab2/install/grab2_msgs/local/lib/python3.10/dist-packages:${PYTHONPATH} /usr/bin/cmake --install /home/zaynap/grab/grab2/build/grab2_planner
