[0.010s] Invoking command in '/home/zaynap/grab/grab2/build/grab2_ros_common': AMENT_PREFIX_PATH=/home/zaynap/grab/grab2/install/grab2_msgs:${AMENT_PREFIX_PATH} CMAKE_PREFIX_PATH=/home/zaynap/grab/grab2/install/grab2_msgs:/opt/ros/humble LD_LIBRARY_PATH=/home/zaynap/grab/grab2/install/grab2_msgs/lib:${LD_LIBRARY_PATH} PYTHONPATH=/home/zaynap/grab/grab2/install/grab2_msgs/local/lib/python3.10/dist-packages:${PYTHONPATH} /usr/bin/cmake /home/zaynap/grab/grab2/grab2_ros_common -DAMENT_CMAKE_SYMLINK_INSTALL=1 -DCMAKE_INSTALL_PREFIX=/home/zaynap/grab/grab2/install/grab2_ros_common
[0.058s] -- The C compiler identification is GNU 11.4.0
[0.131s] -- The CXX compiler identification is GNU 11.4.0
[0.138s] -- Detecting C compiler ABI info
[0.226s] -- Detecting C compiler ABI info - done
[0.237s] -- Check for working C compiler: /usr/bin/cc - skipped
[0.237s] -- Detecting C compile features
[0.238s] -- Detecting C compile features - done
[0.242s] -- Detecting CXX compiler ABI info
[0.360s] -- Detecting CXX compiler ABI info - done
[0.375s] -- Check for working CXX compiler: /usr/bin/c++ - skipped
[0.375s] -- Detecting CXX compile features
[0.376s] -- Detecting CXX compile features - done
[0.380s] -- Found ament_cmake: 1.3.12 (/opt/ros/humble/share/ament_cmake/cmake)
[0.875s] -- Found Python3: /usr/bin/python3 (found version "3.10.12") found components: Interpreter 
[0.945s] -- Override CMake install command with custom implementation using symlinks instead of copying resources
[0.987s] -- Found rclcpp: 16.0.15 (/opt/ros/humble/share/rclcpp/cmake)
[1.032s] -- Found rosidl_generator_c: 3.1.7 (/opt/ros/humble/share/rosidl_generator_c/cmake)
[1.038s] -- Found rosidl_adapter: 3.1.7 (/opt/ros/humble/share/rosidl_adapter/cmake)
[1.049s] -- Found rosidl_generator_cpp: 3.1.7 (/opt/ros/humble/share/rosidl_generator_cpp/cmake)
[1.065s] -- Using all available rosidl_typesupport_c: rosidl_typesupport_fastrtps_c;rosidl_typesupport_introspection_c
[1.088s] -- Using all available rosidl_typesupport_cpp: rosidl_typesupport_fastrtps_cpp;rosidl_typesupport_introspection_cpp
[1.159s] -- Found rmw_implementation_cmake: 6.1.2 (/opt/ros/humble/share/rmw_implementation_cmake/cmake)
[1.164s] -- Found rmw_fastrtps_cpp: 6.2.8 (/opt/ros/humble/share/rmw_fastrtps_cpp/cmake)
[1.287s] -- Found OpenSSL: /usr/lib/x86_64-linux-gnu/libcrypto.so (found version "3.0.2")  
[1.317s] -- Found FastRTPS: /opt/ros/humble/include  
[1.360s] -- Using RMW implementation 'rmw_fastrtps_cpp' as default
[1.370s] -- Looking for pthread.h
[1.454s] -- Looking for pthread.h - found
[1.454s] -- Performing Test CMAKE_HAVE_LIBC_PTHREAD
[1.528s] -- Performing Test CMAKE_HAVE_LIBC_PTHREAD - Success
[1.530s] -- Found Threads: TRUE  
[1.602s] -- Found rclcpp_action: 16.0.15 (/opt/ros/humble/share/rclcpp_action/cmake)
[1.671s] -- Found tf2: 0.25.16 (/opt/ros/humble/share/tf2/cmake)
[1.712s] -- Found tf2_ros: 0.25.16 (/opt/ros/humble/share/tf2_ros/cmake)
[1.810s] -- Found tf2_geometry_msgs: 0.25.16 (/opt/ros/humble/share/tf2_geometry_msgs/cmake)
[1.830s] -- Found eigen3_cmake_module: 0.1.1 (/opt/ros/humble/share/eigen3_cmake_module/cmake)
[1.832s] -- Found Eigen3: TRUE (found version "3.4.0") 
[1.832s] -- Ensuring Eigen3 include directory is part of orocos-kdl CMake target
[1.833s] -- Found grab2_msgs: 0.0.0 (/home/zaynap/grab/grab2/install/grab2_msgs/share/grab2_msgs/cmake)
[2.017s] -- Found ament_lint_auto: 0.12.14 (/opt/ros/humble/share/ament_lint_auto/cmake)
[2.123s] -- Added test 'cppcheck' to perform static code analysis on C / C++ code
[2.124s] -- Configured cppcheck include dirs: $<BUILD_INTERFACE:/home/zaynap/grab/grab2/grab2_ros_common/include>
[2.124s] -- Configured cppcheck exclude dirs and/or files: 
[2.124s] -- Added test 'cpplint' to check C / C++ code against the Google style
[2.125s] -- Configured cpplint exclude dirs and/or files: 
[2.125s] -- Added test 'lint_cmake' to check CMake code style
[2.126s] -- Added test 'uncrustify' to check C / C++ code style
[2.126s] -- Configured uncrustify additional arguments: 
[2.126s] -- Added test 'xmllint' to check XML markup files
[2.129s] -- Configuring done
[2.136s] -- Generating done
[2.139s] -- Build files have been written to: /home/zaynap/grab/grab2/build/grab2_ros_common
[2.153s] Invoked command in '/home/zaynap/grab/grab2/build/grab2_ros_common' returned '0': AMENT_PREFIX_PATH=/home/zaynap/grab/grab2/install/grab2_msgs:${AMENT_PREFIX_PATH} CMAKE_PREFIX_PATH=/home/zaynap/grab/grab2/install/grab2_msgs:/opt/ros/humble LD_LIBRARY_PATH=/home/zaynap/grab/grab2/install/grab2_msgs/lib:${LD_LIBRARY_PATH} PYTHONPATH=/home/zaynap/grab/grab2/install/grab2_msgs/local/lib/python3.10/dist-packages:${PYTHONPATH} /usr/bin/cmake /home/zaynap/grab/grab2/grab2_ros_common -DAMENT_CMAKE_SYMLINK_INSTALL=1 -DCMAKE_INSTALL_PREFIX=/home/zaynap/grab/grab2/install/grab2_ros_common
[2.155s] Invoking command in '/home/zaynap/grab/grab2/build/grab2_ros_common': AMENT_PREFIX_PATH=/home/zaynap/grab/grab2/install/grab2_msgs:${AMENT_PREFIX_PATH} CMAKE_PREFIX_PATH=/home/zaynap/grab/grab2/install/grab2_msgs:/opt/ros/humble LD_LIBRARY_PATH=/home/zaynap/grab/grab2/install/grab2_msgs/lib:${LD_LIBRARY_PATH} PYTHONPATH=/home/zaynap/grab/grab2/install/grab2_msgs/local/lib/python3.10/dist-packages:${PYTHONPATH} /usr/bin/cmake --build /home/zaynap/grab/grab2/build/grab2_ros_common -- -j8 -l8
[2.196s] Invoked command in '/home/zaynap/grab/grab2/build/grab2_ros_common' returned '0': AMENT_PREFIX_PATH=/home/zaynap/grab/grab2/install/grab2_msgs:${AMENT_PREFIX_PATH} CMAKE_PREFIX_PATH=/home/zaynap/grab/grab2/install/grab2_msgs:/opt/ros/humble LD_LIBRARY_PATH=/home/zaynap/grab/grab2/install/grab2_msgs/lib:${LD_LIBRARY_PATH} PYTHONPATH=/home/zaynap/grab/grab2/install/grab2_msgs/local/lib/python3.10/dist-packages:${PYTHONPATH} /usr/bin/cmake --build /home/zaynap/grab/grab2/build/grab2_ros_common -- -j8 -l8
[2.198s] Invoking command in '/home/zaynap/grab/grab2/build/grab2_ros_common': AMENT_PREFIX_PATH=/home/zaynap/grab/grab2/install/grab2_msgs:${AMENT_PREFIX_PATH} CMAKE_PREFIX_PATH=/home/zaynap/grab/grab2/install/grab2_msgs:/opt/ros/humble LD_LIBRARY_PATH=/home/zaynap/grab/grab2/install/grab2_msgs/lib:${LD_LIBRARY_PATH} PYTHONPATH=/home/zaynap/grab/grab2/install/grab2_msgs/local/lib/python3.10/dist-packages:${PYTHONPATH} /usr/bin/cmake --install /home/zaynap/grab/grab2/build/grab2_ros_common
[2.206s] -- Install configuration: ""
[2.206s] -- Execute custom install script
[2.207s] -- Symlinking: /home/zaynap/grab/grab2/install/grab2_ros_common/include/grab2_ros_common/grab2_ros_common/node.hpp
[2.216s] -- Symlinking: /home/zaynap/grab/grab2/install/grab2_ros_common/share/ament_index/resource_index/package_run_dependencies/grab2_ros_common
[2.224s] -- Symlinking: /home/zaynap/grab/grab2/install/grab2_ros_common/share/ament_index/resource_index/parent_prefix_path/grab2_ros_common
[2.233s] -- Symlinking: /home/zaynap/grab/grab2/install/grab2_ros_common/share/grab2_ros_common/environment/ament_prefix_path.sh
[2.242s] -- Symlinking: /home/zaynap/grab/grab2/install/grab2_ros_common/share/grab2_ros_common/environment/ament_prefix_path.dsv
[2.251s] -- Symlinking: /home/zaynap/grab/grab2/install/grab2_ros_common/share/grab2_ros_common/environment/path.sh
[2.259s] -- Symlinking: /home/zaynap/grab/grab2/install/grab2_ros_common/share/grab2_ros_common/environment/path.dsv
[2.268s] -- Symlinking: /home/zaynap/grab/grab2/install/grab2_ros_common/share/grab2_ros_common/local_setup.bash
[2.279s] -- Symlinking: /home/zaynap/grab/grab2/install/grab2_ros_common/share/grab2_ros_common/local_setup.sh
[2.288s] -- Symlinking: /home/zaynap/grab/grab2/install/grab2_ros_common/share/grab2_ros_common/local_setup.zsh
[2.297s] -- Symlinking: /home/zaynap/grab/grab2/install/grab2_ros_common/share/grab2_ros_common/local_setup.dsv
[2.306s] -- Symlinking: /home/zaynap/grab/grab2/install/grab2_ros_common/share/grab2_ros_common/package.dsv
[2.316s] -- Symlinking: /home/zaynap/grab/grab2/install/grab2_ros_common/share/ament_index/resource_index/packages/grab2_ros_common
[2.330s] -- Symlinking: /home/zaynap/grab/grab2/install/grab2_ros_common/share/grab2_ros_common/cmake/ament_cmake_export_include_directories-extras.cmake
[2.343s] -- Symlinking: /home/zaynap/grab/grab2/install/grab2_ros_common/share/grab2_ros_common/cmake/ament_cmake_export_dependencies-extras.cmake
[2.355s] -- Symlinking: /home/zaynap/grab/grab2/install/grab2_ros_common/share/grab2_ros_common/cmake/ament_cmake_export_targets-extras.cmake
[2.363s] -- Symlinking: /home/zaynap/grab/grab2/install/grab2_ros_common/share/grab2_ros_common/cmake/grab2_ros_commonConfig.cmake
[2.373s] -- Symlinking: /home/zaynap/grab/grab2/install/grab2_ros_common/share/grab2_ros_common/cmake/grab2_ros_commonConfig-version.cmake
[2.381s] -- Symlinking: /home/zaynap/grab/grab2/install/grab2_ros_common/share/grab2_ros_common/package.xml
[2.390s] -- Installing: /home/zaynap/grab/grab2/install/grab2_ros_common/share/grab2_ros_common/cmake/grab2_ros_commonExport.cmake
[2.393s] Invoked command in '/home/zaynap/grab/grab2/build/grab2_ros_common' returned '0': AMENT_PREFIX_PATH=/home/zaynap/grab/grab2/install/grab2_msgs:${AMENT_PREFIX_PATH} CMAKE_PREFIX_PATH=/home/zaynap/grab/grab2/install/grab2_msgs:/opt/ros/humble LD_LIBRARY_PATH=/home/zaynap/grab/grab2/install/grab2_msgs/lib:${LD_LIBRARY_PATH} PYTHONPATH=/home/zaynap/grab/grab2/install/grab2_msgs/local/lib/python3.10/dist-packages:${PYTHONPATH} /usr/bin/cmake --install /home/zaynap/grab/grab2/build/grab2_ros_common
