[0.010s] Invoking command in '/home/zaynap/grab/grab2/build/behaviortree_ros2': CMAKE_PREFIX_PATH=/home/zaynap/grab/grab2/install/btcpp_ros2_interfaces:/home/zaynap/grab/grab2/install/grab2_controller:/home/zaynap/grab/grab2/install/topic_based_ros2_control:/home/zaynap/grab/grab2/install/grab2_planner:/home/zaynap/grab/grab2/install/grab2_grasp_generator:/home/zaynap/grab/grab2/install/grab2_ros_common:/home/zaynap/grab/grab2/install/grab2_behavior_tree:/home/zaynap/grab/grab2/install/grab2_msgs:/home/zaynap/grab/grab2/install/btcpp_ros2_samples:/home/zaynap/grab/grab2/install/behaviortree_ros2:/home/zaynap/grab/grab2/install/grab2_curobo_planner:/opt/ros/humble LD_LIBRARY_PATH=/home/zaynap/grab/grab2/install/btcpp_ros2_interfaces/lib:/home/zaynap/grab/grab2/install/topic_based_ros2_control/lib:/home/zaynap/grab/grab2/install/grab2_planner/lib:/home/zaynap/grab/grab2/install/grab2_grasp_generator/lib:/home/zaynap/grab/grab2/install/grab2_behavior_tree/lib:/home/zaynap/grab/grab2/install/grab2_msgs/lib:/home/zaynap/grab/grab2/install/behaviortree_ros2/lib:/usr/lib/x86_64-linux-gnu/gazebo-11/plugins:/opt/ros/humble/opt/rviz_ogre_vendor/lib:/opt/ros/humble/lib/x86_64-linux-gnu:/opt/ros/humble/lib /usr/bin/cmake /home/zaynap/grab/grab2/BehaviorTree.ROS2/behaviortree_ros2 -DCMAKE_INSTALL_PREFIX=/home/zaynap/grab/grab2/install/behaviortree_ros2
[0.060s] -- The C compiler identification is GNU 11.4.0
[0.113s] -- The CXX compiler identification is GNU 11.4.0
[0.120s] -- Detecting C compiler ABI info
[0.179s] -- Detecting C compiler ABI info - done
[0.187s] -- Check for working C compiler: /usr/bin/cc - skipped
[0.188s] -- Detecting C compile features
[0.188s] -- Detecting C compile features - done
[0.191s] -- Detecting CXX compiler ABI info
[0.266s] -- Detecting CXX compiler ABI info - done
[0.286s] -- Check for working CXX compiler: /usr/bin/c++ - skipped
[0.286s] -- Detecting CXX compile features
[0.286s] -- Detecting CXX compile features - done
[0.286s] -- Found ament_cmake: 1.3.12 (/opt/ros/humble/share/ament_cmake/cmake)
[0.702s] -- Found Python3: /usr/bin/python3 (found version "3.10.12") found components: Interpreter 
[0.808s] -- Found rclcpp: 16.0.15 (/opt/ros/humble/share/rclcpp/cmake)
[0.850s] -- Found rosidl_generator_c: 3.1.7 (/opt/ros/humble/share/rosidl_generator_c/cmake)
[0.856s] -- Found rosidl_adapter: 3.1.7 (/opt/ros/humble/share/rosidl_adapter/cmake)
[0.864s] -- Found rosidl_generator_cpp: 3.1.7 (/opt/ros/humble/share/rosidl_generator_cpp/cmake)
[0.877s] -- Using all available rosidl_typesupport_c: rosidl_typesupport_fastrtps_c;rosidl_typesupport_introspection_c
[0.895s] -- Using all available rosidl_typesupport_cpp: rosidl_typesupport_fastrtps_cpp;rosidl_typesupport_introspection_cpp
[0.952s] -- Found rmw_implementation_cmake: 6.1.2 (/opt/ros/humble/share/rmw_implementation_cmake/cmake)
[0.955s] -- Found rmw_fastrtps_cpp: 6.2.8 (/opt/ros/humble/share/rmw_fastrtps_cpp/cmake)
[1.042s] -- Found OpenSSL: /usr/lib/x86_64-linux-gnu/libcrypto.so (found version "3.0.2")  
[1.072s] -- Found FastRTPS: /opt/ros/humble/include  
[1.114s] -- Using RMW implementation 'rmw_fastrtps_cpp' as default
[1.124s] -- Looking for pthread.h
[1.187s] -- Looking for pthread.h - found
[1.188s] -- Performing Test CMAKE_HAVE_LIBC_PTHREAD
[1.256s] -- Performing Test CMAKE_HAVE_LIBC_PTHREAD - Success
[1.257s] -- Found Threads: TRUE  
[1.330s] -- Found rclcpp_action: 16.0.15 (/opt/ros/humble/share/rclcpp_action/cmake)
[1.366s] -- Found behaviortree_cpp: 4.7.1 (/opt/ros/humble/share/behaviortree_cpp/cmake)
[1.368s] -- Found btcpp_ros2_interfaces: 0.2.0 (/home/zaynap/grab/grab2/install/btcpp_ros2_interfaces/share/btcpp_ros2_interfaces/cmake)
[1.384s] -- Found generate_parameter_library: 0.5.0 (/opt/ros/humble/share/generate_parameter_library/cmake)
[1.386s] -- Found parameter_traits: 0.5.0 (/opt/ros/humble/share/parameter_traits/cmake)
[1.405s] -- Found rclcpp_lifecycle: 16.0.15 (/opt/ros/humble/share/rclcpp_lifecycle/cmake)
[1.513s] -- Configuring done
[1.523s] -- Generating done
[1.527s] -- Build files have been written to: /home/zaynap/grab/grab2/build/behaviortree_ros2
[1.537s] Invoked command in '/home/zaynap/grab/grab2/build/behaviortree_ros2' returned '0': CMAKE_PREFIX_PATH=/home/zaynap/grab/grab2/install/btcpp_ros2_interfaces:/home/zaynap/grab/grab2/install/grab2_controller:/home/zaynap/grab/grab2/install/topic_based_ros2_control:/home/zaynap/grab/grab2/install/grab2_planner:/home/zaynap/grab/grab2/install/grab2_grasp_generator:/home/zaynap/grab/grab2/install/grab2_ros_common:/home/zaynap/grab/grab2/install/grab2_behavior_tree:/home/zaynap/grab/grab2/install/grab2_msgs:/home/zaynap/grab/grab2/install/btcpp_ros2_samples:/home/zaynap/grab/grab2/install/behaviortree_ros2:/home/zaynap/grab/grab2/install/grab2_curobo_planner:/opt/ros/humble LD_LIBRARY_PATH=/home/zaynap/grab/grab2/install/btcpp_ros2_interfaces/lib:/home/zaynap/grab/grab2/install/topic_based_ros2_control/lib:/home/zaynap/grab/grab2/install/grab2_planner/lib:/home/zaynap/grab/grab2/install/grab2_grasp_generator/lib:/home/zaynap/grab/grab2/install/grab2_behavior_tree/lib:/home/zaynap/grab/grab2/install/grab2_msgs/lib:/home/zaynap/grab/grab2/install/behaviortree_ros2/lib:/usr/lib/x86_64-linux-gnu/gazebo-11/plugins:/opt/ros/humble/opt/rviz_ogre_vendor/lib:/opt/ros/humble/lib/x86_64-linux-gnu:/opt/ros/humble/lib /usr/bin/cmake /home/zaynap/grab/grab2/BehaviorTree.ROS2/behaviortree_ros2 -DCMAKE_INSTALL_PREFIX=/home/zaynap/grab/grab2/install/behaviortree_ros2
[1.539s] Invoking command in '/home/zaynap/grab/grab2/build/behaviortree_ros2': CMAKE_PREFIX_PATH=/home/zaynap/grab/grab2/install/btcpp_ros2_interfaces:/home/zaynap/grab/grab2/install/grab2_controller:/home/zaynap/grab/grab2/install/topic_based_ros2_control:/home/zaynap/grab/grab2/install/grab2_planner:/home/zaynap/grab/grab2/install/grab2_grasp_generator:/home/zaynap/grab/grab2/install/grab2_ros_common:/home/zaynap/grab/grab2/install/grab2_behavior_tree:/home/zaynap/grab/grab2/install/grab2_msgs:/home/zaynap/grab/grab2/install/btcpp_ros2_samples:/home/zaynap/grab/grab2/install/behaviortree_ros2:/home/zaynap/grab/grab2/install/grab2_curobo_planner:/opt/ros/humble LD_LIBRARY_PATH=/home/zaynap/grab/grab2/install/btcpp_ros2_interfaces/lib:/home/zaynap/grab/grab2/install/topic_based_ros2_control/lib:/home/zaynap/grab/grab2/install/grab2_planner/lib:/home/zaynap/grab/grab2/install/grab2_grasp_generator/lib:/home/zaynap/grab/grab2/install/grab2_behavior_tree/lib:/home/zaynap/grab/grab2/install/grab2_msgs/lib:/home/zaynap/grab/grab2/install/behaviortree_ros2/lib:/usr/lib/x86_64-linux-gnu/gazebo-11/plugins:/opt/ros/humble/opt/rviz_ogre_vendor/lib:/opt/ros/humble/lib/x86_64-linux-gnu:/opt/ros/humble/lib /usr/bin/cmake --build /home/zaynap/grab/grab2/build/behaviortree_ros2 -- -j8 -l8
[1.583s] [ 16%] [34m[1mRunning `/opt/ros/humble/bin/generate_parameter_library_cpp /home/zaynap/grab/grab2/build/behaviortree_ros2/include/behaviortree_ros2/bt_executor_parameters.hpp /home/zaynap/grab/grab2/BehaviorTree.ROS2/behaviortree_ros2/src/bt_executor_parameters.yaml `[0m
[1.831s] [ 33%] [34m[1mCreating deprecated header file /home/zaynap/grab/grab2/build/behaviortree_ros2/include/bt_executor_parameters.hpp[0m
[1.847s] [ 33%] Built target bt_executor_parameters
[1.865s] [ 66%] [32mBuilding CXX object CMakeFiles/behaviortree_ros2.dir/src/bt_ros2.cpp.o[0m
[1.865s] [ 66%] [32mBuilding CXX object CMakeFiles/behaviortree_ros2.dir/src/tree_execution_server.cpp.o[0m
[1.868s] [ 83%] [32mBuilding CXX object CMakeFiles/behaviortree_ros2.dir/src/bt_utils.cpp.o[0m
[12.177s] [100%] [32m[1mLinking CXX static library libbehaviortree_ros2.a[0m
[12.287s] [100%] Built target behaviortree_ros2
[12.300s] Invoked command in '/home/zaynap/grab/grab2/build/behaviortree_ros2' returned '0': CMAKE_PREFIX_PATH=/home/zaynap/grab/grab2/install/btcpp_ros2_interfaces:/home/zaynap/grab/grab2/install/grab2_controller:/home/zaynap/grab/grab2/install/topic_based_ros2_control:/home/zaynap/grab/grab2/install/grab2_planner:/home/zaynap/grab/grab2/install/grab2_grasp_generator:/home/zaynap/grab/grab2/install/grab2_ros_common:/home/zaynap/grab/grab2/install/grab2_behavior_tree:/home/zaynap/grab/grab2/install/grab2_msgs:/home/zaynap/grab/grab2/install/btcpp_ros2_samples:/home/zaynap/grab/grab2/install/behaviortree_ros2:/home/zaynap/grab/grab2/install/grab2_curobo_planner:/opt/ros/humble LD_LIBRARY_PATH=/home/zaynap/grab/grab2/install/btcpp_ros2_interfaces/lib:/home/zaynap/grab/grab2/install/topic_based_ros2_control/lib:/home/zaynap/grab/grab2/install/grab2_planner/lib:/home/zaynap/grab/grab2/install/grab2_grasp_generator/lib:/home/zaynap/grab/grab2/install/grab2_behavior_tree/lib:/home/zaynap/grab/grab2/install/grab2_msgs/lib:/home/zaynap/grab/grab2/install/behaviortree_ros2/lib:/usr/lib/x86_64-linux-gnu/gazebo-11/plugins:/opt/ros/humble/opt/rviz_ogre_vendor/lib:/opt/ros/humble/lib/x86_64-linux-gnu:/opt/ros/humble/lib /usr/bin/cmake --build /home/zaynap/grab/grab2/build/behaviortree_ros2 -- -j8 -l8
[12.302s] Invoking command in '/home/zaynap/grab/grab2/build/behaviortree_ros2': CMAKE_PREFIX_PATH=/home/zaynap/grab/grab2/install/btcpp_ros2_interfaces:/home/zaynap/grab/grab2/install/grab2_controller:/home/zaynap/grab/grab2/install/topic_based_ros2_control:/home/zaynap/grab/grab2/install/grab2_planner:/home/zaynap/grab/grab2/install/grab2_grasp_generator:/home/zaynap/grab/grab2/install/grab2_ros_common:/home/zaynap/grab/grab2/install/grab2_behavior_tree:/home/zaynap/grab/grab2/install/grab2_msgs:/home/zaynap/grab/grab2/install/btcpp_ros2_samples:/home/zaynap/grab/grab2/install/behaviortree_ros2:/home/zaynap/grab/grab2/install/grab2_curobo_planner:/opt/ros/humble LD_LIBRARY_PATH=/home/zaynap/grab/grab2/install/btcpp_ros2_interfaces/lib:/home/zaynap/grab/grab2/install/topic_based_ros2_control/lib:/home/zaynap/grab/grab2/install/grab2_planner/lib:/home/zaynap/grab/grab2/install/grab2_grasp_generator/lib:/home/zaynap/grab/grab2/install/grab2_behavior_tree/lib:/home/zaynap/grab/grab2/install/grab2_msgs/lib:/home/zaynap/grab/grab2/install/behaviortree_ros2/lib:/usr/lib/x86_64-linux-gnu/gazebo-11/plugins:/opt/ros/humble/opt/rviz_ogre_vendor/lib:/opt/ros/humble/lib/x86_64-linux-gnu:/opt/ros/humble/lib /usr/bin/cmake --install /home/zaynap/grab/grab2/build/behaviortree_ros2
[12.310s] -- Install configuration: ""
[12.310s] -- Installing: /home/zaynap/grab/grab2/install/behaviortree_ros2/include/behaviortree_ros2
[12.310s] -- Installing: /home/zaynap/grab/grab2/install/behaviortree_ros2/include/behaviortree_ros2/bt_executor_parameters.hpp
[12.310s] -- Up-to-date: /home/zaynap/grab/grab2/install/behaviortree_ros2/include/
[12.310s] -- Up-to-date: /home/zaynap/grab/grab2/install/behaviortree_ros2/include//behaviortree_ros2
[12.310s] -- Installing: /home/zaynap/grab/grab2/install/behaviortree_ros2/include//behaviortree_ros2/tree_execution_server.hpp
[12.311s] -- Installing: /home/zaynap/grab/grab2/install/behaviortree_ros2/include//behaviortree_ros2/bt_topic_sub_node.hpp
[12.311s] -- Installing: /home/zaynap/grab/grab2/install/behaviortree_ros2/include//behaviortree_ros2/bt_utils.hpp
[12.311s] -- Installing: /home/zaynap/grab/grab2/install/behaviortree_ros2/include//behaviortree_ros2/bt_topic_pub_node.hpp
[12.311s] -- Installing: /home/zaynap/grab/grab2/install/behaviortree_ros2/include//behaviortree_ros2/plugins.hpp
[12.311s] -- Installing: /home/zaynap/grab/grab2/install/behaviortree_ros2/include//behaviortree_ros2/bt_service_node.hpp
[12.311s] -- Installing: /home/zaynap/grab/grab2/install/behaviortree_ros2/include//behaviortree_ros2/bt_action_node.hpp
[12.311s] -- Installing: /home/zaynap/grab/grab2/install/behaviortree_ros2/include//behaviortree_ros2/ros_node_params.hpp
[12.311s] -- Installing: /home/zaynap/grab/grab2/install/behaviortree_ros2/share/behaviortree_ros2/environment/library_path.sh
[12.312s] -- Installing: /home/zaynap/grab/grab2/install/behaviortree_ros2/share/behaviortree_ros2/environment/library_path.dsv
[12.312s] -- Installing: /home/zaynap/grab/grab2/install/behaviortree_ros2/lib/libbehaviortree_ros2.a
[12.316s] -- Installing: /home/zaynap/grab/grab2/install/behaviortree_ros2/share/ament_index/resource_index/package_run_dependencies/behaviortree_ros2
[12.316s] -- Installing: /home/zaynap/grab/grab2/install/behaviortree_ros2/share/ament_index/resource_index/parent_prefix_path/behaviortree_ros2
[12.316s] -- Installing: /home/zaynap/grab/grab2/install/behaviortree_ros2/share/behaviortree_ros2/environment/ament_prefix_path.sh
[12.316s] -- Installing: /home/zaynap/grab/grab2/install/behaviortree_ros2/share/behaviortree_ros2/environment/ament_prefix_path.dsv
[12.316s] -- Installing: /home/zaynap/grab/grab2/install/behaviortree_ros2/share/behaviortree_ros2/environment/path.sh
[12.317s] -- Installing: /home/zaynap/grab/grab2/install/behaviortree_ros2/share/behaviortree_ros2/environment/path.dsv
[12.317s] -- Installing: /home/zaynap/grab/grab2/install/behaviortree_ros2/share/behaviortree_ros2/local_setup.bash
[12.317s] -- Installing: /home/zaynap/grab/grab2/install/behaviortree_ros2/share/behaviortree_ros2/local_setup.sh
[12.317s] -- Installing: /home/zaynap/grab/grab2/install/behaviortree_ros2/share/behaviortree_ros2/local_setup.zsh
[12.317s] -- Installing: /home/zaynap/grab/grab2/install/behaviortree_ros2/share/behaviortree_ros2/local_setup.dsv
[12.317s] -- Installing: /home/zaynap/grab/grab2/install/behaviortree_ros2/share/behaviortree_ros2/package.dsv
[12.318s] -- Installing: /home/zaynap/grab/grab2/install/behaviortree_ros2/share/ament_index/resource_index/packages/behaviortree_ros2
[12.318s] -- Installing: /home/zaynap/grab/grab2/install/behaviortree_ros2/share/behaviortree_ros2/cmake/behaviortree_ros2TargetsExport.cmake
[12.318s] -- Installing: /home/zaynap/grab/grab2/install/behaviortree_ros2/share/behaviortree_ros2/cmake/behaviortree_ros2TargetsExport-noconfig.cmake
[12.318s] -- Installing: /home/zaynap/grab/grab2/install/behaviortree_ros2/share/behaviortree_ros2/cmake/ament_cmake_export_dependencies-extras.cmake
[12.318s] -- Installing: /home/zaynap/grab/grab2/install/behaviortree_ros2/share/behaviortree_ros2/cmake/ament_cmake_export_targets-extras.cmake
[12.318s] -- Installing: /home/zaynap/grab/grab2/install/behaviortree_ros2/share/behaviortree_ros2/cmake/ament_cmake_export_include_directories-extras.cmake
[12.319s] -- Installing: /home/zaynap/grab/grab2/install/behaviortree_ros2/share/behaviortree_ros2/cmake/ament_cmake_export_libraries-extras.cmake
[12.319s] -- Installing: /home/zaynap/grab/grab2/install/behaviortree_ros2/share/behaviortree_ros2/cmake/behaviortree_ros2Config.cmake
[12.319s] -- Installing: /home/zaynap/grab/grab2/install/behaviortree_ros2/share/behaviortree_ros2/cmake/behaviortree_ros2Config-version.cmake
[12.319s] -- Installing: /home/zaynap/grab/grab2/install/behaviortree_ros2/share/behaviortree_ros2/package.xml
[12.322s] Invoked command in '/home/zaynap/grab/grab2/build/behaviortree_ros2' returned '0': CMAKE_PREFIX_PATH=/home/zaynap/grab/grab2/install/btcpp_ros2_interfaces:/home/zaynap/grab/grab2/install/grab2_controller:/home/zaynap/grab/grab2/install/topic_based_ros2_control:/home/zaynap/grab/grab2/install/grab2_planner:/home/zaynap/grab/grab2/install/grab2_grasp_generator:/home/zaynap/grab/grab2/install/grab2_ros_common:/home/zaynap/grab/grab2/install/grab2_behavior_tree:/home/zaynap/grab/grab2/install/grab2_msgs:/home/zaynap/grab/grab2/install/btcpp_ros2_samples:/home/zaynap/grab/grab2/install/behaviortree_ros2:/home/zaynap/grab/grab2/install/grab2_curobo_planner:/opt/ros/humble LD_LIBRARY_PATH=/home/zaynap/grab/grab2/install/btcpp_ros2_interfaces/lib:/home/zaynap/grab/grab2/install/topic_based_ros2_control/lib:/home/zaynap/grab/grab2/install/grab2_planner/lib:/home/zaynap/grab/grab2/install/grab2_grasp_generator/lib:/home/zaynap/grab/grab2/install/grab2_behavior_tree/lib:/home/zaynap/grab/grab2/install/grab2_msgs/lib:/home/zaynap/grab/grab2/install/behaviortree_ros2/lib:/usr/lib/x86_64-linux-gnu/gazebo-11/plugins:/opt/ros/humble/opt/rviz_ogre_vendor/lib:/opt/ros/humble/lib/x86_64-linux-gnu:/opt/ros/humble/lib /usr/bin/cmake --install /home/zaynap/grab/grab2/build/behaviortree_ros2
