[0.273s] Invoking command in '/home/zaynap/grab/grab2/build/grab2_behavior_tree': AMENT_PREFIX_PATH=/home/zaynap/grab/grab2/install/behaviortree_ros2:/home/zaynap/grab/grab2/install/grab2_msgs:/home/zaynap/grab/grab2/install/btcpp_ros2_interfaces:${AMENT_PREFIX_PATH} CMAKE_PREFIX_PATH=/home/zaynap/grab/grab2/install/behaviortree_ros2:/home/zaynap/grab/grab2/install/grab2_msgs:/home/zaynap/grab/grab2/install/btcpp_ros2_interfaces:/opt/ros/humble LD_LIBRARY_PATH=/home/zaynap/grab/grab2/install/behaviortree_ros2/lib:/home/zaynap/grab/grab2/install/grab2_msgs/lib:/home/zaynap/grab/grab2/install/btcpp_ros2_interfaces/lib:${LD_LIBRARY_PATH} PYTHONPATH=/home/zaynap/grab/grab2/install/grab2_msgs/local/lib/python3.10/dist-packages:/home/zaynap/grab/grab2/install/btcpp_ros2_interfaces/local/lib/python3.10/dist-packages:${PYTHONPATH} /usr/bin/cmake --build /home/zaynap/grab/grab2/build/grab2_behavior_tree -- -j8 -l8
[0.335s] [  6%] [32mBuilding CXX object CMakeFiles/grab2_get_trajectory_hardcoded.dir/plugins/get_trajectory_hardcoded.cpp.o[0m
[0.335s] [ 18%] [32mBuilding CXX object CMakeFiles/grab2_get_grasp.dir/plugins/get_grasp.cpp.o[0m
[0.336s] [ 18%] [32mBuilding CXX object CMakeFiles/grab2_get_grasp_hardcoded.dir/plugins/get_grasp_hardcoded.cpp.o[0m
[0.346s] [ 25%] [32mBuilding CXX object CMakeFiles/grab2_detect_object.dir/plugins/detect_object.cpp.o[0m
[0.347s] [ 31%] [32mBuilding CXX object CMakeFiles/grab2_move.dir/plugins/move.cpp.o[0m
[0.349s] [ 43%] [32mBuilding CXX object CMakeFiles/grab2_plan.dir/plugins/plan.cpp.o[0m
[0.349s] [ 43%] [32mBuilding CXX object CMakeFiles/grab2_engine.dir/src/main.cpp.o[0m
[0.358s] [ 50%] [32mBuilding CXX object CMakeFiles/grab2_grip.dir/plugins/grip.cpp.o[0m
[6.440s] [ 56%] [32m[1mLinking CXX shared library libgrab2_get_trajectory_hardcoded.so[0m
[7.056s] [ 62%] [32m[1mLinking CXX shared library libgrab2_get_grasp_hardcoded.so[0m
[7.186s] [ 62%] Built target grab2_get_trajectory_hardcoded
[7.437s] [ 62%] Built target grab2_get_grasp_hardcoded
[10.911s] [ 68%] [32m[1mLinking CXX executable grab2_engine[0m
[10.996s] [ 75%] [32m[1mLinking CXX shared library libgrab2_get_grasp.so[0m
[11.387s] [ 75%] Built target grab2_get_grasp
[11.422s] [ 75%] Built target grab2_engine
[12.770s] [ 81%] [32m[1mLinking CXX shared library libgrab2_move.so[0m
[12.834s] [ 87%] [32m[1mLinking CXX shared library libgrab2_grip.so[0m
[13.212s] [ 87%] Built target grab2_move
[13.363s] [ 87%] Built target grab2_grip
[13.532s] [ 93%] [32m[1mLinking CXX shared library libgrab2_plan.so[0m
[13.964s] [ 93%] Built target grab2_plan
[20.065s] [100%] [32m[1mLinking CXX shared library libgrab2_detect_object.so[0m
[20.768s] [100%] Built target grab2_detect_object
[20.779s] Invoked command in '/home/zaynap/grab/grab2/build/grab2_behavior_tree' returned '0': AMENT_PREFIX_PATH=/home/zaynap/grab/grab2/install/behaviortree_ros2:/home/zaynap/grab/grab2/install/grab2_msgs:/home/zaynap/grab/grab2/install/btcpp_ros2_interfaces:${AMENT_PREFIX_PATH} CMAKE_PREFIX_PATH=/home/zaynap/grab/grab2/install/behaviortree_ros2:/home/zaynap/grab/grab2/install/grab2_msgs:/home/zaynap/grab/grab2/install/btcpp_ros2_interfaces:/opt/ros/humble LD_LIBRARY_PATH=/home/zaynap/grab/grab2/install/behaviortree_ros2/lib:/home/zaynap/grab/grab2/install/grab2_msgs/lib:/home/zaynap/grab/grab2/install/btcpp_ros2_interfaces/lib:${LD_LIBRARY_PATH} PYTHONPATH=/home/zaynap/grab/grab2/install/grab2_msgs/local/lib/python3.10/dist-packages:/home/zaynap/grab/grab2/install/btcpp_ros2_interfaces/local/lib/python3.10/dist-packages:${PYTHONPATH} /usr/bin/cmake --build /home/zaynap/grab/grab2/build/grab2_behavior_tree -- -j8 -l8
[20.781s] Invoking command in '/home/zaynap/grab/grab2/build/grab2_behavior_tree': AMENT_PREFIX_PATH=/home/zaynap/grab/grab2/install/behaviortree_ros2:/home/zaynap/grab/grab2/install/grab2_msgs:/home/zaynap/grab/grab2/install/btcpp_ros2_interfaces:${AMENT_PREFIX_PATH} CMAKE_PREFIX_PATH=/home/zaynap/grab/grab2/install/behaviortree_ros2:/home/zaynap/grab/grab2/install/grab2_msgs:/home/zaynap/grab/grab2/install/btcpp_ros2_interfaces:/opt/ros/humble LD_LIBRARY_PATH=/home/zaynap/grab/grab2/install/behaviortree_ros2/lib:/home/zaynap/grab/grab2/install/grab2_msgs/lib:/home/zaynap/grab/grab2/install/btcpp_ros2_interfaces/lib:${LD_LIBRARY_PATH} PYTHONPATH=/home/zaynap/grab/grab2/install/grab2_msgs/local/lib/python3.10/dist-packages:/home/zaynap/grab/grab2/install/btcpp_ros2_interfaces/local/lib/python3.10/dist-packages:${PYTHONPATH} /usr/bin/cmake --install /home/zaynap/grab/grab2/build/grab2_behavior_tree
[20.788s] -- Install configuration: ""
[20.788s] -- Installing: /home/zaynap/grab/grab2/install/grab2_behavior_tree/lib/libgrab2_get_trajectory_hardcoded.so
[20.789s] -- Set runtime path of "/home/zaynap/grab/grab2/install/grab2_behavior_tree/lib/libgrab2_get_trajectory_hardcoded.so" to ""
[20.789s] -- Installing: /home/zaynap/grab/grab2/install/grab2_behavior_tree/lib/libgrab2_get_grasp_hardcoded.so
[20.790s] -- Set runtime path of "/home/zaynap/grab/grab2/install/grab2_behavior_tree/lib/libgrab2_get_grasp_hardcoded.so" to ""
[20.790s] -- Installing: /home/zaynap/grab/grab2/install/grab2_behavior_tree/lib/libgrab2_detect_object.so
[20.795s] -- Set runtime path of "/home/zaynap/grab/grab2/install/grab2_behavior_tree/lib/libgrab2_detect_object.so" to ""
[20.795s] -- Installing: /home/zaynap/grab/grab2/install/grab2_behavior_tree/lib/libgrab2_get_grasp.so
[20.795s] -- Set runtime path of "/home/zaynap/grab/grab2/install/grab2_behavior_tree/lib/libgrab2_get_grasp.so" to ""
[20.796s] -- Installing: /home/zaynap/grab/grab2/install/grab2_behavior_tree/lib/libgrab2_plan.so
[20.797s] -- Set runtime path of "/home/zaynap/grab/grab2/install/grab2_behavior_tree/lib/libgrab2_plan.so" to ""
[20.797s] -- Installing: /home/zaynap/grab/grab2/install/grab2_behavior_tree/lib/libgrab2_move.so
[20.799s] -- Set runtime path of "/home/zaynap/grab/grab2/install/grab2_behavior_tree/lib/libgrab2_move.so" to ""
[20.799s] -- Installing: /home/zaynap/grab/grab2/install/grab2_behavior_tree/lib/libgrab2_grip.so
[20.801s] -- Set runtime path of "/home/zaynap/grab/grab2/install/grab2_behavior_tree/lib/libgrab2_grip.so" to ""
[20.801s] -- Installing: /home/zaynap/grab/grab2/install/grab2_behavior_tree/lib/grab2_behavior_tree/grab2_engine
[20.802s] -- Set runtime path of "/home/zaynap/grab/grab2/install/grab2_behavior_tree/lib/grab2_behavior_tree/grab2_engine" to ""
[20.802s] -- Installing: /home/zaynap/grab/grab2/install/grab2_behavior_tree/include
[20.802s] -- Installing: /home/zaynap/grab/grab2/install/grab2_behavior_tree/include/grab2_behavior_tree
[20.802s] -- Installing: /home/zaynap/grab/grab2/install/grab2_behavior_tree/include/grab2_behavior_tree/get_grasp_hardcoded.hpp
[20.802s] -- Installing: /home/zaynap/grab/grab2/install/grab2_behavior_tree/include/grab2_behavior_tree/detect_object.hpp
[20.802s] -- Installing: /home/zaynap/grab/grab2/install/grab2_behavior_tree/include/grab2_behavior_tree/move.hpp
[20.802s] -- Installing: /home/zaynap/grab/grab2/install/grab2_behavior_tree/include/grab2_behavior_tree/get_grasp.hpp
[20.802s] -- Installing: /home/zaynap/grab/grab2/install/grab2_behavior_tree/include/grab2_behavior_tree/utils.hpp
[20.802s] -- Installing: /home/zaynap/grab/grab2/install/grab2_behavior_tree/include/grab2_behavior_tree/get_trajectory_hardcoded.hpp
[20.803s] -- Installing: /home/zaynap/grab/grab2/install/grab2_behavior_tree/include/grab2_behavior_tree/plan.hpp
[20.803s] -- Installing: /home/zaynap/grab/grab2/install/grab2_behavior_tree/include/grab2_behavior_tree/grip.hpp
[20.803s] -- Installing: /home/zaynap/grab/grab2/install/grab2_behavior_tree/share/grab2_behavior_tree/behavior_trees
[20.803s] -- Installing: /home/zaynap/grab/grab2/install/grab2_behavior_tree/share/grab2_behavior_tree/behavior_trees/collect_toys.xml
[20.858s] -- Installing: /home/zaynap/grab/grab2/install/grab2_behavior_tree/share/grab2_behavior_tree/behavior_trees/collect_cubes.xml
[20.858s] -- Installing: /home/zaynap/grab/grab2/install/grab2_behavior_tree/share/grab2_behavior_tree/behavior_trees/stack_cubes.xml
[20.865s] -- Installing: /home/zaynap/grab/grab2/install/grab2_behavior_tree/share/grab2_behavior_tree/behavior_trees/bt_groot2.btproj
[20.892s] -- Installing: /home/zaynap/grab/grab2/install/grab2_behavior_tree/share/grab2_behavior_tree/behavior_trees/target_ik_demo.xml
[20.892s] -- Installing: /home/zaynap/grab/grab2/install/grab2_behavior_tree/share/grab2_behavior_tree/behavior_trees/lookaround_demo.xml
[20.892s] -- Installing: /home/zaynap/grab/grab2/install/grab2_behavior_tree/share/grab2_behavior_tree/launch
[20.892s] -- Installing: /home/zaynap/grab/grab2/install/grab2_behavior_tree/share/grab2_behavior_tree/launch/bt_demo.launch.py
[20.893s] -- Installing: /home/zaynap/grab/grab2/install/grab2_behavior_tree/share/grab2_behavior_tree/launch/grab2_engine.launch.py
[20.903s] -- Installing: /home/zaynap/grab/grab2/install/grab2_behavior_tree/share/ament_index/resource_index/package_run_dependencies/grab2_behavior_tree
[20.917s] -- Installing: /home/zaynap/grab/grab2/install/grab2_behavior_tree/share/ament_index/resource_index/parent_prefix_path/grab2_behavior_tree
[20.917s] -- Installing: /home/zaynap/grab/grab2/install/grab2_behavior_tree/share/grab2_behavior_tree/environment/ament_prefix_path.sh
[20.917s] -- Installing: /home/zaynap/grab/grab2/install/grab2_behavior_tree/share/grab2_behavior_tree/environment/ament_prefix_path.dsv
[20.917s] -- Installing: /home/zaynap/grab/grab2/install/grab2_behavior_tree/share/grab2_behavior_tree/environment/path.sh
[20.917s] -- Installing: /home/zaynap/grab/grab2/install/grab2_behavior_tree/share/grab2_behavior_tree/environment/path.dsv
[20.917s] -- Installing: /home/zaynap/grab/grab2/install/grab2_behavior_tree/share/grab2_behavior_tree/local_setup.bash
[20.917s] -- Installing: /home/zaynap/grab/grab2/install/grab2_behavior_tree/share/grab2_behavior_tree/local_setup.sh
[20.917s] -- Installing: /home/zaynap/grab/grab2/install/grab2_behavior_tree/share/grab2_behavior_tree/local_setup.zsh
[20.918s] -- Installing: /home/zaynap/grab/grab2/install/grab2_behavior_tree/share/grab2_behavior_tree/local_setup.dsv
[20.918s] -- Installing: /home/zaynap/grab/grab2/install/grab2_behavior_tree/share/grab2_behavior_tree/package.dsv
[20.918s] -- Installing: /home/zaynap/grab/grab2/install/grab2_behavior_tree/share/ament_index/resource_index/packages/grab2_behavior_tree
[20.918s] -- Installing: /home/zaynap/grab/grab2/install/grab2_behavior_tree/share/grab2_behavior_tree/cmake/grab2_behavior_treeConfig.cmake
[20.918s] -- Installing: /home/zaynap/grab/grab2/install/grab2_behavior_tree/share/grab2_behavior_tree/cmake/grab2_behavior_treeConfig-version.cmake
[20.918s] -- Installing: /home/zaynap/grab/grab2/install/grab2_behavior_tree/share/grab2_behavior_tree/package.xml
[20.920s] Invoked command in '/home/zaynap/grab/grab2/build/grab2_behavior_tree' returned '0': AMENT_PREFIX_PATH=/home/zaynap/grab/grab2/install/behaviortree_ros2:/home/zaynap/grab/grab2/install/grab2_msgs:/home/zaynap/grab/grab2/install/btcpp_ros2_interfaces:${AMENT_PREFIX_PATH} CMAKE_PREFIX_PATH=/home/zaynap/grab/grab2/install/behaviortree_ros2:/home/zaynap/grab/grab2/install/grab2_msgs:/home/zaynap/grab/grab2/install/btcpp_ros2_interfaces:/opt/ros/humble LD_LIBRARY_PATH=/home/zaynap/grab/grab2/install/behaviortree_ros2/lib:/home/zaynap/grab/grab2/install/grab2_msgs/lib:/home/zaynap/grab/grab2/install/btcpp_ros2_interfaces/lib:${LD_LIBRARY_PATH} PYTHONPATH=/home/zaynap/grab/grab2/install/grab2_msgs/local/lib/python3.10/dist-packages:/home/zaynap/grab/grab2/install/btcpp_ros2_interfaces/local/lib/python3.10/dist-packages:${PYTHONPATH} /usr/bin/cmake --install /home/zaynap/grab/grab2/build/grab2_behavior_tree
