[0.008s] Invoking command in '/home/zaynap/grab/grab2/build/behaviortree_ros2': AMENT_PREFIX_PATH=/home/zaynap/grab/grab2/install/btcpp_ros2_interfaces:${AMENT_PREFIX_PATH} CMAKE_PREFIX_PATH=/home/zaynap/grab/grab2/install/btcpp_ros2_interfaces:/opt/ros/humble LD_LIBRARY_PATH=/home/zaynap/grab/grab2/install/btcpp_ros2_interfaces/lib:${LD_LIBRARY_PATH} PYTHONPATH=/home/zaynap/grab/grab2/install/btcpp_ros2_interfaces/local/lib/python3.10/dist-packages:${PYTHONPATH} /usr/bin/cmake /home/zaynap/grab/grab2/BehaviorTree.ROS2/behaviortree_ros2 -DCMAKE_INSTALL_PREFIX=/home/zaynap/grab/grab2/install/behaviortree_ros2
[0.059s] -- The C compiler identification is GNU 11.4.0
[0.115s] -- The CXX compiler identification is GNU 11.4.0
[0.125s] -- Detecting C compiler ABI info
[0.188s] -- Detecting C compiler ABI info - done
[0.201s] -- Check for working C compiler: /usr/bin/cc - skipped
[0.202s] -- Detecting C compile features
[0.202s] -- Detecting C compile features - done
[0.207s] -- Detecting CXX compiler ABI info
[0.282s] -- Detecting CXX compiler ABI info - done
[0.296s] -- Check for working CXX compiler: /usr/bin/c++ - skipped
[0.296s] -- Detecting CXX compile features
[0.297s] -- Detecting CXX compile features - done
[0.301s] -- Found ament_cmake: 1.3.12 (/opt/ros/humble/share/ament_cmake/cmake)
[0.686s] -- Found Python3: /usr/bin/python3 (found version "3.10.12") found components: Interpreter 
[0.795s] -- Found rclcpp: 16.0.15 (/opt/ros/humble/share/rclcpp/cmake)
[0.853s] -- Found rosidl_generator_c: 3.1.7 (/opt/ros/humble/share/rosidl_generator_c/cmake)
[0.862s] -- Found rosidl_adapter: 3.1.7 (/opt/ros/humble/share/rosidl_adapter/cmake)
[0.876s] -- Found rosidl_generator_cpp: 3.1.7 (/opt/ros/humble/share/rosidl_generator_cpp/cmake)
[0.888s] -- Using all available rosidl_typesupport_c: rosidl_typesupport_fastrtps_c;rosidl_typesupport_introspection_c
[0.905s] -- Using all available rosidl_typesupport_cpp: rosidl_typesupport_fastrtps_cpp;rosidl_typesupport_introspection_cpp
[0.952s] -- Found rmw_implementation_cmake: 6.1.2 (/opt/ros/humble/share/rmw_implementation_cmake/cmake)
[0.955s] -- Found rmw_fastrtps_cpp: 6.2.8 (/opt/ros/humble/share/rmw_fastrtps_cpp/cmake)
[1.033s] -- Found OpenSSL: /usr/lib/x86_64-linux-gnu/libcrypto.so (found version "3.0.2")  
[1.074s] -- Found FastRTPS: /opt/ros/humble/include  
[1.120s] -- Using RMW implementation 'rmw_fastrtps_cpp' as default
[1.145s] -- Looking for pthread.h
[1.223s] -- Looking for pthread.h - found
[1.223s] -- Performing Test CMAKE_HAVE_LIBC_PTHREAD
[1.290s] -- Performing Test CMAKE_HAVE_LIBC_PTHREAD - Success
[1.291s] -- Found Threads: TRUE  
[1.348s] -- Found rclcpp_action: 16.0.15 (/opt/ros/humble/share/rclcpp_action/cmake)
[1.454s] -- Found behaviortree_cpp: 4.7.1 (/opt/ros/humble/share/behaviortree_cpp/cmake)
[1.458s] -- Found btcpp_ros2_interfaces: 0.2.0 (/home/zaynap/grab/grab2/install/btcpp_ros2_interfaces/share/btcpp_ros2_interfaces/cmake)
[1.475s] -- Found generate_parameter_library: 0.5.0 (/opt/ros/humble/share/generate_parameter_library/cmake)
[1.477s] -- Found parameter_traits: 0.5.0 (/opt/ros/humble/share/parameter_traits/cmake)
[1.497s] -- Found rclcpp_lifecycle: 16.0.15 (/opt/ros/humble/share/rclcpp_lifecycle/cmake)
[1.619s] -- Configuring done
[1.631s] -- Generating done
[1.635s] -- Build files have been written to: /home/zaynap/grab/grab2/build/behaviortree_ros2
[1.912s] Invoked command in '/home/zaynap/grab/grab2/build/behaviortree_ros2' returned '0': AMENT_PREFIX_PATH=/home/zaynap/grab/grab2/install/btcpp_ros2_interfaces:${AMENT_PREFIX_PATH} CMAKE_PREFIX_PATH=/home/zaynap/grab/grab2/install/btcpp_ros2_interfaces:/opt/ros/humble LD_LIBRARY_PATH=/home/zaynap/grab/grab2/install/btcpp_ros2_interfaces/lib:${LD_LIBRARY_PATH} PYTHONPATH=/home/zaynap/grab/grab2/install/btcpp_ros2_interfaces/local/lib/python3.10/dist-packages:${PYTHONPATH} /usr/bin/cmake /home/zaynap/grab/grab2/BehaviorTree.ROS2/behaviortree_ros2 -DCMAKE_INSTALL_PREFIX=/home/zaynap/grab/grab2/install/behaviortree_ros2
[1.913s] Invoking command in '/home/zaynap/grab/grab2/build/behaviortree_ros2': AMENT_PREFIX_PATH=/home/zaynap/grab/grab2/install/btcpp_ros2_interfaces:${AMENT_PREFIX_PATH} CMAKE_PREFIX_PATH=/home/zaynap/grab/grab2/install/btcpp_ros2_interfaces:/opt/ros/humble LD_LIBRARY_PATH=/home/zaynap/grab/grab2/install/btcpp_ros2_interfaces/lib:${LD_LIBRARY_PATH} PYTHONPATH=/home/zaynap/grab/grab2/install/btcpp_ros2_interfaces/local/lib/python3.10/dist-packages:${PYTHONPATH} /usr/bin/cmake --build /home/zaynap/grab/grab2/build/behaviortree_ros2 -- -j8 -l8
[1.963s] [ 16%] [34m[1mRunning `/opt/ros/humble/bin/generate_parameter_library_cpp /home/zaynap/grab/grab2/build/behaviortree_ros2/include/behaviortree_ros2/bt_executor_parameters.hpp /home/zaynap/grab/grab2/BehaviorTree.ROS2/behaviortree_ros2/src/bt_executor_parameters.yaml `[0m
[2.335s] [ 33%] [34m[1mCreating deprecated header file /home/zaynap/grab/grab2/build/behaviortree_ros2/include/bt_executor_parameters.hpp[0m
[2.352s] [ 33%] Built target bt_executor_parameters
[2.380s] [ 66%] [32mBuilding CXX object CMakeFiles/behaviortree_ros2.dir/src/bt_utils.cpp.o[0m
[2.381s] [ 66%] [32mBuilding CXX object CMakeFiles/behaviortree_ros2.dir/src/bt_ros2.cpp.o[0m
[2.383s] [ 83%] [32mBuilding CXX object CMakeFiles/behaviortree_ros2.dir/src/tree_execution_server.cpp.o[0m
[22.892s] [100%] [32m[1mLinking CXX static library libbehaviortree_ros2.a[0m
[22.988s] [100%] Built target behaviortree_ros2
[22.998s] Invoked command in '/home/zaynap/grab/grab2/build/behaviortree_ros2' returned '0': AMENT_PREFIX_PATH=/home/zaynap/grab/grab2/install/btcpp_ros2_interfaces:${AMENT_PREFIX_PATH} CMAKE_PREFIX_PATH=/home/zaynap/grab/grab2/install/btcpp_ros2_interfaces:/opt/ros/humble LD_LIBRARY_PATH=/home/zaynap/grab/grab2/install/btcpp_ros2_interfaces/lib:${LD_LIBRARY_PATH} PYTHONPATH=/home/zaynap/grab/grab2/install/btcpp_ros2_interfaces/local/lib/python3.10/dist-packages:${PYTHONPATH} /usr/bin/cmake --build /home/zaynap/grab/grab2/build/behaviortree_ros2 -- -j8 -l8
[22.999s] Invoking command in '/home/zaynap/grab/grab2/build/behaviortree_ros2': AMENT_PREFIX_PATH=/home/zaynap/grab/grab2/install/btcpp_ros2_interfaces:${AMENT_PREFIX_PATH} CMAKE_PREFIX_PATH=/home/zaynap/grab/grab2/install/btcpp_ros2_interfaces:/opt/ros/humble LD_LIBRARY_PATH=/home/zaynap/grab/grab2/install/btcpp_ros2_interfaces/lib:${LD_LIBRARY_PATH} PYTHONPATH=/home/zaynap/grab/grab2/install/btcpp_ros2_interfaces/local/lib/python3.10/dist-packages:${PYTHONPATH} /usr/bin/cmake --install /home/zaynap/grab/grab2/build/behaviortree_ros2
[23.006s] -- Install configuration: ""
[23.006s] -- Installing: /home/zaynap/grab/grab2/install/behaviortree_ros2/include/behaviortree_ros2
[23.006s] -- Installing: /home/zaynap/grab/grab2/install/behaviortree_ros2/include/behaviortree_ros2/bt_executor_parameters.hpp
[23.006s] -- Up-to-date: /home/zaynap/grab/grab2/install/behaviortree_ros2/include/
[23.006s] -- Up-to-date: /home/zaynap/grab/grab2/install/behaviortree_ros2/include//behaviortree_ros2
[23.006s] -- Installing: /home/zaynap/grab/grab2/install/behaviortree_ros2/include//behaviortree_ros2/tree_execution_server.hpp
[23.006s] -- Installing: /home/zaynap/grab/grab2/install/behaviortree_ros2/include//behaviortree_ros2/bt_topic_sub_node.hpp
[23.006s] -- Installing: /home/zaynap/grab/grab2/install/behaviortree_ros2/include//behaviortree_ros2/bt_utils.hpp
[23.006s] -- Installing: /home/zaynap/grab/grab2/install/behaviortree_ros2/include//behaviortree_ros2/bt_topic_pub_node.hpp
[23.006s] -- Installing: /home/zaynap/grab/grab2/install/behaviortree_ros2/include//behaviortree_ros2/plugins.hpp
[23.006s] -- Installing: /home/zaynap/grab/grab2/install/behaviortree_ros2/include//behaviortree_ros2/bt_service_node.hpp
[23.007s] -- Installing: /home/zaynap/grab/grab2/install/behaviortree_ros2/include//behaviortree_ros2/bt_action_node.hpp
[23.007s] -- Installing: /home/zaynap/grab/grab2/install/behaviortree_ros2/include//behaviortree_ros2/ros_node_params.hpp
[23.007s] -- Installing: /home/zaynap/grab/grab2/install/behaviortree_ros2/share/behaviortree_ros2/environment/library_path.sh
[23.007s] -- Installing: /home/zaynap/grab/grab2/install/behaviortree_ros2/share/behaviortree_ros2/environment/library_path.dsv
[23.007s] -- Installing: /home/zaynap/grab/grab2/install/behaviortree_ros2/lib/libbehaviortree_ros2.a
[23.011s] -- Installing: /home/zaynap/grab/grab2/install/behaviortree_ros2/share/ament_index/resource_index/package_run_dependencies/behaviortree_ros2
[23.011s] -- Installing: /home/zaynap/grab/grab2/install/behaviortree_ros2/share/ament_index/resource_index/parent_prefix_path/behaviortree_ros2
[23.011s] -- Installing: /home/zaynap/grab/grab2/install/behaviortree_ros2/share/behaviortree_ros2/environment/ament_prefix_path.sh
[23.011s] -- Installing: /home/zaynap/grab/grab2/install/behaviortree_ros2/share/behaviortree_ros2/environment/ament_prefix_path.dsv
[23.011s] -- Installing: /home/zaynap/grab/grab2/install/behaviortree_ros2/share/behaviortree_ros2/environment/path.sh
[23.011s] -- Installing: /home/zaynap/grab/grab2/install/behaviortree_ros2/share/behaviortree_ros2/environment/path.dsv
[23.011s] -- Installing: /home/zaynap/grab/grab2/install/behaviortree_ros2/share/behaviortree_ros2/local_setup.bash
[23.011s] -- Installing: /home/zaynap/grab/grab2/install/behaviortree_ros2/share/behaviortree_ros2/local_setup.sh
[23.012s] -- Installing: /home/zaynap/grab/grab2/install/behaviortree_ros2/share/behaviortree_ros2/local_setup.zsh
[23.012s] -- Installing: /home/zaynap/grab/grab2/install/behaviortree_ros2/share/behaviortree_ros2/local_setup.dsv
[23.012s] -- Installing: /home/zaynap/grab/grab2/install/behaviortree_ros2/share/behaviortree_ros2/package.dsv
[23.012s] -- Installing: /home/zaynap/grab/grab2/install/behaviortree_ros2/share/ament_index/resource_index/packages/behaviortree_ros2
[23.012s] -- Installing: /home/zaynap/grab/grab2/install/behaviortree_ros2/share/behaviortree_ros2/cmake/behaviortree_ros2TargetsExport.cmake
[23.012s] -- Installing: /home/zaynap/grab/grab2/install/behaviortree_ros2/share/behaviortree_ros2/cmake/behaviortree_ros2TargetsExport-noconfig.cmake
[23.013s] -- Installing: /home/zaynap/grab/grab2/install/behaviortree_ros2/share/behaviortree_ros2/cmake/ament_cmake_export_dependencies-extras.cmake
[23.013s] -- Installing: /home/zaynap/grab/grab2/install/behaviortree_ros2/share/behaviortree_ros2/cmake/ament_cmake_export_targets-extras.cmake
[23.013s] -- Installing: /home/zaynap/grab/grab2/install/behaviortree_ros2/share/behaviortree_ros2/cmake/ament_cmake_export_include_directories-extras.cmake
[23.013s] -- Installing: /home/zaynap/grab/grab2/install/behaviortree_ros2/share/behaviortree_ros2/cmake/ament_cmake_export_libraries-extras.cmake
[23.013s] -- Installing: /home/zaynap/grab/grab2/install/behaviortree_ros2/share/behaviortree_ros2/cmake/behaviortree_ros2Config.cmake
[23.013s] -- Installing: /home/zaynap/grab/grab2/install/behaviortree_ros2/share/behaviortree_ros2/cmake/behaviortree_ros2Config-version.cmake
[23.013s] -- Installing: /home/zaynap/grab/grab2/install/behaviortree_ros2/share/behaviortree_ros2/package.xml
[23.015s] Invoked command in '/home/zaynap/grab/grab2/build/behaviortree_ros2' returned '0': AMENT_PREFIX_PATH=/home/zaynap/grab/grab2/install/btcpp_ros2_interfaces:${AMENT_PREFIX_PATH} CMAKE_PREFIX_PATH=/home/zaynap/grab/grab2/install/btcpp_ros2_interfaces:/opt/ros/humble LD_LIBRARY_PATH=/home/zaynap/grab/grab2/install/btcpp_ros2_interfaces/lib:${LD_LIBRARY_PATH} PYTHONPATH=/home/zaynap/grab/grab2/install/btcpp_ros2_interfaces/local/lib/python3.10/dist-packages:${PYTHONPATH} /usr/bin/cmake --install /home/zaynap/grab/grab2/build/behaviortree_ros2
