-- Install configuration: ""
-- Up-to-date: /home/zaynap/grab/grab2/install/grab2_controller/share/grab2_controller/launch
-- Up-to-date: /home/zaynap/grab/grab2/install/grab2_controller/share/grab2_controller/launch/ur5e_robotiq_2f_140_controllers.launch.py
-- Up-to-date: /home/zaynap/grab/grab2/install/grab2_controller/share/grab2_controller/launch/ur10e_suction_gripper_controllers.launch.py
-- Up-to-date: /home/zaynap/grab/grab2/install/grab2_controller/share/grab2_controller/launch/franka_controllers.launch.py
-- Up-to-date: /home/zaynap/grab/grab2/install/grab2_controller/share/grab2_controller/description
-- Up-to-date: /home/zaynap/grab/grab2/install/grab2_controller/share/grab2_controller/description/robotiq_2f_140
-- Up-to-date: /home/zaynap/grab/grab2/install/grab2_controller/share/grab2_controller/description/robotiq_2f_140/robotiq_2f_140.xacro
-- Up-to-date: /home/zaynap/grab/grab2/install/grab2_controller/share/grab2_controller/description/robotiq_2f_140/meshes
-- Up-to-date: /home/zaynap/grab/grab2/install/grab2_controller/share/grab2_controller/description/robotiq_2f_140/meshes/visual
-- Up-to-date: /home/zaynap/grab/grab2/install/grab2_controller/share/grab2_controller/description/robotiq_2f_140/meshes/visual/robotiq_arg2f_140_inner_knuckle.stl
-- Up-to-date: /home/zaynap/grab/grab2/install/grab2_controller/share/grab2_controller/description/robotiq_2f_140/meshes/visual/robotiq_arg2f_base_link.stl
-- Up-to-date: /home/zaynap/grab/grab2/install/grab2_controller/share/grab2_controller/description/robotiq_2f_140/meshes/visual/robotiq_arg2f_coupling.stl
-- Up-to-date: /home/zaynap/grab/grab2/install/grab2_controller/share/grab2_controller/description/robotiq_2f_140/meshes/visual/robotiq_arg2f_140_inner_finger.stl
-- Up-to-date: /home/zaynap/grab/grab2/install/grab2_controller/share/grab2_controller/description/robotiq_2f_140/meshes/visual/robotiq_arg2f_140_outer_knuckle.stl
-- Up-to-date: /home/zaynap/grab/grab2/install/grab2_controller/share/grab2_controller/description/robotiq_2f_140/meshes/visual/robotiq_arg2f_140_outer_finger.stl
-- Up-to-date: /home/zaynap/grab/grab2/install/grab2_controller/share/grab2_controller/description/robotiq_2f_140/meshes/collision
-- Up-to-date: /home/zaynap/grab/grab2/install/grab2_controller/share/grab2_controller/description/robotiq_2f_140/meshes/collision/robotiq_arg2f_140_inner_knuckle.stl
-- Up-to-date: /home/zaynap/grab/grab2/install/grab2_controller/share/grab2_controller/description/robotiq_2f_140/meshes/collision/robotiq_arg2f_base_link.stl
-- Up-to-date: /home/zaynap/grab/grab2/install/grab2_controller/share/grab2_controller/description/robotiq_2f_140/meshes/collision/robotiq_arg2f_coupling.stl
-- Up-to-date: /home/zaynap/grab/grab2/install/grab2_controller/share/grab2_controller/description/robotiq_2f_140/meshes/collision/robotiq_arg2f_140_inner_finger.stl
-- Up-to-date: /home/zaynap/grab/grab2/install/grab2_controller/share/grab2_controller/description/robotiq_2f_140/meshes/collision/robotiq_arg2f_140_outer_knuckle.stl
-- Up-to-date: /home/zaynap/grab/grab2/install/grab2_controller/share/grab2_controller/description/robotiq_2f_140/meshes/collision/robotiq_arg2f_140_outer_finger.stl
-- Up-to-date: /home/zaynap/grab/grab2/install/grab2_controller/share/grab2_controller/description/robotiq_2f_140/README.md
-- Up-to-date: /home/zaynap/grab/grab2/install/grab2_controller/share/grab2_controller/description/ur
-- Up-to-date: /home/zaynap/grab/grab2/install/grab2_controller/share/grab2_controller/description/ur/ur.urdf.xacro
-- Up-to-date: /home/zaynap/grab/grab2/install/grab2_controller/share/grab2_controller/description/ur/ur.ros2_control.xacro
-- Up-to-date: /home/zaynap/grab/grab2/install/grab2_controller/share/grab2_controller/description/panda
-- Up-to-date: /home/zaynap/grab/grab2/install/grab2_controller/share/grab2_controller/description/panda/panda.ros2_control.xacro
-- Up-to-date: /home/zaynap/grab/grab2/install/grab2_controller/share/grab2_controller/description/panda/panda.urdf.xacro
-- Up-to-date: /home/zaynap/grab/grab2/install/grab2_controller/share/grab2_controller/config
-- Up-to-date: /home/zaynap/grab/grab2/install/grab2_controller/share/grab2_controller/config/ur
-- Up-to-date: /home/zaynap/grab/grab2/install/grab2_controller/share/grab2_controller/config/ur/ros2_controllers.yaml
-- Up-to-date: /home/zaynap/grab/grab2/install/grab2_controller/share/grab2_controller/config/ur/initial_positions.yaml
-- Up-to-date: /home/zaynap/grab/grab2/install/grab2_controller/share/grab2_controller/config/rviz2
-- Up-to-date: /home/zaynap/grab/grab2/install/grab2_controller/share/grab2_controller/config/rviz2/3d_detection_cfg.yaml
-- Up-to-date: /home/zaynap/grab/grab2/install/grab2_controller/share/grab2_controller/config/rviz2/rviz2_config.rviz
-- Up-to-date: /home/zaynap/grab/grab2/install/grab2_controller/share/grab2_controller/config/panda
-- Up-to-date: /home/zaynap/grab/grab2/install/grab2_controller/share/grab2_controller/config/panda/ros2_controllers.yaml
-- Up-to-date: /home/zaynap/grab/grab2/install/grab2_controller/share/grab2_controller/config/panda/initial_positions.yaml
-- Up-to-date: /home/zaynap/grab/grab2/install/grab2_controller/share/ament_index/resource_index/package_run_dependencies/grab2_controller
-- Up-to-date: /home/zaynap/grab/grab2/install/grab2_controller/share/ament_index/resource_index/parent_prefix_path/grab2_controller
-- Up-to-date: /home/zaynap/grab/grab2/install/grab2_controller/share/grab2_controller/environment/ament_prefix_path.sh
-- Up-to-date: /home/zaynap/grab/grab2/install/grab2_controller/share/grab2_controller/environment/ament_prefix_path.dsv
-- Up-to-date: /home/zaynap/grab/grab2/install/grab2_controller/share/grab2_controller/environment/path.sh
-- Up-to-date: /home/zaynap/grab/grab2/install/grab2_controller/share/grab2_controller/environment/path.dsv
-- Up-to-date: /home/zaynap/grab/grab2/install/grab2_controller/share/grab2_controller/local_setup.bash
-- Up-to-date: /home/zaynap/grab/grab2/install/grab2_controller/share/grab2_controller/local_setup.sh
-- Up-to-date: /home/zaynap/grab/grab2/install/grab2_controller/share/grab2_controller/local_setup.zsh
-- Up-to-date: /home/zaynap/grab/grab2/install/grab2_controller/share/grab2_controller/local_setup.dsv
-- Up-to-date: /home/zaynap/grab/grab2/install/grab2_controller/share/grab2_controller/package.dsv
-- Up-to-date: /home/zaynap/grab/grab2/install/grab2_controller/share/ament_index/resource_index/packages/grab2_controller
-- Up-to-date: /home/zaynap/grab/grab2/install/grab2_controller/share/grab2_controller/cmake/grab2_controllerConfig.cmake
-- Up-to-date: /home/zaynap/grab/grab2/install/grab2_controller/share/grab2_controller/cmake/grab2_controllerConfig-version.cmake
-- Up-to-date: /home/zaynap/grab/grab2/install/grab2_controller/share/grab2_controller/package.xml
