[0.032s] Invoking command in '/home/zaynap/grab/grab2/build/grab2_controller': AMENT_PREFIX_PATH=/home/zaynap/grab/grab2/install/topic_based_ros2_control:${AMENT_PREFIX_PATH} CMAKE_PREFIX_PATH=/home/zaynap/grab/grab2/install/topic_based_ros2_control:/opt/ros/humble LD_LIBRARY_PATH=/home/zaynap/grab/grab2/install/topic_based_ros2_control/lib:${LD_LIBRARY_PATH} /usr/bin/cmake --build /home/zaynap/grab/grab2/build/grab2_controller -- -j8 -l8
[0.070s] Invoked command in '/home/zaynap/grab/grab2/build/grab2_controller' returned '0': AMENT_PREFIX_PATH=/home/zaynap/grab/grab2/install/topic_based_ros2_control:${AMENT_PREFIX_PATH} CMAKE_PREFIX_PATH=/home/zaynap/grab/grab2/install/topic_based_ros2_control:/opt/ros/humble LD_LIBRARY_PATH=/home/zaynap/grab/grab2/install/topic_based_ros2_control/lib:${LD_LIBRARY_PATH} /usr/bin/cmake --build /home/zaynap/grab/grab2/build/grab2_controller -- -j8 -l8
[0.072s] Invoking command in '/home/zaynap/grab/grab2/build/grab2_controller': AMENT_PREFIX_PATH=/home/zaynap/grab/grab2/install/topic_based_ros2_control:${AMENT_PREFIX_PATH} CMAKE_PREFIX_PATH=/home/zaynap/grab/grab2/install/topic_based_ros2_control:/opt/ros/humble LD_LIBRARY_PATH=/home/zaynap/grab/grab2/install/topic_based_ros2_control/lib:${LD_LIBRARY_PATH} /usr/bin/cmake --install /home/zaynap/grab/grab2/build/grab2_controller
[0.082s] -- Install configuration: ""
[0.082s] -- Up-to-date: /home/zaynap/grab/grab2/install/grab2_controller/share/grab2_controller/launch
[0.082s] -- Up-to-date: /home/zaynap/grab/grab2/install/grab2_controller/share/grab2_controller/launch/ur5e_robotiq_2f_140_controllers.launch.py
[0.082s] -- Up-to-date: /home/zaynap/grab/grab2/install/grab2_controller/share/grab2_controller/launch/ur10e_suction_gripper_controllers.launch.py
[0.083s] -- Up-to-date: /home/zaynap/grab/grab2/install/grab2_controller/share/grab2_controller/launch/franka_controllers.launch.py
[0.083s] -- Up-to-date: /home/zaynap/grab/grab2/install/grab2_controller/share/grab2_controller/description
[0.083s] -- Up-to-date: /home/zaynap/grab/grab2/install/grab2_controller/share/grab2_controller/description/robotiq_2f_140
[0.083s] -- Up-to-date: /home/zaynap/grab/grab2/install/grab2_controller/share/grab2_controller/description/robotiq_2f_140/robotiq_2f_140.xacro
[0.083s] -- Up-to-date: /home/zaynap/grab/grab2/install/grab2_controller/share/grab2_controller/description/robotiq_2f_140/meshes
[0.083s] -- Up-to-date: /home/zaynap/grab/grab2/install/grab2_controller/share/grab2_controller/description/robotiq_2f_140/meshes/visual
[0.083s] -- Up-to-date: /home/zaynap/grab/grab2/install/grab2_controller/share/grab2_controller/description/robotiq_2f_140/meshes/visual/robotiq_arg2f_140_inner_knuckle.stl
[0.083s] -- Up-to-date: /home/zaynap/grab/grab2/install/grab2_controller/share/grab2_controller/description/robotiq_2f_140/meshes/visual/robotiq_arg2f_base_link.stl
[0.083s] -- Up-to-date: /home/zaynap/grab/grab2/install/grab2_controller/share/grab2_controller/description/robotiq_2f_140/meshes/visual/robotiq_arg2f_coupling.stl
[0.083s] -- Up-to-date: /home/zaynap/grab/grab2/install/grab2_controller/share/grab2_controller/description/robotiq_2f_140/meshes/visual/robotiq_arg2f_140_inner_finger.stl
[0.084s] -- Up-to-date: /home/zaynap/grab/grab2/install/grab2_controller/share/grab2_controller/description/robotiq_2f_140/meshes/visual/robotiq_arg2f_140_outer_knuckle.stl
[0.084s] -- Up-to-date: /home/zaynap/grab/grab2/install/grab2_controller/share/grab2_controller/description/robotiq_2f_140/meshes/visual/robotiq_arg2f_140_outer_finger.stl
[0.084s] -- Up-to-date: /home/zaynap/grab/grab2/install/grab2_controller/share/grab2_controller/description/robotiq_2f_140/meshes/collision
[0.084s] -- Up-to-date: /home/zaynap/grab/grab2/install/grab2_controller/share/grab2_controller/description/robotiq_2f_140/meshes/collision/robotiq_arg2f_140_inner_knuckle.stl
[0.084s] -- Up-to-date: /home/zaynap/grab/grab2/install/grab2_controller/share/grab2_controller/description/robotiq_2f_140/meshes/collision/robotiq_arg2f_base_link.stl
[0.084s] -- Up-to-date: /home/zaynap/grab/grab2/install/grab2_controller/share/grab2_controller/description/robotiq_2f_140/meshes/collision/robotiq_arg2f_coupling.stl
[0.084s] -- Up-to-date: /home/zaynap/grab/grab2/install/grab2_controller/share/grab2_controller/description/robotiq_2f_140/meshes/collision/robotiq_arg2f_140_inner_finger.stl
[0.084s] -- Up-to-date: /home/zaynap/grab/grab2/install/grab2_controller/share/grab2_controller/description/robotiq_2f_140/meshes/collision/robotiq_arg2f_140_outer_knuckle.stl
[0.084s] -- Up-to-date: /home/zaynap/grab/grab2/install/grab2_controller/share/grab2_controller/description/robotiq_2f_140/meshes/collision/robotiq_arg2f_140_outer_finger.stl
[0.084s] -- Up-to-date: /home/zaynap/grab/grab2/install/grab2_controller/share/grab2_controller/description/robotiq_2f_140/README.md
[0.084s] -- Up-to-date: /home/zaynap/grab/grab2/install/grab2_controller/share/grab2_controller/description/ur
[0.084s] -- Up-to-date: /home/zaynap/grab/grab2/install/grab2_controller/share/grab2_controller/description/ur/ur.urdf.xacro
[0.084s] -- Up-to-date: /home/zaynap/grab/grab2/install/grab2_controller/share/grab2_controller/description/ur/ur.ros2_control.xacro
[0.084s] -- Up-to-date: /home/zaynap/grab/grab2/install/grab2_controller/share/grab2_controller/description/panda
[0.084s] -- Up-to-date: /home/zaynap/grab/grab2/install/grab2_controller/share/grab2_controller/description/panda/panda.ros2_control.xacro
[0.085s] -- Up-to-date: /home/zaynap/grab/grab2/install/grab2_controller/share/grab2_controller/description/panda/panda.urdf.xacro
[0.085s] -- Up-to-date: /home/zaynap/grab/grab2/install/grab2_controller/share/grab2_controller/config
[0.085s] -- Up-to-date: /home/zaynap/grab/grab2/install/grab2_controller/share/grab2_controller/config/ur
[0.085s] -- Up-to-date: /home/zaynap/grab/grab2/install/grab2_controller/share/grab2_controller/config/ur/ros2_controllers.yaml
[0.085s] -- Up-to-date: /home/zaynap/grab/grab2/install/grab2_controller/share/grab2_controller/config/ur/initial_positions.yaml
[0.085s] -- Up-to-date: /home/zaynap/grab/grab2/install/grab2_controller/share/grab2_controller/config/rviz2
[0.085s] -- Up-to-date: /home/zaynap/grab/grab2/install/grab2_controller/share/grab2_controller/config/rviz2/3d_detection_cfg.yaml
[0.085s] -- Up-to-date: /home/zaynap/grab/grab2/install/grab2_controller/share/grab2_controller/config/rviz2/rviz2_config.rviz
[0.085s] -- Up-to-date: /home/zaynap/grab/grab2/install/grab2_controller/share/grab2_controller/config/panda
[0.085s] -- Up-to-date: /home/zaynap/grab/grab2/install/grab2_controller/share/grab2_controller/config/panda/ros2_controllers.yaml
[0.085s] -- Up-to-date: /home/zaynap/grab/grab2/install/grab2_controller/share/grab2_controller/config/panda/initial_positions.yaml
[0.085s] -- Up-to-date: /home/zaynap/grab/grab2/install/grab2_controller/share/ament_index/resource_index/package_run_dependencies/grab2_controller
[0.085s] -- Up-to-date: /home/zaynap/grab/grab2/install/grab2_controller/share/ament_index/resource_index/parent_prefix_path/grab2_controller
[0.085s] -- Up-to-date: /home/zaynap/grab/grab2/install/grab2_controller/share/grab2_controller/environment/ament_prefix_path.sh
[0.085s] -- Up-to-date: /home/zaynap/grab/grab2/install/grab2_controller/share/grab2_controller/environment/ament_prefix_path.dsv
[0.085s] -- Up-to-date: /home/zaynap/grab/grab2/install/grab2_controller/share/grab2_controller/environment/path.sh
[0.086s] -- Up-to-date: /home/zaynap/grab/grab2/install/grab2_controller/share/grab2_controller/environment/path.dsv
[0.086s] -- Up-to-date: /home/zaynap/grab/grab2/install/grab2_controller/share/grab2_controller/local_setup.bash
[0.086s] -- Up-to-date: /home/zaynap/grab/grab2/install/grab2_controller/share/grab2_controller/local_setup.sh
[0.086s] -- Up-to-date: /home/zaynap/grab/grab2/install/grab2_controller/share/grab2_controller/local_setup.zsh
[0.086s] -- Up-to-date: /home/zaynap/grab/grab2/install/grab2_controller/share/grab2_controller/local_setup.dsv
[0.086s] -- Up-to-date: /home/zaynap/grab/grab2/install/grab2_controller/share/grab2_controller/package.dsv
[0.086s] -- Up-to-date: /home/zaynap/grab/grab2/install/grab2_controller/share/ament_index/resource_index/packages/grab2_controller
[0.086s] -- Up-to-date: /home/zaynap/grab/grab2/install/grab2_controller/share/grab2_controller/cmake/grab2_controllerConfig.cmake
[0.086s] -- Up-to-date: /home/zaynap/grab/grab2/install/grab2_controller/share/grab2_controller/cmake/grab2_controllerConfig-version.cmake
[0.086s] -- Up-to-date: /home/zaynap/grab/grab2/install/grab2_controller/share/grab2_controller/package.xml
[0.087s] Invoked command in '/home/zaynap/grab/grab2/build/grab2_controller' returned '0': AMENT_PREFIX_PATH=/home/zaynap/grab/grab2/install/topic_based_ros2_control:${AMENT_PREFIX_PATH} CMAKE_PREFIX_PATH=/home/zaynap/grab/grab2/install/topic_based_ros2_control:/opt/ros/humble LD_LIBRARY_PATH=/home/zaynap/grab/grab2/install/topic_based_ros2_control/lib:${LD_LIBRARY_PATH} /usr/bin/cmake --install /home/zaynap/grab/grab2/build/grab2_controller
