[1.111s] Invoking command in '/home/zaynap/grab/grab2/grab2_curobo_planner': CMAKE_PREFIX_PATH=/home/zaynap/grab/grab2/install/grab2_msgs:/home/zaynap/grab/grab2/install/grab2_controller:/home/zaynap/grab/grab2/install/topic_based_ros2_control:/home/zaynap/grab/grab2/install/grab2_planner:/home/zaynap/grab/grab2/install/grab2_grasp_generator:/home/zaynap/grab/grab2/install/grab2_ros_common:/home/zaynap/grab/grab2/install/grab2_behavior_tree:/home/zaynap/grab/grab2/install/btcpp_ros2_samples:/home/zaynap/grab/grab2/install/behaviortree_ros2:/home/zaynap/grab/grab2/install/btcpp_ros2_interfaces LD_LIBRARY_PATH=/home/zaynap/grab/grab2/install/grab2_msgs/lib:/home/zaynap/grab/grab2/install/topic_based_ros2_control/lib:/home/zaynap/grab/grab2/install/grab2_planner/lib:/home/zaynap/grab/grab2/install/grab2_grasp_generator/lib:/home/zaynap/grab/grab2/install/grab2_behavior_tree/lib:/home/zaynap/grab/grab2/install/behaviortree_ros2/lib:/home/zaynap/grab/grab2/install/btcpp_ros2_interfaces/lib:/usr/lib/x86_64-linux-gnu/gazebo-11/plugins:/opt/ros/humble/opt/rviz_ogre_vendor/lib:/opt/ros/humble/lib/x86_64-linux-gnu:/opt/ros/humble/lib PYTHONPATH=/home/zaynap/grab/grab2/build/grab2_curobo_planner/prefix_override:/usr/lib/python3/dist-packages/colcon_core/task/python/colcon_distutils_commands:/home/zaynap/grab/grab2/install/grab2_curobo_planner/lib/python3.10/site-packages:${PYTHONPATH} /usr/bin/python3 -W ignore:setup.py install is deprecated -W ignore:easy_install command is deprecated setup.py egg_info --egg-base ../build/grab2_curobo_planner build --build-base /home/zaynap/grab/grab2/build/grab2_curobo_planner/build install --record /home/zaynap/grab/grab2/build/grab2_curobo_planner/install.log --single-version-externally-managed install_data
[1.294s] /home/zaynap/.local/lib/python3.10/site-packages/setuptools/_distutils/dist.py:270: UserWarning: Unknown distribution option: 'tests_require'
[1.295s]   warnings.warn(msg)
[1.448s] running egg_info
[1.472s] writing ../build/grab2_curobo_planner/grab2_curobo_planner.egg-info/PKG-INFO
[1.473s] writing dependency_links to ../build/grab2_curobo_planner/grab2_curobo_planner.egg-info/dependency_links.txt
[1.473s] writing entry points to ../build/grab2_curobo_planner/grab2_curobo_planner.egg-info/entry_points.txt
[1.473s] writing requirements to ../build/grab2_curobo_planner/grab2_curobo_planner.egg-info/requires.txt
[1.473s] writing top-level names to ../build/grab2_curobo_planner/grab2_curobo_planner.egg-info/top_level.txt
[1.536s] reading manifest file '../build/grab2_curobo_planner/grab2_curobo_planner.egg-info/SOURCES.txt'
[1.537s] writing manifest file '../build/grab2_curobo_planner/grab2_curobo_planner.egg-info/SOURCES.txt'
[1.538s] running build
[1.538s] running build_py
[1.538s] copying grab2_curobo_planner/planning_server.py -> /home/zaynap/grab/grab2/build/grab2_curobo_planner/build/lib/grab2_curobo_planner
[1.538s] copying grab2_curobo_planner/__init__.py -> /home/zaynap/grab/grab2/build/grab2_curobo_planner/build/lib/grab2_curobo_planner
[1.538s] copying grab2_curobo_planner/curobo/motion_generation.py -> /home/zaynap/grab/grab2/build/grab2_curobo_planner/build/lib/grab2_curobo_planner/curobo
[1.538s] copying grab2_curobo_planner/curobo/__init__.py -> /home/zaynap/grab/grab2/build/grab2_curobo_planner/build/lib/grab2_curobo_planner/curobo
[1.539s] running install
[1.544s] running install_lib
[1.570s] running install_data
[1.570s] copying resource/grab2_curobo_planner -> /home/zaynap/grab/grab2/install/grab2_curobo_planner/share/ament_index/resource_index/packages
[1.570s] copying package.xml -> /home/zaynap/grab/grab2/install/grab2_curobo_planner/share/grab2_curobo_planner
[1.570s] copying launch/planning_server.launch.py -> /home/zaynap/grab/grab2/install/grab2_curobo_planner/share/grab2_curobo_planner/launch
[1.570s] copying config/table.yaml -> /home/zaynap/grab/grab2/install/grab2_curobo_planner/share/grab2_curobo_planner/config
[1.571s] copying config/toybox.yaml -> /home/zaynap/grab/grab2/install/grab2_curobo_planner/share/grab2_curobo_planner/config
[1.571s] running install_egg_info
[1.597s] removing '/home/zaynap/grab/grab2/install/grab2_curobo_planner/lib/python3.10/site-packages/grab2_curobo_planner-0.0.0-py3.10.egg-info' (and everything under it)
[1.597s] Copying ../build/grab2_curobo_planner/grab2_curobo_planner.egg-info to /home/zaynap/grab/grab2/install/grab2_curobo_planner/lib/python3.10/site-packages/grab2_curobo_planner-0.0.0-py3.10.egg-info
[1.598s] running install_scripts
[1.796s] Installing planning_server script to /home/zaynap/grab/grab2/install/grab2_curobo_planner/lib/grab2_curobo_planner
[1.796s] writing list of installed files to '/home/zaynap/grab/grab2/build/grab2_curobo_planner/install.log'
[1.828s] Invoked command in '/home/zaynap/grab/grab2/grab2_curobo_planner' returned '0': CMAKE_PREFIX_PATH=/home/zaynap/grab/grab2/install/grab2_msgs:/home/zaynap/grab/grab2/install/grab2_controller:/home/zaynap/grab/grab2/install/topic_based_ros2_control:/home/zaynap/grab/grab2/install/grab2_planner:/home/zaynap/grab/grab2/install/grab2_grasp_generator:/home/zaynap/grab/grab2/install/grab2_ros_common:/home/zaynap/grab/grab2/install/grab2_behavior_tree:/home/zaynap/grab/grab2/install/btcpp_ros2_samples:/home/zaynap/grab/grab2/install/behaviortree_ros2:/home/zaynap/grab/grab2/install/btcpp_ros2_interfaces LD_LIBRARY_PATH=/home/zaynap/grab/grab2/install/grab2_msgs/lib:/home/zaynap/grab/grab2/install/topic_based_ros2_control/lib:/home/zaynap/grab/grab2/install/grab2_planner/lib:/home/zaynap/grab/grab2/install/grab2_grasp_generator/lib:/home/zaynap/grab/grab2/install/grab2_behavior_tree/lib:/home/zaynap/grab/grab2/install/behaviortree_ros2/lib:/home/zaynap/grab/grab2/install/btcpp_ros2_interfaces/lib:/usr/lib/x86_64-linux-gnu/gazebo-11/plugins:/opt/ros/humble/opt/rviz_ogre_vendor/lib:/opt/ros/humble/lib/x86_64-linux-gnu:/opt/ros/humble/lib PYTHONPATH=/home/zaynap/grab/grab2/build/grab2_curobo_planner/prefix_override:/usr/lib/python3/dist-packages/colcon_core/task/python/colcon_distutils_commands:/home/zaynap/grab/grab2/install/grab2_curobo_planner/lib/python3.10/site-packages:${PYTHONPATH} /usr/bin/python3 -W ignore:setup.py install is deprecated -W ignore:easy_install command is deprecated setup.py egg_info --egg-base ../build/grab2_curobo_planner build --build-base /home/zaynap/grab/grab2/build/grab2_curobo_planner/build install --record /home/zaynap/grab/grab2/build/grab2_curobo_planner/install.log --single-version-externally-managed install_data
