/home/zaynap/grab/grab2/install/grab2_curobo_planner/lib/python3.10/site-packages/grab2_curobo_planner/planning_server.py
/home/zaynap/grab/grab2/install/grab2_curobo_planner/lib/python3.10/site-packages/grab2_curobo_planner/__init__.py
/home/zaynap/grab/grab2/install/grab2_curobo_planner/lib/python3.10/site-packages/grab2_curobo_planner/curobo/motion_generation.py
/home/zaynap/grab/grab2/install/grab2_curobo_planner/lib/python3.10/site-packages/grab2_curobo_planner/curobo/__init__.py
/home/zaynap/grab/grab2/install/grab2_curobo_planner/lib/python3.10/site-packages/grab2_curobo_planner/__pycache__/planning_server.cpython-310.pyc
/home/zaynap/grab/grab2/install/grab2_curobo_planner/lib/python3.10/site-packages/grab2_curobo_planner/__pycache__/__init__.cpython-310.pyc
/home/zaynap/grab/grab2/install/grab2_curobo_planner/lib/python3.10/site-packages/grab2_curobo_planner/curobo/__pycache__/motion_generation.cpython-310.pyc
/home/zaynap/grab/grab2/install/grab2_curobo_planner/lib/python3.10/site-packages/grab2_curobo_planner/curobo/__pycache__/__init__.cpython-310.pyc
/home/zaynap/grab/grab2/install/grab2_curobo_planner/share/ament_index/resource_index/packages/grab2_curobo_planner
/home/zaynap/grab/grab2/install/grab2_curobo_planner/share/grab2_curobo_planner/package.xml
/home/zaynap/grab/grab2/install/grab2_curobo_planner/share/grab2_curobo_planner/launch/planning_server.launch.py
/home/zaynap/grab/grab2/install/grab2_curobo_planner/share/grab2_curobo_planner/config/table.yaml
/home/zaynap/grab/grab2/install/grab2_curobo_planner/share/grab2_curobo_planner/config/toybox.yaml
/home/zaynap/grab/grab2/install/grab2_curobo_planner/lib/python3.10/site-packages/grab2_curobo_planner-0.0.0-py3.10.egg-info/zip-safe
/home/zaynap/grab/grab2/install/grab2_curobo_planner/lib/python3.10/site-packages/grab2_curobo_planner-0.0.0-py3.10.egg-info/requires.txt
/home/zaynap/grab/grab2/install/grab2_curobo_planner/lib/python3.10/site-packages/grab2_curobo_planner-0.0.0-py3.10.egg-info/entry_points.txt
/home/zaynap/grab/grab2/install/grab2_curobo_planner/lib/python3.10/site-packages/grab2_curobo_planner-0.0.0-py3.10.egg-info/top_level.txt
/home/zaynap/grab/grab2/install/grab2_curobo_planner/lib/python3.10/site-packages/grab2_curobo_planner-0.0.0-py3.10.egg-info/PKG-INFO
/home/zaynap/grab/grab2/install/grab2_curobo_planner/lib/python3.10/site-packages/grab2_curobo_planner-0.0.0-py3.10.egg-info/SOURCES.txt
/home/zaynap/grab/grab2/install/grab2_curobo_planner/lib/python3.10/site-packages/grab2_curobo_planner-0.0.0-py3.10.egg-info/dependency_links.txt
/home/zaynap/grab/grab2/install/grab2_curobo_planner/lib/grab2_curobo_planner/planning_server
