[0.018s] Invoking command in '/home/zaynap/grab/grab2/build/btcpp_ros2_samples': CMAKE_PREFIX_PATH=/home/zaynap/grab/grab2/install/behaviortree_ros2:/home/zaynap/grab/grab2/install/btcpp_ros2_interfaces:/home/zaynap/grab/grab2/install/grab2_controller:/home/zaynap/grab/grab2/install/topic_based_ros2_control:/home/zaynap/grab/grab2/install/grab2_planner:/home/zaynap/grab/grab2/install/grab2_grasp_generator:/home/zaynap/grab/grab2/install/grab2_ros_common:/home/zaynap/grab/grab2/install/grab2_behavior_tree:/home/zaynap/grab/grab2/install/grab2_msgs:/home/zaynap/grab/grab2/install/btcpp_ros2_samples:/home/zaynap/grab/grab2/install/grab2_curobo_planner:/opt/ros/humble LD_LIBRARY_PATH=/home/zaynap/grab/grab2/install/btcpp_ros2_interfaces/lib:/home/zaynap/grab/grab2/install/topic_based_ros2_control/lib:/home/zaynap/grab/grab2/install/grab2_planner/lib:/home/zaynap/grab/grab2/install/grab2_grasp_generator/lib:/home/zaynap/grab/grab2/install/grab2_behavior_tree/lib:/home/zaynap/grab/grab2/install/grab2_msgs/lib:/home/zaynap/grab/grab2/install/behaviortree_ros2/lib:/usr/lib/x86_64-linux-gnu/gazebo-11/plugins:/opt/ros/humble/opt/rviz_ogre_vendor/lib:/opt/ros/humble/lib/x86_64-linux-gnu:/opt/ros/humble/lib /usr/bin/cmake --build /home/zaynap/grab/grab2/build/btcpp_ros2_samples -- -j8 -l8
[0.076s] [35m[1mConsolidate compiler generated dependencies of target sleep_plugin[0m
[0.077s] [35m[1mConsolidate compiler generated dependencies of target sample_bt_executor[0m
[0.078s] [35m[1mConsolidate compiler generated dependencies of target sleep_server[0m
[0.078s] [35m[1mConsolidate compiler generated dependencies of target sleep_client[0m
[0.080s] [35m[1mConsolidate compiler generated dependencies of target bool_client[0m
[0.083s] [35m[1mConsolidate compiler generated dependencies of target subscriber_test[0m
[0.085s] [35m[1mConsolidate compiler generated dependencies of target bool_server[0m
[0.109s] [ 11%] Built target sleep_plugin
[0.128s] [ 22%] Built target sleep_server
[0.134s] [ 38%] Built target bool_client
[0.143s] [ 50%] Built target sample_bt_executor
[0.145s] [ 61%] Built target bool_server
[0.152s] [ 77%] Built target sleep_client
[0.159s] [ 88%] Built target subscriber_test
[0.161s] [35m[1mConsolidate compiler generated dependencies of target sleep_client_dyn[0m
[0.189s] [100%] Built target sleep_client_dyn
[0.203s] Invoked command in '/home/zaynap/grab/grab2/build/btcpp_ros2_samples' returned '0': CMAKE_PREFIX_PATH=/home/zaynap/grab/grab2/install/behaviortree_ros2:/home/zaynap/grab/grab2/install/btcpp_ros2_interfaces:/home/zaynap/grab/grab2/install/grab2_controller:/home/zaynap/grab/grab2/install/topic_based_ros2_control:/home/zaynap/grab/grab2/install/grab2_planner:/home/zaynap/grab/grab2/install/grab2_grasp_generator:/home/zaynap/grab/grab2/install/grab2_ros_common:/home/zaynap/grab/grab2/install/grab2_behavior_tree:/home/zaynap/grab/grab2/install/grab2_msgs:/home/zaynap/grab/grab2/install/btcpp_ros2_samples:/home/zaynap/grab/grab2/install/grab2_curobo_planner:/opt/ros/humble LD_LIBRARY_PATH=/home/zaynap/grab/grab2/install/btcpp_ros2_interfaces/lib:/home/zaynap/grab/grab2/install/topic_based_ros2_control/lib:/home/zaynap/grab/grab2/install/grab2_planner/lib:/home/zaynap/grab/grab2/install/grab2_grasp_generator/lib:/home/zaynap/grab/grab2/install/grab2_behavior_tree/lib:/home/zaynap/grab/grab2/install/grab2_msgs/lib:/home/zaynap/grab/grab2/install/behaviortree_ros2/lib:/usr/lib/x86_64-linux-gnu/gazebo-11/plugins:/opt/ros/humble/opt/rviz_ogre_vendor/lib:/opt/ros/humble/lib/x86_64-linux-gnu:/opt/ros/humble/lib /usr/bin/cmake --build /home/zaynap/grab/grab2/build/btcpp_ros2_samples -- -j8 -l8
[0.205s] Invoking command in '/home/zaynap/grab/grab2/build/btcpp_ros2_samples': CMAKE_PREFIX_PATH=/home/zaynap/grab/grab2/install/behaviortree_ros2:/home/zaynap/grab/grab2/install/btcpp_ros2_interfaces:/home/zaynap/grab/grab2/install/grab2_controller:/home/zaynap/grab/grab2/install/topic_based_ros2_control:/home/zaynap/grab/grab2/install/grab2_planner:/home/zaynap/grab/grab2/install/grab2_grasp_generator:/home/zaynap/grab/grab2/install/grab2_ros_common:/home/zaynap/grab/grab2/install/grab2_behavior_tree:/home/zaynap/grab/grab2/install/grab2_msgs:/home/zaynap/grab/grab2/install/btcpp_ros2_samples:/home/zaynap/grab/grab2/install/grab2_curobo_planner:/opt/ros/humble LD_LIBRARY_PATH=/home/zaynap/grab/grab2/install/btcpp_ros2_interfaces/lib:/home/zaynap/grab/grab2/install/topic_based_ros2_control/lib:/home/zaynap/grab/grab2/install/grab2_planner/lib:/home/zaynap/grab/grab2/install/grab2_grasp_generator/lib:/home/zaynap/grab/grab2/install/grab2_behavior_tree/lib:/home/zaynap/grab/grab2/install/grab2_msgs/lib:/home/zaynap/grab/grab2/install/behaviortree_ros2/lib:/usr/lib/x86_64-linux-gnu/gazebo-11/plugins:/opt/ros/humble/opt/rviz_ogre_vendor/lib:/opt/ros/humble/lib/x86_64-linux-gnu:/opt/ros/humble/lib /usr/bin/cmake --install /home/zaynap/grab/grab2/build/btcpp_ros2_samples
[0.214s] -- Install configuration: ""
[0.214s] -- Execute custom install script
[0.215s] -- Up-to-date symlink: /home/zaynap/grab/grab2/install/btcpp_ros2_samples/lib/btcpp_ros2_samples/sleep_client
[0.215s] -- Up-to-date symlink: /home/zaynap/grab/grab2/install/btcpp_ros2_samples/lib/btcpp_ros2_samples/sleep_client_dyn
[0.215s] -- Up-to-date symlink: /home/zaynap/grab/grab2/install/btcpp_ros2_samples/lib/btcpp_ros2_samples/sleep_server
[0.216s] -- Up-to-date symlink: /home/zaynap/grab/grab2/install/btcpp_ros2_samples/lib/btcpp_ros2_samples/libsleep_plugin.so
[0.216s] -- Up-to-date symlink: /home/zaynap/grab/grab2/install/btcpp_ros2_samples/lib/btcpp_ros2_samples/subscriber_test
[0.216s] -- Up-to-date symlink: /home/zaynap/grab/grab2/install/btcpp_ros2_samples/lib/btcpp_ros2_samples/sample_bt_executor
[0.216s] -- Up-to-date symlink: /home/zaynap/grab/grab2/install/btcpp_ros2_samples/lib/btcpp_ros2_samples/bool_client
[0.217s] -- Up-to-date symlink: /home/zaynap/grab/grab2/install/btcpp_ros2_samples/lib/btcpp_ros2_samples/bool_server
[0.217s] -- Up-to-date symlink: /home/zaynap/grab/grab2/install/btcpp_ros2_samples/share/btcpp_ros2_samples/bt_plugins/libsleep_plugin.so
[0.217s] -- Up-to-date symlink: /home/zaynap/grab/grab2/install/btcpp_ros2_samples/share/btcpp_ros2_samples//behavior_trees/cross_door.xml
[0.218s] -- Up-to-date symlink: /home/zaynap/grab/grab2/install/btcpp_ros2_samples/share/btcpp_ros2_samples//behavior_trees/door_closed.xml
[0.218s] -- Up-to-date symlink: /home/zaynap/grab/grab2/install/btcpp_ros2_samples/share/btcpp_ros2_samples//behavior_trees/sleep_action.xml
[0.218s] -- Up-to-date symlink: /home/zaynap/grab/grab2/install/btcpp_ros2_samples/share/btcpp_ros2_samples//config/sample_bt_executor.yaml
[0.218s] -- Up-to-date symlink: /home/zaynap/grab/grab2/install/btcpp_ros2_samples/share/btcpp_ros2_samples//launch/sample_bt_executor.launch.xml
[0.218s] -- Up-to-date symlink: /home/zaynap/grab/grab2/install/btcpp_ros2_samples/share/ament_index/resource_index/package_run_dependencies/btcpp_ros2_samples
[0.219s] -- Up-to-date symlink: /home/zaynap/grab/grab2/install/btcpp_ros2_samples/share/ament_index/resource_index/parent_prefix_path/btcpp_ros2_samples
[0.219s] -- Up-to-date symlink: /home/zaynap/grab/grab2/install/btcpp_ros2_samples/share/btcpp_ros2_samples/environment/ament_prefix_path.sh
[0.219s] -- Up-to-date symlink: /home/zaynap/grab/grab2/install/btcpp_ros2_samples/share/btcpp_ros2_samples/environment/ament_prefix_path.dsv
[0.220s] -- Up-to-date symlink: /home/zaynap/grab/grab2/install/btcpp_ros2_samples/share/btcpp_ros2_samples/environment/path.sh
[0.220s] -- Up-to-date symlink: /home/zaynap/grab/grab2/install/btcpp_ros2_samples/share/btcpp_ros2_samples/environment/path.dsv
[0.220s] -- Up-to-date symlink: /home/zaynap/grab/grab2/install/btcpp_ros2_samples/share/btcpp_ros2_samples/local_setup.bash
[0.220s] -- Up-to-date symlink: /home/zaynap/grab/grab2/install/btcpp_ros2_samples/share/btcpp_ros2_samples/local_setup.sh
[0.220s] -- Up-to-date symlink: /home/zaynap/grab/grab2/install/btcpp_ros2_samples/share/btcpp_ros2_samples/local_setup.zsh
[0.220s] -- Up-to-date symlink: /home/zaynap/grab/grab2/install/btcpp_ros2_samples/share/btcpp_ros2_samples/local_setup.dsv
[0.221s] -- Symlinking: /home/zaynap/grab/grab2/install/btcpp_ros2_samples/share/btcpp_ros2_samples/package.dsv
[0.233s] -- Up-to-date symlink: /home/zaynap/grab/grab2/install/btcpp_ros2_samples/share/ament_index/resource_index/packages/btcpp_ros2_samples
[0.233s] -- Up-to-date symlink: /home/zaynap/grab/grab2/install/btcpp_ros2_samples/share/btcpp_ros2_samples/cmake/ament_cmake_export_dependencies-extras.cmake
[0.233s] -- Up-to-date symlink: /home/zaynap/grab/grab2/install/btcpp_ros2_samples/share/btcpp_ros2_samples/cmake/btcpp_ros2_samplesConfig.cmake
[0.233s] -- Up-to-date symlink: /home/zaynap/grab/grab2/install/btcpp_ros2_samples/share/btcpp_ros2_samples/cmake/btcpp_ros2_samplesConfig-version.cmake
[0.233s] -- Up-to-date symlink: /home/zaynap/grab/grab2/install/btcpp_ros2_samples/share/btcpp_ros2_samples/package.xml
[0.248s] Invoked command in '/home/zaynap/grab/grab2/build/btcpp_ros2_samples' returned '0': CMAKE_PREFIX_PATH=/home/zaynap/grab/grab2/install/behaviortree_ros2:/home/zaynap/grab/grab2/install/btcpp_ros2_interfaces:/home/zaynap/grab/grab2/install/grab2_controller:/home/zaynap/grab/grab2/install/topic_based_ros2_control:/home/zaynap/grab/grab2/install/grab2_planner:/home/zaynap/grab/grab2/install/grab2_grasp_generator:/home/zaynap/grab/grab2/install/grab2_ros_common:/home/zaynap/grab/grab2/install/grab2_behavior_tree:/home/zaynap/grab/grab2/install/grab2_msgs:/home/zaynap/grab/grab2/install/btcpp_ros2_samples:/home/zaynap/grab/grab2/install/grab2_curobo_planner:/opt/ros/humble LD_LIBRARY_PATH=/home/zaynap/grab/grab2/install/btcpp_ros2_interfaces/lib:/home/zaynap/grab/grab2/install/topic_based_ros2_control/lib:/home/zaynap/grab/grab2/install/grab2_planner/lib:/home/zaynap/grab/grab2/install/grab2_grasp_generator/lib:/home/zaynap/grab/grab2/install/grab2_behavior_tree/lib:/home/zaynap/grab/grab2/install/grab2_msgs/lib:/home/zaynap/grab/grab2/install/behaviortree_ros2/lib:/usr/lib/x86_64-linux-gnu/gazebo-11/plugins:/opt/ros/humble/opt/rviz_ogre_vendor/lib:/opt/ros/humble/lib/x86_64-linux-gnu:/opt/ros/humble/lib /usr/bin/cmake --install /home/zaynap/grab/grab2/build/btcpp_ros2_samples
