-- The C compiler identification is GNU 11.4.0
-- The CXX compiler identification is GNU 11.4.0
-- Detecting C compiler ABI info
-- Detecting C compiler ABI info - done
-- Check for working C compiler: /usr/bin/cc - skipped
-- Detecting C compile features
-- Detecting C compile features - done
-- Detecting CXX compiler ABI info
-- Detecting CXX compiler ABI info - done
-- Check for working CXX compiler: /usr/bin/c++ - skipped
-- Detecting CXX compile features
-- Detecting CXX compile features - done
-- Found ament_cmake: 1.3.12 (/opt/ros/humble/share/ament_cmake/cmake)
-- Found Python3: /usr/bin/python3 (found version "3.10.12") found components: Interpreter 
-- Found ament_cmake_ros: 0.10.0 (/opt/ros/humble/share/ament_cmake_ros/cmake)
-- Found rclcpp: 16.0.15 (/opt/ros/humble/share/rclcpp/cmake)
-- Found rosidl_generator_c: 3.1.7 (/opt/ros/humble/share/rosidl_generator_c/cmake)
-- Found rosidl_adapter: 3.1.7 (/opt/ros/humble/share/rosidl_adapter/cmake)
-- Found rosidl_generator_cpp: 3.1.7 (/opt/ros/humble/share/rosidl_generator_cpp/cmake)
-- Using all available rosidl_typesupport_c: rosidl_typesupport_fastrtps_c;rosidl_typesupport_introspection_c
-- Using all available rosidl_typesupport_cpp: rosidl_typesupport_fastrtps_cpp;rosidl_typesupport_introspection_cpp
-- Found rmw_implementation_cmake: 6.1.2 (/opt/ros/humble/share/rmw_implementation_cmake/cmake)
-- Found rmw_fastrtps_cpp: 6.2.8 (/opt/ros/humble/share/rmw_fastrtps_cpp/cmake)
-- Found OpenSSL: /usr/lib/x86_64-linux-gnu/libcrypto.so (found version "3.0.2")  
-- Found FastRTPS: /opt/ros/humble/include  
-- Using RMW implementation 'rmw_fastrtps_cpp' as default
-- Looking for pthread.h
-- Looking for pthread.h - found
-- Performing Test CMAKE_HAVE_LIBC_PTHREAD
-- Performing Test CMAKE_HAVE_LIBC_PTHREAD - Success
-- Found Threads: TRUE  
-- Found rclcpp_action: 16.0.15 (/opt/ros/humble/share/rclcpp_action/cmake)
-- Found rclcpp_components: 16.0.15 (/opt/ros/humble/share/rclcpp_components/cmake)
-- Found rclcpp_lifecycle: 16.0.15 (/opt/ros/humble/share/rclcpp_lifecycle/cmake)
-- Found pluginlib: 5.1.0 (/opt/ros/humble/share/pluginlib/cmake)
-- Found grab2_msgs: 0.0.0 (/home/zaynap/grab/grab2/install/grab2_msgs/share/grab2_msgs/cmake)
-- Found grab2_ros_common: 0.0.0 (/home/zaynap/grab/grab2/install/grab2_ros_common/share/grab2_ros_common/cmake)
-- Found eigen3_cmake_module: 0.1.1 (/opt/ros/humble/share/eigen3_cmake_module/cmake)
-- Found Eigen3: TRUE (found version "3.4.0") 
-- Ensuring Eigen3 include directory is part of orocos-kdl CMake target
-- Found visualization_msgs: 4.9.0 (/opt/ros/humble/share/visualization_msgs/cmake)
-- Found moveit_ros_planning: 2.5.9 (/opt/ros/humble/share/moveit_ros_planning/cmake)
-- Found Boost: /usr/lib/x86_64-linux-gnu/cmake/Boost-1.74.0/BoostConfig.cmake (found version "1.74.0") found components: system filesystem date_time program_options thread chrono 
-- Found Boost: /usr/lib/x86_64-linux-gnu/cmake/Boost-1.74.0/BoostConfig.cmake (found version "1.74.0") found components: chrono date_time filesystem iostreams program_options regex serialization system thread 
-- Found parameter_traits: 0.5.0 (/opt/ros/humble/share/parameter_traits/cmake)
-- Found Boost: /usr/lib/x86_64-linux-gnu/cmake/Boost-1.74.0/BoostConfig.cmake (found version "1.74.0") found components: filesystem 
-- library: /usr/lib/x86_64-linux-gnu/libcurl.so
-- Found moveit_ros_planning_interface: 2.5.9 (/opt/ros/humble/share/moveit_ros_planning_interface/cmake)
-- Found Boost: /usr/lib/x86_64-linux-gnu/cmake/Boost-1.74.0/BoostConfig.cmake (found version "1.74.0") found components: date_time filesystem program_options system thread 
-- Found Boost: /usr/lib/x86_64-linux-gnu/cmake/Boost-1.74.0/BoostConfig.cmake (found version "1.74.0") found components: thread system filesystem regex date_time program_options 
-- Found Boost: /usr/lib/x86_64-linux-gnu/cmake/Boost-1.74.0/BoostConfig.cmake (found version "1.74.0") found components: system filesystem date_time program_options thread 
-- Found ament_lint_auto: 0.12.14 (/opt/ros/humble/share/ament_lint_auto/cmake)
-- Added test 'cppcheck' to perform static code analysis on C / C++ code
-- Configured cppcheck include dirs: $<BUILD_INTERFACE:/home/zaynap/grab/grab2/grab2_planner/include>
-- Configured cppcheck exclude dirs and/or files: 
-- Added test 'cpplint' to check C / C++ code against the Google style
-- Configured cpplint exclude dirs and/or files: 
-- Added test 'flake8' to check Python code syntax and style conventions
-- Added test 'lint_cmake' to check CMake code style
-- Added test 'pep257' to check Python code against some of the docstring style conventions in PEP 257
-- Added test 'uncrustify' to check C / C++ code style
-- Configured uncrustify additional arguments: 
-- Added test 'xmllint' to check XML markup files
-- Configuring done
-- Generating done
-- Build files have been written to: /home/zaynap/grab/grab2/build/grab2_planner
[ 25%] [32mBuilding CXX object CMakeFiles/planner_server_core.dir/src/planner_server.cpp.o[0m
[ 50%] [32m[1mLinking CXX shared library libplanner_server_core.so[0m
[ 50%] Built target planner_server_core
[ 75%] [32mBuilding CXX object CMakeFiles/planner_server.dir/src/main.cpp.o[0m
[100%] [32m[1mLinking CXX executable planner_server[0m
[100%] Built target planner_server
-- Install configuration: ""
-- Installing: /home/zaynap/grab/grab2/install/grab2_planner/lib/libplanner_server_core.so
-- Set runtime path of "/home/zaynap/grab/grab2/install/grab2_planner/lib/libplanner_server_core.so" to ""
-- Installing: /home/zaynap/grab/grab2/install/grab2_planner/lib/grab2_planner/planner_server
-- Set runtime path of "/home/zaynap/grab/grab2/install/grab2_planner/lib/grab2_planner/planner_server" to ""
-- Installing: /home/zaynap/grab/grab2/install/grab2_planner/include/grab2_planner
-- Installing: /home/zaynap/grab/grab2/install/grab2_planner/include/grab2_planner/grab2_planner
-- Installing: /home/zaynap/grab/grab2/install/grab2_planner/include/grab2_planner/grab2_planner/planner_server.hpp
-- Installing: /home/zaynap/grab/grab2/install/grab2_planner/share/grab2_planner/launch
-- Installing: /home/zaynap/grab/grab2/install/grab2_planner/share/grab2_planner/launch/planning_server.launch.py
-- Installing: /home/zaynap/grab/grab2/install/grab2_planner/share/grab2_planner/config
-- Installing: /home/zaynap/grab/grab2/install/grab2_planner/share/grab2_planner/config/panda_move_group.rviz
-- Installing: /home/zaynap/grab/grab2/install/grab2_planner/share/grab2_planner/environment/library_path.sh
-- Installing: /home/zaynap/grab/grab2/install/grab2_planner/share/grab2_planner/environment/library_path.dsv
-- Installing: /home/zaynap/grab/grab2/install/grab2_planner/share/ament_index/resource_index/package_run_dependencies/grab2_planner
-- Installing: /home/zaynap/grab/grab2/install/grab2_planner/share/ament_index/resource_index/parent_prefix_path/grab2_planner
-- Installing: /home/zaynap/grab/grab2/install/grab2_planner/share/grab2_planner/environment/ament_prefix_path.sh
-- Installing: /home/zaynap/grab/grab2/install/grab2_planner/share/grab2_planner/environment/ament_prefix_path.dsv
-- Installing: /home/zaynap/grab/grab2/install/grab2_planner/share/grab2_planner/environment/path.sh
-- Installing: /home/zaynap/grab/grab2/install/grab2_planner/share/grab2_planner/environment/path.dsv
-- Installing: /home/zaynap/grab/grab2/install/grab2_planner/share/grab2_planner/local_setup.bash
-- Installing: /home/zaynap/grab/grab2/install/grab2_planner/share/grab2_planner/local_setup.sh
-- Installing: /home/zaynap/grab/grab2/install/grab2_planner/share/grab2_planner/local_setup.zsh
-- Installing: /home/zaynap/grab/grab2/install/grab2_planner/share/grab2_planner/local_setup.dsv
-- Installing: /home/zaynap/grab/grab2/install/grab2_planner/share/grab2_planner/package.dsv
-- Installing: /home/zaynap/grab/grab2/install/grab2_planner/share/ament_index/resource_index/packages/grab2_planner
-- Installing: /home/zaynap/grab/grab2/install/grab2_planner/share/grab2_planner/cmake/planner_server_coreExport.cmake
-- Installing: /home/zaynap/grab/grab2/install/grab2_planner/share/grab2_planner/cmake/planner_server_coreExport-noconfig.cmake
-- Installing: /home/zaynap/grab/grab2/install/grab2_planner/share/grab2_planner/cmake/ament_cmake_export_include_directories-extras.cmake
-- Installing: /home/zaynap/grab/grab2/install/grab2_planner/share/grab2_planner/cmake/ament_cmake_export_libraries-extras.cmake
-- Installing: /home/zaynap/grab/grab2/install/grab2_planner/share/grab2_planner/cmake/ament_cmake_export_dependencies-extras.cmake
-- Installing: /home/zaynap/grab/grab2/install/grab2_planner/share/grab2_planner/cmake/ament_cmake_export_targets-extras.cmake
-- Installing: /home/zaynap/grab/grab2/install/grab2_planner/share/grab2_planner/cmake/grab2_plannerConfig.cmake
-- Installing: /home/zaynap/grab/grab2/install/grab2_planner/share/grab2_planner/cmake/grab2_plannerConfig-version.cmake
-- Installing: /home/zaynap/grab/grab2/install/grab2_planner/share/grab2_planner/package.xml
