[0.023s] Invoking command in '/home/zaynap/grab/grab2/build/grab2_planner': CMAKE_PREFIX_PATH=/home/zaynap/grab/grab2/install/grab2_ros_common:/home/zaynap/grab/grab2/install/grab2_msgs:/home/zaynap/grab/grab2/install/grab2_controller:/home/zaynap/grab/grab2/install/topic_based_ros2_control:/home/zaynap/grab/grab2/install/grab2_planner:/home/zaynap/grab/grab2/install/grab2_grasp_generator:/home/zaynap/grab/grab2/install/grab2_behavior_tree:/home/zaynap/grab/grab2/install/btcpp_ros2_samples:/home/zaynap/grab/grab2/install/behaviortree_ros2:/home/zaynap/grab/grab2/install/btcpp_ros2_interfaces:/home/zaynap/grab/grab2/install/grab2_curobo_planner:/opt/ros/humble LD_LIBRARY_PATH=/home/zaynap/grab/grab2/install/grab2_msgs/lib:/home/zaynap/grab/grab2/install/topic_based_ros2_control/lib:/home/zaynap/grab/grab2/install/grab2_planner/lib:/home/zaynap/grab/grab2/install/grab2_grasp_generator/lib:/home/zaynap/grab/grab2/install/grab2_behavior_tree/lib:/home/zaynap/grab/grab2/install/behaviortree_ros2/lib:/home/zaynap/grab/grab2/install/btcpp_ros2_interfaces/lib:/usr/lib/x86_64-linux-gnu/gazebo-11/plugins:/opt/ros/humble/opt/rviz_ogre_vendor/lib:/opt/ros/humble/lib/x86_64-linux-gnu:/opt/ros/humble/lib /usr/bin/cmake /home/zaynap/grab/grab2/grab2_planner -DCMAKE_INSTALL_PREFIX=/home/zaynap/grab/grab2/install/grab2_planner
[0.109s] -- The C compiler identification is GNU 11.4.0
[0.205s] -- The CXX compiler identification is GNU 11.4.0
[0.216s] -- Detecting C compiler ABI info
[0.322s] -- Detecting C compiler ABI info - done
[0.347s] -- Check for working C compiler: /usr/bin/cc - skipped
[0.347s] -- Detecting C compile features
[0.347s] -- Detecting C compile features - done
[0.354s] -- Detecting CXX compiler ABI info
[0.451s] -- Detecting CXX compiler ABI info - done
[0.461s] -- Check for working CXX compiler: /usr/bin/c++ - skipped
[0.461s] -- Detecting CXX compile features
[0.464s] -- Detecting CXX compile features - done
[0.466s] -- Found ament_cmake: 1.3.12 (/opt/ros/humble/share/ament_cmake/cmake)
[1.158s] -- Found Python3: /usr/bin/python3 (found version "3.10.12") found components: Interpreter 
[1.350s] -- Found ament_cmake_ros: 0.10.0 (/opt/ros/humble/share/ament_cmake_ros/cmake)
[1.365s] -- Found rclcpp: 16.0.15 (/opt/ros/humble/share/rclcpp/cmake)
[1.445s] -- Found rosidl_generator_c: 3.1.7 (/opt/ros/humble/share/rosidl_generator_c/cmake)
[1.455s] -- Found rosidl_adapter: 3.1.7 (/opt/ros/humble/share/rosidl_adapter/cmake)
[1.473s] -- Found rosidl_generator_cpp: 3.1.7 (/opt/ros/humble/share/rosidl_generator_cpp/cmake)
[1.496s] -- Using all available rosidl_typesupport_c: rosidl_typesupport_fastrtps_c;rosidl_typesupport_introspection_c
[1.529s] -- Using all available rosidl_typesupport_cpp: rosidl_typesupport_fastrtps_cpp;rosidl_typesupport_introspection_cpp
[1.619s] -- Found rmw_implementation_cmake: 6.1.2 (/opt/ros/humble/share/rmw_implementation_cmake/cmake)
[1.625s] -- Found rmw_fastrtps_cpp: 6.2.8 (/opt/ros/humble/share/rmw_fastrtps_cpp/cmake)
[1.778s] -- Found OpenSSL: /usr/lib/x86_64-linux-gnu/libcrypto.so (found version "3.0.2")  
[1.830s] -- Found FastRTPS: /opt/ros/humble/include  
[1.903s] -- Using RMW implementation 'rmw_fastrtps_cpp' as default
[1.920s] -- Looking for pthread.h
[2.003s] -- Looking for pthread.h - found
[2.003s] -- Performing Test CMAKE_HAVE_LIBC_PTHREAD
[2.101s] -- Performing Test CMAKE_HAVE_LIBC_PTHREAD - Success
[2.101s] -- Found Threads: TRUE  
[2.168s] -- Found rclcpp_action: 16.0.15 (/opt/ros/humble/share/rclcpp_action/cmake)
[2.209s] -- Found rclcpp_components: 16.0.15 (/opt/ros/humble/share/rclcpp_components/cmake)
[2.241s] -- Found rclcpp_lifecycle: 16.0.15 (/opt/ros/humble/share/rclcpp_lifecycle/cmake)
[2.265s] -- Found pluginlib: 5.1.0 (/opt/ros/humble/share/pluginlib/cmake)
[2.282s] -- Found grab2_msgs: 0.0.0 (/home/zaynap/grab/grab2/install/grab2_msgs/share/grab2_msgs/cmake)
[2.560s] -- Found grab2_ros_common: 0.0.0 (/home/zaynap/grab/grab2/install/grab2_ros_common/share/grab2_ros_common/cmake)
[2.592s] -- Found eigen3_cmake_module: 0.1.1 (/opt/ros/humble/share/eigen3_cmake_module/cmake)
[2.594s] -- Found Eigen3: TRUE (found version "3.4.0") 
[2.594s] -- Ensuring Eigen3 include directory is part of orocos-kdl CMake target
[2.646s] -- Found visualization_msgs: 4.9.0 (/opt/ros/humble/share/visualization_msgs/cmake)
[2.680s] -- Found moveit_ros_planning: 2.5.9 (/opt/ros/humble/share/moveit_ros_planning/cmake)
[2.719s] -- Found Boost: /usr/lib/x86_64-linux-gnu/cmake/Boost-1.74.0/BoostConfig.cmake (found version "1.74.0") found components: system filesystem date_time program_options thread chrono 
[2.772s] -- Found Boost: /usr/lib/x86_64-linux-gnu/cmake/Boost-1.74.0/BoostConfig.cmake (found version "1.74.0") found components: chrono date_time filesystem iostreams program_options regex serialization system thread 
[2.877s] -- Found parameter_traits: 0.5.0 (/opt/ros/humble/share/parameter_traits/cmake)
[2.913s] -- Found Boost: /usr/lib/x86_64-linux-gnu/cmake/Boost-1.74.0/BoostConfig.cmake (found version "1.74.0") found components: filesystem 
[3.059s] -- library: /usr/lib/x86_64-linux-gnu/libcurl.so
[3.156s] -- Found moveit_ros_planning_interface: 2.5.9 (/opt/ros/humble/share/moveit_ros_planning_interface/cmake)
[3.164s] -- Found Boost: /usr/lib/x86_64-linux-gnu/cmake/Boost-1.74.0/BoostConfig.cmake (found version "1.74.0") found components: date_time filesystem program_options system thread 
[3.190s] -- Found Boost: /usr/lib/x86_64-linux-gnu/cmake/Boost-1.74.0/BoostConfig.cmake (found version "1.74.0") found components: thread system filesystem regex date_time program_options 
[3.232s] -- Found Boost: /usr/lib/x86_64-linux-gnu/cmake/Boost-1.74.0/BoostConfig.cmake (found version "1.74.0") found components: system filesystem date_time program_options thread 
[3.294s] -- Found ament_lint_auto: 0.12.14 (/opt/ros/humble/share/ament_lint_auto/cmake)
[3.503s] -- Added test 'cppcheck' to perform static code analysis on C / C++ code
[3.503s] -- Configured cppcheck include dirs: $<BUILD_INTERFACE:/home/zaynap/grab/grab2/grab2_planner/include>
[3.503s] -- Configured cppcheck exclude dirs and/or files: 
[3.505s] -- Added test 'cpplint' to check C / C++ code against the Google style
[3.505s] -- Configured cpplint exclude dirs and/or files: 
[3.507s] -- Added test 'flake8' to check Python code syntax and style conventions
[3.507s] -- Added test 'lint_cmake' to check CMake code style
[3.508s] -- Added test 'pep257' to check Python code against some of the docstring style conventions in PEP 257
[3.510s] -- Added test 'uncrustify' to check C / C++ code style
[3.511s] -- Configured uncrustify additional arguments: 
[3.511s] -- Added test 'xmllint' to check XML markup files
[3.522s] -- Configuring done
[3.610s] -- Generating done
[3.639s] -- Build files have been written to: /home/zaynap/grab/grab2/build/grab2_planner
[3.673s] Invoked command in '/home/zaynap/grab/grab2/build/grab2_planner' returned '0': CMAKE_PREFIX_PATH=/home/zaynap/grab/grab2/install/grab2_ros_common:/home/zaynap/grab/grab2/install/grab2_msgs:/home/zaynap/grab/grab2/install/grab2_controller:/home/zaynap/grab/grab2/install/topic_based_ros2_control:/home/zaynap/grab/grab2/install/grab2_planner:/home/zaynap/grab/grab2/install/grab2_grasp_generator:/home/zaynap/grab/grab2/install/grab2_behavior_tree:/home/zaynap/grab/grab2/install/btcpp_ros2_samples:/home/zaynap/grab/grab2/install/behaviortree_ros2:/home/zaynap/grab/grab2/install/btcpp_ros2_interfaces:/home/zaynap/grab/grab2/install/grab2_curobo_planner:/opt/ros/humble LD_LIBRARY_PATH=/home/zaynap/grab/grab2/install/grab2_msgs/lib:/home/zaynap/grab/grab2/install/topic_based_ros2_control/lib:/home/zaynap/grab/grab2/install/grab2_planner/lib:/home/zaynap/grab/grab2/install/grab2_grasp_generator/lib:/home/zaynap/grab/grab2/install/grab2_behavior_tree/lib:/home/zaynap/grab/grab2/install/behaviortree_ros2/lib:/home/zaynap/grab/grab2/install/btcpp_ros2_interfaces/lib:/usr/lib/x86_64-linux-gnu/gazebo-11/plugins:/opt/ros/humble/opt/rviz_ogre_vendor/lib:/opt/ros/humble/lib/x86_64-linux-gnu:/opt/ros/humble/lib /usr/bin/cmake /home/zaynap/grab/grab2/grab2_planner -DCMAKE_INSTALL_PREFIX=/home/zaynap/grab/grab2/install/grab2_planner
[3.676s] Invoking command in '/home/zaynap/grab/grab2/build/grab2_planner': CMAKE_PREFIX_PATH=/home/zaynap/grab/grab2/install/grab2_ros_common:/home/zaynap/grab/grab2/install/grab2_msgs:/home/zaynap/grab/grab2/install/grab2_controller:/home/zaynap/grab/grab2/install/topic_based_ros2_control:/home/zaynap/grab/grab2/install/grab2_planner:/home/zaynap/grab/grab2/install/grab2_grasp_generator:/home/zaynap/grab/grab2/install/grab2_behavior_tree:/home/zaynap/grab/grab2/install/btcpp_ros2_samples:/home/zaynap/grab/grab2/install/behaviortree_ros2:/home/zaynap/grab/grab2/install/btcpp_ros2_interfaces:/home/zaynap/grab/grab2/install/grab2_curobo_planner:/opt/ros/humble LD_LIBRARY_PATH=/home/zaynap/grab/grab2/install/grab2_msgs/lib:/home/zaynap/grab/grab2/install/topic_based_ros2_control/lib:/home/zaynap/grab/grab2/install/grab2_planner/lib:/home/zaynap/grab/grab2/install/grab2_grasp_generator/lib:/home/zaynap/grab/grab2/install/grab2_behavior_tree/lib:/home/zaynap/grab/grab2/install/behaviortree_ros2/lib:/home/zaynap/grab/grab2/install/btcpp_ros2_interfaces/lib:/usr/lib/x86_64-linux-gnu/gazebo-11/plugins:/opt/ros/humble/opt/rviz_ogre_vendor/lib:/opt/ros/humble/lib/x86_64-linux-gnu:/opt/ros/humble/lib /usr/bin/cmake --build /home/zaynap/grab/grab2/build/grab2_planner -- -j8 -l8
[3.774s] [ 25%] [32mBuilding CXX object CMakeFiles/planner_server_core.dir/src/planner_server.cpp.o[0m
[33.180s] [ 50%] [32m[1mLinking CXX shared library libplanner_server_core.so[0m
[34.330s] [ 50%] Built target planner_server_core
[34.412s] [ 75%] [32mBuilding CXX object CMakeFiles/planner_server.dir/src/main.cpp.o[0m
[44.798s] [100%] [32m[1mLinking CXX executable planner_server[0m
[45.169s] [100%] Built target planner_server
[45.181s] Invoked command in '/home/zaynap/grab/grab2/build/grab2_planner' returned '0': CMAKE_PREFIX_PATH=/home/zaynap/grab/grab2/install/grab2_ros_common:/home/zaynap/grab/grab2/install/grab2_msgs:/home/zaynap/grab/grab2/install/grab2_controller:/home/zaynap/grab/grab2/install/topic_based_ros2_control:/home/zaynap/grab/grab2/install/grab2_planner:/home/zaynap/grab/grab2/install/grab2_grasp_generator:/home/zaynap/grab/grab2/install/grab2_behavior_tree:/home/zaynap/grab/grab2/install/btcpp_ros2_samples:/home/zaynap/grab/grab2/install/behaviortree_ros2:/home/zaynap/grab/grab2/install/btcpp_ros2_interfaces:/home/zaynap/grab/grab2/install/grab2_curobo_planner:/opt/ros/humble LD_LIBRARY_PATH=/home/zaynap/grab/grab2/install/grab2_msgs/lib:/home/zaynap/grab/grab2/install/topic_based_ros2_control/lib:/home/zaynap/grab/grab2/install/grab2_planner/lib:/home/zaynap/grab/grab2/install/grab2_grasp_generator/lib:/home/zaynap/grab/grab2/install/grab2_behavior_tree/lib:/home/zaynap/grab/grab2/install/behaviortree_ros2/lib:/home/zaynap/grab/grab2/install/btcpp_ros2_interfaces/lib:/usr/lib/x86_64-linux-gnu/gazebo-11/plugins:/opt/ros/humble/opt/rviz_ogre_vendor/lib:/opt/ros/humble/lib/x86_64-linux-gnu:/opt/ros/humble/lib /usr/bin/cmake --build /home/zaynap/grab/grab2/build/grab2_planner -- -j8 -l8
[45.183s] Invoking command in '/home/zaynap/grab/grab2/build/grab2_planner': CMAKE_PREFIX_PATH=/home/zaynap/grab/grab2/install/grab2_ros_common:/home/zaynap/grab/grab2/install/grab2_msgs:/home/zaynap/grab/grab2/install/grab2_controller:/home/zaynap/grab/grab2/install/topic_based_ros2_control:/home/zaynap/grab/grab2/install/grab2_planner:/home/zaynap/grab/grab2/install/grab2_grasp_generator:/home/zaynap/grab/grab2/install/grab2_behavior_tree:/home/zaynap/grab/grab2/install/btcpp_ros2_samples:/home/zaynap/grab/grab2/install/behaviortree_ros2:/home/zaynap/grab/grab2/install/btcpp_ros2_interfaces:/home/zaynap/grab/grab2/install/grab2_curobo_planner:/opt/ros/humble LD_LIBRARY_PATH=/home/zaynap/grab/grab2/install/grab2_msgs/lib:/home/zaynap/grab/grab2/install/topic_based_ros2_control/lib:/home/zaynap/grab/grab2/install/grab2_planner/lib:/home/zaynap/grab/grab2/install/grab2_grasp_generator/lib:/home/zaynap/grab/grab2/install/grab2_behavior_tree/lib:/home/zaynap/grab/grab2/install/behaviortree_ros2/lib:/home/zaynap/grab/grab2/install/btcpp_ros2_interfaces/lib:/usr/lib/x86_64-linux-gnu/gazebo-11/plugins:/opt/ros/humble/opt/rviz_ogre_vendor/lib:/opt/ros/humble/lib/x86_64-linux-gnu:/opt/ros/humble/lib /usr/bin/cmake --install /home/zaynap/grab/grab2/build/grab2_planner
[45.191s] -- Install configuration: ""
[45.191s] -- Installing: /home/zaynap/grab/grab2/install/grab2_planner/lib/libplanner_server_core.so
[45.193s] -- Set runtime path of "/home/zaynap/grab/grab2/install/grab2_planner/lib/libplanner_server_core.so" to ""
[45.193s] -- Installing: /home/zaynap/grab/grab2/install/grab2_planner/lib/grab2_planner/planner_server
[45.194s] -- Set runtime path of "/home/zaynap/grab/grab2/install/grab2_planner/lib/grab2_planner/planner_server" to ""
[45.194s] -- Installing: /home/zaynap/grab/grab2/install/grab2_planner/include/grab2_planner
[45.194s] -- Installing: /home/zaynap/grab/grab2/install/grab2_planner/include/grab2_planner/grab2_planner
[45.194s] -- Installing: /home/zaynap/grab/grab2/install/grab2_planner/include/grab2_planner/grab2_planner/planner_server.hpp
[45.194s] -- Installing: /home/zaynap/grab/grab2/install/grab2_planner/share/grab2_planner/launch
[45.194s] -- Installing: /home/zaynap/grab/grab2/install/grab2_planner/share/grab2_planner/launch/planning_server.launch.py
[45.194s] -- Installing: /home/zaynap/grab/grab2/install/grab2_planner/share/grab2_planner/config
[45.194s] -- Installing: /home/zaynap/grab/grab2/install/grab2_planner/share/grab2_planner/config/panda_move_group.rviz
[45.195s] -- Installing: /home/zaynap/grab/grab2/install/grab2_planner/share/grab2_planner/environment/library_path.sh
[45.195s] -- Installing: /home/zaynap/grab/grab2/install/grab2_planner/share/grab2_planner/environment/library_path.dsv
[45.195s] -- Installing: /home/zaynap/grab/grab2/install/grab2_planner/share/ament_index/resource_index/package_run_dependencies/grab2_planner
[45.195s] -- Installing: /home/zaynap/grab/grab2/install/grab2_planner/share/ament_index/resource_index/parent_prefix_path/grab2_planner
[45.195s] -- Installing: /home/zaynap/grab/grab2/install/grab2_planner/share/grab2_planner/environment/ament_prefix_path.sh
[45.195s] -- Installing: /home/zaynap/grab/grab2/install/grab2_planner/share/grab2_planner/environment/ament_prefix_path.dsv
[45.195s] -- Installing: /home/zaynap/grab/grab2/install/grab2_planner/share/grab2_planner/environment/path.sh
[45.195s] -- Installing: /home/zaynap/grab/grab2/install/grab2_planner/share/grab2_planner/environment/path.dsv
[45.195s] -- Installing: /home/zaynap/grab/grab2/install/grab2_planner/share/grab2_planner/local_setup.bash
[45.196s] -- Installing: /home/zaynap/grab/grab2/install/grab2_planner/share/grab2_planner/local_setup.sh
[45.196s] -- Installing: /home/zaynap/grab/grab2/install/grab2_planner/share/grab2_planner/local_setup.zsh
[45.196s] -- Installing: /home/zaynap/grab/grab2/install/grab2_planner/share/grab2_planner/local_setup.dsv
[45.196s] -- Installing: /home/zaynap/grab/grab2/install/grab2_planner/share/grab2_planner/package.dsv
[45.196s] -- Installing: /home/zaynap/grab/grab2/install/grab2_planner/share/ament_index/resource_index/packages/grab2_planner
[45.196s] -- Installing: /home/zaynap/grab/grab2/install/grab2_planner/share/grab2_planner/cmake/planner_server_coreExport.cmake
[45.196s] -- Installing: /home/zaynap/grab/grab2/install/grab2_planner/share/grab2_planner/cmake/planner_server_coreExport-noconfig.cmake
[45.196s] -- Installing: /home/zaynap/grab/grab2/install/grab2_planner/share/grab2_planner/cmake/ament_cmake_export_include_directories-extras.cmake
[45.196s] -- Installing: /home/zaynap/grab/grab2/install/grab2_planner/share/grab2_planner/cmake/ament_cmake_export_libraries-extras.cmake
[45.197s] -- Installing: /home/zaynap/grab/grab2/install/grab2_planner/share/grab2_planner/cmake/ament_cmake_export_dependencies-extras.cmake
[45.197s] -- Installing: /home/zaynap/grab/grab2/install/grab2_planner/share/grab2_planner/cmake/ament_cmake_export_targets-extras.cmake
[45.197s] -- Installing: /home/zaynap/grab/grab2/install/grab2_planner/share/grab2_planner/cmake/grab2_plannerConfig.cmake
[45.197s] -- Installing: /home/zaynap/grab/grab2/install/grab2_planner/share/grab2_planner/cmake/grab2_plannerConfig-version.cmake
[45.197s] -- Installing: /home/zaynap/grab/grab2/install/grab2_planner/share/grab2_planner/package.xml
[45.199s] Invoked command in '/home/zaynap/grab/grab2/build/grab2_planner' returned '0': CMAKE_PREFIX_PATH=/home/zaynap/grab/grab2/install/grab2_ros_common:/home/zaynap/grab/grab2/install/grab2_msgs:/home/zaynap/grab/grab2/install/grab2_controller:/home/zaynap/grab/grab2/install/topic_based_ros2_control:/home/zaynap/grab/grab2/install/grab2_planner:/home/zaynap/grab/grab2/install/grab2_grasp_generator:/home/zaynap/grab/grab2/install/grab2_behavior_tree:/home/zaynap/grab/grab2/install/btcpp_ros2_samples:/home/zaynap/grab/grab2/install/behaviortree_ros2:/home/zaynap/grab/grab2/install/btcpp_ros2_interfaces:/home/zaynap/grab/grab2/install/grab2_curobo_planner:/opt/ros/humble LD_LIBRARY_PATH=/home/zaynap/grab/grab2/install/grab2_msgs/lib:/home/zaynap/grab/grab2/install/topic_based_ros2_control/lib:/home/zaynap/grab/grab2/install/grab2_planner/lib:/home/zaynap/grab/grab2/install/grab2_grasp_generator/lib:/home/zaynap/grab/grab2/install/grab2_behavior_tree/lib:/home/zaynap/grab/grab2/install/behaviortree_ros2/lib:/home/zaynap/grab/grab2/install/btcpp_ros2_interfaces/lib:/usr/lib/x86_64-linux-gnu/gazebo-11/plugins:/opt/ros/humble/opt/rviz_ogre_vendor/lib:/opt/ros/humble/lib/x86_64-linux-gnu:/opt/ros/humble/lib /usr/bin/cmake --install /home/zaynap/grab/grab2/build/grab2_planner
